[ 2018-10-16 23:29:48,801][cascade_classifier.fit_transform] X_groups_train.shape=[(146158, 9)],y_train.shape=(146158,),X_groups_test.shape=no_test,y_test.shape=no_test
[ 2018-10-16 23:29:48,803][cascade_classifier.fit_transform] group_dims=[9]
[ 2018-10-16 23:29:48,803][cascade_classifier.fit_transform] group_starts=[0]
[ 2018-10-16 23:29:48,803][cascade_classifier.fit_transform] group_ends=[9]
[ 2018-10-16 23:29:48,803][cascade_classifier.fit_transform] X_train.shape=(146158, 9),X_test.shape=(0, 9)
[ 2018-10-16 23:29:48,812][cascade_classifier.fit_transform] [layer=0] look_indexs=[0], X_cur_train.shape=(146158, 9), X_cur_test.shape=(0, 9)
[ 2018-10-16 23:29:49,589][kfold_wrapper.log_eval_metrics] Accuracy(layer_0 - estimator_0 - 5_folds.train_0.predict)=100.00%
[ 2018-10-16 23:29:50,234][kfold_wrapper.log_eval_metrics] Accuracy(layer_0 - estimator_0 - 5_folds.train_1.predict)=99.98%
[ 2018-10-16 23:29:50,896][kfold_wrapper.log_eval_metrics] Accuracy(layer_0 - estimator_0 - 5_folds.train_2.predict)=99.99%
[ 2018-10-16 23:29:51,547][kfold_wrapper.log_eval_metrics] Accuracy(layer_0 - estimator_0 - 5_folds.train_3.predict)=99.98%
[ 2018-10-16 23:29:52,195][kfold_wrapper.log_eval_metrics] Accuracy(layer_0 - estimator_0 - 5_folds.train_4.predict)=99.99%
[ 2018-10-16 23:29:52,198][kfold_wrapper.log_eval_metrics] Accuracy(layer_0 - estimator_0 - 5_folds.train_cv.predict)=99.99%
[ 2018-10-16 23:29:52,683][kfold_wrapper.log_eval_metrics] Accuracy(layer_0 - estimator_1 - 5_folds.train_0.predict)=99.99%
[ 2018-10-16 23:29:53,123][kfold_wrapper.log_eval_metrics] Accuracy(layer_0 - estimator_1 - 5_folds.train_1.predict)=100.00%
[ 2018-10-16 23:29:53,563][kfold_wrapper.log_eval_metrics] Accuracy(layer_0 - estimator_1 - 5_folds.train_2.predict)=100.00%
[ 2018-10-16 23:29:54,002][kfold_wrapper.log_eval_metrics] Accuracy(layer_0 - estimator_1 - 5_folds.train_3.predict)=100.00%
[ 2018-10-16 23:29:54,447][kfold_wrapper.log_eval_metrics] Accuracy(layer_0 - estimator_1 - 5_folds.train_4.predict)=100.00%
[ 2018-10-16 23:29:54,450][kfold_wrapper.log_eval_metrics] Accuracy(layer_0 - estimator_1 - 5_folds.train_cv.predict)=100.00%
[ 2018-10-16 23:29:54,740][kfold_wrapper.log_eval_metrics] Accuracy(layer_0 - estimator_2 - 5_folds.train_0.predict)=79.05%
[ 2018-10-16 23:29:54,970][kfold_wrapper.log_eval_metrics] Accuracy(layer_0 - estimator_2 - 5_folds.train_1.predict)=78.66%
[ 2018-10-16 23:29:55,194][kfold_wrapper.log_eval_metrics] Accuracy(layer_0 - estimator_2 - 5_folds.train_2.predict)=78.79%
[ 2018-10-16 23:29:55,403][kfold_wrapper.log_eval_metrics] Accuracy(layer_0 - estimator_2 - 5_folds.train_3.predict)=78.50%
[ 2018-10-16 23:29:55,628][kfold_wrapper.log_eval_metrics] Accuracy(layer_0 - estimator_2 - 5_folds.train_4.predict)=78.89%
[ 2018-10-16 23:29:55,630][kfold_wrapper.log_eval_metrics] Accuracy(layer_0 - estimator_2 - 5_folds.train_cv.predict)=78.78%
[ 2018-10-16 23:29:55,634][cascade_classifier.calc_accuracy] Accuracy(layer_0 - train.classifier_average)=99.99%
[ 2018-10-16 23:29:55,647][cascade_classifier.fit_transform] [layer=1] look_indexs=[0], X_cur_train.shape=(146158, 15), X_cur_test.shape=(0, 15)
[ 2018-10-16 23:29:56,025][kfold_wrapper.log_eval_metrics] Accuracy(layer_1 - estimator_0 - 5_folds.train_0.predict)=100.00%
[ 2018-10-16 23:29:56,363][kfold_wrapper.log_eval_metrics] Accuracy(layer_1 - estimator_0 - 5_folds.train_1.predict)=100.00%
[ 2018-10-16 23:29:56,710][kfold_wrapper.log_eval_metrics] Accuracy(layer_1 - estimator_0 - 5_folds.train_2.predict)=99.99%
[ 2018-10-16 23:29:57,149][kfold_wrapper.log_eval_metrics] Accuracy(layer_1 - estimator_0 - 5_folds.train_3.predict)=99.99%
[ 2018-10-16 23:29:57,488][kfold_wrapper.log_eval_metrics] Accuracy(layer_1 - estimator_0 - 5_folds.train_4.predict)=99.99%
[ 2018-10-16 23:29:57,491][kfold_wrapper.log_eval_metrics] Accuracy(layer_1 - estimator_0 - 5_folds.train_cv.predict)=100.00%
[ 2018-10-16 23:29:57,778][kfold_wrapper.log_eval_metrics] Accuracy(layer_1 - estimator_1 - 5_folds.train_0.predict)=99.99%
[ 2018-10-16 23:29:58,019][kfold_wrapper.log_eval_metrics] Accuracy(layer_1 - estimator_1 - 5_folds.train_1.predict)=100.00%
[ 2018-10-16 23:29:58,258][kfold_wrapper.log_eval_metrics] Accuracy(layer_1 - estimator_1 - 5_folds.train_2.predict)=99.99%
[ 2018-10-16 23:29:58,499][kfold_wrapper.log_eval_metrics] Accuracy(layer_1 - estimator_1 - 5_folds.train_3.predict)=100.00%
[ 2018-10-16 23:29:58,737][kfold_wrapper.log_eval_metrics] Accuracy(layer_1 - estimator_1 - 5_folds.train_4.predict)=100.00%
[ 2018-10-16 23:29:58,741][kfold_wrapper.log_eval_metrics] Accuracy(layer_1 - estimator_1 - 5_folds.train_cv.predict)=100.00%
[ 2018-10-16 23:29:59,216][kfold_wrapper.log_eval_metrics] Accuracy(layer_1 - estimator_2 - 5_folds.train_0.predict)=100.00%
[ 2018-10-16 23:29:59,630][kfold_wrapper.log_eval_metrics] Accuracy(layer_1 - estimator_2 - 5_folds.train_1.predict)=99.99%
[ 2018-10-16 23:30:00,040][kfold_wrapper.log_eval_metrics] Accuracy(layer_1 - estimator_2 - 5_folds.train_2.predict)=100.00%
[ 2018-10-16 23:30:00,441][kfold_wrapper.log_eval_metrics] Accuracy(layer_1 - estimator_2 - 5_folds.train_3.predict)=99.99%
[ 2018-10-16 23:30:00,845][kfold_wrapper.log_eval_metrics] Accuracy(layer_1 - estimator_2 - 5_folds.train_4.predict)=100.00%
[ 2018-10-16 23:30:00,847][kfold_wrapper.log_eval_metrics] Accuracy(layer_1 - estimator_2 - 5_folds.train_cv.predict)=100.00%
[ 2018-10-16 23:30:00,851][cascade_classifier.calc_accuracy] Accuracy(layer_1 - train.classifier_average)=100.00%
[ 2018-10-16 23:30:00,859][cascade_classifier.fit_transform] [layer=2] look_indexs=[0], X_cur_train.shape=(146158, 15), X_cur_test.shape=(0, 15)
[ 2018-10-16 23:30:01,243][kfold_wrapper.log_eval_metrics] Accuracy(layer_2 - estimator_0 - 5_folds.train_0.predict)=99.99%
[ 2018-10-16 23:30:01,588][kfold_wrapper.log_eval_metrics] Accuracy(layer_2 - estimator_0 - 5_folds.train_1.predict)=100.00%
[ 2018-10-16 23:30:01,937][kfold_wrapper.log_eval_metrics] Accuracy(layer_2 - estimator_0 - 5_folds.train_2.predict)=100.00%
[ 2018-10-16 23:30:02,280][kfold_wrapper.log_eval_metrics] Accuracy(layer_2 - estimator_0 - 5_folds.train_3.predict)=100.00%
[ 2018-10-16 23:30:02,623][kfold_wrapper.log_eval_metrics] Accuracy(layer_2 - estimator_0 - 5_folds.train_4.predict)=100.00%
[ 2018-10-16 23:30:02,626][kfold_wrapper.log_eval_metrics] Accuracy(layer_2 - estimator_0 - 5_folds.train_cv.predict)=100.00%
[ 2018-10-16 23:30:02,915][kfold_wrapper.log_eval_metrics] Accuracy(layer_2 - estimator_1 - 5_folds.train_0.predict)=100.00%
[ 2018-10-16 23:30:03,155][kfold_wrapper.log_eval_metrics] Accuracy(layer_2 - estimator_1 - 5_folds.train_1.predict)=100.00%
[ 2018-10-16 23:30:03,402][kfold_wrapper.log_eval_metrics] Accuracy(layer_2 - estimator_1 - 5_folds.train_2.predict)=99.99%
[ 2018-10-16 23:30:03,643][kfold_wrapper.log_eval_metrics] Accuracy(layer_2 - estimator_1 - 5_folds.train_3.predict)=99.99%
[ 2018-10-16 23:30:03,882][kfold_wrapper.log_eval_metrics] Accuracy(layer_2 - estimator_1 - 5_folds.train_4.predict)=100.00%
[ 2018-10-16 23:30:03,886][kfold_wrapper.log_eval_metrics] Accuracy(layer_2 - estimator_1 - 5_folds.train_cv.predict)=100.00%
[ 2018-10-16 23:30:04,322][kfold_wrapper.log_eval_metrics] Accuracy(layer_2 - estimator_2 - 5_folds.train_0.predict)=100.00%
[ 2018-10-16 23:30:04,710][kfold_wrapper.log_eval_metrics] Accuracy(layer_2 - estimator_2 - 5_folds.train_1.predict)=99.99%
[ 2018-10-16 23:30:05,099][kfold_wrapper.log_eval_metrics] Accuracy(layer_2 - estimator_2 - 5_folds.train_2.predict)=99.99%
[ 2018-10-16 23:30:05,476][kfold_wrapper.log_eval_metrics] Accuracy(layer_2 - estimator_2 - 5_folds.train_3.predict)=100.00%
[ 2018-10-16 23:30:05,854][kfold_wrapper.log_eval_metrics] Accuracy(layer_2 - estimator_2 - 5_folds.train_4.predict)=100.00%
[ 2018-10-16 23:30:05,856][kfold_wrapper.log_eval_metrics] Accuracy(layer_2 - estimator_2 - 5_folds.train_cv.predict)=100.00%
[ 2018-10-16 23:30:05,860][cascade_classifier.calc_accuracy] Accuracy(layer_2 - train.classifier_average)=100.00%
[ 2018-10-16 23:30:05,867][cascade_classifier.fit_transform] [layer=3] look_indexs=[0], X_cur_train.shape=(146158, 15), X_cur_test.shape=(0, 15)
[ 2018-10-16 23:30:06,250][kfold_wrapper.log_eval_metrics] Accuracy(layer_3 - estimator_0 - 5_folds.train_0.predict)=100.00%
[ 2018-10-16 23:30:06,591][kfold_wrapper.log_eval_metrics] Accuracy(layer_3 - estimator_0 - 5_folds.train_1.predict)=99.99%
[ 2018-10-16 23:30:06,937][kfold_wrapper.log_eval_metrics] Accuracy(layer_3 - estimator_0 - 5_folds.train_2.predict)=100.00%
[ 2018-10-16 23:30:07,289][kfold_wrapper.log_eval_metrics] Accuracy(layer_3 - estimator_0 - 5_folds.train_3.predict)=100.00%
[ 2018-10-16 23:30:07,635][kfold_wrapper.log_eval_metrics] Accuracy(layer_3 - estimator_0 - 5_folds.train_4.predict)=99.99%
[ 2018-10-16 23:30:07,638][kfold_wrapper.log_eval_metrics] Accuracy(layer_3 - estimator_0 - 5_folds.train_cv.predict)=100.00%
[ 2018-10-16 23:30:07,925][kfold_wrapper.log_eval_metrics] Accuracy(layer_3 - estimator_1 - 5_folds.train_0.predict)=99.99%
[ 2018-10-16 23:30:08,260][kfold_wrapper.log_eval_metrics] Accuracy(layer_3 - estimator_1 - 5_folds.train_1.predict)=100.00%
[ 2018-10-16 23:30:08,603][kfold_wrapper.log_eval_metrics] Accuracy(layer_3 - estimator_1 - 5_folds.train_2.predict)=100.00%
[ 2018-10-16 23:30:08,842][kfold_wrapper.log_eval_metrics] Accuracy(layer_3 - estimator_1 - 5_folds.train_3.predict)=100.00%
[ 2018-10-16 23:30:09,083][kfold_wrapper.log_eval_metrics] Accuracy(layer_3 - estimator_1 - 5_folds.train_4.predict)=100.00%
[ 2018-10-16 23:30:09,087][kfold_wrapper.log_eval_metrics] Accuracy(layer_3 - estimator_1 - 5_folds.train_cv.predict)=100.00%
[ 2018-10-16 23:30:09,509][kfold_wrapper.log_eval_metrics] Accuracy(layer_3 - estimator_2 - 5_folds.train_0.predict)=100.00%
[ 2018-10-16 23:30:09,891][kfold_wrapper.log_eval_metrics] Accuracy(layer_3 - estimator_2 - 5_folds.train_1.predict)=100.00%
[ 2018-10-16 23:30:10,256][kfold_wrapper.log_eval_metrics] Accuracy(layer_3 - estimator_2 - 5_folds.train_2.predict)=99.99%
[ 2018-10-16 23:30:10,630][kfold_wrapper.log_eval_metrics] Accuracy(layer_3 - estimator_2 - 5_folds.train_3.predict)=100.00%
[ 2018-10-16 23:30:11,019][kfold_wrapper.log_eval_metrics] Accuracy(layer_3 - estimator_2 - 5_folds.train_4.predict)=99.99%
[ 2018-10-16 23:30:11,021][kfold_wrapper.log_eval_metrics] Accuracy(layer_3 - estimator_2 - 5_folds.train_cv.predict)=100.00%
[ 2018-10-16 23:30:11,025][cascade_classifier.calc_accuracy] Accuracy(layer_3 - train.classifier_average)=100.00%
[ 2018-10-16 23:30:11,033][cascade_classifier.fit_transform] [layer=4] look_indexs=[0], X_cur_train.shape=(146158, 15), X_cur_test.shape=(0, 15)
[ 2018-10-16 23:30:11,424][kfold_wrapper.log_eval_metrics] Accuracy(layer_4 - estimator_0 - 5_folds.train_0.predict)=100.00%
[ 2018-10-16 23:30:11,762][kfold_wrapper.log_eval_metrics] Accuracy(layer_4 - estimator_0 - 5_folds.train_1.predict)=100.00%
[ 2018-10-16 23:30:12,108][kfold_wrapper.log_eval_metrics] Accuracy(layer_4 - estimator_0 - 5_folds.train_2.predict)=99.99%
[ 2018-10-16 23:30:12,448][kfold_wrapper.log_eval_metrics] Accuracy(layer_4 - estimator_0 - 5_folds.train_3.predict)=99.99%
[ 2018-10-16 23:30:12,794][kfold_wrapper.log_eval_metrics] Accuracy(layer_4 - estimator_0 - 5_folds.train_4.predict)=100.00%
[ 2018-10-16 23:30:12,798][kfold_wrapper.log_eval_metrics] Accuracy(layer_4 - estimator_0 - 5_folds.train_cv.predict)=100.00%
[ 2018-10-16 23:30:13,089][kfold_wrapper.log_eval_metrics] Accuracy(layer_4 - estimator_1 - 5_folds.train_0.predict)=99.99%
[ 2018-10-16 23:30:13,326][kfold_wrapper.log_eval_metrics] Accuracy(layer_4 - estimator_1 - 5_folds.train_1.predict)=99.99%
[ 2018-10-16 23:30:13,565][kfold_wrapper.log_eval_metrics] Accuracy(layer_4 - estimator_1 - 5_folds.train_2.predict)=100.00%
[ 2018-10-16 23:30:13,908][kfold_wrapper.log_eval_metrics] Accuracy(layer_4 - estimator_1 - 5_folds.train_3.predict)=100.00%
[ 2018-10-16 23:30:14,145][kfold_wrapper.log_eval_metrics] Accuracy(layer_4 - estimator_1 - 5_folds.train_4.predict)=99.99%
[ 2018-10-16 23:30:14,149][kfold_wrapper.log_eval_metrics] Accuracy(layer_4 - estimator_1 - 5_folds.train_cv.predict)=99.99%
[ 2018-10-16 23:30:14,579][kfold_wrapper.log_eval_metrics] Accuracy(layer_4 - estimator_2 - 5_folds.train_0.predict)=100.00%
[ 2018-10-16 23:30:14,953][kfold_wrapper.log_eval_metrics] Accuracy(layer_4 - estimator_2 - 5_folds.train_1.predict)=100.00%
[ 2018-10-16 23:30:15,332][kfold_wrapper.log_eval_metrics] Accuracy(layer_4 - estimator_2 - 5_folds.train_2.predict)=100.00%
[ 2018-10-16 23:30:15,711][kfold_wrapper.log_eval_metrics] Accuracy(layer_4 - estimator_2 - 5_folds.train_3.predict)=99.99%
[ 2018-10-16 23:30:16,101][kfold_wrapper.log_eval_metrics] Accuracy(layer_4 - estimator_2 - 5_folds.train_4.predict)=100.00%
[ 2018-10-16 23:30:16,103][kfold_wrapper.log_eval_metrics] Accuracy(layer_4 - estimator_2 - 5_folds.train_cv.predict)=100.00%
[ 2018-10-16 23:30:16,108][cascade_classifier.calc_accuracy] Accuracy(layer_4 - train.classifier_average)=100.00%
[ 2018-10-16 23:30:16,108][cascade_classifier.fit_transform] [Result][Optimal Level Detected] opt_layer_num=2, accuracy_train=100.00%, accuracy_test=0.00%
[ 2018-10-16 23:30:16,162][cascade_classifier.transform] X_groups_test.shape=[(36568, 9)]
[ 2018-10-16 23:30:16,162][cascade_classifier.transform] group_dims=[9]
[ 2018-10-16 23:30:16,163][cascade_classifier.transform] X_test.shape=(36568, 9)
[ 2018-10-16 23:30:16,164][cascade_classifier.transform] [layer=0] look_indexs=[0], X_cur_test.shape=(36568, 9)
[ 2018-10-16 23:30:17,241][cascade_classifier.transform] [layer=1] look_indexs=[0], X_cur_test.shape=(36568, 15)
[ 2018-10-16 23:30:19,919][cascade_classifier.transform] X_groups_test.shape=[(244668, 9)]
[ 2018-10-16 23:30:19,924][cascade_classifier.transform] group_dims=[9]
[ 2018-10-16 23:30:19,924][cascade_classifier.transform] X_test.shape=(244668, 9)
[ 2018-10-16 23:30:19,927][cascade_classifier.transform] [layer=0] look_indexs=[0], X_cur_test.shape=(244668, 9)
[ 2018-10-16 23:30:21,096][cascade_classifier.transform] [layer=1] look_indexs=[0], X_cur_test.shape=(244668, 15)
[ 2018-10-16 23:30:23,327][cascade_classifier.fit_transform] X_groups_train.shape=[(14848, 45)],y_train.shape=(14848,),X_groups_test.shape=no_test,y_test.shape=no_test
[ 2018-10-16 23:30:23,328][cascade_classifier.fit_transform] group_dims=[45]
[ 2018-10-16 23:30:23,329][cascade_classifier.fit_transform] group_starts=[0]
[ 2018-10-16 23:30:23,329][cascade_classifier.fit_transform] group_ends=[45]
[ 2018-10-16 23:30:23,329][cascade_classifier.fit_transform] X_train.shape=(14848, 45),X_test.shape=(0, 45)
[ 2018-10-16 23:30:23,332][cascade_classifier.fit_transform] [layer=0] look_indexs=[0], X_cur_train.shape=(14848, 45), X_cur_test.shape=(0, 45)
[ 2018-10-16 23:30:23,554][kfold_wrapper.log_eval_metrics] Accuracy(layer_0 - estimator_0 - 5_folds.train_0.predict)=99.56%
[ 2018-10-16 23:30:23,778][kfold_wrapper.log_eval_metrics] Accuracy(layer_0 - estimator_0 - 5_folds.train_1.predict)=99.53%
[ 2018-10-16 23:30:24,002][kfold_wrapper.log_eval_metrics] Accuracy(layer_0 - estimator_0 - 5_folds.train_2.predict)=99.73%
[ 2018-10-16 23:30:24,229][kfold_wrapper.log_eval_metrics] Accuracy(layer_0 - estimator_0 - 5_folds.train_3.predict)=99.39%
[ 2018-10-16 23:30:24,450][kfold_wrapper.log_eval_metrics] Accuracy(layer_0 - estimator_0 - 5_folds.train_4.predict)=99.49%
[ 2018-10-16 23:30:24,451][kfold_wrapper.log_eval_metrics] Accuracy(layer_0 - estimator_0 - 5_folds.train_cv.predict)=99.54%
[ 2018-10-16 23:30:24,676][kfold_wrapper.log_eval_metrics] Accuracy(layer_0 - estimator_1 - 5_folds.train_0.predict)=98.96%
[ 2018-10-16 23:30:24,895][kfold_wrapper.log_eval_metrics] Accuracy(layer_0 - estimator_1 - 5_folds.train_1.predict)=98.92%
[ 2018-10-16 23:30:25,119][kfold_wrapper.log_eval_metrics] Accuracy(layer_0 - estimator_1 - 5_folds.train_2.predict)=98.99%
[ 2018-10-16 23:30:25,342][kfold_wrapper.log_eval_metrics] Accuracy(layer_0 - estimator_1 - 5_folds.train_3.predict)=98.79%
[ 2018-10-16 23:30:25,562][kfold_wrapper.log_eval_metrics] Accuracy(layer_0 - estimator_1 - 5_folds.train_4.predict)=99.09%
[ 2018-10-16 23:30:25,563][kfold_wrapper.log_eval_metrics] Accuracy(layer_0 - estimator_1 - 5_folds.train_cv.predict)=98.95%
[ 2018-10-16 23:30:25,656][kfold_wrapper.log_eval_metrics] Accuracy(layer_0 - estimator_2 - 5_folds.train_0.predict)=98.65%
[ 2018-10-16 23:30:25,754][kfold_wrapper.log_eval_metrics] Accuracy(layer_0 - estimator_2 - 5_folds.train_1.predict)=98.75%
[ 2018-10-16 23:30:25,834][kfold_wrapper.log_eval_metrics] Accuracy(layer_0 - estimator_2 - 5_folds.train_2.predict)=98.65%
[ 2018-10-16 23:30:25,914][kfold_wrapper.log_eval_metrics] Accuracy(layer_0 - estimator_2 - 5_folds.train_3.predict)=98.82%
[ 2018-10-16 23:30:25,999][kfold_wrapper.log_eval_metrics] Accuracy(layer_0 - estimator_2 - 5_folds.train_4.predict)=98.75%
[ 2018-10-16 23:30:26,000][kfold_wrapper.log_eval_metrics] Accuracy(layer_0 - estimator_2 - 5_folds.train_cv.predict)=98.73%
[ 2018-10-16 23:30:26,000][cascade_classifier.calc_accuracy] Accuracy(layer_0 - train.classifier_average)=98.93%
[ 2018-10-16 23:30:26,004][cascade_classifier.fit_transform] [layer=1] look_indexs=[0], X_cur_train.shape=(14848, 51), X_cur_test.shape=(0, 51)
[ 2018-10-16 23:30:26,229][kfold_wrapper.log_eval_metrics] Accuracy(layer_1 - estimator_0 - 5_folds.train_0.predict)=99.70%
[ 2018-10-16 23:30:26,454][kfold_wrapper.log_eval_metrics] Accuracy(layer_1 - estimator_0 - 5_folds.train_1.predict)=99.83%
[ 2018-10-16 23:30:26,679][kfold_wrapper.log_eval_metrics] Accuracy(layer_1 - estimator_0 - 5_folds.train_2.predict)=99.76%
[ 2018-10-16 23:30:26,897][kfold_wrapper.log_eval_metrics] Accuracy(layer_1 - estimator_0 - 5_folds.train_3.predict)=99.73%
[ 2018-10-16 23:30:27,124][kfold_wrapper.log_eval_metrics] Accuracy(layer_1 - estimator_0 - 5_folds.train_4.predict)=99.70%
[ 2018-10-16 23:30:27,125][kfold_wrapper.log_eval_metrics] Accuracy(layer_1 - estimator_0 - 5_folds.train_cv.predict)=99.74%
[ 2018-10-16 23:30:27,351][kfold_wrapper.log_eval_metrics] Accuracy(layer_1 - estimator_1 - 5_folds.train_0.predict)=99.80%
[ 2018-10-16 23:30:27,576][kfold_wrapper.log_eval_metrics] Accuracy(layer_1 - estimator_1 - 5_folds.train_1.predict)=99.66%
[ 2018-10-16 23:30:27,799][kfold_wrapper.log_eval_metrics] Accuracy(layer_1 - estimator_1 - 5_folds.train_2.predict)=99.76%
[ 2018-10-16 23:30:28,023][kfold_wrapper.log_eval_metrics] Accuracy(layer_1 - estimator_1 - 5_folds.train_3.predict)=99.80%
[ 2018-10-16 23:30:28,247][kfold_wrapper.log_eval_metrics] Accuracy(layer_1 - estimator_1 - 5_folds.train_4.predict)=99.87%
[ 2018-10-16 23:30:28,248][kfold_wrapper.log_eval_metrics] Accuracy(layer_1 - estimator_1 - 5_folds.train_cv.predict)=99.78%
[ 2018-10-16 23:30:28,490][kfold_wrapper.log_eval_metrics] Accuracy(layer_1 - estimator_2 - 5_folds.train_0.predict)=99.76%
[ 2018-10-16 23:30:28,609][kfold_wrapper.log_eval_metrics] Accuracy(layer_1 - estimator_2 - 5_folds.train_1.predict)=99.66%
[ 2018-10-16 23:30:28,788][kfold_wrapper.log_eval_metrics] Accuracy(layer_1 - estimator_2 - 5_folds.train_2.predict)=99.66%
[ 2018-10-16 23:30:28,961][kfold_wrapper.log_eval_metrics] Accuracy(layer_1 - estimator_2 - 5_folds.train_3.predict)=99.70%
[ 2018-10-16 23:30:29,089][kfold_wrapper.log_eval_metrics] Accuracy(layer_1 - estimator_2 - 5_folds.train_4.predict)=99.76%
[ 2018-10-16 23:30:29,090][kfold_wrapper.log_eval_metrics] Accuracy(layer_1 - estimator_2 - 5_folds.train_cv.predict)=99.71%
[ 2018-10-16 23:30:29,090][cascade_classifier.calc_accuracy] Accuracy(layer_1 - train.classifier_average)=99.77%
[ 2018-10-16 23:30:29,092][cascade_classifier.fit_transform] [layer=2] look_indexs=[0], X_cur_train.shape=(14848, 51), X_cur_test.shape=(0, 51)
[ 2018-10-16 23:30:29,315][kfold_wrapper.log_eval_metrics] Accuracy(layer_2 - estimator_0 - 5_folds.train_0.predict)=99.76%
[ 2018-10-16 23:30:29,538][kfold_wrapper.log_eval_metrics] Accuracy(layer_2 - estimator_0 - 5_folds.train_1.predict)=99.90%
[ 2018-10-16 23:30:29,763][kfold_wrapper.log_eval_metrics] Accuracy(layer_2 - estimator_0 - 5_folds.train_2.predict)=99.73%
[ 2018-10-16 23:30:29,986][kfold_wrapper.log_eval_metrics] Accuracy(layer_2 - estimator_0 - 5_folds.train_3.predict)=99.60%
[ 2018-10-16 23:30:30,210][kfold_wrapper.log_eval_metrics] Accuracy(layer_2 - estimator_0 - 5_folds.train_4.predict)=99.90%
[ 2018-10-16 23:30:30,211][kfold_wrapper.log_eval_metrics] Accuracy(layer_2 - estimator_0 - 5_folds.train_cv.predict)=99.78%
[ 2018-10-16 23:30:30,434][kfold_wrapper.log_eval_metrics] Accuracy(layer_2 - estimator_1 - 5_folds.train_0.predict)=99.83%
[ 2018-10-16 23:30:30,655][kfold_wrapper.log_eval_metrics] Accuracy(layer_2 - estimator_1 - 5_folds.train_1.predict)=99.80%
[ 2018-10-16 23:30:30,882][kfold_wrapper.log_eval_metrics] Accuracy(layer_2 - estimator_1 - 5_folds.train_2.predict)=99.80%
[ 2018-10-16 23:30:31,106][kfold_wrapper.log_eval_metrics] Accuracy(layer_2 - estimator_1 - 5_folds.train_3.predict)=99.63%
[ 2018-10-16 23:30:31,327][kfold_wrapper.log_eval_metrics] Accuracy(layer_2 - estimator_1 - 5_folds.train_4.predict)=99.73%
[ 2018-10-16 23:30:31,328][kfold_wrapper.log_eval_metrics] Accuracy(layer_2 - estimator_1 - 5_folds.train_cv.predict)=99.76%
[ 2018-10-16 23:30:31,474][kfold_wrapper.log_eval_metrics] Accuracy(layer_2 - estimator_2 - 5_folds.train_0.predict)=99.80%
[ 2018-10-16 23:30:31,604][kfold_wrapper.log_eval_metrics] Accuracy(layer_2 - estimator_2 - 5_folds.train_1.predict)=99.73%
[ 2018-10-16 23:30:31,737][kfold_wrapper.log_eval_metrics] Accuracy(layer_2 - estimator_2 - 5_folds.train_2.predict)=99.63%
[ 2018-10-16 23:30:31,891][kfold_wrapper.log_eval_metrics] Accuracy(layer_2 - estimator_2 - 5_folds.train_3.predict)=99.70%
[ 2018-10-16 23:30:32,019][kfold_wrapper.log_eval_metrics] Accuracy(layer_2 - estimator_2 - 5_folds.train_4.predict)=99.80%
[ 2018-10-16 23:30:32,019][kfold_wrapper.log_eval_metrics] Accuracy(layer_2 - estimator_2 - 5_folds.train_cv.predict)=99.73%
[ 2018-10-16 23:30:32,019][cascade_classifier.calc_accuracy] Accuracy(layer_2 - train.classifier_average)=99.76%
[ 2018-10-16 23:30:32,021][cascade_classifier.fit_transform] [layer=3] look_indexs=[0], X_cur_train.shape=(14848, 51), X_cur_test.shape=(0, 51)
[ 2018-10-16 23:30:32,247][kfold_wrapper.log_eval_metrics] Accuracy(layer_3 - estimator_0 - 5_folds.train_0.predict)=99.90%
[ 2018-10-16 23:30:32,471][kfold_wrapper.log_eval_metrics] Accuracy(layer_3 - estimator_0 - 5_folds.train_1.predict)=99.73%
[ 2018-10-16 23:30:32,695][kfold_wrapper.log_eval_metrics] Accuracy(layer_3 - estimator_0 - 5_folds.train_2.predict)=99.76%
[ 2018-10-16 23:30:32,920][kfold_wrapper.log_eval_metrics] Accuracy(layer_3 - estimator_0 - 5_folds.train_3.predict)=99.83%
[ 2018-10-16 23:30:33,140][kfold_wrapper.log_eval_metrics] Accuracy(layer_3 - estimator_0 - 5_folds.train_4.predict)=99.63%
[ 2018-10-16 23:30:33,141][kfold_wrapper.log_eval_metrics] Accuracy(layer_3 - estimator_0 - 5_folds.train_cv.predict)=99.77%
[ 2018-10-16 23:30:33,368][kfold_wrapper.log_eval_metrics] Accuracy(layer_3 - estimator_1 - 5_folds.train_0.predict)=99.70%
[ 2018-10-16 23:30:33,591][kfold_wrapper.log_eval_metrics] Accuracy(layer_3 - estimator_1 - 5_folds.train_1.predict)=99.66%
[ 2018-10-16 23:30:33,816][kfold_wrapper.log_eval_metrics] Accuracy(layer_3 - estimator_1 - 5_folds.train_2.predict)=99.76%
[ 2018-10-16 23:30:34,040][kfold_wrapper.log_eval_metrics] Accuracy(layer_3 - estimator_1 - 5_folds.train_3.predict)=99.83%
[ 2018-10-16 23:30:34,264][kfold_wrapper.log_eval_metrics] Accuracy(layer_3 - estimator_1 - 5_folds.train_4.predict)=99.83%
[ 2018-10-16 23:30:34,264][kfold_wrapper.log_eval_metrics] Accuracy(layer_3 - estimator_1 - 5_folds.train_cv.predict)=99.76%
[ 2018-10-16 23:30:34,431][kfold_wrapper.log_eval_metrics] Accuracy(layer_3 - estimator_2 - 5_folds.train_0.predict)=99.73%
[ 2018-10-16 23:30:34,578][kfold_wrapper.log_eval_metrics] Accuracy(layer_3 - estimator_2 - 5_folds.train_1.predict)=99.83%
[ 2018-10-16 23:30:34,691][kfold_wrapper.log_eval_metrics] Accuracy(layer_3 - estimator_2 - 5_folds.train_2.predict)=99.70%
[ 2018-10-16 23:30:34,852][kfold_wrapper.log_eval_metrics] Accuracy(layer_3 - estimator_2 - 5_folds.train_3.predict)=99.63%
[ 2018-10-16 23:30:34,976][kfold_wrapper.log_eval_metrics] Accuracy(layer_3 - estimator_2 - 5_folds.train_4.predict)=99.73%
[ 2018-10-16 23:30:34,977][kfold_wrapper.log_eval_metrics] Accuracy(layer_3 - estimator_2 - 5_folds.train_cv.predict)=99.72%
[ 2018-10-16 23:30:34,977][cascade_classifier.calc_accuracy] Accuracy(layer_3 - train.classifier_average)=99.74%
[ 2018-10-16 23:30:34,979][cascade_classifier.fit_transform] [layer=4] look_indexs=[0], X_cur_train.shape=(14848, 51), X_cur_test.shape=(0, 51)
[ 2018-10-16 23:30:35,202][kfold_wrapper.log_eval_metrics] Accuracy(layer_4 - estimator_0 - 5_folds.train_0.predict)=99.76%
[ 2018-10-16 23:30:35,425][kfold_wrapper.log_eval_metrics] Accuracy(layer_4 - estimator_0 - 5_folds.train_1.predict)=99.73%
[ 2018-10-16 23:30:35,650][kfold_wrapper.log_eval_metrics] Accuracy(layer_4 - estimator_0 - 5_folds.train_2.predict)=99.70%
[ 2018-10-16 23:30:35,874][kfold_wrapper.log_eval_metrics] Accuracy(layer_4 - estimator_0 - 5_folds.train_3.predict)=99.90%
[ 2018-10-16 23:30:36,099][kfold_wrapper.log_eval_metrics] Accuracy(layer_4 - estimator_0 - 5_folds.train_4.predict)=99.73%
[ 2018-10-16 23:30:36,100][kfold_wrapper.log_eval_metrics] Accuracy(layer_4 - estimator_0 - 5_folds.train_cv.predict)=99.76%
[ 2018-10-16 23:30:36,322][kfold_wrapper.log_eval_metrics] Accuracy(layer_4 - estimator_1 - 5_folds.train_0.predict)=99.60%
[ 2018-10-16 23:30:36,546][kfold_wrapper.log_eval_metrics] Accuracy(layer_4 - estimator_1 - 5_folds.train_1.predict)=99.87%
[ 2018-10-16 23:30:36,770][kfold_wrapper.log_eval_metrics] Accuracy(layer_4 - estimator_1 - 5_folds.train_2.predict)=99.87%
[ 2018-10-16 23:30:36,995][kfold_wrapper.log_eval_metrics] Accuracy(layer_4 - estimator_1 - 5_folds.train_3.predict)=99.90%
[ 2018-10-16 23:30:37,218][kfold_wrapper.log_eval_metrics] Accuracy(layer_4 - estimator_1 - 5_folds.train_4.predict)=99.73%
[ 2018-10-16 23:30:37,219][kfold_wrapper.log_eval_metrics] Accuracy(layer_4 - estimator_1 - 5_folds.train_cv.predict)=99.79%
[ 2018-10-16 23:30:37,365][kfold_wrapper.log_eval_metrics] Accuracy(layer_4 - estimator_2 - 5_folds.train_0.predict)=99.73%
[ 2018-10-16 23:30:37,516][kfold_wrapper.log_eval_metrics] Accuracy(layer_4 - estimator_2 - 5_folds.train_1.predict)=99.76%
[ 2018-10-16 23:30:37,654][kfold_wrapper.log_eval_metrics] Accuracy(layer_4 - estimator_2 - 5_folds.train_2.predict)=99.76%
[ 2018-10-16 23:30:37,778][kfold_wrapper.log_eval_metrics] Accuracy(layer_4 - estimator_2 - 5_folds.train_3.predict)=99.70%
[ 2018-10-16 23:30:37,899][kfold_wrapper.log_eval_metrics] Accuracy(layer_4 - estimator_2 - 5_folds.train_4.predict)=99.70%
[ 2018-10-16 23:30:37,899][kfold_wrapper.log_eval_metrics] Accuracy(layer_4 - estimator_2 - 5_folds.train_cv.predict)=99.73%
[ 2018-10-16 23:30:37,900][cascade_classifier.calc_accuracy] Accuracy(layer_4 - train.classifier_average)=99.76%
[ 2018-10-16 23:30:37,900][cascade_classifier.fit_transform] [Result][Optimal Level Detected] opt_layer_num=2, accuracy_train=99.77%, accuracy_test=0.00%
[ 2018-10-16 23:30:37,923][cascade_classifier.transform] X_groups_test.shape=[(7313, 45)]
[ 2018-10-16 23:30:37,924][cascade_classifier.transform] group_dims=[45]
[ 2018-10-16 23:30:37,924][cascade_classifier.transform] X_test.shape=(7313, 45)
[ 2018-10-16 23:30:37,924][cascade_classifier.transform] [layer=0] look_indexs=[0], X_cur_test.shape=(7313, 45)
[ 2018-10-16 23:30:38,982][cascade_classifier.transform] [layer=1] look_indexs=[0], X_cur_test.shape=(7313, 51)
[ 2018-10-16 23:30:40,345][cascade_classifier.transform] X_groups_test.shape=[(48933, 45)]
[ 2018-10-16 23:30:40,348][cascade_classifier.transform] group_dims=[45]
[ 2018-10-16 23:30:40,348][cascade_classifier.transform] X_test.shape=(48933, 45)
[ 2018-10-16 23:30:40,357][cascade_classifier.transform] [layer=0] look_indexs=[0], X_cur_test.shape=(48933, 45)
[ 2018-10-16 23:30:41,463][cascade_classifier.transform] [layer=1] look_indexs=[0], X_cur_test.shape=(48933, 51)
