[ 2018-10-16 23:43:22,478][cascade_classifier.fit_transform] X_groups_train.shape=[(183264, 9)],y_train.shape=(183264,),X_groups_test.shape=no_test,y_test.shape=no_test
[ 2018-10-16 23:43:22,480][cascade_classifier.fit_transform] group_dims=[9]
[ 2018-10-16 23:43:22,481][cascade_classifier.fit_transform] group_starts=[0]
[ 2018-10-16 23:43:22,481][cascade_classifier.fit_transform] group_ends=[9]
[ 2018-10-16 23:43:22,481][cascade_classifier.fit_transform] X_train.shape=(183264, 9),X_test.shape=(0, 9)
[ 2018-10-16 23:43:22,493][cascade_classifier.fit_transform] [layer=0] look_indexs=[0], X_cur_train.shape=(183264, 9), X_cur_test.shape=(0, 9)
[ 2018-10-16 23:43:23,464][kfold_wrapper.log_eval_metrics] Accuracy(layer_0 - estimator_0 - 5_folds.train_0.predict)=99.98%
[ 2018-10-16 23:43:24,434][kfold_wrapper.log_eval_metrics] Accuracy(layer_0 - estimator_0 - 5_folds.train_1.predict)=99.98%
[ 2018-10-16 23:43:25,388][kfold_wrapper.log_eval_metrics] Accuracy(layer_0 - estimator_0 - 5_folds.train_2.predict)=99.98%
[ 2018-10-16 23:43:26,247][kfold_wrapper.log_eval_metrics] Accuracy(layer_0 - estimator_0 - 5_folds.train_3.predict)=99.97%
[ 2018-10-16 23:43:27,101][kfold_wrapper.log_eval_metrics] Accuracy(layer_0 - estimator_0 - 5_folds.train_4.predict)=99.98%
[ 2018-10-16 23:43:27,105][kfold_wrapper.log_eval_metrics] Accuracy(layer_0 - estimator_0 - 5_folds.train_cv.predict)=99.98%
[ 2018-10-16 23:43:27,713][kfold_wrapper.log_eval_metrics] Accuracy(layer_0 - estimator_1 - 5_folds.train_0.predict)=99.99%
[ 2018-10-16 23:43:28,269][kfold_wrapper.log_eval_metrics] Accuracy(layer_0 - estimator_1 - 5_folds.train_1.predict)=99.99%
[ 2018-10-16 23:43:28,829][kfold_wrapper.log_eval_metrics] Accuracy(layer_0 - estimator_1 - 5_folds.train_2.predict)=99.99%
[ 2018-10-16 23:43:29,405][kfold_wrapper.log_eval_metrics] Accuracy(layer_0 - estimator_1 - 5_folds.train_3.predict)=100.00%
[ 2018-10-16 23:43:29,964][kfold_wrapper.log_eval_metrics] Accuracy(layer_0 - estimator_1 - 5_folds.train_4.predict)=99.98%
[ 2018-10-16 23:43:29,969][kfold_wrapper.log_eval_metrics] Accuracy(layer_0 - estimator_1 - 5_folds.train_cv.predict)=99.99%
[ 2018-10-16 23:43:30,349][kfold_wrapper.log_eval_metrics] Accuracy(layer_0 - estimator_2 - 5_folds.train_0.predict)=81.94%
[ 2018-10-16 23:43:30,656][kfold_wrapper.log_eval_metrics] Accuracy(layer_0 - estimator_2 - 5_folds.train_1.predict)=81.94%
[ 2018-10-16 23:43:30,963][kfold_wrapper.log_eval_metrics] Accuracy(layer_0 - estimator_2 - 5_folds.train_2.predict)=82.24%
[ 2018-10-16 23:43:31,318][kfold_wrapper.log_eval_metrics] Accuracy(layer_0 - estimator_2 - 5_folds.train_3.predict)=81.91%
[ 2018-10-16 23:43:31,707][kfold_wrapper.log_eval_metrics] Accuracy(layer_0 - estimator_2 - 5_folds.train_4.predict)=81.91%
[ 2018-10-16 23:43:31,710][kfold_wrapper.log_eval_metrics] Accuracy(layer_0 - estimator_2 - 5_folds.train_cv.predict)=81.99%
[ 2018-10-16 23:43:31,717][cascade_classifier.calc_accuracy] Accuracy(layer_0 - train.classifier_average)=99.98%
[ 2018-10-16 23:43:31,737][cascade_classifier.fit_transform] [layer=1] look_indexs=[0], X_cur_train.shape=(183264, 15), X_cur_test.shape=(0, 15)
[ 2018-10-16 23:43:32,264][kfold_wrapper.log_eval_metrics] Accuracy(layer_1 - estimator_0 - 5_folds.train_0.predict)=99.98%
[ 2018-10-16 23:43:32,722][kfold_wrapper.log_eval_metrics] Accuracy(layer_1 - estimator_0 - 5_folds.train_1.predict)=99.99%
[ 2018-10-16 23:43:33,181][kfold_wrapper.log_eval_metrics] Accuracy(layer_1 - estimator_0 - 5_folds.train_2.predict)=99.99%
[ 2018-10-16 23:43:33,639][kfold_wrapper.log_eval_metrics] Accuracy(layer_1 - estimator_0 - 5_folds.train_3.predict)=99.99%
[ 2018-10-16 23:43:34,198][kfold_wrapper.log_eval_metrics] Accuracy(layer_1 - estimator_0 - 5_folds.train_4.predict)=99.99%
[ 2018-10-16 23:43:34,202][kfold_wrapper.log_eval_metrics] Accuracy(layer_1 - estimator_0 - 5_folds.train_cv.predict)=99.99%
[ 2018-10-16 23:43:34,633][kfold_wrapper.log_eval_metrics] Accuracy(layer_1 - estimator_1 - 5_folds.train_0.predict)=99.99%
[ 2018-10-16 23:43:34,990][kfold_wrapper.log_eval_metrics] Accuracy(layer_1 - estimator_1 - 5_folds.train_1.predict)=99.99%
[ 2018-10-16 23:43:35,353][kfold_wrapper.log_eval_metrics] Accuracy(layer_1 - estimator_1 - 5_folds.train_2.predict)=99.98%
[ 2018-10-16 23:43:35,706][kfold_wrapper.log_eval_metrics] Accuracy(layer_1 - estimator_1 - 5_folds.train_3.predict)=99.99%
[ 2018-10-16 23:43:36,059][kfold_wrapper.log_eval_metrics] Accuracy(layer_1 - estimator_1 - 5_folds.train_4.predict)=100.00%
[ 2018-10-16 23:43:36,065][kfold_wrapper.log_eval_metrics] Accuracy(layer_1 - estimator_1 - 5_folds.train_cv.predict)=99.99%
[ 2018-10-16 23:43:37,023][kfold_wrapper.log_eval_metrics] Accuracy(layer_1 - estimator_2 - 5_folds.train_0.predict)=99.99%
[ 2018-10-16 23:43:37,706][kfold_wrapper.log_eval_metrics] Accuracy(layer_1 - estimator_2 - 5_folds.train_1.predict)=99.99%
[ 2018-10-16 23:43:38,379][kfold_wrapper.log_eval_metrics] Accuracy(layer_1 - estimator_2 - 5_folds.train_2.predict)=99.99%
[ 2018-10-16 23:43:39,046][kfold_wrapper.log_eval_metrics] Accuracy(layer_1 - estimator_2 - 5_folds.train_3.predict)=99.99%
[ 2018-10-16 23:43:39,805][kfold_wrapper.log_eval_metrics] Accuracy(layer_1 - estimator_2 - 5_folds.train_4.predict)=99.99%
[ 2018-10-16 23:43:39,808][kfold_wrapper.log_eval_metrics] Accuracy(layer_1 - estimator_2 - 5_folds.train_cv.predict)=99.99%
[ 2018-10-16 23:43:39,814][cascade_classifier.calc_accuracy] Accuracy(layer_1 - train.classifier_average)=99.99%
[ 2018-10-16 23:43:39,823][cascade_classifier.fit_transform] [layer=2] look_indexs=[0], X_cur_train.shape=(183264, 15), X_cur_test.shape=(0, 15)
[ 2018-10-16 23:43:40,332][kfold_wrapper.log_eval_metrics] Accuracy(layer_2 - estimator_0 - 5_folds.train_0.predict)=99.99%
[ 2018-10-16 23:43:40,887][kfold_wrapper.log_eval_metrics] Accuracy(layer_2 - estimator_0 - 5_folds.train_1.predict)=99.99%
[ 2018-10-16 23:43:41,342][kfold_wrapper.log_eval_metrics] Accuracy(layer_2 - estimator_0 - 5_folds.train_2.predict)=99.99%
[ 2018-10-16 23:43:41,797][kfold_wrapper.log_eval_metrics] Accuracy(layer_2 - estimator_0 - 5_folds.train_3.predict)=99.99%
[ 2018-10-16 23:43:42,258][kfold_wrapper.log_eval_metrics] Accuracy(layer_2 - estimator_0 - 5_folds.train_4.predict)=99.99%
[ 2018-10-16 23:43:42,260][kfold_wrapper.log_eval_metrics] Accuracy(layer_2 - estimator_0 - 5_folds.train_cv.predict)=99.99%
[ 2018-10-16 23:43:42,697][kfold_wrapper.log_eval_metrics] Accuracy(layer_2 - estimator_1 - 5_folds.train_0.predict)=99.98%
[ 2018-10-16 23:43:43,047][kfold_wrapper.log_eval_metrics] Accuracy(layer_2 - estimator_1 - 5_folds.train_1.predict)=100.00%
[ 2018-10-16 23:43:43,412][kfold_wrapper.log_eval_metrics] Accuracy(layer_2 - estimator_1 - 5_folds.train_2.predict)=99.99%
[ 2018-10-16 23:43:43,778][kfold_wrapper.log_eval_metrics] Accuracy(layer_2 - estimator_1 - 5_folds.train_3.predict)=99.99%
[ 2018-10-16 23:43:44,141][kfold_wrapper.log_eval_metrics] Accuracy(layer_2 - estimator_1 - 5_folds.train_4.predict)=99.98%
[ 2018-10-16 23:43:44,145][kfold_wrapper.log_eval_metrics] Accuracy(layer_2 - estimator_1 - 5_folds.train_cv.predict)=99.99%
[ 2018-10-16 23:43:44,879][kfold_wrapper.log_eval_metrics] Accuracy(layer_2 - estimator_2 - 5_folds.train_0.predict)=99.99%
[ 2018-10-16 23:43:45,506][kfold_wrapper.log_eval_metrics] Accuracy(layer_2 - estimator_2 - 5_folds.train_1.predict)=99.99%
[ 2018-10-16 23:43:46,174][kfold_wrapper.log_eval_metrics] Accuracy(layer_2 - estimator_2 - 5_folds.train_2.predict)=99.99%
[ 2018-10-16 23:43:46,736][kfold_wrapper.log_eval_metrics] Accuracy(layer_2 - estimator_2 - 5_folds.train_3.predict)=99.99%
[ 2018-10-16 23:43:47,275][kfold_wrapper.log_eval_metrics] Accuracy(layer_2 - estimator_2 - 5_folds.train_4.predict)=99.99%
[ 2018-10-16 23:43:47,278][kfold_wrapper.log_eval_metrics] Accuracy(layer_2 - estimator_2 - 5_folds.train_cv.predict)=99.99%
[ 2018-10-16 23:43:47,284][cascade_classifier.calc_accuracy] Accuracy(layer_2 - train.classifier_average)=99.99%
[ 2018-10-16 23:43:47,293][cascade_classifier.fit_transform] [layer=3] look_indexs=[0], X_cur_train.shape=(183264, 15), X_cur_test.shape=(0, 15)
[ 2018-10-16 23:43:47,698][kfold_wrapper.log_eval_metrics] Accuracy(layer_3 - estimator_0 - 5_folds.train_0.predict)=99.99%
[ 2018-10-16 23:43:48,150][kfold_wrapper.log_eval_metrics] Accuracy(layer_3 - estimator_0 - 5_folds.train_1.predict)=99.99%
[ 2018-10-16 23:43:48,610][kfold_wrapper.log_eval_metrics] Accuracy(layer_3 - estimator_0 - 5_folds.train_2.predict)=99.99%
[ 2018-10-16 23:43:49,069][kfold_wrapper.log_eval_metrics] Accuracy(layer_3 - estimator_0 - 5_folds.train_3.predict)=99.98%
[ 2018-10-16 23:43:49,529][kfold_wrapper.log_eval_metrics] Accuracy(layer_3 - estimator_0 - 5_folds.train_4.predict)=99.99%
[ 2018-10-16 23:43:49,533][kfold_wrapper.log_eval_metrics] Accuracy(layer_3 - estimator_0 - 5_folds.train_cv.predict)=99.99%
[ 2018-10-16 23:43:49,953][kfold_wrapper.log_eval_metrics] Accuracy(layer_3 - estimator_1 - 5_folds.train_0.predict)=99.99%
[ 2018-10-16 23:43:50,304][kfold_wrapper.log_eval_metrics] Accuracy(layer_3 - estimator_1 - 5_folds.train_1.predict)=99.99%
[ 2018-10-16 23:43:50,654][kfold_wrapper.log_eval_metrics] Accuracy(layer_3 - estimator_1 - 5_folds.train_2.predict)=99.99%
[ 2018-10-16 23:43:51,010][kfold_wrapper.log_eval_metrics] Accuracy(layer_3 - estimator_1 - 5_folds.train_3.predict)=99.99%
[ 2018-10-16 23:43:51,362][kfold_wrapper.log_eval_metrics] Accuracy(layer_3 - estimator_1 - 5_folds.train_4.predict)=100.00%
[ 2018-10-16 23:43:51,367][kfold_wrapper.log_eval_metrics] Accuracy(layer_3 - estimator_1 - 5_folds.train_cv.predict)=99.99%
[ 2018-10-16 23:43:51,967][kfold_wrapper.log_eval_metrics] Accuracy(layer_3 - estimator_2 - 5_folds.train_0.predict)=99.99%
[ 2018-10-16 23:43:52,492][kfold_wrapper.log_eval_metrics] Accuracy(layer_3 - estimator_2 - 5_folds.train_1.predict)=99.99%
[ 2018-10-16 23:43:53,018][kfold_wrapper.log_eval_metrics] Accuracy(layer_3 - estimator_2 - 5_folds.train_2.predict)=99.99%
[ 2018-10-16 23:43:53,519][kfold_wrapper.log_eval_metrics] Accuracy(layer_3 - estimator_2 - 5_folds.train_3.predict)=99.99%
[ 2018-10-16 23:43:54,029][kfold_wrapper.log_eval_metrics] Accuracy(layer_3 - estimator_2 - 5_folds.train_4.predict)=99.99%
[ 2018-10-16 23:43:54,031][kfold_wrapper.log_eval_metrics] Accuracy(layer_3 - estimator_2 - 5_folds.train_cv.predict)=99.99%
[ 2018-10-16 23:43:54,036][cascade_classifier.calc_accuracy] Accuracy(layer_3 - train.classifier_average)=99.99%
[ 2018-10-16 23:43:54,046][cascade_classifier.fit_transform] [layer=4] look_indexs=[0], X_cur_train.shape=(183264, 15), X_cur_test.shape=(0, 15)
[ 2018-10-16 23:43:54,554][kfold_wrapper.log_eval_metrics] Accuracy(layer_4 - estimator_0 - 5_folds.train_0.predict)=99.99%
[ 2018-10-16 23:43:55,010][kfold_wrapper.log_eval_metrics] Accuracy(layer_4 - estimator_0 - 5_folds.train_1.predict)=99.99%
[ 2018-10-16 23:43:55,469][kfold_wrapper.log_eval_metrics] Accuracy(layer_4 - estimator_0 - 5_folds.train_2.predict)=99.98%
[ 2018-10-16 23:43:55,923][kfold_wrapper.log_eval_metrics] Accuracy(layer_4 - estimator_0 - 5_folds.train_3.predict)=99.98%
[ 2018-10-16 23:43:56,379][kfold_wrapper.log_eval_metrics] Accuracy(layer_4 - estimator_0 - 5_folds.train_4.predict)=100.00%
[ 2018-10-16 23:43:56,383][kfold_wrapper.log_eval_metrics] Accuracy(layer_4 - estimator_0 - 5_folds.train_cv.predict)=99.99%
[ 2018-10-16 23:43:56,801][kfold_wrapper.log_eval_metrics] Accuracy(layer_4 - estimator_1 - 5_folds.train_0.predict)=99.98%
[ 2018-10-16 23:43:57,256][kfold_wrapper.log_eval_metrics] Accuracy(layer_4 - estimator_1 - 5_folds.train_1.predict)=99.99%
[ 2018-10-16 23:43:57,710][kfold_wrapper.log_eval_metrics] Accuracy(layer_4 - estimator_1 - 5_folds.train_2.predict)=99.99%
[ 2018-10-16 23:43:58,167][kfold_wrapper.log_eval_metrics] Accuracy(layer_4 - estimator_1 - 5_folds.train_3.predict)=99.99%
[ 2018-10-16 23:43:58,625][kfold_wrapper.log_eval_metrics] Accuracy(layer_4 - estimator_1 - 5_folds.train_4.predict)=99.99%
[ 2018-10-16 23:43:58,629][kfold_wrapper.log_eval_metrics] Accuracy(layer_4 - estimator_1 - 5_folds.train_cv.predict)=99.99%
[ 2018-10-16 23:43:59,229][kfold_wrapper.log_eval_metrics] Accuracy(layer_4 - estimator_2 - 5_folds.train_0.predict)=99.99%
[ 2018-10-16 23:43:59,730][kfold_wrapper.log_eval_metrics] Accuracy(layer_4 - estimator_2 - 5_folds.train_1.predict)=99.99%
[ 2018-10-16 23:44:00,262][kfold_wrapper.log_eval_metrics] Accuracy(layer_4 - estimator_2 - 5_folds.train_2.predict)=99.99%
[ 2018-10-16 23:44:00,775][kfold_wrapper.log_eval_metrics] Accuracy(layer_4 - estimator_2 - 5_folds.train_3.predict)=99.99%
[ 2018-10-16 23:44:01,308][kfold_wrapper.log_eval_metrics] Accuracy(layer_4 - estimator_2 - 5_folds.train_4.predict)=100.00%
[ 2018-10-16 23:44:01,310][kfold_wrapper.log_eval_metrics] Accuracy(layer_4 - estimator_2 - 5_folds.train_cv.predict)=99.99%
[ 2018-10-16 23:44:01,315][cascade_classifier.calc_accuracy] Accuracy(layer_4 - train.classifier_average)=99.99%
[ 2018-10-16 23:44:01,324][cascade_classifier.fit_transform] [layer=5] look_indexs=[0], X_cur_train.shape=(183264, 15), X_cur_test.shape=(0, 15)
[ 2018-10-16 23:44:01,937][kfold_wrapper.log_eval_metrics] Accuracy(layer_5 - estimator_0 - 5_folds.train_0.predict)=99.99%
[ 2018-10-16 23:44:02,392][kfold_wrapper.log_eval_metrics] Accuracy(layer_5 - estimator_0 - 5_folds.train_1.predict)=99.99%
[ 2018-10-16 23:44:02,952][kfold_wrapper.log_eval_metrics] Accuracy(layer_5 - estimator_0 - 5_folds.train_2.predict)=99.99%
[ 2018-10-16 23:44:03,507][kfold_wrapper.log_eval_metrics] Accuracy(layer_5 - estimator_0 - 5_folds.train_3.predict)=99.99%
[ 2018-10-16 23:44:04,061][kfold_wrapper.log_eval_metrics] Accuracy(layer_5 - estimator_0 - 5_folds.train_4.predict)=99.99%
[ 2018-10-16 23:44:04,065][kfold_wrapper.log_eval_metrics] Accuracy(layer_5 - estimator_0 - 5_folds.train_cv.predict)=99.99%
[ 2018-10-16 23:44:04,584][kfold_wrapper.log_eval_metrics] Accuracy(layer_5 - estimator_1 - 5_folds.train_0.predict)=99.99%
[ 2018-10-16 23:44:05,041][kfold_wrapper.log_eval_metrics] Accuracy(layer_5 - estimator_1 - 5_folds.train_1.predict)=99.99%
[ 2018-10-16 23:44:05,502][kfold_wrapper.log_eval_metrics] Accuracy(layer_5 - estimator_1 - 5_folds.train_2.predict)=99.99%
[ 2018-10-16 23:44:05,960][kfold_wrapper.log_eval_metrics] Accuracy(layer_5 - estimator_1 - 5_folds.train_3.predict)=99.99%
[ 2018-10-16 23:44:06,417][kfold_wrapper.log_eval_metrics] Accuracy(layer_5 - estimator_1 - 5_folds.train_4.predict)=99.98%
[ 2018-10-16 23:44:06,421][kfold_wrapper.log_eval_metrics] Accuracy(layer_5 - estimator_1 - 5_folds.train_cv.predict)=99.99%
[ 2018-10-16 23:44:07,022][kfold_wrapper.log_eval_metrics] Accuracy(layer_5 - estimator_2 - 5_folds.train_0.predict)=99.99%
[ 2018-10-16 23:44:07,536][kfold_wrapper.log_eval_metrics] Accuracy(layer_5 - estimator_2 - 5_folds.train_1.predict)=99.99%
[ 2018-10-16 23:44:08,094][kfold_wrapper.log_eval_metrics] Accuracy(layer_5 - estimator_2 - 5_folds.train_2.predict)=99.99%
[ 2018-10-16 23:44:08,613][kfold_wrapper.log_eval_metrics] Accuracy(layer_5 - estimator_2 - 5_folds.train_3.predict)=99.99%
[ 2018-10-16 23:44:09,123][kfold_wrapper.log_eval_metrics] Accuracy(layer_5 - estimator_2 - 5_folds.train_4.predict)=99.98%
[ 2018-10-16 23:44:09,126][kfold_wrapper.log_eval_metrics] Accuracy(layer_5 - estimator_2 - 5_folds.train_cv.predict)=99.99%
[ 2018-10-16 23:44:09,131][cascade_classifier.calc_accuracy] Accuracy(layer_5 - train.classifier_average)=99.99%
[ 2018-10-16 23:44:09,140][cascade_classifier.fit_transform] [layer=6] look_indexs=[0], X_cur_train.shape=(183264, 15), X_cur_test.shape=(0, 15)
[ 2018-10-16 23:44:09,751][kfold_wrapper.log_eval_metrics] Accuracy(layer_6 - estimator_0 - 5_folds.train_0.predict)=99.98%
[ 2018-10-16 23:44:10,210][kfold_wrapper.log_eval_metrics] Accuracy(layer_6 - estimator_0 - 5_folds.train_1.predict)=99.99%
[ 2018-10-16 23:44:10,668][kfold_wrapper.log_eval_metrics] Accuracy(layer_6 - estimator_0 - 5_folds.train_2.predict)=99.99%
[ 2018-10-16 23:44:11,126][kfold_wrapper.log_eval_metrics] Accuracy(layer_6 - estimator_0 - 5_folds.train_3.predict)=99.99%
[ 2018-10-16 23:44:11,580][kfold_wrapper.log_eval_metrics] Accuracy(layer_6 - estimator_0 - 5_folds.train_4.predict)=99.99%
[ 2018-10-16 23:44:11,584][kfold_wrapper.log_eval_metrics] Accuracy(layer_6 - estimator_0 - 5_folds.train_cv.predict)=99.99%
[ 2018-10-16 23:44:12,095][kfold_wrapper.log_eval_metrics] Accuracy(layer_6 - estimator_1 - 5_folds.train_0.predict)=99.99%
[ 2018-10-16 23:44:12,547][kfold_wrapper.log_eval_metrics] Accuracy(layer_6 - estimator_1 - 5_folds.train_1.predict)=99.99%
[ 2018-10-16 23:44:13,010][kfold_wrapper.log_eval_metrics] Accuracy(layer_6 - estimator_1 - 5_folds.train_2.predict)=99.99%
[ 2018-10-16 23:44:13,366][kfold_wrapper.log_eval_metrics] Accuracy(layer_6 - estimator_1 - 5_folds.train_3.predict)=99.99%
[ 2018-10-16 23:44:13,822][kfold_wrapper.log_eval_metrics] Accuracy(layer_6 - estimator_1 - 5_folds.train_4.predict)=99.99%
[ 2018-10-16 23:44:13,826][kfold_wrapper.log_eval_metrics] Accuracy(layer_6 - estimator_1 - 5_folds.train_cv.predict)=99.99%
[ 2018-10-16 23:44:14,420][kfold_wrapper.log_eval_metrics] Accuracy(layer_6 - estimator_2 - 5_folds.train_0.predict)=99.99%
[ 2018-10-16 23:44:14,938][kfold_wrapper.log_eval_metrics] Accuracy(layer_6 - estimator_2 - 5_folds.train_1.predict)=99.99%
[ 2018-10-16 23:44:15,465][kfold_wrapper.log_eval_metrics] Accuracy(layer_6 - estimator_2 - 5_folds.train_2.predict)=99.99%
[ 2018-10-16 23:44:15,993][kfold_wrapper.log_eval_metrics] Accuracy(layer_6 - estimator_2 - 5_folds.train_3.predict)=99.99%
[ 2018-10-16 23:44:16,501][kfold_wrapper.log_eval_metrics] Accuracy(layer_6 - estimator_2 - 5_folds.train_4.predict)=99.99%
[ 2018-10-16 23:44:16,503][kfold_wrapper.log_eval_metrics] Accuracy(layer_6 - estimator_2 - 5_folds.train_cv.predict)=99.99%
[ 2018-10-16 23:44:16,509][cascade_classifier.calc_accuracy] Accuracy(layer_6 - train.classifier_average)=99.99%
[ 2018-10-16 23:44:16,517][cascade_classifier.fit_transform] [layer=7] look_indexs=[0], X_cur_train.shape=(183264, 15), X_cur_test.shape=(0, 15)
[ 2018-10-16 23:44:17,032][kfold_wrapper.log_eval_metrics] Accuracy(layer_7 - estimator_0 - 5_folds.train_0.predict)=99.98%
[ 2018-10-16 23:44:17,596][kfold_wrapper.log_eval_metrics] Accuracy(layer_7 - estimator_0 - 5_folds.train_1.predict)=99.99%
[ 2018-10-16 23:44:18,150][kfold_wrapper.log_eval_metrics] Accuracy(layer_7 - estimator_0 - 5_folds.train_2.predict)=99.99%
[ 2018-10-16 23:44:18,704][kfold_wrapper.log_eval_metrics] Accuracy(layer_7 - estimator_0 - 5_folds.train_3.predict)=99.98%
[ 2018-10-16 23:44:19,260][kfold_wrapper.log_eval_metrics] Accuracy(layer_7 - estimator_0 - 5_folds.train_4.predict)=100.00%
[ 2018-10-16 23:44:19,264][kfold_wrapper.log_eval_metrics] Accuracy(layer_7 - estimator_0 - 5_folds.train_cv.predict)=99.99%
[ 2018-10-16 23:44:19,782][kfold_wrapper.log_eval_metrics] Accuracy(layer_7 - estimator_1 - 5_folds.train_0.predict)=99.99%
[ 2018-10-16 23:44:20,233][kfold_wrapper.log_eval_metrics] Accuracy(layer_7 - estimator_1 - 5_folds.train_1.predict)=99.99%
[ 2018-10-16 23:44:20,688][kfold_wrapper.log_eval_metrics] Accuracy(layer_7 - estimator_1 - 5_folds.train_2.predict)=99.99%
[ 2018-10-16 23:44:21,137][kfold_wrapper.log_eval_metrics] Accuracy(layer_7 - estimator_1 - 5_folds.train_3.predict)=99.99%
[ 2018-10-16 23:44:21,589][kfold_wrapper.log_eval_metrics] Accuracy(layer_7 - estimator_1 - 5_folds.train_4.predict)=99.99%
[ 2018-10-16 23:44:21,593][kfold_wrapper.log_eval_metrics] Accuracy(layer_7 - estimator_1 - 5_folds.train_cv.predict)=99.99%
[ 2018-10-16 23:44:22,230][kfold_wrapper.log_eval_metrics] Accuracy(layer_7 - estimator_2 - 5_folds.train_0.predict)=99.99%
[ 2018-10-16 23:44:22,773][kfold_wrapper.log_eval_metrics] Accuracy(layer_7 - estimator_2 - 5_folds.train_1.predict)=100.00%
[ 2018-10-16 23:44:23,315][kfold_wrapper.log_eval_metrics] Accuracy(layer_7 - estimator_2 - 5_folds.train_2.predict)=99.99%
[ 2018-10-16 23:44:23,863][kfold_wrapper.log_eval_metrics] Accuracy(layer_7 - estimator_2 - 5_folds.train_3.predict)=99.99%
[ 2018-10-16 23:44:24,373][kfold_wrapper.log_eval_metrics] Accuracy(layer_7 - estimator_2 - 5_folds.train_4.predict)=99.98%
[ 2018-10-16 23:44:24,376][kfold_wrapper.log_eval_metrics] Accuracy(layer_7 - estimator_2 - 5_folds.train_cv.predict)=99.99%
[ 2018-10-16 23:44:24,381][cascade_classifier.calc_accuracy] Accuracy(layer_7 - train.classifier_average)=99.99%
[ 2018-10-16 23:44:24,381][cascade_classifier.fit_transform] [Result][Optimal Level Detected] opt_layer_num=5, accuracy_train=99.99%, accuracy_test=0.00%
[ 2018-10-16 23:44:24,460][cascade_classifier.transform] X_groups_test.shape=[(45712, 9)]
[ 2018-10-16 23:44:24,461][cascade_classifier.transform] group_dims=[9]
[ 2018-10-16 23:44:24,461][cascade_classifier.transform] X_test.shape=(45712, 9)
[ 2018-10-16 23:44:24,463][cascade_classifier.transform] [layer=0] look_indexs=[0], X_cur_test.shape=(45712, 9)
[ 2018-10-16 23:44:25,547][cascade_classifier.transform] [layer=1] look_indexs=[0], X_cur_test.shape=(45712, 15)
[ 2018-10-16 23:44:26,632][cascade_classifier.transform] [layer=2] look_indexs=[0], X_cur_test.shape=(45712, 15)
[ 2018-10-16 23:44:27,710][cascade_classifier.transform] [layer=3] look_indexs=[0], X_cur_test.shape=(45712, 15)
[ 2018-10-16 23:44:28,787][cascade_classifier.transform] [layer=4] look_indexs=[0], X_cur_test.shape=(45712, 15)
[ 2018-10-16 23:44:30,798][cascade_classifier.transform] X_groups_test.shape=[(139566, 9)]
[ 2018-10-16 23:44:30,800][cascade_classifier.transform] group_dims=[9]
[ 2018-10-16 23:44:30,800][cascade_classifier.transform] X_test.shape=(139566, 9)
[ 2018-10-16 23:44:30,801][cascade_classifier.transform] [layer=0] look_indexs=[0], X_cur_test.shape=(139566, 9)
[ 2018-10-16 23:44:31,912][cascade_classifier.transform] [layer=1] look_indexs=[0], X_cur_test.shape=(139566, 15)
[ 2018-10-16 23:44:33,047][cascade_classifier.transform] [layer=2] look_indexs=[0], X_cur_test.shape=(139566, 15)
[ 2018-10-16 23:44:34,185][cascade_classifier.transform] [layer=3] look_indexs=[0], X_cur_test.shape=(139566, 15)
[ 2018-10-16 23:44:35,315][cascade_classifier.transform] [layer=4] look_indexs=[0], X_cur_test.shape=(139566, 15)
[ 2018-10-16 23:44:37,079][cascade_classifier.fit_transform] X_groups_train.shape=[(18561, 45)],y_train.shape=(18561,),X_groups_test.shape=no_test,y_test.shape=no_test
[ 2018-10-16 23:44:37,080][cascade_classifier.fit_transform] group_dims=[45]
[ 2018-10-16 23:44:37,081][cascade_classifier.fit_transform] group_starts=[0]
[ 2018-10-16 23:44:37,081][cascade_classifier.fit_transform] group_ends=[45]
[ 2018-10-16 23:44:37,081][cascade_classifier.fit_transform] X_train.shape=(18561, 45),X_test.shape=(0, 45)
[ 2018-10-16 23:44:37,083][cascade_classifier.fit_transform] [layer=0] look_indexs=[0], X_cur_train.shape=(18561, 45), X_cur_test.shape=(0, 45)
[ 2018-10-16 23:44:37,415][kfold_wrapper.log_eval_metrics] Accuracy(layer_0 - estimator_0 - 5_folds.train_0.predict)=99.70%
[ 2018-10-16 23:44:37,736][kfold_wrapper.log_eval_metrics] Accuracy(layer_0 - estimator_0 - 5_folds.train_1.predict)=99.70%
[ 2018-10-16 23:44:38,059][kfold_wrapper.log_eval_metrics] Accuracy(layer_0 - estimator_0 - 5_folds.train_2.predict)=99.76%
[ 2018-10-16 23:44:38,386][kfold_wrapper.log_eval_metrics] Accuracy(layer_0 - estimator_0 - 5_folds.train_3.predict)=99.81%
[ 2018-10-16 23:44:38,714][kfold_wrapper.log_eval_metrics] Accuracy(layer_0 - estimator_0 - 5_folds.train_4.predict)=99.54%
[ 2018-10-16 23:44:38,714][kfold_wrapper.log_eval_metrics] Accuracy(layer_0 - estimator_0 - 5_folds.train_cv.predict)=99.70%
[ 2018-10-16 23:44:38,948][kfold_wrapper.log_eval_metrics] Accuracy(layer_0 - estimator_1 - 5_folds.train_0.predict)=99.38%
[ 2018-10-16 23:44:39,175][kfold_wrapper.log_eval_metrics] Accuracy(layer_0 - estimator_1 - 5_folds.train_1.predict)=99.25%
[ 2018-10-16 23:44:39,399][kfold_wrapper.log_eval_metrics] Accuracy(layer_0 - estimator_1 - 5_folds.train_2.predict)=99.22%
[ 2018-10-16 23:44:39,624][kfold_wrapper.log_eval_metrics] Accuracy(layer_0 - estimator_1 - 5_folds.train_3.predict)=99.35%
[ 2018-10-16 23:44:39,841][kfold_wrapper.log_eval_metrics] Accuracy(layer_0 - estimator_1 - 5_folds.train_4.predict)=99.38%
[ 2018-10-16 23:44:39,842][kfold_wrapper.log_eval_metrics] Accuracy(layer_0 - estimator_1 - 5_folds.train_cv.predict)=99.32%
[ 2018-10-16 23:44:39,983][kfold_wrapper.log_eval_metrics] Accuracy(layer_0 - estimator_2 - 5_folds.train_0.predict)=99.22%
[ 2018-10-16 23:44:40,163][kfold_wrapper.log_eval_metrics] Accuracy(layer_0 - estimator_2 - 5_folds.train_1.predict)=99.22%
[ 2018-10-16 23:44:40,289][kfold_wrapper.log_eval_metrics] Accuracy(layer_0 - estimator_2 - 5_folds.train_2.predict)=99.14%
[ 2018-10-16 23:44:40,417][kfold_wrapper.log_eval_metrics] Accuracy(layer_0 - estimator_2 - 5_folds.train_3.predict)=99.25%
[ 2018-10-16 23:44:40,556][kfold_wrapper.log_eval_metrics] Accuracy(layer_0 - estimator_2 - 5_folds.train_4.predict)=99.27%
[ 2018-10-16 23:44:40,556][kfold_wrapper.log_eval_metrics] Accuracy(layer_0 - estimator_2 - 5_folds.train_cv.predict)=99.22%
[ 2018-10-16 23:44:40,557][cascade_classifier.calc_accuracy] Accuracy(layer_0 - train.classifier_average)=99.41%
[ 2018-10-16 23:44:40,559][cascade_classifier.fit_transform] [layer=1] look_indexs=[0], X_cur_train.shape=(18561, 51), X_cur_test.shape=(0, 51)
[ 2018-10-16 23:44:40,787][kfold_wrapper.log_eval_metrics] Accuracy(layer_1 - estimator_0 - 5_folds.train_0.predict)=99.78%
[ 2018-10-16 23:44:41,010][kfold_wrapper.log_eval_metrics] Accuracy(layer_1 - estimator_0 - 5_folds.train_1.predict)=99.78%
[ 2018-10-16 23:44:41,239][kfold_wrapper.log_eval_metrics] Accuracy(layer_1 - estimator_0 - 5_folds.train_2.predict)=99.70%
[ 2018-10-16 23:44:41,467][kfold_wrapper.log_eval_metrics] Accuracy(layer_1 - estimator_0 - 5_folds.train_3.predict)=99.76%
[ 2018-10-16 23:44:41,693][kfold_wrapper.log_eval_metrics] Accuracy(layer_1 - estimator_0 - 5_folds.train_4.predict)=99.73%
[ 2018-10-16 23:44:41,694][kfold_wrapper.log_eval_metrics] Accuracy(layer_1 - estimator_0 - 5_folds.train_cv.predict)=99.75%
[ 2018-10-16 23:44:41,921][kfold_wrapper.log_eval_metrics] Accuracy(layer_1 - estimator_1 - 5_folds.train_0.predict)=99.76%
[ 2018-10-16 23:44:42,140][kfold_wrapper.log_eval_metrics] Accuracy(layer_1 - estimator_1 - 5_folds.train_1.predict)=99.78%
[ 2018-10-16 23:44:42,364][kfold_wrapper.log_eval_metrics] Accuracy(layer_1 - estimator_1 - 5_folds.train_2.predict)=99.87%
[ 2018-10-16 23:44:42,589][kfold_wrapper.log_eval_metrics] Accuracy(layer_1 - estimator_1 - 5_folds.train_3.predict)=99.78%
[ 2018-10-16 23:44:42,813][kfold_wrapper.log_eval_metrics] Accuracy(layer_1 - estimator_1 - 5_folds.train_4.predict)=99.87%
[ 2018-10-16 23:44:42,814][kfold_wrapper.log_eval_metrics] Accuracy(layer_1 - estimator_1 - 5_folds.train_cv.predict)=99.81%
[ 2018-10-16 23:44:43,000][kfold_wrapper.log_eval_metrics] Accuracy(layer_1 - estimator_2 - 5_folds.train_0.predict)=99.70%
[ 2018-10-16 23:44:43,161][kfold_wrapper.log_eval_metrics] Accuracy(layer_1 - estimator_2 - 5_folds.train_1.predict)=99.68%
[ 2018-10-16 23:44:43,371][kfold_wrapper.log_eval_metrics] Accuracy(layer_1 - estimator_2 - 5_folds.train_2.predict)=99.81%
[ 2018-10-16 23:44:43,568][kfold_wrapper.log_eval_metrics] Accuracy(layer_1 - estimator_2 - 5_folds.train_3.predict)=99.76%
[ 2018-10-16 23:44:43,727][kfold_wrapper.log_eval_metrics] Accuracy(layer_1 - estimator_2 - 5_folds.train_4.predict)=99.84%
[ 2018-10-16 23:44:43,728][kfold_wrapper.log_eval_metrics] Accuracy(layer_1 - estimator_2 - 5_folds.train_cv.predict)=99.76%
[ 2018-10-16 23:44:43,728][cascade_classifier.calc_accuracy] Accuracy(layer_1 - train.classifier_average)=99.80%
[ 2018-10-16 23:44:43,732][cascade_classifier.fit_transform] [layer=2] look_indexs=[0], X_cur_train.shape=(18561, 51), X_cur_test.shape=(0, 51)
[ 2018-10-16 23:44:43,954][kfold_wrapper.log_eval_metrics] Accuracy(layer_2 - estimator_0 - 5_folds.train_0.predict)=99.95%
[ 2018-10-16 23:44:44,175][kfold_wrapper.log_eval_metrics] Accuracy(layer_2 - estimator_0 - 5_folds.train_1.predict)=99.81%
[ 2018-10-16 23:44:44,397][kfold_wrapper.log_eval_metrics] Accuracy(layer_2 - estimator_0 - 5_folds.train_2.predict)=99.65%
[ 2018-10-16 23:44:44,618][kfold_wrapper.log_eval_metrics] Accuracy(layer_2 - estimator_0 - 5_folds.train_3.predict)=99.73%
[ 2018-10-16 23:44:44,844][kfold_wrapper.log_eval_metrics] Accuracy(layer_2 - estimator_0 - 5_folds.train_4.predict)=99.78%
[ 2018-10-16 23:44:44,845][kfold_wrapper.log_eval_metrics] Accuracy(layer_2 - estimator_0 - 5_folds.train_cv.predict)=99.78%
[ 2018-10-16 23:44:45,068][kfold_wrapper.log_eval_metrics] Accuracy(layer_2 - estimator_1 - 5_folds.train_0.predict)=99.78%
[ 2018-10-16 23:44:45,291][kfold_wrapper.log_eval_metrics] Accuracy(layer_2 - estimator_1 - 5_folds.train_1.predict)=99.84%
[ 2018-10-16 23:44:45,519][kfold_wrapper.log_eval_metrics] Accuracy(layer_2 - estimator_1 - 5_folds.train_2.predict)=99.76%
[ 2018-10-16 23:44:45,738][kfold_wrapper.log_eval_metrics] Accuracy(layer_2 - estimator_1 - 5_folds.train_3.predict)=99.81%
[ 2018-10-16 23:44:45,960][kfold_wrapper.log_eval_metrics] Accuracy(layer_2 - estimator_1 - 5_folds.train_4.predict)=99.78%
[ 2018-10-16 23:44:45,961][kfold_wrapper.log_eval_metrics] Accuracy(layer_2 - estimator_1 - 5_folds.train_cv.predict)=99.80%
[ 2018-10-16 23:44:46,164][kfold_wrapper.log_eval_metrics] Accuracy(layer_2 - estimator_2 - 5_folds.train_0.predict)=99.68%
[ 2018-10-16 23:44:46,322][kfold_wrapper.log_eval_metrics] Accuracy(layer_2 - estimator_2 - 5_folds.train_1.predict)=99.87%
[ 2018-10-16 23:44:46,495][kfold_wrapper.log_eval_metrics] Accuracy(layer_2 - estimator_2 - 5_folds.train_2.predict)=99.87%
[ 2018-10-16 23:44:46,682][kfold_wrapper.log_eval_metrics] Accuracy(layer_2 - estimator_2 - 5_folds.train_3.predict)=99.84%
[ 2018-10-16 23:44:46,842][kfold_wrapper.log_eval_metrics] Accuracy(layer_2 - estimator_2 - 5_folds.train_4.predict)=99.73%
[ 2018-10-16 23:44:46,843][kfold_wrapper.log_eval_metrics] Accuracy(layer_2 - estimator_2 - 5_folds.train_cv.predict)=99.80%
[ 2018-10-16 23:44:46,843][cascade_classifier.calc_accuracy] Accuracy(layer_2 - train.classifier_average)=99.81%
[ 2018-10-16 23:44:46,845][cascade_classifier.fit_transform] [layer=3] look_indexs=[0], X_cur_train.shape=(18561, 51), X_cur_test.shape=(0, 51)
[ 2018-10-16 23:44:47,069][kfold_wrapper.log_eval_metrics] Accuracy(layer_3 - estimator_0 - 5_folds.train_0.predict)=99.89%
[ 2018-10-16 23:44:47,292][kfold_wrapper.log_eval_metrics] Accuracy(layer_3 - estimator_0 - 5_folds.train_1.predict)=99.73%
[ 2018-10-16 23:44:47,517][kfold_wrapper.log_eval_metrics] Accuracy(layer_3 - estimator_0 - 5_folds.train_2.predict)=99.78%
[ 2018-10-16 23:44:47,737][kfold_wrapper.log_eval_metrics] Accuracy(layer_3 - estimator_0 - 5_folds.train_3.predict)=99.84%
[ 2018-10-16 23:44:47,959][kfold_wrapper.log_eval_metrics] Accuracy(layer_3 - estimator_0 - 5_folds.train_4.predict)=99.70%
[ 2018-10-16 23:44:47,960][kfold_wrapper.log_eval_metrics] Accuracy(layer_3 - estimator_0 - 5_folds.train_cv.predict)=99.79%
[ 2018-10-16 23:44:48,190][kfold_wrapper.log_eval_metrics] Accuracy(layer_3 - estimator_1 - 5_folds.train_0.predict)=99.89%
[ 2018-10-16 23:44:48,417][kfold_wrapper.log_eval_metrics] Accuracy(layer_3 - estimator_1 - 5_folds.train_1.predict)=99.73%
[ 2018-10-16 23:44:48,641][kfold_wrapper.log_eval_metrics] Accuracy(layer_3 - estimator_1 - 5_folds.train_2.predict)=99.95%
[ 2018-10-16 23:44:48,865][kfold_wrapper.log_eval_metrics] Accuracy(layer_3 - estimator_1 - 5_folds.train_3.predict)=99.68%
[ 2018-10-16 23:44:49,091][kfold_wrapper.log_eval_metrics] Accuracy(layer_3 - estimator_1 - 5_folds.train_4.predict)=99.70%
[ 2018-10-16 23:44:49,091][kfold_wrapper.log_eval_metrics] Accuracy(layer_3 - estimator_1 - 5_folds.train_cv.predict)=99.79%
[ 2018-10-16 23:44:49,303][kfold_wrapper.log_eval_metrics] Accuracy(layer_3 - estimator_2 - 5_folds.train_0.predict)=99.68%
[ 2018-10-16 23:44:49,466][kfold_wrapper.log_eval_metrics] Accuracy(layer_3 - estimator_2 - 5_folds.train_1.predict)=99.78%
[ 2018-10-16 23:44:49,615][kfold_wrapper.log_eval_metrics] Accuracy(layer_3 - estimator_2 - 5_folds.train_2.predict)=99.84%
[ 2018-10-16 23:44:49,771][kfold_wrapper.log_eval_metrics] Accuracy(layer_3 - estimator_2 - 5_folds.train_3.predict)=99.87%
[ 2018-10-16 23:44:49,930][kfold_wrapper.log_eval_metrics] Accuracy(layer_3 - estimator_2 - 5_folds.train_4.predict)=99.78%
[ 2018-10-16 23:44:49,931][kfold_wrapper.log_eval_metrics] Accuracy(layer_3 - estimator_2 - 5_folds.train_cv.predict)=99.79%
[ 2018-10-16 23:44:49,931][cascade_classifier.calc_accuracy] Accuracy(layer_3 - train.classifier_average)=99.81%
[ 2018-10-16 23:44:49,934][cascade_classifier.fit_transform] [layer=4] look_indexs=[0], X_cur_train.shape=(18561, 51), X_cur_test.shape=(0, 51)
[ 2018-10-16 23:44:50,162][kfold_wrapper.log_eval_metrics] Accuracy(layer_4 - estimator_0 - 5_folds.train_0.predict)=99.76%
[ 2018-10-16 23:44:50,386][kfold_wrapper.log_eval_metrics] Accuracy(layer_4 - estimator_0 - 5_folds.train_1.predict)=99.87%
[ 2018-10-16 23:44:50,609][kfold_wrapper.log_eval_metrics] Accuracy(layer_4 - estimator_0 - 5_folds.train_2.predict)=99.78%
[ 2018-10-16 23:44:50,834][kfold_wrapper.log_eval_metrics] Accuracy(layer_4 - estimator_0 - 5_folds.train_3.predict)=99.76%
[ 2018-10-16 23:44:51,059][kfold_wrapper.log_eval_metrics] Accuracy(layer_4 - estimator_0 - 5_folds.train_4.predict)=99.73%
[ 2018-10-16 23:44:51,060][kfold_wrapper.log_eval_metrics] Accuracy(layer_4 - estimator_0 - 5_folds.train_cv.predict)=99.78%
[ 2018-10-16 23:44:51,287][kfold_wrapper.log_eval_metrics] Accuracy(layer_4 - estimator_1 - 5_folds.train_0.predict)=99.73%
[ 2018-10-16 23:44:51,512][kfold_wrapper.log_eval_metrics] Accuracy(layer_4 - estimator_1 - 5_folds.train_1.predict)=99.76%
[ 2018-10-16 23:44:51,734][kfold_wrapper.log_eval_metrics] Accuracy(layer_4 - estimator_1 - 5_folds.train_2.predict)=99.78%
[ 2018-10-16 23:44:51,959][kfold_wrapper.log_eval_metrics] Accuracy(layer_4 - estimator_1 - 5_folds.train_3.predict)=99.87%
[ 2018-10-16 23:44:52,178][kfold_wrapper.log_eval_metrics] Accuracy(layer_4 - estimator_1 - 5_folds.train_4.predict)=99.81%
[ 2018-10-16 23:44:52,179][kfold_wrapper.log_eval_metrics] Accuracy(layer_4 - estimator_1 - 5_folds.train_cv.predict)=99.79%
[ 2018-10-16 23:44:52,366][kfold_wrapper.log_eval_metrics] Accuracy(layer_4 - estimator_2 - 5_folds.train_0.predict)=99.81%
[ 2018-10-16 23:44:52,525][kfold_wrapper.log_eval_metrics] Accuracy(layer_4 - estimator_2 - 5_folds.train_1.predict)=99.68%
[ 2018-10-16 23:44:52,685][kfold_wrapper.log_eval_metrics] Accuracy(layer_4 - estimator_2 - 5_folds.train_2.predict)=99.78%
[ 2018-10-16 23:44:52,842][kfold_wrapper.log_eval_metrics] Accuracy(layer_4 - estimator_2 - 5_folds.train_3.predict)=99.89%
[ 2018-10-16 23:44:53,012][kfold_wrapper.log_eval_metrics] Accuracy(layer_4 - estimator_2 - 5_folds.train_4.predict)=99.70%
[ 2018-10-16 23:44:53,012][kfold_wrapper.log_eval_metrics] Accuracy(layer_4 - estimator_2 - 5_folds.train_cv.predict)=99.77%
[ 2018-10-16 23:44:53,013][cascade_classifier.calc_accuracy] Accuracy(layer_4 - train.classifier_average)=99.79%
[ 2018-10-16 23:44:53,015][cascade_classifier.fit_transform] [layer=5] look_indexs=[0], X_cur_train.shape=(18561, 51), X_cur_test.shape=(0, 51)
[ 2018-10-16 23:44:53,241][kfold_wrapper.log_eval_metrics] Accuracy(layer_5 - estimator_0 - 5_folds.train_0.predict)=99.89%
[ 2018-10-16 23:44:53,466][kfold_wrapper.log_eval_metrics] Accuracy(layer_5 - estimator_0 - 5_folds.train_1.predict)=99.73%
[ 2018-10-16 23:44:53,687][kfold_wrapper.log_eval_metrics] Accuracy(layer_5 - estimator_0 - 5_folds.train_2.predict)=99.70%
[ 2018-10-16 23:44:53,912][kfold_wrapper.log_eval_metrics] Accuracy(layer_5 - estimator_0 - 5_folds.train_3.predict)=99.73%
[ 2018-10-16 23:44:54,135][kfold_wrapper.log_eval_metrics] Accuracy(layer_5 - estimator_0 - 5_folds.train_4.predict)=99.78%
[ 2018-10-16 23:44:54,136][kfold_wrapper.log_eval_metrics] Accuracy(layer_5 - estimator_0 - 5_folds.train_cv.predict)=99.77%
[ 2018-10-16 23:44:54,367][kfold_wrapper.log_eval_metrics] Accuracy(layer_5 - estimator_1 - 5_folds.train_0.predict)=99.73%
[ 2018-10-16 23:44:54,589][kfold_wrapper.log_eval_metrics] Accuracy(layer_5 - estimator_1 - 5_folds.train_1.predict)=99.70%
[ 2018-10-16 23:44:54,813][kfold_wrapper.log_eval_metrics] Accuracy(layer_5 - estimator_1 - 5_folds.train_2.predict)=99.84%
[ 2018-10-16 23:44:55,037][kfold_wrapper.log_eval_metrics] Accuracy(layer_5 - estimator_1 - 5_folds.train_3.predict)=99.84%
[ 2018-10-16 23:44:55,262][kfold_wrapper.log_eval_metrics] Accuracy(layer_5 - estimator_1 - 5_folds.train_4.predict)=99.84%
[ 2018-10-16 23:44:55,263][kfold_wrapper.log_eval_metrics] Accuracy(layer_5 - estimator_1 - 5_folds.train_cv.predict)=99.79%
[ 2018-10-16 23:44:55,461][kfold_wrapper.log_eval_metrics] Accuracy(layer_5 - estimator_2 - 5_folds.train_0.predict)=99.81%
[ 2018-10-16 23:44:55,621][kfold_wrapper.log_eval_metrics] Accuracy(layer_5 - estimator_2 - 5_folds.train_1.predict)=99.62%
[ 2018-10-16 23:44:55,815][kfold_wrapper.log_eval_metrics] Accuracy(layer_5 - estimator_2 - 5_folds.train_2.predict)=99.73%
[ 2018-10-16 23:44:55,983][kfold_wrapper.log_eval_metrics] Accuracy(layer_5 - estimator_2 - 5_folds.train_3.predict)=99.73%
[ 2018-10-16 23:44:56,147][kfold_wrapper.log_eval_metrics] Accuracy(layer_5 - estimator_2 - 5_folds.train_4.predict)=99.92%
[ 2018-10-16 23:44:56,148][kfold_wrapper.log_eval_metrics] Accuracy(layer_5 - estimator_2 - 5_folds.train_cv.predict)=99.76%
[ 2018-10-16 23:44:56,148][cascade_classifier.calc_accuracy] Accuracy(layer_5 - train.classifier_average)=99.79%
[ 2018-10-16 23:44:56,149][cascade_classifier.fit_transform] [Result][Optimal Level Detected] opt_layer_num=3, accuracy_train=99.81%, accuracy_test=0.00%
[ 2018-10-16 23:44:56,182][cascade_classifier.transform] X_groups_test.shape=[(9142, 45)]
[ 2018-10-16 23:44:56,183][cascade_classifier.transform] group_dims=[45]
[ 2018-10-16 23:44:56,183][cascade_classifier.transform] X_test.shape=(9142, 45)
[ 2018-10-16 23:44:56,185][cascade_classifier.transform] [layer=0] look_indexs=[0], X_cur_test.shape=(9142, 45)
[ 2018-10-16 23:44:57,251][cascade_classifier.transform] [layer=1] look_indexs=[0], X_cur_test.shape=(9142, 51)
[ 2018-10-16 23:44:58,309][cascade_classifier.transform] [layer=2] look_indexs=[0], X_cur_test.shape=(9142, 51)
[ 2018-10-16 23:44:59,576][cascade_classifier.transform] X_groups_test.shape=[(27913, 45)]
[ 2018-10-16 23:44:59,578][cascade_classifier.transform] group_dims=[45]
[ 2018-10-16 23:44:59,578][cascade_classifier.transform] X_test.shape=(27913, 45)
[ 2018-10-16 23:44:59,586][cascade_classifier.transform] [layer=0] look_indexs=[0], X_cur_test.shape=(27913, 45)
[ 2018-10-16 23:45:00,683][cascade_classifier.transform] [layer=1] look_indexs=[0], X_cur_test.shape=(27913, 51)
[ 2018-10-16 23:45:01,777][cascade_classifier.transform] [layer=2] look_indexs=[0], X_cur_test.shape=(27913, 51)
