[ 2018-10-16 23:27:09,211][cascade_classifier.fit_transform] X_groups_train.shape=[(146158, 9)],y_train.shape=(146158,),X_groups_test.shape=no_test,y_test.shape=no_test
[ 2018-10-16 23:27:09,218][cascade_classifier.fit_transform] group_dims=[9]
[ 2018-10-16 23:27:09,218][cascade_classifier.fit_transform] group_starts=[0]
[ 2018-10-16 23:27:09,218][cascade_classifier.fit_transform] group_ends=[9]
[ 2018-10-16 23:27:09,218][cascade_classifier.fit_transform] X_train.shape=(146158, 9),X_test.shape=(0, 9)
[ 2018-10-16 23:27:09,227][cascade_classifier.fit_transform] [layer=0] look_indexs=[0], X_cur_train.shape=(146158, 9), X_cur_test.shape=(0, 9)
[ 2018-10-16 23:27:10,117][kfold_wrapper.log_eval_metrics] Accuracy(layer_0 - estimator_0 - 5_folds.train_0.predict)=99.99%
[ 2018-10-16 23:27:10,763][kfold_wrapper.log_eval_metrics] Accuracy(layer_0 - estimator_0 - 5_folds.train_1.predict)=99.98%
[ 2018-10-16 23:27:11,413][kfold_wrapper.log_eval_metrics] Accuracy(layer_0 - estimator_0 - 5_folds.train_2.predict)=99.99%
[ 2018-10-16 23:27:12,052][kfold_wrapper.log_eval_metrics] Accuracy(layer_0 - estimator_0 - 5_folds.train_3.predict)=99.99%
[ 2018-10-16 23:27:12,699][kfold_wrapper.log_eval_metrics] Accuracy(layer_0 - estimator_0 - 5_folds.train_4.predict)=100.00%
[ 2018-10-16 23:27:12,702][kfold_wrapper.log_eval_metrics] Accuracy(layer_0 - estimator_0 - 5_folds.train_cv.predict)=99.99%
[ 2018-10-16 23:27:13,303][kfold_wrapper.log_eval_metrics] Accuracy(layer_0 - estimator_1 - 5_folds.train_0.predict)=100.00%
[ 2018-10-16 23:27:13,856][kfold_wrapper.log_eval_metrics] Accuracy(layer_0 - estimator_1 - 5_folds.train_1.predict)=100.00%
[ 2018-10-16 23:27:14,302][kfold_wrapper.log_eval_metrics] Accuracy(layer_0 - estimator_1 - 5_folds.train_2.predict)=100.00%
[ 2018-10-16 23:27:14,746][kfold_wrapper.log_eval_metrics] Accuracy(layer_0 - estimator_1 - 5_folds.train_3.predict)=100.00%
[ 2018-10-16 23:27:15,306][kfold_wrapper.log_eval_metrics] Accuracy(layer_0 - estimator_1 - 5_folds.train_4.predict)=99.99%
[ 2018-10-16 23:27:15,309][kfold_wrapper.log_eval_metrics] Accuracy(layer_0 - estimator_1 - 5_folds.train_cv.predict)=100.00%
[ 2018-10-16 23:27:15,615][kfold_wrapper.log_eval_metrics] Accuracy(layer_0 - estimator_2 - 5_folds.train_0.predict)=78.73%
[ 2018-10-16 23:27:15,847][kfold_wrapper.log_eval_metrics] Accuracy(layer_0 - estimator_2 - 5_folds.train_1.predict)=78.50%
[ 2018-10-16 23:27:16,084][kfold_wrapper.log_eval_metrics] Accuracy(layer_0 - estimator_2 - 5_folds.train_2.predict)=78.41%
[ 2018-10-16 23:27:16,323][kfold_wrapper.log_eval_metrics] Accuracy(layer_0 - estimator_2 - 5_folds.train_3.predict)=78.74%
[ 2018-10-16 23:27:16,546][kfold_wrapper.log_eval_metrics] Accuracy(layer_0 - estimator_2 - 5_folds.train_4.predict)=78.64%
[ 2018-10-16 23:27:16,548][kfold_wrapper.log_eval_metrics] Accuracy(layer_0 - estimator_2 - 5_folds.train_cv.predict)=78.60%
[ 2018-10-16 23:27:16,552][cascade_classifier.calc_accuracy] Accuracy(layer_0 - train.classifier_average)=99.99%
[ 2018-10-16 23:27:16,566][cascade_classifier.fit_transform] [layer=1] look_indexs=[0], X_cur_train.shape=(146158, 15), X_cur_test.shape=(0, 15)
[ 2018-10-16 23:27:17,056][kfold_wrapper.log_eval_metrics] Accuracy(layer_1 - estimator_0 - 5_folds.train_0.predict)=100.00%
[ 2018-10-16 23:27:17,507][kfold_wrapper.log_eval_metrics] Accuracy(layer_1 - estimator_0 - 5_folds.train_1.predict)=100.00%
[ 2018-10-16 23:27:17,951][kfold_wrapper.log_eval_metrics] Accuracy(layer_1 - estimator_0 - 5_folds.train_2.predict)=100.00%
[ 2018-10-16 23:27:18,400][kfold_wrapper.log_eval_metrics] Accuracy(layer_1 - estimator_0 - 5_folds.train_3.predict)=99.99%
[ 2018-10-16 23:27:18,744][kfold_wrapper.log_eval_metrics] Accuracy(layer_1 - estimator_0 - 5_folds.train_4.predict)=99.99%
[ 2018-10-16 23:27:18,748][kfold_wrapper.log_eval_metrics] Accuracy(layer_1 - estimator_0 - 5_folds.train_cv.predict)=99.99%
[ 2018-10-16 23:27:19,140][kfold_wrapper.log_eval_metrics] Accuracy(layer_1 - estimator_1 - 5_folds.train_0.predict)=99.99%
[ 2018-10-16 23:27:19,484][kfold_wrapper.log_eval_metrics] Accuracy(layer_1 - estimator_1 - 5_folds.train_1.predict)=99.99%
[ 2018-10-16 23:27:19,827][kfold_wrapper.log_eval_metrics] Accuracy(layer_1 - estimator_1 - 5_folds.train_2.predict)=99.99%
[ 2018-10-16 23:27:20,174][kfold_wrapper.log_eval_metrics] Accuracy(layer_1 - estimator_1 - 5_folds.train_3.predict)=99.99%
[ 2018-10-16 23:27:20,517][kfold_wrapper.log_eval_metrics] Accuracy(layer_1 - estimator_1 - 5_folds.train_4.predict)=99.99%
[ 2018-10-16 23:27:20,520][kfold_wrapper.log_eval_metrics] Accuracy(layer_1 - estimator_1 - 5_folds.train_cv.predict)=99.99%
[ 2018-10-16 23:27:21,005][kfold_wrapper.log_eval_metrics] Accuracy(layer_1 - estimator_2 - 5_folds.train_0.predict)=100.00%
[ 2018-10-16 23:27:21,414][kfold_wrapper.log_eval_metrics] Accuracy(layer_1 - estimator_2 - 5_folds.train_1.predict)=99.99%
[ 2018-10-16 23:27:21,836][kfold_wrapper.log_eval_metrics] Accuracy(layer_1 - estimator_2 - 5_folds.train_2.predict)=99.99%
[ 2018-10-16 23:27:22,298][kfold_wrapper.log_eval_metrics] Accuracy(layer_1 - estimator_2 - 5_folds.train_3.predict)=100.00%
[ 2018-10-16 23:27:22,724][kfold_wrapper.log_eval_metrics] Accuracy(layer_1 - estimator_2 - 5_folds.train_4.predict)=99.99%
[ 2018-10-16 23:27:22,727][kfold_wrapper.log_eval_metrics] Accuracy(layer_1 - estimator_2 - 5_folds.train_cv.predict)=99.99%
[ 2018-10-16 23:27:22,731][cascade_classifier.calc_accuracy] Accuracy(layer_1 - train.classifier_average)=99.99%
[ 2018-10-16 23:27:22,739][cascade_classifier.fit_transform] [layer=2] look_indexs=[0], X_cur_train.shape=(146158, 15), X_cur_test.shape=(0, 15)
[ 2018-10-16 23:27:23,117][kfold_wrapper.log_eval_metrics] Accuracy(layer_2 - estimator_0 - 5_folds.train_0.predict)=100.00%
[ 2018-10-16 23:27:23,463][kfold_wrapper.log_eval_metrics] Accuracy(layer_2 - estimator_0 - 5_folds.train_1.predict)=99.99%
[ 2018-10-16 23:27:23,808][kfold_wrapper.log_eval_metrics] Accuracy(layer_2 - estimator_0 - 5_folds.train_2.predict)=100.00%
[ 2018-10-16 23:27:24,260][kfold_wrapper.log_eval_metrics] Accuracy(layer_2 - estimator_0 - 5_folds.train_3.predict)=100.00%
[ 2018-10-16 23:27:24,601][kfold_wrapper.log_eval_metrics] Accuracy(layer_2 - estimator_0 - 5_folds.train_4.predict)=100.00%
[ 2018-10-16 23:27:24,604][kfold_wrapper.log_eval_metrics] Accuracy(layer_2 - estimator_0 - 5_folds.train_cv.predict)=100.00%
[ 2018-10-16 23:27:24,992][kfold_wrapper.log_eval_metrics] Accuracy(layer_2 - estimator_1 - 5_folds.train_0.predict)=100.00%
[ 2018-10-16 23:27:25,333][kfold_wrapper.log_eval_metrics] Accuracy(layer_2 - estimator_1 - 5_folds.train_1.predict)=100.00%
[ 2018-10-16 23:27:25,698][kfold_wrapper.log_eval_metrics] Accuracy(layer_2 - estimator_1 - 5_folds.train_2.predict)=99.99%
[ 2018-10-16 23:27:26,041][kfold_wrapper.log_eval_metrics] Accuracy(layer_2 - estimator_1 - 5_folds.train_3.predict)=100.00%
[ 2018-10-16 23:27:26,389][kfold_wrapper.log_eval_metrics] Accuracy(layer_2 - estimator_1 - 5_folds.train_4.predict)=99.99%
[ 2018-10-16 23:27:26,392][kfold_wrapper.log_eval_metrics] Accuracy(layer_2 - estimator_1 - 5_folds.train_cv.predict)=100.00%
[ 2018-10-16 23:27:26,857][kfold_wrapper.log_eval_metrics] Accuracy(layer_2 - estimator_2 - 5_folds.train_0.predict)=99.99%
[ 2018-10-16 23:27:27,266][kfold_wrapper.log_eval_metrics] Accuracy(layer_2 - estimator_2 - 5_folds.train_1.predict)=99.99%
[ 2018-10-16 23:27:27,675][kfold_wrapper.log_eval_metrics] Accuracy(layer_2 - estimator_2 - 5_folds.train_2.predict)=99.99%
[ 2018-10-16 23:27:28,057][kfold_wrapper.log_eval_metrics] Accuracy(layer_2 - estimator_2 - 5_folds.train_3.predict)=99.99%
[ 2018-10-16 23:27:28,463][kfold_wrapper.log_eval_metrics] Accuracy(layer_2 - estimator_2 - 5_folds.train_4.predict)=100.00%
[ 2018-10-16 23:27:28,465][kfold_wrapper.log_eval_metrics] Accuracy(layer_2 - estimator_2 - 5_folds.train_cv.predict)=99.99%
[ 2018-10-16 23:27:28,469][cascade_classifier.calc_accuracy] Accuracy(layer_2 - train.classifier_average)=99.99%
[ 2018-10-16 23:27:28,477][cascade_classifier.fit_transform] [layer=3] look_indexs=[0], X_cur_train.shape=(146158, 15), X_cur_test.shape=(0, 15)
[ 2018-10-16 23:27:28,865][kfold_wrapper.log_eval_metrics] Accuracy(layer_3 - estimator_0 - 5_folds.train_0.predict)=99.99%
[ 2018-10-16 23:27:29,315][kfold_wrapper.log_eval_metrics] Accuracy(layer_3 - estimator_0 - 5_folds.train_1.predict)=100.00%
[ 2018-10-16 23:27:29,659][kfold_wrapper.log_eval_metrics] Accuracy(layer_3 - estimator_0 - 5_folds.train_2.predict)=99.99%
[ 2018-10-16 23:27:29,999][kfold_wrapper.log_eval_metrics] Accuracy(layer_3 - estimator_0 - 5_folds.train_3.predict)=99.99%
[ 2018-10-16 23:27:30,347][kfold_wrapper.log_eval_metrics] Accuracy(layer_3 - estimator_0 - 5_folds.train_4.predict)=100.00%
[ 2018-10-16 23:27:30,350][kfold_wrapper.log_eval_metrics] Accuracy(layer_3 - estimator_0 - 5_folds.train_cv.predict)=99.99%
[ 2018-10-16 23:27:30,739][kfold_wrapper.log_eval_metrics] Accuracy(layer_3 - estimator_1 - 5_folds.train_0.predict)=100.00%
[ 2018-10-16 23:27:31,085][kfold_wrapper.log_eval_metrics] Accuracy(layer_3 - estimator_1 - 5_folds.train_1.predict)=100.00%
[ 2018-10-16 23:27:31,428][kfold_wrapper.log_eval_metrics] Accuracy(layer_3 - estimator_1 - 5_folds.train_2.predict)=99.99%
[ 2018-10-16 23:27:31,773][kfold_wrapper.log_eval_metrics] Accuracy(layer_3 - estimator_1 - 5_folds.train_3.predict)=99.99%
[ 2018-10-16 23:27:32,118][kfold_wrapper.log_eval_metrics] Accuracy(layer_3 - estimator_1 - 5_folds.train_4.predict)=100.00%
[ 2018-10-16 23:27:32,120][kfold_wrapper.log_eval_metrics] Accuracy(layer_3 - estimator_1 - 5_folds.train_cv.predict)=100.00%
[ 2018-10-16 23:27:32,602][kfold_wrapper.log_eval_metrics] Accuracy(layer_3 - estimator_2 - 5_folds.train_0.predict)=100.00%
[ 2018-10-16 23:27:32,990][kfold_wrapper.log_eval_metrics] Accuracy(layer_3 - estimator_2 - 5_folds.train_1.predict)=99.99%
[ 2018-10-16 23:27:33,365][kfold_wrapper.log_eval_metrics] Accuracy(layer_3 - estimator_2 - 5_folds.train_2.predict)=99.99%
[ 2018-10-16 23:27:33,763][kfold_wrapper.log_eval_metrics] Accuracy(layer_3 - estimator_2 - 5_folds.train_3.predict)=100.00%
[ 2018-10-16 23:27:34,158][kfold_wrapper.log_eval_metrics] Accuracy(layer_3 - estimator_2 - 5_folds.train_4.predict)=100.00%
[ 2018-10-16 23:27:34,160][kfold_wrapper.log_eval_metrics] Accuracy(layer_3 - estimator_2 - 5_folds.train_cv.predict)=100.00%
[ 2018-10-16 23:27:34,164][cascade_classifier.calc_accuracy] Accuracy(layer_3 - train.classifier_average)=100.00%
[ 2018-10-16 23:27:34,171][cascade_classifier.fit_transform] [layer=4] look_indexs=[0], X_cur_train.shape=(146158, 15), X_cur_test.shape=(0, 15)
[ 2018-10-16 23:27:34,557][kfold_wrapper.log_eval_metrics] Accuracy(layer_4 - estimator_0 - 5_folds.train_0.predict)=100.00%
[ 2018-10-16 23:27:34,906][kfold_wrapper.log_eval_metrics] Accuracy(layer_4 - estimator_0 - 5_folds.train_1.predict)=99.99%
[ 2018-10-16 23:27:35,363][kfold_wrapper.log_eval_metrics] Accuracy(layer_4 - estimator_0 - 5_folds.train_2.predict)=100.00%
[ 2018-10-16 23:27:35,816][kfold_wrapper.log_eval_metrics] Accuracy(layer_4 - estimator_0 - 5_folds.train_3.predict)=100.00%
[ 2018-10-16 23:27:36,153][kfold_wrapper.log_eval_metrics] Accuracy(layer_4 - estimator_0 - 5_folds.train_4.predict)=99.98%
[ 2018-10-16 23:27:36,155][kfold_wrapper.log_eval_metrics] Accuracy(layer_4 - estimator_0 - 5_folds.train_cv.predict)=99.99%
[ 2018-10-16 23:27:36,686][kfold_wrapper.log_eval_metrics] Accuracy(layer_4 - estimator_1 - 5_folds.train_0.predict)=100.00%
[ 2018-10-16 23:27:37,044][kfold_wrapper.log_eval_metrics] Accuracy(layer_4 - estimator_1 - 5_folds.train_1.predict)=99.99%
[ 2018-10-16 23:27:37,389][kfold_wrapper.log_eval_metrics] Accuracy(layer_4 - estimator_1 - 5_folds.train_2.predict)=100.00%
[ 2018-10-16 23:27:37,739][kfold_wrapper.log_eval_metrics] Accuracy(layer_4 - estimator_1 - 5_folds.train_3.predict)=99.99%
[ 2018-10-16 23:27:38,194][kfold_wrapper.log_eval_metrics] Accuracy(layer_4 - estimator_1 - 5_folds.train_4.predict)=99.99%
[ 2018-10-16 23:27:38,199][kfold_wrapper.log_eval_metrics] Accuracy(layer_4 - estimator_1 - 5_folds.train_cv.predict)=99.99%
[ 2018-10-16 23:27:38,648][kfold_wrapper.log_eval_metrics] Accuracy(layer_4 - estimator_2 - 5_folds.train_0.predict)=99.99%
[ 2018-10-16 23:27:39,054][kfold_wrapper.log_eval_metrics] Accuracy(layer_4 - estimator_2 - 5_folds.train_1.predict)=100.00%
[ 2018-10-16 23:27:39,472][kfold_wrapper.log_eval_metrics] Accuracy(layer_4 - estimator_2 - 5_folds.train_2.predict)=100.00%
[ 2018-10-16 23:27:39,910][kfold_wrapper.log_eval_metrics] Accuracy(layer_4 - estimator_2 - 5_folds.train_3.predict)=100.00%
[ 2018-10-16 23:27:40,321][kfold_wrapper.log_eval_metrics] Accuracy(layer_4 - estimator_2 - 5_folds.train_4.predict)=99.99%
[ 2018-10-16 23:27:40,323][kfold_wrapper.log_eval_metrics] Accuracy(layer_4 - estimator_2 - 5_folds.train_cv.predict)=100.00%
[ 2018-10-16 23:27:40,328][cascade_classifier.calc_accuracy] Accuracy(layer_4 - train.classifier_average)=100.00%
[ 2018-10-16 23:27:40,336][cascade_classifier.fit_transform] [layer=5] look_indexs=[0], X_cur_train.shape=(146158, 15), X_cur_test.shape=(0, 15)
[ 2018-10-16 23:27:40,940][kfold_wrapper.log_eval_metrics] Accuracy(layer_5 - estimator_0 - 5_folds.train_0.predict)=99.99%
[ 2018-10-16 23:27:41,507][kfold_wrapper.log_eval_metrics] Accuracy(layer_5 - estimator_0 - 5_folds.train_1.predict)=100.00%
[ 2018-10-16 23:27:42,069][kfold_wrapper.log_eval_metrics] Accuracy(layer_5 - estimator_0 - 5_folds.train_2.predict)=99.99%
[ 2018-10-16 23:27:42,528][kfold_wrapper.log_eval_metrics] Accuracy(layer_5 - estimator_0 - 5_folds.train_3.predict)=99.99%
[ 2018-10-16 23:27:43,186][kfold_wrapper.log_eval_metrics] Accuracy(layer_5 - estimator_0 - 5_folds.train_4.predict)=100.00%
[ 2018-10-16 23:27:43,189][kfold_wrapper.log_eval_metrics] Accuracy(layer_5 - estimator_0 - 5_folds.train_cv.predict)=99.99%
[ 2018-10-16 23:27:43,765][kfold_wrapper.log_eval_metrics] Accuracy(layer_5 - estimator_1 - 5_folds.train_0.predict)=100.00%
[ 2018-10-16 23:27:44,221][kfold_wrapper.log_eval_metrics] Accuracy(layer_5 - estimator_1 - 5_folds.train_1.predict)=99.99%
[ 2018-10-16 23:27:44,568][kfold_wrapper.log_eval_metrics] Accuracy(layer_5 - estimator_1 - 5_folds.train_2.predict)=99.99%
[ 2018-10-16 23:27:45,036][kfold_wrapper.log_eval_metrics] Accuracy(layer_5 - estimator_1 - 5_folds.train_3.predict)=100.00%
[ 2018-10-16 23:27:45,399][kfold_wrapper.log_eval_metrics] Accuracy(layer_5 - estimator_1 - 5_folds.train_4.predict)=100.00%
[ 2018-10-16 23:27:45,403][kfold_wrapper.log_eval_metrics] Accuracy(layer_5 - estimator_1 - 5_folds.train_cv.predict)=99.99%
[ 2018-10-16 23:27:46,004][kfold_wrapper.log_eval_metrics] Accuracy(layer_5 - estimator_2 - 5_folds.train_0.predict)=99.99%
[ 2018-10-16 23:27:46,528][kfold_wrapper.log_eval_metrics] Accuracy(layer_5 - estimator_2 - 5_folds.train_1.predict)=100.00%
[ 2018-10-16 23:27:47,064][kfold_wrapper.log_eval_metrics] Accuracy(layer_5 - estimator_2 - 5_folds.train_2.predict)=100.00%
[ 2018-10-16 23:27:47,631][kfold_wrapper.log_eval_metrics] Accuracy(layer_5 - estimator_2 - 5_folds.train_3.predict)=100.00%
[ 2018-10-16 23:27:48,201][kfold_wrapper.log_eval_metrics] Accuracy(layer_5 - estimator_2 - 5_folds.train_4.predict)=99.99%
[ 2018-10-16 23:27:48,204][kfold_wrapper.log_eval_metrics] Accuracy(layer_5 - estimator_2 - 5_folds.train_cv.predict)=100.00%
[ 2018-10-16 23:27:48,211][cascade_classifier.calc_accuracy] Accuracy(layer_5 - train.classifier_average)=100.00%
[ 2018-10-16 23:27:48,223][cascade_classifier.fit_transform] [layer=6] look_indexs=[0], X_cur_train.shape=(146158, 15), X_cur_test.shape=(0, 15)
[ 2018-10-16 23:27:48,744][kfold_wrapper.log_eval_metrics] Accuracy(layer_6 - estimator_0 - 5_folds.train_0.predict)=100.00%
[ 2018-10-16 23:27:49,199][kfold_wrapper.log_eval_metrics] Accuracy(layer_6 - estimator_0 - 5_folds.train_1.predict)=100.00%
[ 2018-10-16 23:27:49,647][kfold_wrapper.log_eval_metrics] Accuracy(layer_6 - estimator_0 - 5_folds.train_2.predict)=99.99%
[ 2018-10-16 23:27:50,105][kfold_wrapper.log_eval_metrics] Accuracy(layer_6 - estimator_0 - 5_folds.train_3.predict)=99.99%
[ 2018-10-16 23:27:50,553][kfold_wrapper.log_eval_metrics] Accuracy(layer_6 - estimator_0 - 5_folds.train_4.predict)=99.99%
[ 2018-10-16 23:27:50,555][kfold_wrapper.log_eval_metrics] Accuracy(layer_6 - estimator_0 - 5_folds.train_cv.predict)=100.00%
[ 2018-10-16 23:27:50,965][kfold_wrapper.log_eval_metrics] Accuracy(layer_6 - estimator_1 - 5_folds.train_0.predict)=100.00%
[ 2018-10-16 23:27:51,539][kfold_wrapper.log_eval_metrics] Accuracy(layer_6 - estimator_1 - 5_folds.train_1.predict)=99.99%
[ 2018-10-16 23:27:51,998][kfold_wrapper.log_eval_metrics] Accuracy(layer_6 - estimator_1 - 5_folds.train_2.predict)=100.00%
[ 2018-10-16 23:27:52,449][kfold_wrapper.log_eval_metrics] Accuracy(layer_6 - estimator_1 - 5_folds.train_3.predict)=100.00%
[ 2018-10-16 23:27:52,812][kfold_wrapper.log_eval_metrics] Accuracy(layer_6 - estimator_1 - 5_folds.train_4.predict)=99.99%
[ 2018-10-16 23:27:52,815][kfold_wrapper.log_eval_metrics] Accuracy(layer_6 - estimator_1 - 5_folds.train_cv.predict)=100.00%
[ 2018-10-16 23:27:53,371][kfold_wrapper.log_eval_metrics] Accuracy(layer_6 - estimator_2 - 5_folds.train_0.predict)=100.00%
[ 2018-10-16 23:27:53,792][kfold_wrapper.log_eval_metrics] Accuracy(layer_6 - estimator_2 - 5_folds.train_1.predict)=100.00%
[ 2018-10-16 23:27:54,189][kfold_wrapper.log_eval_metrics] Accuracy(layer_6 - estimator_2 - 5_folds.train_2.predict)=99.99%
[ 2018-10-16 23:27:54,627][kfold_wrapper.log_eval_metrics] Accuracy(layer_6 - estimator_2 - 5_folds.train_3.predict)=99.99%
[ 2018-10-16 23:27:55,061][kfold_wrapper.log_eval_metrics] Accuracy(layer_6 - estimator_2 - 5_folds.train_4.predict)=100.00%
[ 2018-10-16 23:27:55,063][kfold_wrapper.log_eval_metrics] Accuracy(layer_6 - estimator_2 - 5_folds.train_cv.predict)=100.00%
[ 2018-10-16 23:27:55,070][cascade_classifier.calc_accuracy] Accuracy(layer_6 - train.classifier_average)=100.00%
[ 2018-10-16 23:27:55,071][cascade_classifier.fit_transform] [Result][Optimal Level Detected] opt_layer_num=4, accuracy_train=100.00%, accuracy_test=0.00%
[ 2018-10-16 23:27:55,166][cascade_classifier.transform] X_groups_test.shape=[(36568, 9)]
[ 2018-10-16 23:27:55,168][cascade_classifier.transform] group_dims=[9]
[ 2018-10-16 23:27:55,168][cascade_classifier.transform] X_test.shape=(36568, 9)
[ 2018-10-16 23:27:55,170][cascade_classifier.transform] [layer=0] look_indexs=[0], X_cur_test.shape=(36568, 9)
[ 2018-10-16 23:27:56,245][cascade_classifier.transform] [layer=1] look_indexs=[0], X_cur_test.shape=(36568, 15)
[ 2018-10-16 23:27:57,322][cascade_classifier.transform] [layer=2] look_indexs=[0], X_cur_test.shape=(36568, 15)
[ 2018-10-16 23:27:58,397][cascade_classifier.transform] [layer=3] look_indexs=[0], X_cur_test.shape=(36568, 15)
[ 2018-10-16 23:28:01,156][cascade_classifier.transform] X_groups_test.shape=[(244668, 9)]
[ 2018-10-16 23:28:01,160][cascade_classifier.transform] group_dims=[9]
[ 2018-10-16 23:28:01,160][cascade_classifier.transform] X_test.shape=(244668, 9)
[ 2018-10-16 23:28:01,162][cascade_classifier.transform] [layer=0] look_indexs=[0], X_cur_test.shape=(244668, 9)
[ 2018-10-16 23:28:02,356][cascade_classifier.transform] [layer=1] look_indexs=[0], X_cur_test.shape=(244668, 15)
[ 2018-10-16 23:28:03,564][cascade_classifier.transform] [layer=2] look_indexs=[0], X_cur_test.shape=(244668, 15)
[ 2018-10-16 23:28:04,756][cascade_classifier.transform] [layer=3] look_indexs=[0], X_cur_test.shape=(244668, 15)
[ 2018-10-16 23:28:07,089][cascade_classifier.fit_transform] X_groups_train.shape=[(18561, 36)],y_train.shape=(18561,),X_groups_test.shape=no_test,y_test.shape=no_test
[ 2018-10-16 23:28:07,093][cascade_classifier.fit_transform] group_dims=[36]
[ 2018-10-16 23:28:07,093][cascade_classifier.fit_transform] group_starts=[0]
[ 2018-10-16 23:28:07,093][cascade_classifier.fit_transform] group_ends=[36]
[ 2018-10-16 23:28:07,093][cascade_classifier.fit_transform] X_train.shape=(18561, 36),X_test.shape=(0, 36)
[ 2018-10-16 23:28:07,097][cascade_classifier.fit_transform] [layer=0] look_indexs=[0], X_cur_train.shape=(18561, 36), X_cur_test.shape=(0, 36)
[ 2018-10-16 23:28:07,324][kfold_wrapper.log_eval_metrics] Accuracy(layer_0 - estimator_0 - 5_folds.train_0.predict)=99.70%
[ 2018-10-16 23:28:07,654][kfold_wrapper.log_eval_metrics] Accuracy(layer_0 - estimator_0 - 5_folds.train_1.predict)=99.78%
[ 2018-10-16 23:28:07,991][kfold_wrapper.log_eval_metrics] Accuracy(layer_0 - estimator_0 - 5_folds.train_2.predict)=99.65%
[ 2018-10-16 23:28:08,320][kfold_wrapper.log_eval_metrics] Accuracy(layer_0 - estimator_0 - 5_folds.train_3.predict)=99.65%
[ 2018-10-16 23:28:08,648][kfold_wrapper.log_eval_metrics] Accuracy(layer_0 - estimator_0 - 5_folds.train_4.predict)=99.70%
[ 2018-10-16 23:28:08,649][kfold_wrapper.log_eval_metrics] Accuracy(layer_0 - estimator_0 - 5_folds.train_cv.predict)=99.70%
[ 2018-10-16 23:28:08,874][kfold_wrapper.log_eval_metrics] Accuracy(layer_0 - estimator_1 - 5_folds.train_0.predict)=99.46%
[ 2018-10-16 23:28:09,099][kfold_wrapper.log_eval_metrics] Accuracy(layer_0 - estimator_1 - 5_folds.train_1.predict)=99.43%
[ 2018-10-16 23:28:09,326][kfold_wrapper.log_eval_metrics] Accuracy(layer_0 - estimator_1 - 5_folds.train_2.predict)=99.22%
[ 2018-10-16 23:28:09,552][kfold_wrapper.log_eval_metrics] Accuracy(layer_0 - estimator_1 - 5_folds.train_3.predict)=99.46%
[ 2018-10-16 23:28:09,888][kfold_wrapper.log_eval_metrics] Accuracy(layer_0 - estimator_1 - 5_folds.train_4.predict)=99.35%
[ 2018-10-16 23:28:09,889][kfold_wrapper.log_eval_metrics] Accuracy(layer_0 - estimator_1 - 5_folds.train_cv.predict)=99.39%
[ 2018-10-16 23:28:10,055][kfold_wrapper.log_eval_metrics] Accuracy(layer_0 - estimator_2 - 5_folds.train_0.predict)=98.81%
[ 2018-10-16 23:28:10,218][kfold_wrapper.log_eval_metrics] Accuracy(layer_0 - estimator_2 - 5_folds.train_1.predict)=98.73%
[ 2018-10-16 23:28:10,342][kfold_wrapper.log_eval_metrics] Accuracy(layer_0 - estimator_2 - 5_folds.train_2.predict)=98.92%
[ 2018-10-16 23:28:10,449][kfold_wrapper.log_eval_metrics] Accuracy(layer_0 - estimator_2 - 5_folds.train_3.predict)=98.84%
[ 2018-10-16 23:28:10,575][kfold_wrapper.log_eval_metrics] Accuracy(layer_0 - estimator_2 - 5_folds.train_4.predict)=98.84%
[ 2018-10-16 23:28:10,575][kfold_wrapper.log_eval_metrics] Accuracy(layer_0 - estimator_2 - 5_folds.train_cv.predict)=98.83%
[ 2018-10-16 23:28:10,576][cascade_classifier.calc_accuracy] Accuracy(layer_0 - train.classifier_average)=99.29%
[ 2018-10-16 23:28:10,582][cascade_classifier.fit_transform] [layer=1] look_indexs=[0], X_cur_train.shape=(18561, 42), X_cur_test.shape=(0, 42)
[ 2018-10-16 23:28:10,814][kfold_wrapper.log_eval_metrics] Accuracy(layer_1 - estimator_0 - 5_folds.train_0.predict)=99.81%
[ 2018-10-16 23:28:11,043][kfold_wrapper.log_eval_metrics] Accuracy(layer_1 - estimator_0 - 5_folds.train_1.predict)=99.76%
[ 2018-10-16 23:28:11,272][kfold_wrapper.log_eval_metrics] Accuracy(layer_1 - estimator_0 - 5_folds.train_2.predict)=99.95%
[ 2018-10-16 23:28:11,610][kfold_wrapper.log_eval_metrics] Accuracy(layer_1 - estimator_0 - 5_folds.train_3.predict)=99.78%
[ 2018-10-16 23:28:11,936][kfold_wrapper.log_eval_metrics] Accuracy(layer_1 - estimator_0 - 5_folds.train_4.predict)=99.92%
[ 2018-10-16 23:28:11,937][kfold_wrapper.log_eval_metrics] Accuracy(layer_1 - estimator_0 - 5_folds.train_cv.predict)=99.84%
[ 2018-10-16 23:28:12,163][kfold_wrapper.log_eval_metrics] Accuracy(layer_1 - estimator_1 - 5_folds.train_0.predict)=99.81%
[ 2018-10-16 23:28:12,391][kfold_wrapper.log_eval_metrics] Accuracy(layer_1 - estimator_1 - 5_folds.train_1.predict)=99.68%
[ 2018-10-16 23:28:12,619][kfold_wrapper.log_eval_metrics] Accuracy(layer_1 - estimator_1 - 5_folds.train_2.predict)=99.81%
[ 2018-10-16 23:28:12,840][kfold_wrapper.log_eval_metrics] Accuracy(layer_1 - estimator_1 - 5_folds.train_3.predict)=99.92%
[ 2018-10-16 23:28:13,059][kfold_wrapper.log_eval_metrics] Accuracy(layer_1 - estimator_1 - 5_folds.train_4.predict)=99.89%
[ 2018-10-16 23:28:13,060][kfold_wrapper.log_eval_metrics] Accuracy(layer_1 - estimator_1 - 5_folds.train_cv.predict)=99.82%
[ 2018-10-16 23:28:13,214][kfold_wrapper.log_eval_metrics] Accuracy(layer_1 - estimator_2 - 5_folds.train_0.predict)=99.76%
[ 2018-10-16 23:28:13,341][kfold_wrapper.log_eval_metrics] Accuracy(layer_1 - estimator_2 - 5_folds.train_1.predict)=99.84%
[ 2018-10-16 23:28:13,608][kfold_wrapper.log_eval_metrics] Accuracy(layer_1 - estimator_2 - 5_folds.train_2.predict)=99.78%
[ 2018-10-16 23:28:13,849][kfold_wrapper.log_eval_metrics] Accuracy(layer_1 - estimator_2 - 5_folds.train_3.predict)=99.87%
[ 2018-10-16 23:28:14,023][kfold_wrapper.log_eval_metrics] Accuracy(layer_1 - estimator_2 - 5_folds.train_4.predict)=99.87%
[ 2018-10-16 23:28:14,024][kfold_wrapper.log_eval_metrics] Accuracy(layer_1 - estimator_2 - 5_folds.train_cv.predict)=99.82%
[ 2018-10-16 23:28:14,024][cascade_classifier.calc_accuracy] Accuracy(layer_1 - train.classifier_average)=99.87%
[ 2018-10-16 23:28:14,030][cascade_classifier.fit_transform] [layer=2] look_indexs=[0], X_cur_train.shape=(18561, 42), X_cur_test.shape=(0, 42)
[ 2018-10-16 23:28:14,263][kfold_wrapper.log_eval_metrics] Accuracy(layer_2 - estimator_0 - 5_folds.train_0.predict)=99.89%
[ 2018-10-16 23:28:14,501][kfold_wrapper.log_eval_metrics] Accuracy(layer_2 - estimator_0 - 5_folds.train_1.predict)=99.87%
[ 2018-10-16 23:28:14,726][kfold_wrapper.log_eval_metrics] Accuracy(layer_2 - estimator_0 - 5_folds.train_2.predict)=99.84%
[ 2018-10-16 23:28:14,955][kfold_wrapper.log_eval_metrics] Accuracy(layer_2 - estimator_0 - 5_folds.train_3.predict)=99.78%
[ 2018-10-16 23:28:15,179][kfold_wrapper.log_eval_metrics] Accuracy(layer_2 - estimator_0 - 5_folds.train_4.predict)=99.89%
[ 2018-10-16 23:28:15,180][kfold_wrapper.log_eval_metrics] Accuracy(layer_2 - estimator_0 - 5_folds.train_cv.predict)=99.85%
[ 2018-10-16 23:28:15,408][kfold_wrapper.log_eval_metrics] Accuracy(layer_2 - estimator_1 - 5_folds.train_0.predict)=99.87%
[ 2018-10-16 23:28:15,634][kfold_wrapper.log_eval_metrics] Accuracy(layer_2 - estimator_1 - 5_folds.train_1.predict)=99.87%
[ 2018-10-16 23:28:15,855][kfold_wrapper.log_eval_metrics] Accuracy(layer_2 - estimator_1 - 5_folds.train_2.predict)=99.76%
[ 2018-10-16 23:28:16,080][kfold_wrapper.log_eval_metrics] Accuracy(layer_2 - estimator_1 - 5_folds.train_3.predict)=99.87%
[ 2018-10-16 23:28:16,307][kfold_wrapper.log_eval_metrics] Accuracy(layer_2 - estimator_1 - 5_folds.train_4.predict)=99.87%
[ 2018-10-16 23:28:16,307][kfold_wrapper.log_eval_metrics] Accuracy(layer_2 - estimator_1 - 5_folds.train_cv.predict)=99.84%
[ 2018-10-16 23:28:16,431][kfold_wrapper.log_eval_metrics] Accuracy(layer_2 - estimator_2 - 5_folds.train_0.predict)=99.81%
[ 2018-10-16 23:28:16,549][kfold_wrapper.log_eval_metrics] Accuracy(layer_2 - estimator_2 - 5_folds.train_1.predict)=99.89%
[ 2018-10-16 23:28:16,667][kfold_wrapper.log_eval_metrics] Accuracy(layer_2 - estimator_2 - 5_folds.train_2.predict)=99.87%
[ 2018-10-16 23:28:16,776][kfold_wrapper.log_eval_metrics] Accuracy(layer_2 - estimator_2 - 5_folds.train_3.predict)=99.87%
[ 2018-10-16 23:28:16,887][kfold_wrapper.log_eval_metrics] Accuracy(layer_2 - estimator_2 - 5_folds.train_4.predict)=99.84%
[ 2018-10-16 23:28:16,887][kfold_wrapper.log_eval_metrics] Accuracy(layer_2 - estimator_2 - 5_folds.train_cv.predict)=99.85%
[ 2018-10-16 23:28:16,887][cascade_classifier.calc_accuracy] Accuracy(layer_2 - train.classifier_average)=99.87%
[ 2018-10-16 23:28:16,889][cascade_classifier.fit_transform] [layer=3] look_indexs=[0], X_cur_train.shape=(18561, 42), X_cur_test.shape=(0, 42)
[ 2018-10-16 23:28:17,116][kfold_wrapper.log_eval_metrics] Accuracy(layer_3 - estimator_0 - 5_folds.train_0.predict)=99.89%
[ 2018-10-16 23:28:17,338][kfold_wrapper.log_eval_metrics] Accuracy(layer_3 - estimator_0 - 5_folds.train_1.predict)=99.84%
[ 2018-10-16 23:28:17,560][kfold_wrapper.log_eval_metrics] Accuracy(layer_3 - estimator_0 - 5_folds.train_2.predict)=99.87%
[ 2018-10-16 23:28:17,786][kfold_wrapper.log_eval_metrics] Accuracy(layer_3 - estimator_0 - 5_folds.train_3.predict)=99.81%
[ 2018-10-16 23:28:18,026][kfold_wrapper.log_eval_metrics] Accuracy(layer_3 - estimator_0 - 5_folds.train_4.predict)=99.89%
[ 2018-10-16 23:28:18,027][kfold_wrapper.log_eval_metrics] Accuracy(layer_3 - estimator_0 - 5_folds.train_cv.predict)=99.86%
[ 2018-10-16 23:28:18,253][kfold_wrapper.log_eval_metrics] Accuracy(layer_3 - estimator_1 - 5_folds.train_0.predict)=99.87%
[ 2018-10-16 23:28:18,480][kfold_wrapper.log_eval_metrics] Accuracy(layer_3 - estimator_1 - 5_folds.train_1.predict)=99.84%
[ 2018-10-16 23:28:18,702][kfold_wrapper.log_eval_metrics] Accuracy(layer_3 - estimator_1 - 5_folds.train_2.predict)=99.78%
[ 2018-10-16 23:28:18,925][kfold_wrapper.log_eval_metrics] Accuracy(layer_3 - estimator_1 - 5_folds.train_3.predict)=99.81%
[ 2018-10-16 23:28:19,150][kfold_wrapper.log_eval_metrics] Accuracy(layer_3 - estimator_1 - 5_folds.train_4.predict)=99.92%
[ 2018-10-16 23:28:19,151][kfold_wrapper.log_eval_metrics] Accuracy(layer_3 - estimator_1 - 5_folds.train_cv.predict)=99.84%
[ 2018-10-16 23:28:19,315][kfold_wrapper.log_eval_metrics] Accuracy(layer_3 - estimator_2 - 5_folds.train_0.predict)=99.81%
[ 2018-10-16 23:28:19,433][kfold_wrapper.log_eval_metrics] Accuracy(layer_3 - estimator_2 - 5_folds.train_1.predict)=99.89%
[ 2018-10-16 23:28:19,573][kfold_wrapper.log_eval_metrics] Accuracy(layer_3 - estimator_2 - 5_folds.train_2.predict)=99.84%
[ 2018-10-16 23:28:19,683][kfold_wrapper.log_eval_metrics] Accuracy(layer_3 - estimator_2 - 5_folds.train_3.predict)=99.84%
[ 2018-10-16 23:28:19,792][kfold_wrapper.log_eval_metrics] Accuracy(layer_3 - estimator_2 - 5_folds.train_4.predict)=99.92%
[ 2018-10-16 23:28:19,793][kfold_wrapper.log_eval_metrics] Accuracy(layer_3 - estimator_2 - 5_folds.train_cv.predict)=99.86%
[ 2018-10-16 23:28:19,793][cascade_classifier.calc_accuracy] Accuracy(layer_3 - train.classifier_average)=99.85%
[ 2018-10-16 23:28:19,795][cascade_classifier.fit_transform] [layer=4] look_indexs=[0], X_cur_train.shape=(18561, 42), X_cur_test.shape=(0, 42)
[ 2018-10-16 23:28:20,018][kfold_wrapper.log_eval_metrics] Accuracy(layer_4 - estimator_0 - 5_folds.train_0.predict)=99.84%
[ 2018-10-16 23:28:20,239][kfold_wrapper.log_eval_metrics] Accuracy(layer_4 - estimator_0 - 5_folds.train_1.predict)=99.76%
[ 2018-10-16 23:28:20,462][kfold_wrapper.log_eval_metrics] Accuracy(layer_4 - estimator_0 - 5_folds.train_2.predict)=99.81%
[ 2018-10-16 23:28:20,684][kfold_wrapper.log_eval_metrics] Accuracy(layer_4 - estimator_0 - 5_folds.train_3.predict)=99.92%
[ 2018-10-16 23:28:20,913][kfold_wrapper.log_eval_metrics] Accuracy(layer_4 - estimator_0 - 5_folds.train_4.predict)=99.87%
[ 2018-10-16 23:28:20,913][kfold_wrapper.log_eval_metrics] Accuracy(layer_4 - estimator_0 - 5_folds.train_cv.predict)=99.84%
[ 2018-10-16 23:28:21,147][kfold_wrapper.log_eval_metrics] Accuracy(layer_4 - estimator_1 - 5_folds.train_0.predict)=99.87%
[ 2018-10-16 23:28:21,370][kfold_wrapper.log_eval_metrics] Accuracy(layer_4 - estimator_1 - 5_folds.train_1.predict)=99.84%
[ 2018-10-16 23:28:21,595][kfold_wrapper.log_eval_metrics] Accuracy(layer_4 - estimator_1 - 5_folds.train_2.predict)=99.87%
[ 2018-10-16 23:28:21,817][kfold_wrapper.log_eval_metrics] Accuracy(layer_4 - estimator_1 - 5_folds.train_3.predict)=99.87%
[ 2018-10-16 23:28:22,041][kfold_wrapper.log_eval_metrics] Accuracy(layer_4 - estimator_1 - 5_folds.train_4.predict)=99.78%
[ 2018-10-16 23:28:22,041][kfold_wrapper.log_eval_metrics] Accuracy(layer_4 - estimator_1 - 5_folds.train_cv.predict)=99.84%
[ 2018-10-16 23:28:22,169][kfold_wrapper.log_eval_metrics] Accuracy(layer_4 - estimator_2 - 5_folds.train_0.predict)=99.84%
[ 2018-10-16 23:28:22,306][kfold_wrapper.log_eval_metrics] Accuracy(layer_4 - estimator_2 - 5_folds.train_1.predict)=99.76%
[ 2018-10-16 23:28:22,462][kfold_wrapper.log_eval_metrics] Accuracy(layer_4 - estimator_2 - 5_folds.train_2.predict)=99.87%
[ 2018-10-16 23:28:22,582][kfold_wrapper.log_eval_metrics] Accuracy(layer_4 - estimator_2 - 5_folds.train_3.predict)=99.81%
[ 2018-10-16 23:28:22,772][kfold_wrapper.log_eval_metrics] Accuracy(layer_4 - estimator_2 - 5_folds.train_4.predict)=100.00%
[ 2018-10-16 23:28:22,772][kfold_wrapper.log_eval_metrics] Accuracy(layer_4 - estimator_2 - 5_folds.train_cv.predict)=99.85%
[ 2018-10-16 23:28:22,773][cascade_classifier.calc_accuracy] Accuracy(layer_4 - train.classifier_average)=99.85%
[ 2018-10-16 23:28:22,775][cascade_classifier.fit_transform] [layer=5] look_indexs=[0], X_cur_train.shape=(18561, 42), X_cur_test.shape=(0, 42)
[ 2018-10-16 23:28:23,001][kfold_wrapper.log_eval_metrics] Accuracy(layer_5 - estimator_0 - 5_folds.train_0.predict)=99.84%
[ 2018-10-16 23:28:23,222][kfold_wrapper.log_eval_metrics] Accuracy(layer_5 - estimator_0 - 5_folds.train_1.predict)=99.78%
[ 2018-10-16 23:28:23,445][kfold_wrapper.log_eval_metrics] Accuracy(layer_5 - estimator_0 - 5_folds.train_2.predict)=99.87%
[ 2018-10-16 23:28:23,674][kfold_wrapper.log_eval_metrics] Accuracy(layer_5 - estimator_0 - 5_folds.train_3.predict)=99.84%
[ 2018-10-16 23:28:23,899][kfold_wrapper.log_eval_metrics] Accuracy(layer_5 - estimator_0 - 5_folds.train_4.predict)=99.89%
[ 2018-10-16 23:28:23,899][kfold_wrapper.log_eval_metrics] Accuracy(layer_5 - estimator_0 - 5_folds.train_cv.predict)=99.84%
[ 2018-10-16 23:28:24,132][kfold_wrapper.log_eval_metrics] Accuracy(layer_5 - estimator_1 - 5_folds.train_0.predict)=99.78%
[ 2018-10-16 23:28:24,358][kfold_wrapper.log_eval_metrics] Accuracy(layer_5 - estimator_1 - 5_folds.train_1.predict)=99.84%
[ 2018-10-16 23:28:24,577][kfold_wrapper.log_eval_metrics] Accuracy(layer_5 - estimator_1 - 5_folds.train_2.predict)=99.87%
[ 2018-10-16 23:28:24,800][kfold_wrapper.log_eval_metrics] Accuracy(layer_5 - estimator_1 - 5_folds.train_3.predict)=99.81%
[ 2018-10-16 23:28:25,026][kfold_wrapper.log_eval_metrics] Accuracy(layer_5 - estimator_1 - 5_folds.train_4.predict)=99.92%
[ 2018-10-16 23:28:25,027][kfold_wrapper.log_eval_metrics] Accuracy(layer_5 - estimator_1 - 5_folds.train_cv.predict)=99.84%
[ 2018-10-16 23:28:25,164][kfold_wrapper.log_eval_metrics] Accuracy(layer_5 - estimator_2 - 5_folds.train_0.predict)=99.78%
[ 2018-10-16 23:28:25,282][kfold_wrapper.log_eval_metrics] Accuracy(layer_5 - estimator_2 - 5_folds.train_1.predict)=99.87%
[ 2018-10-16 23:28:25,446][kfold_wrapper.log_eval_metrics] Accuracy(layer_5 - estimator_2 - 5_folds.train_2.predict)=99.81%
[ 2018-10-16 23:28:25,583][kfold_wrapper.log_eval_metrics] Accuracy(layer_5 - estimator_2 - 5_folds.train_3.predict)=99.87%
[ 2018-10-16 23:28:25,706][kfold_wrapper.log_eval_metrics] Accuracy(layer_5 - estimator_2 - 5_folds.train_4.predict)=99.89%
[ 2018-10-16 23:28:25,706][kfold_wrapper.log_eval_metrics] Accuracy(layer_5 - estimator_2 - 5_folds.train_cv.predict)=99.84%
[ 2018-10-16 23:28:25,707][cascade_classifier.calc_accuracy] Accuracy(layer_5 - train.classifier_average)=99.84%
[ 2018-10-16 23:28:25,707][cascade_classifier.fit_transform] [Result][Optimal Level Detected] opt_layer_num=3, accuracy_train=99.87%, accuracy_test=0.00%
[ 2018-10-16 23:28:25,742][cascade_classifier.transform] X_groups_test.shape=[(9142, 36)]
[ 2018-10-16 23:28:25,744][cascade_classifier.transform] group_dims=[36]
[ 2018-10-16 23:28:25,745][cascade_classifier.transform] X_test.shape=(9142, 36)
[ 2018-10-16 23:28:25,746][cascade_classifier.transform] [layer=0] look_indexs=[0], X_cur_test.shape=(9142, 36)
[ 2018-10-16 23:28:26,825][cascade_classifier.transform] [layer=1] look_indexs=[0], X_cur_test.shape=(9142, 42)
[ 2018-10-16 23:28:27,903][cascade_classifier.transform] [layer=2] look_indexs=[0], X_cur_test.shape=(9142, 42)
[ 2018-10-16 23:28:29,380][cascade_classifier.transform] X_groups_test.shape=[(61167, 36)]
[ 2018-10-16 23:28:29,391][cascade_classifier.transform] group_dims=[36]
[ 2018-10-16 23:28:29,391][cascade_classifier.transform] X_test.shape=(61167, 36)
[ 2018-10-16 23:28:29,401][cascade_classifier.transform] [layer=0] look_indexs=[0], X_cur_test.shape=(61167, 36)
[ 2018-10-16 23:28:30,558][cascade_classifier.transform] [layer=1] look_indexs=[0], X_cur_test.shape=(61167, 42)
[ 2018-10-16 23:28:31,708][cascade_classifier.transform] [layer=2] look_indexs=[0], X_cur_test.shape=(61167, 42)
