[ 2018-10-16 23:38:30,714][cascade_classifier.fit_transform] X_groups_train.shape=[(183264, 9)],y_train.shape=(183264,),X_groups_test.shape=no_test,y_test.shape=no_test
[ 2018-10-16 23:38:30,722][cascade_classifier.fit_transform] group_dims=[9]
[ 2018-10-16 23:38:30,722][cascade_classifier.fit_transform] group_starts=[0]
[ 2018-10-16 23:38:30,722][cascade_classifier.fit_transform] group_ends=[9]
[ 2018-10-16 23:38:30,722][cascade_classifier.fit_transform] X_train.shape=(183264, 9),X_test.shape=(0, 9)
[ 2018-10-16 23:38:30,735][cascade_classifier.fit_transform] [layer=0] look_indexs=[0], X_cur_train.shape=(183264, 9), X_cur_test.shape=(0, 9)
[ 2018-10-16 23:38:31,704][kfold_wrapper.log_eval_metrics] Accuracy(layer_0 - estimator_0 - 5_folds.train_0.predict)=99.99%
[ 2018-10-16 23:38:32,574][kfold_wrapper.log_eval_metrics] Accuracy(layer_0 - estimator_0 - 5_folds.train_1.predict)=99.98%
[ 2018-10-16 23:38:33,439][kfold_wrapper.log_eval_metrics] Accuracy(layer_0 - estimator_0 - 5_folds.train_2.predict)=99.97%
[ 2018-10-16 23:38:34,301][kfold_wrapper.log_eval_metrics] Accuracy(layer_0 - estimator_0 - 5_folds.train_3.predict)=99.99%
[ 2018-10-16 23:38:35,262][kfold_wrapper.log_eval_metrics] Accuracy(layer_0 - estimator_0 - 5_folds.train_4.predict)=99.97%
[ 2018-10-16 23:38:35,267][kfold_wrapper.log_eval_metrics] Accuracy(layer_0 - estimator_0 - 5_folds.train_cv.predict)=99.98%
[ 2018-10-16 23:38:35,873][kfold_wrapper.log_eval_metrics] Accuracy(layer_0 - estimator_1 - 5_folds.train_0.predict)=99.99%
[ 2018-10-16 23:38:36,424][kfold_wrapper.log_eval_metrics] Accuracy(layer_0 - estimator_1 - 5_folds.train_1.predict)=99.98%
[ 2018-10-16 23:38:36,978][kfold_wrapper.log_eval_metrics] Accuracy(layer_0 - estimator_1 - 5_folds.train_2.predict)=99.98%
[ 2018-10-16 23:38:37,524][kfold_wrapper.log_eval_metrics] Accuracy(layer_0 - estimator_1 - 5_folds.train_3.predict)=99.99%
[ 2018-10-16 23:38:37,975][kfold_wrapper.log_eval_metrics] Accuracy(layer_0 - estimator_1 - 5_folds.train_4.predict)=100.00%
[ 2018-10-16 23:38:37,980][kfold_wrapper.log_eval_metrics] Accuracy(layer_0 - estimator_1 - 5_folds.train_cv.predict)=99.99%
[ 2018-10-16 23:38:38,348][kfold_wrapper.log_eval_metrics] Accuracy(layer_0 - estimator_2 - 5_folds.train_0.predict)=82.11%
[ 2018-10-16 23:38:38,647][kfold_wrapper.log_eval_metrics] Accuracy(layer_0 - estimator_2 - 5_folds.train_1.predict)=81.77%
[ 2018-10-16 23:38:38,950][kfold_wrapper.log_eval_metrics] Accuracy(layer_0 - estimator_2 - 5_folds.train_2.predict)=82.17%
[ 2018-10-16 23:38:39,257][kfold_wrapper.log_eval_metrics] Accuracy(layer_0 - estimator_2 - 5_folds.train_3.predict)=81.85%
[ 2018-10-16 23:38:39,552][kfold_wrapper.log_eval_metrics] Accuracy(layer_0 - estimator_2 - 5_folds.train_4.predict)=82.07%
[ 2018-10-16 23:38:39,555][kfold_wrapper.log_eval_metrics] Accuracy(layer_0 - estimator_2 - 5_folds.train_cv.predict)=81.99%
[ 2018-10-16 23:38:39,559][cascade_classifier.calc_accuracy] Accuracy(layer_0 - train.classifier_average)=99.99%
[ 2018-10-16 23:38:39,576][cascade_classifier.fit_transform] [layer=1] look_indexs=[0], X_cur_train.shape=(183264, 15), X_cur_test.shape=(0, 15)
[ 2018-10-16 23:38:40,082][kfold_wrapper.log_eval_metrics] Accuracy(layer_1 - estimator_0 - 5_folds.train_0.predict)=99.99%
[ 2018-10-16 23:38:40,544][kfold_wrapper.log_eval_metrics] Accuracy(layer_1 - estimator_0 - 5_folds.train_1.predict)=99.99%
[ 2018-10-16 23:38:40,999][kfold_wrapper.log_eval_metrics] Accuracy(layer_1 - estimator_0 - 5_folds.train_2.predict)=100.00%
[ 2018-10-16 23:38:41,448][kfold_wrapper.log_eval_metrics] Accuracy(layer_1 - estimator_0 - 5_folds.train_3.predict)=99.99%
[ 2018-10-16 23:38:41,906][kfold_wrapper.log_eval_metrics] Accuracy(layer_1 - estimator_0 - 5_folds.train_4.predict)=99.98%
[ 2018-10-16 23:38:41,910][kfold_wrapper.log_eval_metrics] Accuracy(layer_1 - estimator_0 - 5_folds.train_cv.predict)=99.99%
[ 2018-10-16 23:38:42,321][kfold_wrapper.log_eval_metrics] Accuracy(layer_1 - estimator_1 - 5_folds.train_0.predict)=99.99%
[ 2018-10-16 23:38:42,670][kfold_wrapper.log_eval_metrics] Accuracy(layer_1 - estimator_1 - 5_folds.train_1.predict)=99.99%
[ 2018-10-16 23:38:43,024][kfold_wrapper.log_eval_metrics] Accuracy(layer_1 - estimator_1 - 5_folds.train_2.predict)=99.99%
[ 2018-10-16 23:38:43,378][kfold_wrapper.log_eval_metrics] Accuracy(layer_1 - estimator_1 - 5_folds.train_3.predict)=99.99%
[ 2018-10-16 23:38:43,731][kfold_wrapper.log_eval_metrics] Accuracy(layer_1 - estimator_1 - 5_folds.train_4.predict)=99.99%
[ 2018-10-16 23:38:43,735][kfold_wrapper.log_eval_metrics] Accuracy(layer_1 - estimator_1 - 5_folds.train_cv.predict)=99.99%
[ 2018-10-16 23:38:44,402][kfold_wrapper.log_eval_metrics] Accuracy(layer_1 - estimator_2 - 5_folds.train_0.predict)=99.99%
[ 2018-10-16 23:38:45,006][kfold_wrapper.log_eval_metrics] Accuracy(layer_1 - estimator_2 - 5_folds.train_1.predict)=99.98%
[ 2018-10-16 23:38:45,638][kfold_wrapper.log_eval_metrics] Accuracy(layer_1 - estimator_2 - 5_folds.train_2.predict)=99.99%
[ 2018-10-16 23:38:46,243][kfold_wrapper.log_eval_metrics] Accuracy(layer_1 - estimator_2 - 5_folds.train_3.predict)=99.99%
[ 2018-10-16 23:38:46,834][kfold_wrapper.log_eval_metrics] Accuracy(layer_1 - estimator_2 - 5_folds.train_4.predict)=99.99%
[ 2018-10-16 23:38:46,837][kfold_wrapper.log_eval_metrics] Accuracy(layer_1 - estimator_2 - 5_folds.train_cv.predict)=99.99%
[ 2018-10-16 23:38:46,842][cascade_classifier.calc_accuracy] Accuracy(layer_1 - train.classifier_average)=99.99%
[ 2018-10-16 23:38:46,852][cascade_classifier.fit_transform] [layer=2] look_indexs=[0], X_cur_train.shape=(183264, 15), X_cur_test.shape=(0, 15)
[ 2018-10-16 23:38:47,357][kfold_wrapper.log_eval_metrics] Accuracy(layer_2 - estimator_0 - 5_folds.train_0.predict)=99.99%
[ 2018-10-16 23:38:47,915][kfold_wrapper.log_eval_metrics] Accuracy(layer_2 - estimator_0 - 5_folds.train_1.predict)=99.99%
[ 2018-10-16 23:38:48,371][kfold_wrapper.log_eval_metrics] Accuracy(layer_2 - estimator_0 - 5_folds.train_2.predict)=99.99%
[ 2018-10-16 23:38:48,931][kfold_wrapper.log_eval_metrics] Accuracy(layer_2 - estimator_0 - 5_folds.train_3.predict)=99.99%
[ 2018-10-16 23:38:49,489][kfold_wrapper.log_eval_metrics] Accuracy(layer_2 - estimator_0 - 5_folds.train_4.predict)=99.99%
[ 2018-10-16 23:38:49,493][kfold_wrapper.log_eval_metrics] Accuracy(layer_2 - estimator_0 - 5_folds.train_cv.predict)=99.99%
[ 2018-10-16 23:38:49,906][kfold_wrapper.log_eval_metrics] Accuracy(layer_2 - estimator_1 - 5_folds.train_0.predict)=99.99%
[ 2018-10-16 23:38:50,259][kfold_wrapper.log_eval_metrics] Accuracy(layer_2 - estimator_1 - 5_folds.train_1.predict)=99.99%
[ 2018-10-16 23:38:50,613][kfold_wrapper.log_eval_metrics] Accuracy(layer_2 - estimator_1 - 5_folds.train_2.predict)=99.99%
[ 2018-10-16 23:38:51,064][kfold_wrapper.log_eval_metrics] Accuracy(layer_2 - estimator_1 - 5_folds.train_3.predict)=100.00%
[ 2018-10-16 23:38:51,519][kfold_wrapper.log_eval_metrics] Accuracy(layer_2 - estimator_1 - 5_folds.train_4.predict)=100.00%
[ 2018-10-16 23:38:51,523][kfold_wrapper.log_eval_metrics] Accuracy(layer_2 - estimator_1 - 5_folds.train_cv.predict)=99.99%
[ 2018-10-16 23:38:52,109][kfold_wrapper.log_eval_metrics] Accuracy(layer_2 - estimator_2 - 5_folds.train_0.predict)=99.99%
[ 2018-10-16 23:38:52,629][kfold_wrapper.log_eval_metrics] Accuracy(layer_2 - estimator_2 - 5_folds.train_1.predict)=99.99%
[ 2018-10-16 23:38:53,123][kfold_wrapper.log_eval_metrics] Accuracy(layer_2 - estimator_2 - 5_folds.train_2.predict)=99.99%
[ 2018-10-16 23:38:53,606][kfold_wrapper.log_eval_metrics] Accuracy(layer_2 - estimator_2 - 5_folds.train_3.predict)=99.99%
[ 2018-10-16 23:38:54,090][kfold_wrapper.log_eval_metrics] Accuracy(layer_2 - estimator_2 - 5_folds.train_4.predict)=99.99%
[ 2018-10-16 23:38:54,093][kfold_wrapper.log_eval_metrics] Accuracy(layer_2 - estimator_2 - 5_folds.train_cv.predict)=99.99%
[ 2018-10-16 23:38:54,098][cascade_classifier.calc_accuracy] Accuracy(layer_2 - train.classifier_average)=99.99%
[ 2018-10-16 23:38:54,107][cascade_classifier.fit_transform] [layer=3] look_indexs=[0], X_cur_train.shape=(183264, 15), X_cur_test.shape=(0, 15)
[ 2018-10-16 23:38:54,612][kfold_wrapper.log_eval_metrics] Accuracy(layer_3 - estimator_0 - 5_folds.train_0.predict)=99.99%
[ 2018-10-16 23:38:55,171][kfold_wrapper.log_eval_metrics] Accuracy(layer_3 - estimator_0 - 5_folds.train_1.predict)=99.98%
[ 2018-10-16 23:38:55,636][kfold_wrapper.log_eval_metrics] Accuracy(layer_3 - estimator_0 - 5_folds.train_2.predict)=99.99%
[ 2018-10-16 23:38:56,089][kfold_wrapper.log_eval_metrics] Accuracy(layer_3 - estimator_0 - 5_folds.train_3.predict)=100.00%
[ 2018-10-16 23:38:56,541][kfold_wrapper.log_eval_metrics] Accuracy(layer_3 - estimator_0 - 5_folds.train_4.predict)=99.99%
[ 2018-10-16 23:38:56,545][kfold_wrapper.log_eval_metrics] Accuracy(layer_3 - estimator_0 - 5_folds.train_cv.predict)=99.99%
[ 2018-10-16 23:38:57,065][kfold_wrapper.log_eval_metrics] Accuracy(layer_3 - estimator_1 - 5_folds.train_0.predict)=99.99%
[ 2018-10-16 23:38:57,512][kfold_wrapper.log_eval_metrics] Accuracy(layer_3 - estimator_1 - 5_folds.train_1.predict)=99.99%
[ 2018-10-16 23:38:57,967][kfold_wrapper.log_eval_metrics] Accuracy(layer_3 - estimator_1 - 5_folds.train_2.predict)=100.00%
[ 2018-10-16 23:38:58,313][kfold_wrapper.log_eval_metrics] Accuracy(layer_3 - estimator_1 - 5_folds.train_3.predict)=99.98%
[ 2018-10-16 23:38:58,664][kfold_wrapper.log_eval_metrics] Accuracy(layer_3 - estimator_1 - 5_folds.train_4.predict)=99.99%
[ 2018-10-16 23:38:58,668][kfold_wrapper.log_eval_metrics] Accuracy(layer_3 - estimator_1 - 5_folds.train_cv.predict)=99.99%
[ 2018-10-16 23:38:59,263][kfold_wrapper.log_eval_metrics] Accuracy(layer_3 - estimator_2 - 5_folds.train_0.predict)=99.99%
[ 2018-10-16 23:38:59,781][kfold_wrapper.log_eval_metrics] Accuracy(layer_3 - estimator_2 - 5_folds.train_1.predict)=99.99%
[ 2018-10-16 23:39:00,295][kfold_wrapper.log_eval_metrics] Accuracy(layer_3 - estimator_2 - 5_folds.train_2.predict)=99.99%
[ 2018-10-16 23:39:00,859][kfold_wrapper.log_eval_metrics] Accuracy(layer_3 - estimator_2 - 5_folds.train_3.predict)=99.99%
[ 2018-10-16 23:39:01,431][kfold_wrapper.log_eval_metrics] Accuracy(layer_3 - estimator_2 - 5_folds.train_4.predict)=99.99%
[ 2018-10-16 23:39:01,433][kfold_wrapper.log_eval_metrics] Accuracy(layer_3 - estimator_2 - 5_folds.train_cv.predict)=99.99%
[ 2018-10-16 23:39:01,439][cascade_classifier.calc_accuracy] Accuracy(layer_3 - train.classifier_average)=99.99%
[ 2018-10-16 23:39:01,447][cascade_classifier.fit_transform] [layer=4] look_indexs=[0], X_cur_train.shape=(183264, 15), X_cur_test.shape=(0, 15)
[ 2018-10-16 23:39:01,950][kfold_wrapper.log_eval_metrics] Accuracy(layer_4 - estimator_0 - 5_folds.train_0.predict)=99.99%
[ 2018-10-16 23:39:02,399][kfold_wrapper.log_eval_metrics] Accuracy(layer_4 - estimator_0 - 5_folds.train_1.predict)=99.99%
[ 2018-10-16 23:39:02,858][kfold_wrapper.log_eval_metrics] Accuracy(layer_4 - estimator_0 - 5_folds.train_2.predict)=99.99%
[ 2018-10-16 23:39:03,421][kfold_wrapper.log_eval_metrics] Accuracy(layer_4 - estimator_0 - 5_folds.train_3.predict)=99.99%
[ 2018-10-16 23:39:03,874][kfold_wrapper.log_eval_metrics] Accuracy(layer_4 - estimator_0 - 5_folds.train_4.predict)=99.99%
[ 2018-10-16 23:39:03,878][kfold_wrapper.log_eval_metrics] Accuracy(layer_4 - estimator_0 - 5_folds.train_cv.predict)=99.99%
[ 2018-10-16 23:39:04,392][kfold_wrapper.log_eval_metrics] Accuracy(layer_4 - estimator_1 - 5_folds.train_0.predict)=99.99%
[ 2018-10-16 23:39:04,851][kfold_wrapper.log_eval_metrics] Accuracy(layer_4 - estimator_1 - 5_folds.train_1.predict)=99.99%
[ 2018-10-16 23:39:05,314][kfold_wrapper.log_eval_metrics] Accuracy(layer_4 - estimator_1 - 5_folds.train_2.predict)=99.99%
[ 2018-10-16 23:39:05,774][kfold_wrapper.log_eval_metrics] Accuracy(layer_4 - estimator_1 - 5_folds.train_3.predict)=99.99%
[ 2018-10-16 23:39:06,225][kfold_wrapper.log_eval_metrics] Accuracy(layer_4 - estimator_1 - 5_folds.train_4.predict)=99.99%
[ 2018-10-16 23:39:06,229][kfold_wrapper.log_eval_metrics] Accuracy(layer_4 - estimator_1 - 5_folds.train_cv.predict)=99.99%
[ 2018-10-16 23:39:06,796][kfold_wrapper.log_eval_metrics] Accuracy(layer_4 - estimator_2 - 5_folds.train_0.predict)=100.00%
[ 2018-10-16 23:39:07,300][kfold_wrapper.log_eval_metrics] Accuracy(layer_4 - estimator_2 - 5_folds.train_1.predict)=99.99%
[ 2018-10-16 23:39:07,794][kfold_wrapper.log_eval_metrics] Accuracy(layer_4 - estimator_2 - 5_folds.train_2.predict)=99.99%
[ 2018-10-16 23:39:08,308][kfold_wrapper.log_eval_metrics] Accuracy(layer_4 - estimator_2 - 5_folds.train_3.predict)=99.99%
[ 2018-10-16 23:39:08,798][kfold_wrapper.log_eval_metrics] Accuracy(layer_4 - estimator_2 - 5_folds.train_4.predict)=99.99%
[ 2018-10-16 23:39:08,801][kfold_wrapper.log_eval_metrics] Accuracy(layer_4 - estimator_2 - 5_folds.train_cv.predict)=99.99%
[ 2018-10-16 23:39:08,806][cascade_classifier.calc_accuracy] Accuracy(layer_4 - train.classifier_average)=99.99%
[ 2018-10-16 23:39:08,815][cascade_classifier.fit_transform] [layer=5] look_indexs=[0], X_cur_train.shape=(183264, 15), X_cur_test.shape=(0, 15)
[ 2018-10-16 23:39:09,331][kfold_wrapper.log_eval_metrics] Accuracy(layer_5 - estimator_0 - 5_folds.train_0.predict)=99.99%
[ 2018-10-16 23:39:09,893][kfold_wrapper.log_eval_metrics] Accuracy(layer_5 - estimator_0 - 5_folds.train_1.predict)=99.99%
[ 2018-10-16 23:39:10,446][kfold_wrapper.log_eval_metrics] Accuracy(layer_5 - estimator_0 - 5_folds.train_2.predict)=99.99%
[ 2018-10-16 23:39:10,899][kfold_wrapper.log_eval_metrics] Accuracy(layer_5 - estimator_0 - 5_folds.train_3.predict)=99.99%
[ 2018-10-16 23:39:11,454][kfold_wrapper.log_eval_metrics] Accuracy(layer_5 - estimator_0 - 5_folds.train_4.predict)=99.99%
[ 2018-10-16 23:39:11,457][kfold_wrapper.log_eval_metrics] Accuracy(layer_5 - estimator_0 - 5_folds.train_cv.predict)=99.99%
[ 2018-10-16 23:39:11,972][kfold_wrapper.log_eval_metrics] Accuracy(layer_5 - estimator_1 - 5_folds.train_0.predict)=99.99%
[ 2018-10-16 23:39:12,429][kfold_wrapper.log_eval_metrics] Accuracy(layer_5 - estimator_1 - 5_folds.train_1.predict)=99.99%
[ 2018-10-16 23:39:12,883][kfold_wrapper.log_eval_metrics] Accuracy(layer_5 - estimator_1 - 5_folds.train_2.predict)=99.98%
[ 2018-10-16 23:39:13,337][kfold_wrapper.log_eval_metrics] Accuracy(layer_5 - estimator_1 - 5_folds.train_3.predict)=99.99%
[ 2018-10-16 23:39:13,793][kfold_wrapper.log_eval_metrics] Accuracy(layer_5 - estimator_1 - 5_folds.train_4.predict)=99.99%
[ 2018-10-16 23:39:13,796][kfold_wrapper.log_eval_metrics] Accuracy(layer_5 - estimator_1 - 5_folds.train_cv.predict)=99.99%
[ 2018-10-16 23:39:14,362][kfold_wrapper.log_eval_metrics] Accuracy(layer_5 - estimator_2 - 5_folds.train_0.predict)=100.00%
[ 2018-10-16 23:39:14,887][kfold_wrapper.log_eval_metrics] Accuracy(layer_5 - estimator_2 - 5_folds.train_1.predict)=99.99%
[ 2018-10-16 23:39:15,364][kfold_wrapper.log_eval_metrics] Accuracy(layer_5 - estimator_2 - 5_folds.train_2.predict)=99.98%
[ 2018-10-16 23:39:15,894][kfold_wrapper.log_eval_metrics] Accuracy(layer_5 - estimator_2 - 5_folds.train_3.predict)=99.98%
[ 2018-10-16 23:39:16,396][kfold_wrapper.log_eval_metrics] Accuracy(layer_5 - estimator_2 - 5_folds.train_4.predict)=100.00%
[ 2018-10-16 23:39:16,399][kfold_wrapper.log_eval_metrics] Accuracy(layer_5 - estimator_2 - 5_folds.train_cv.predict)=99.99%
[ 2018-10-16 23:39:16,404][cascade_classifier.calc_accuracy] Accuracy(layer_5 - train.classifier_average)=99.99%
[ 2018-10-16 23:39:16,413][cascade_classifier.fit_transform] [layer=6] look_indexs=[0], X_cur_train.shape=(183264, 15), X_cur_test.shape=(0, 15)
[ 2018-10-16 23:39:16,915][kfold_wrapper.log_eval_metrics] Accuracy(layer_6 - estimator_0 - 5_folds.train_0.predict)=99.99%
[ 2018-10-16 23:39:17,374][kfold_wrapper.log_eval_metrics] Accuracy(layer_6 - estimator_0 - 5_folds.train_1.predict)=99.99%
[ 2018-10-16 23:39:17,928][kfold_wrapper.log_eval_metrics] Accuracy(layer_6 - estimator_0 - 5_folds.train_2.predict)=100.00%
[ 2018-10-16 23:39:18,492][kfold_wrapper.log_eval_metrics] Accuracy(layer_6 - estimator_0 - 5_folds.train_3.predict)=100.00%
[ 2018-10-16 23:39:19,047][kfold_wrapper.log_eval_metrics] Accuracy(layer_6 - estimator_0 - 5_folds.train_4.predict)=99.98%
[ 2018-10-16 23:39:19,051][kfold_wrapper.log_eval_metrics] Accuracy(layer_6 - estimator_0 - 5_folds.train_cv.predict)=99.99%
[ 2018-10-16 23:39:19,563][kfold_wrapper.log_eval_metrics] Accuracy(layer_6 - estimator_1 - 5_folds.train_0.predict)=99.99%
[ 2018-10-16 23:39:20,012][kfold_wrapper.log_eval_metrics] Accuracy(layer_6 - estimator_1 - 5_folds.train_1.predict)=99.99%
[ 2018-10-16 23:39:20,467][kfold_wrapper.log_eval_metrics] Accuracy(layer_6 - estimator_1 - 5_folds.train_2.predict)=99.99%
[ 2018-10-16 23:39:20,920][kfold_wrapper.log_eval_metrics] Accuracy(layer_6 - estimator_1 - 5_folds.train_3.predict)=99.98%
[ 2018-10-16 23:39:21,380][kfold_wrapper.log_eval_metrics] Accuracy(layer_6 - estimator_1 - 5_folds.train_4.predict)=99.99%
[ 2018-10-16 23:39:21,384][kfold_wrapper.log_eval_metrics] Accuracy(layer_6 - estimator_1 - 5_folds.train_cv.predict)=99.99%
[ 2018-10-16 23:39:21,989][kfold_wrapper.log_eval_metrics] Accuracy(layer_6 - estimator_2 - 5_folds.train_0.predict)=100.00%
[ 2018-10-16 23:39:22,569][kfold_wrapper.log_eval_metrics] Accuracy(layer_6 - estimator_2 - 5_folds.train_1.predict)=99.99%
[ 2018-10-16 23:39:23,087][kfold_wrapper.log_eval_metrics] Accuracy(layer_6 - estimator_2 - 5_folds.train_2.predict)=99.98%
[ 2018-10-16 23:39:23,577][kfold_wrapper.log_eval_metrics] Accuracy(layer_6 - estimator_2 - 5_folds.train_3.predict)=99.99%
[ 2018-10-16 23:39:24,168][kfold_wrapper.log_eval_metrics] Accuracy(layer_6 - estimator_2 - 5_folds.train_4.predict)=99.99%
[ 2018-10-16 23:39:24,171][kfold_wrapper.log_eval_metrics] Accuracy(layer_6 - estimator_2 - 5_folds.train_cv.predict)=99.99%
[ 2018-10-16 23:39:24,176][cascade_classifier.calc_accuracy] Accuracy(layer_6 - train.classifier_average)=99.99%
[ 2018-10-16 23:39:24,176][cascade_classifier.fit_transform] [Result][Optimal Level Detected] opt_layer_num=4, accuracy_train=99.99%, accuracy_test=0.00%
[ 2018-10-16 23:39:24,247][cascade_classifier.transform] X_groups_test.shape=[(45712, 9)]
[ 2018-10-16 23:39:24,248][cascade_classifier.transform] group_dims=[9]
[ 2018-10-16 23:39:24,248][cascade_classifier.transform] X_test.shape=(45712, 9)
[ 2018-10-16 23:39:24,250][cascade_classifier.transform] [layer=0] look_indexs=[0], X_cur_test.shape=(45712, 9)
[ 2018-10-16 23:39:25,332][cascade_classifier.transform] [layer=1] look_indexs=[0], X_cur_test.shape=(45712, 15)
[ 2018-10-16 23:39:26,409][cascade_classifier.transform] [layer=2] look_indexs=[0], X_cur_test.shape=(45712, 15)
[ 2018-10-16 23:39:27,485][cascade_classifier.transform] [layer=3] look_indexs=[0], X_cur_test.shape=(45712, 15)
[ 2018-10-16 23:39:29,487][cascade_classifier.transform] X_groups_test.shape=[(139566, 9)]
[ 2018-10-16 23:39:29,489][cascade_classifier.transform] group_dims=[9]
[ 2018-10-16 23:39:29,489][cascade_classifier.transform] X_test.shape=(139566, 9)
[ 2018-10-16 23:39:29,491][cascade_classifier.transform] [layer=0] look_indexs=[0], X_cur_test.shape=(139566, 9)
[ 2018-10-16 23:39:30,615][cascade_classifier.transform] [layer=1] look_indexs=[0], X_cur_test.shape=(139566, 15)
[ 2018-10-16 23:39:31,747][cascade_classifier.transform] [layer=2] look_indexs=[0], X_cur_test.shape=(139566, 15)
[ 2018-10-16 23:39:32,868][cascade_classifier.transform] [layer=3] look_indexs=[0], X_cur_test.shape=(139566, 15)
[ 2018-10-16 23:39:34,613][cascade_classifier.fit_transform] X_groups_train.shape=[(23202, 36)],y_train.shape=(23202,),X_groups_test.shape=no_test,y_test.shape=no_test
[ 2018-10-16 23:39:34,615][cascade_classifier.fit_transform] group_dims=[36]
[ 2018-10-16 23:39:34,615][cascade_classifier.fit_transform] group_starts=[0]
[ 2018-10-16 23:39:34,615][cascade_classifier.fit_transform] group_ends=[36]
[ 2018-10-16 23:39:34,615][cascade_classifier.fit_transform] X_train.shape=(23202, 36),X_test.shape=(0, 36)
[ 2018-10-16 23:39:34,617][cascade_classifier.fit_transform] [layer=0] look_indexs=[0], X_cur_train.shape=(23202, 36), X_cur_test.shape=(0, 36)
[ 2018-10-16 23:39:34,954][kfold_wrapper.log_eval_metrics] Accuracy(layer_0 - estimator_0 - 5_folds.train_0.predict)=99.81%
[ 2018-10-16 23:39:35,282][kfold_wrapper.log_eval_metrics] Accuracy(layer_0 - estimator_0 - 5_folds.train_1.predict)=99.74%
[ 2018-10-16 23:39:35,612][kfold_wrapper.log_eval_metrics] Accuracy(layer_0 - estimator_0 - 5_folds.train_2.predict)=99.70%
[ 2018-10-16 23:39:35,943][kfold_wrapper.log_eval_metrics] Accuracy(layer_0 - estimator_0 - 5_folds.train_3.predict)=99.89%
[ 2018-10-16 23:39:36,276][kfold_wrapper.log_eval_metrics] Accuracy(layer_0 - estimator_0 - 5_folds.train_4.predict)=99.78%
[ 2018-10-16 23:39:36,277][kfold_wrapper.log_eval_metrics] Accuracy(layer_0 - estimator_0 - 5_folds.train_cv.predict)=99.78%
[ 2018-10-16 23:39:36,508][kfold_wrapper.log_eval_metrics] Accuracy(layer_0 - estimator_1 - 5_folds.train_0.predict)=99.68%
[ 2018-10-16 23:39:36,732][kfold_wrapper.log_eval_metrics] Accuracy(layer_0 - estimator_1 - 5_folds.train_1.predict)=99.53%
[ 2018-10-16 23:39:36,957][kfold_wrapper.log_eval_metrics] Accuracy(layer_0 - estimator_1 - 5_folds.train_2.predict)=99.76%
[ 2018-10-16 23:39:37,180][kfold_wrapper.log_eval_metrics] Accuracy(layer_0 - estimator_1 - 5_folds.train_3.predict)=99.59%
[ 2018-10-16 23:39:37,406][kfold_wrapper.log_eval_metrics] Accuracy(layer_0 - estimator_1 - 5_folds.train_4.predict)=99.78%
[ 2018-10-16 23:39:37,407][kfold_wrapper.log_eval_metrics] Accuracy(layer_0 - estimator_1 - 5_folds.train_cv.predict)=99.67%
[ 2018-10-16 23:39:37,563][kfold_wrapper.log_eval_metrics] Accuracy(layer_0 - estimator_2 - 5_folds.train_0.predict)=99.16%
[ 2018-10-16 23:39:37,706][kfold_wrapper.log_eval_metrics] Accuracy(layer_0 - estimator_2 - 5_folds.train_1.predict)=99.22%
[ 2018-10-16 23:39:37,858][kfold_wrapper.log_eval_metrics] Accuracy(layer_0 - estimator_2 - 5_folds.train_2.predict)=99.20%
[ 2018-10-16 23:39:38,027][kfold_wrapper.log_eval_metrics] Accuracy(layer_0 - estimator_2 - 5_folds.train_3.predict)=99.18%
[ 2018-10-16 23:39:38,144][kfold_wrapper.log_eval_metrics] Accuracy(layer_0 - estimator_2 - 5_folds.train_4.predict)=99.12%
[ 2018-10-16 23:39:38,144][kfold_wrapper.log_eval_metrics] Accuracy(layer_0 - estimator_2 - 5_folds.train_cv.predict)=99.18%
[ 2018-10-16 23:39:38,145][cascade_classifier.calc_accuracy] Accuracy(layer_0 - train.classifier_average)=99.63%
[ 2018-10-16 23:39:38,148][cascade_classifier.fit_transform] [layer=1] look_indexs=[0], X_cur_train.shape=(23202, 42), X_cur_test.shape=(0, 42)
[ 2018-10-16 23:39:38,375][kfold_wrapper.log_eval_metrics] Accuracy(layer_1 - estimator_0 - 5_folds.train_0.predict)=99.89%
[ 2018-10-16 23:39:38,706][kfold_wrapper.log_eval_metrics] Accuracy(layer_1 - estimator_0 - 5_folds.train_1.predict)=99.85%
[ 2018-10-16 23:39:39,037][kfold_wrapper.log_eval_metrics] Accuracy(layer_1 - estimator_0 - 5_folds.train_2.predict)=99.83%
[ 2018-10-16 23:39:39,366][kfold_wrapper.log_eval_metrics] Accuracy(layer_1 - estimator_0 - 5_folds.train_3.predict)=99.87%
[ 2018-10-16 23:39:39,593][kfold_wrapper.log_eval_metrics] Accuracy(layer_1 - estimator_0 - 5_folds.train_4.predict)=99.83%
[ 2018-10-16 23:39:39,594][kfold_wrapper.log_eval_metrics] Accuracy(layer_1 - estimator_0 - 5_folds.train_cv.predict)=99.85%
[ 2018-10-16 23:39:39,826][kfold_wrapper.log_eval_metrics] Accuracy(layer_1 - estimator_1 - 5_folds.train_0.predict)=99.89%
[ 2018-10-16 23:39:40,051][kfold_wrapper.log_eval_metrics] Accuracy(layer_1 - estimator_1 - 5_folds.train_1.predict)=99.89%
[ 2018-10-16 23:39:40,277][kfold_wrapper.log_eval_metrics] Accuracy(layer_1 - estimator_1 - 5_folds.train_2.predict)=99.89%
[ 2018-10-16 23:39:40,501][kfold_wrapper.log_eval_metrics] Accuracy(layer_1 - estimator_1 - 5_folds.train_3.predict)=99.78%
[ 2018-10-16 23:39:40,722][kfold_wrapper.log_eval_metrics] Accuracy(layer_1 - estimator_1 - 5_folds.train_4.predict)=99.85%
[ 2018-10-16 23:39:40,723][kfold_wrapper.log_eval_metrics] Accuracy(layer_1 - estimator_1 - 5_folds.train_cv.predict)=99.86%
[ 2018-10-16 23:39:41,040][kfold_wrapper.log_eval_metrics] Accuracy(layer_1 - estimator_2 - 5_folds.train_0.predict)=99.78%
[ 2018-10-16 23:39:41,210][kfold_wrapper.log_eval_metrics] Accuracy(layer_1 - estimator_2 - 5_folds.train_1.predict)=99.78%
[ 2018-10-16 23:39:41,466][kfold_wrapper.log_eval_metrics] Accuracy(layer_1 - estimator_2 - 5_folds.train_2.predict)=99.85%
[ 2018-10-16 23:39:41,653][kfold_wrapper.log_eval_metrics] Accuracy(layer_1 - estimator_2 - 5_folds.train_3.predict)=99.78%
[ 2018-10-16 23:39:41,897][kfold_wrapper.log_eval_metrics] Accuracy(layer_1 - estimator_2 - 5_folds.train_4.predict)=99.83%
[ 2018-10-16 23:39:41,897][kfold_wrapper.log_eval_metrics] Accuracy(layer_1 - estimator_2 - 5_folds.train_cv.predict)=99.81%
[ 2018-10-16 23:39:41,898][cascade_classifier.calc_accuracy] Accuracy(layer_1 - train.classifier_average)=99.85%
[ 2018-10-16 23:39:41,901][cascade_classifier.fit_transform] [layer=2] look_indexs=[0], X_cur_train.shape=(23202, 42), X_cur_test.shape=(0, 42)
[ 2018-10-16 23:39:42,130][kfold_wrapper.log_eval_metrics] Accuracy(layer_2 - estimator_0 - 5_folds.train_0.predict)=99.87%
[ 2018-10-16 23:39:42,353][kfold_wrapper.log_eval_metrics] Accuracy(layer_2 - estimator_0 - 5_folds.train_1.predict)=99.87%
[ 2018-10-16 23:39:42,577][kfold_wrapper.log_eval_metrics] Accuracy(layer_2 - estimator_0 - 5_folds.train_2.predict)=99.87%
[ 2018-10-16 23:39:42,801][kfold_wrapper.log_eval_metrics] Accuracy(layer_2 - estimator_0 - 5_folds.train_3.predict)=99.76%
[ 2018-10-16 23:39:43,026][kfold_wrapper.log_eval_metrics] Accuracy(layer_2 - estimator_0 - 5_folds.train_4.predict)=99.89%
[ 2018-10-16 23:39:43,027][kfold_wrapper.log_eval_metrics] Accuracy(layer_2 - estimator_0 - 5_folds.train_cv.predict)=99.85%
[ 2018-10-16 23:39:43,260][kfold_wrapper.log_eval_metrics] Accuracy(layer_2 - estimator_1 - 5_folds.train_0.predict)=99.87%
[ 2018-10-16 23:39:43,484][kfold_wrapper.log_eval_metrics] Accuracy(layer_2 - estimator_1 - 5_folds.train_1.predict)=99.81%
[ 2018-10-16 23:39:43,708][kfold_wrapper.log_eval_metrics] Accuracy(layer_2 - estimator_1 - 5_folds.train_2.predict)=99.85%
[ 2018-10-16 23:39:43,932][kfold_wrapper.log_eval_metrics] Accuracy(layer_2 - estimator_1 - 5_folds.train_3.predict)=99.83%
[ 2018-10-16 23:39:44,157][kfold_wrapper.log_eval_metrics] Accuracy(layer_2 - estimator_1 - 5_folds.train_4.predict)=99.85%
[ 2018-10-16 23:39:44,158][kfold_wrapper.log_eval_metrics] Accuracy(layer_2 - estimator_1 - 5_folds.train_cv.predict)=99.84%
[ 2018-10-16 23:39:44,351][kfold_wrapper.log_eval_metrics] Accuracy(layer_2 - estimator_2 - 5_folds.train_0.predict)=99.72%
[ 2018-10-16 23:39:44,527][kfold_wrapper.log_eval_metrics] Accuracy(layer_2 - estimator_2 - 5_folds.train_1.predict)=99.94%
[ 2018-10-16 23:39:44,713][kfold_wrapper.log_eval_metrics] Accuracy(layer_2 - estimator_2 - 5_folds.train_2.predict)=99.81%
[ 2018-10-16 23:39:44,904][kfold_wrapper.log_eval_metrics] Accuracy(layer_2 - estimator_2 - 5_folds.train_3.predict)=99.85%
[ 2018-10-16 23:39:45,074][kfold_wrapper.log_eval_metrics] Accuracy(layer_2 - estimator_2 - 5_folds.train_4.predict)=99.76%
[ 2018-10-16 23:39:45,074][kfold_wrapper.log_eval_metrics] Accuracy(layer_2 - estimator_2 - 5_folds.train_cv.predict)=99.81%
[ 2018-10-16 23:39:45,075][cascade_classifier.calc_accuracy] Accuracy(layer_2 - train.classifier_average)=99.85%
[ 2018-10-16 23:39:45,078][cascade_classifier.fit_transform] [layer=3] look_indexs=[0], X_cur_train.shape=(23202, 42), X_cur_test.shape=(0, 42)
[ 2018-10-16 23:39:45,306][kfold_wrapper.log_eval_metrics] Accuracy(layer_3 - estimator_0 - 5_folds.train_0.predict)=99.85%
[ 2018-10-16 23:39:45,639][kfold_wrapper.log_eval_metrics] Accuracy(layer_3 - estimator_0 - 5_folds.train_1.predict)=99.91%
[ 2018-10-16 23:39:45,863][kfold_wrapper.log_eval_metrics] Accuracy(layer_3 - estimator_0 - 5_folds.train_2.predict)=99.81%
[ 2018-10-16 23:39:46,194][kfold_wrapper.log_eval_metrics] Accuracy(layer_3 - estimator_0 - 5_folds.train_3.predict)=99.81%
[ 2018-10-16 23:39:46,520][kfold_wrapper.log_eval_metrics] Accuracy(layer_3 - estimator_0 - 5_folds.train_4.predict)=99.81%
[ 2018-10-16 23:39:46,521][kfold_wrapper.log_eval_metrics] Accuracy(layer_3 - estimator_0 - 5_folds.train_cv.predict)=99.84%
[ 2018-10-16 23:39:46,753][kfold_wrapper.log_eval_metrics] Accuracy(layer_3 - estimator_1 - 5_folds.train_0.predict)=99.85%
[ 2018-10-16 23:39:46,981][kfold_wrapper.log_eval_metrics] Accuracy(layer_3 - estimator_1 - 5_folds.train_1.predict)=99.81%
[ 2018-10-16 23:39:47,207][kfold_wrapper.log_eval_metrics] Accuracy(layer_3 - estimator_1 - 5_folds.train_2.predict)=99.87%
[ 2018-10-16 23:39:47,431][kfold_wrapper.log_eval_metrics] Accuracy(layer_3 - estimator_1 - 5_folds.train_3.predict)=99.87%
[ 2018-10-16 23:39:47,655][kfold_wrapper.log_eval_metrics] Accuracy(layer_3 - estimator_1 - 5_folds.train_4.predict)=99.87%
[ 2018-10-16 23:39:47,656][kfold_wrapper.log_eval_metrics] Accuracy(layer_3 - estimator_1 - 5_folds.train_cv.predict)=99.85%
[ 2018-10-16 23:39:47,857][kfold_wrapper.log_eval_metrics] Accuracy(layer_3 - estimator_2 - 5_folds.train_0.predict)=99.89%
[ 2018-10-16 23:39:48,042][kfold_wrapper.log_eval_metrics] Accuracy(layer_3 - estimator_2 - 5_folds.train_1.predict)=99.87%
[ 2018-10-16 23:39:48,213][kfold_wrapper.log_eval_metrics] Accuracy(layer_3 - estimator_2 - 5_folds.train_2.predict)=99.81%
[ 2018-10-16 23:39:48,447][kfold_wrapper.log_eval_metrics] Accuracy(layer_3 - estimator_2 - 5_folds.train_3.predict)=99.83%
[ 2018-10-16 23:39:48,603][kfold_wrapper.log_eval_metrics] Accuracy(layer_3 - estimator_2 - 5_folds.train_4.predict)=99.72%
[ 2018-10-16 23:39:48,603][kfold_wrapper.log_eval_metrics] Accuracy(layer_3 - estimator_2 - 5_folds.train_cv.predict)=99.82%
[ 2018-10-16 23:39:48,604][cascade_classifier.calc_accuracy] Accuracy(layer_3 - train.classifier_average)=99.84%
[ 2018-10-16 23:39:48,607][cascade_classifier.fit_transform] [layer=4] look_indexs=[0], X_cur_train.shape=(23202, 42), X_cur_test.shape=(0, 42)
[ 2018-10-16 23:39:48,837][kfold_wrapper.log_eval_metrics] Accuracy(layer_4 - estimator_0 - 5_folds.train_0.predict)=99.83%
[ 2018-10-16 23:39:49,160][kfold_wrapper.log_eval_metrics] Accuracy(layer_4 - estimator_0 - 5_folds.train_1.predict)=99.89%
[ 2018-10-16 23:39:49,384][kfold_wrapper.log_eval_metrics] Accuracy(layer_4 - estimator_0 - 5_folds.train_2.predict)=99.85%
[ 2018-10-16 23:39:49,613][kfold_wrapper.log_eval_metrics] Accuracy(layer_4 - estimator_0 - 5_folds.train_3.predict)=99.83%
[ 2018-10-16 23:39:49,837][kfold_wrapper.log_eval_metrics] Accuracy(layer_4 - estimator_0 - 5_folds.train_4.predict)=99.81%
[ 2018-10-16 23:39:49,838][kfold_wrapper.log_eval_metrics] Accuracy(layer_4 - estimator_0 - 5_folds.train_cv.predict)=99.84%
[ 2018-10-16 23:39:50,072][kfold_wrapper.log_eval_metrics] Accuracy(layer_4 - estimator_1 - 5_folds.train_0.predict)=99.83%
[ 2018-10-16 23:39:50,296][kfold_wrapper.log_eval_metrics] Accuracy(layer_4 - estimator_1 - 5_folds.train_1.predict)=99.85%
[ 2018-10-16 23:39:50,523][kfold_wrapper.log_eval_metrics] Accuracy(layer_4 - estimator_1 - 5_folds.train_2.predict)=99.83%
[ 2018-10-16 23:39:50,749][kfold_wrapper.log_eval_metrics] Accuracy(layer_4 - estimator_1 - 5_folds.train_3.predict)=99.94%
[ 2018-10-16 23:39:50,974][kfold_wrapper.log_eval_metrics] Accuracy(layer_4 - estimator_1 - 5_folds.train_4.predict)=99.76%
[ 2018-10-16 23:39:50,975][kfold_wrapper.log_eval_metrics] Accuracy(layer_4 - estimator_1 - 5_folds.train_cv.predict)=99.84%
[ 2018-10-16 23:39:51,193][kfold_wrapper.log_eval_metrics] Accuracy(layer_4 - estimator_2 - 5_folds.train_0.predict)=99.85%
[ 2018-10-16 23:39:51,366][kfold_wrapper.log_eval_metrics] Accuracy(layer_4 - estimator_2 - 5_folds.train_1.predict)=99.74%
[ 2018-10-16 23:39:51,544][kfold_wrapper.log_eval_metrics] Accuracy(layer_4 - estimator_2 - 5_folds.train_2.predict)=99.91%
[ 2018-10-16 23:39:51,741][kfold_wrapper.log_eval_metrics] Accuracy(layer_4 - estimator_2 - 5_folds.train_3.predict)=99.74%
[ 2018-10-16 23:39:51,954][kfold_wrapper.log_eval_metrics] Accuracy(layer_4 - estimator_2 - 5_folds.train_4.predict)=99.91%
[ 2018-10-16 23:39:51,955][kfold_wrapper.log_eval_metrics] Accuracy(layer_4 - estimator_2 - 5_folds.train_cv.predict)=99.83%
[ 2018-10-16 23:39:51,955][cascade_classifier.calc_accuracy] Accuracy(layer_4 - train.classifier_average)=99.83%
[ 2018-10-16 23:39:51,956][cascade_classifier.fit_transform] [Result][Optimal Level Detected] opt_layer_num=2, accuracy_train=99.85%, accuracy_test=0.00%
[ 2018-10-16 23:39:51,981][cascade_classifier.transform] X_groups_test.shape=[(11428, 36)]
[ 2018-10-16 23:39:51,982][cascade_classifier.transform] group_dims=[36]
[ 2018-10-16 23:39:51,983][cascade_classifier.transform] X_test.shape=(11428, 36)
[ 2018-10-16 23:39:51,985][cascade_classifier.transform] [layer=0] look_indexs=[0], X_cur_test.shape=(11428, 36)
[ 2018-10-16 23:39:53,061][cascade_classifier.transform] [layer=1] look_indexs=[0], X_cur_test.shape=(11428, 42)
[ 2018-10-16 23:39:54,386][cascade_classifier.transform] X_groups_test.shape=[(34891, 36)]
[ 2018-10-16 23:39:54,387][cascade_classifier.transform] group_dims=[36]
[ 2018-10-16 23:39:54,388][cascade_classifier.transform] X_test.shape=(34891, 36)
[ 2018-10-16 23:39:54,393][cascade_classifier.transform] [layer=0] look_indexs=[0], X_cur_test.shape=(34891, 36)
[ 2018-10-16 23:39:55,488][cascade_classifier.transform] [layer=1] look_indexs=[0], X_cur_test.shape=(34891, 42)
