[ 2018-10-16 23:35:36,949][cascade_classifier.fit_transform] X_groups_train.shape=[(183264, 9)],y_train.shape=(183264,),X_groups_test.shape=no_test,y_test.shape=no_test
[ 2018-10-16 23:35:36,957][cascade_classifier.fit_transform] group_dims=[9]
[ 2018-10-16 23:35:36,957][cascade_classifier.fit_transform] group_starts=[0]
[ 2018-10-16 23:35:36,957][cascade_classifier.fit_transform] group_ends=[9]
[ 2018-10-16 23:35:36,957][cascade_classifier.fit_transform] X_train.shape=(183264, 9),X_test.shape=(0, 9)
[ 2018-10-16 23:35:36,970][cascade_classifier.fit_transform] [layer=0] look_indexs=[0], X_cur_train.shape=(183264, 9), X_cur_test.shape=(0, 9)
[ 2018-10-16 23:35:37,941][kfold_wrapper.log_eval_metrics] Accuracy(layer_0 - estimator_0 - 5_folds.train_0.predict)=99.99%
[ 2018-10-16 23:35:38,812][kfold_wrapper.log_eval_metrics] Accuracy(layer_0 - estimator_0 - 5_folds.train_1.predict)=99.98%
[ 2018-10-16 23:35:39,668][kfold_wrapper.log_eval_metrics] Accuracy(layer_0 - estimator_0 - 5_folds.train_2.predict)=99.97%
[ 2018-10-16 23:35:40,531][kfold_wrapper.log_eval_metrics] Accuracy(layer_0 - estimator_0 - 5_folds.train_3.predict)=99.98%
[ 2018-10-16 23:35:41,386][kfold_wrapper.log_eval_metrics] Accuracy(layer_0 - estimator_0 - 5_folds.train_4.predict)=99.96%
[ 2018-10-16 23:35:41,391][kfold_wrapper.log_eval_metrics] Accuracy(layer_0 - estimator_0 - 5_folds.train_cv.predict)=99.97%
[ 2018-10-16 23:35:41,894][kfold_wrapper.log_eval_metrics] Accuracy(layer_0 - estimator_1 - 5_folds.train_0.predict)=99.99%
[ 2018-10-16 23:35:42,445][kfold_wrapper.log_eval_metrics] Accuracy(layer_0 - estimator_1 - 5_folds.train_1.predict)=99.98%
[ 2018-10-16 23:35:42,895][kfold_wrapper.log_eval_metrics] Accuracy(layer_0 - estimator_1 - 5_folds.train_2.predict)=99.98%
[ 2018-10-16 23:35:43,438][kfold_wrapper.log_eval_metrics] Accuracy(layer_0 - estimator_1 - 5_folds.train_3.predict)=99.99%
[ 2018-10-16 23:35:43,995][kfold_wrapper.log_eval_metrics] Accuracy(layer_0 - estimator_1 - 5_folds.train_4.predict)=99.98%
[ 2018-10-16 23:35:44,000][kfold_wrapper.log_eval_metrics] Accuracy(layer_0 - estimator_1 - 5_folds.train_cv.predict)=99.99%
[ 2018-10-16 23:35:44,374][kfold_wrapper.log_eval_metrics] Accuracy(layer_0 - estimator_2 - 5_folds.train_0.predict)=82.29%
[ 2018-10-16 23:35:44,678][kfold_wrapper.log_eval_metrics] Accuracy(layer_0 - estimator_2 - 5_folds.train_1.predict)=81.93%
[ 2018-10-16 23:35:44,979][kfold_wrapper.log_eval_metrics] Accuracy(layer_0 - estimator_2 - 5_folds.train_2.predict)=82.51%
[ 2018-10-16 23:35:45,294][kfold_wrapper.log_eval_metrics] Accuracy(layer_0 - estimator_2 - 5_folds.train_3.predict)=82.12%
[ 2018-10-16 23:35:45,613][kfold_wrapper.log_eval_metrics] Accuracy(layer_0 - estimator_2 - 5_folds.train_4.predict)=82.26%
[ 2018-10-16 23:35:45,616][kfold_wrapper.log_eval_metrics] Accuracy(layer_0 - estimator_2 - 5_folds.train_cv.predict)=82.22%
[ 2018-10-16 23:35:45,621][cascade_classifier.calc_accuracy] Accuracy(layer_0 - train.classifier_average)=99.98%
[ 2018-10-16 23:35:45,638][cascade_classifier.fit_transform] [layer=1] look_indexs=[0], X_cur_train.shape=(183264, 15), X_cur_test.shape=(0, 15)
[ 2018-10-16 23:35:46,248][kfold_wrapper.log_eval_metrics] Accuracy(layer_1 - estimator_0 - 5_folds.train_0.predict)=99.99%
[ 2018-10-16 23:35:46,809][kfold_wrapper.log_eval_metrics] Accuracy(layer_1 - estimator_0 - 5_folds.train_1.predict)=99.99%
[ 2018-10-16 23:35:47,369][kfold_wrapper.log_eval_metrics] Accuracy(layer_1 - estimator_0 - 5_folds.train_2.predict)=99.98%
[ 2018-10-16 23:35:47,919][kfold_wrapper.log_eval_metrics] Accuracy(layer_1 - estimator_0 - 5_folds.train_3.predict)=99.99%
[ 2018-10-16 23:35:48,476][kfold_wrapper.log_eval_metrics] Accuracy(layer_1 - estimator_0 - 5_folds.train_4.predict)=99.99%
[ 2018-10-16 23:35:48,480][kfold_wrapper.log_eval_metrics] Accuracy(layer_1 - estimator_0 - 5_folds.train_cv.predict)=99.99%
[ 2018-10-16 23:35:48,897][kfold_wrapper.log_eval_metrics] Accuracy(layer_1 - estimator_1 - 5_folds.train_0.predict)=99.99%
[ 2018-10-16 23:35:49,249][kfold_wrapper.log_eval_metrics] Accuracy(layer_1 - estimator_1 - 5_folds.train_1.predict)=99.99%
[ 2018-10-16 23:35:49,602][kfold_wrapper.log_eval_metrics] Accuracy(layer_1 - estimator_1 - 5_folds.train_2.predict)=99.99%
[ 2018-10-16 23:35:49,952][kfold_wrapper.log_eval_metrics] Accuracy(layer_1 - estimator_1 - 5_folds.train_3.predict)=99.99%
[ 2018-10-16 23:35:50,308][kfold_wrapper.log_eval_metrics] Accuracy(layer_1 - estimator_1 - 5_folds.train_4.predict)=99.99%
[ 2018-10-16 23:35:50,312][kfold_wrapper.log_eval_metrics] Accuracy(layer_1 - estimator_1 - 5_folds.train_cv.predict)=99.99%
[ 2018-10-16 23:35:51,009][kfold_wrapper.log_eval_metrics] Accuracy(layer_1 - estimator_2 - 5_folds.train_0.predict)=99.99%
[ 2018-10-16 23:35:51,641][kfold_wrapper.log_eval_metrics] Accuracy(layer_1 - estimator_2 - 5_folds.train_1.predict)=99.98%
[ 2018-10-16 23:35:52,270][kfold_wrapper.log_eval_metrics] Accuracy(layer_1 - estimator_2 - 5_folds.train_2.predict)=99.98%
[ 2018-10-16 23:35:52,890][kfold_wrapper.log_eval_metrics] Accuracy(layer_1 - estimator_2 - 5_folds.train_3.predict)=99.99%
[ 2018-10-16 23:35:53,470][kfold_wrapper.log_eval_metrics] Accuracy(layer_1 - estimator_2 - 5_folds.train_4.predict)=99.99%
[ 2018-10-16 23:35:53,472][kfold_wrapper.log_eval_metrics] Accuracy(layer_1 - estimator_2 - 5_folds.train_cv.predict)=99.99%
[ 2018-10-16 23:35:53,478][cascade_classifier.calc_accuracy] Accuracy(layer_1 - train.classifier_average)=99.99%
[ 2018-10-16 23:35:53,487][cascade_classifier.fit_transform] [layer=2] look_indexs=[0], X_cur_train.shape=(183264, 15), X_cur_test.shape=(0, 15)
[ 2018-10-16 23:35:53,996][kfold_wrapper.log_eval_metrics] Accuracy(layer_2 - estimator_0 - 5_folds.train_0.predict)=99.99%
[ 2018-10-16 23:35:54,449][kfold_wrapper.log_eval_metrics] Accuracy(layer_2 - estimator_0 - 5_folds.train_1.predict)=99.98%
[ 2018-10-16 23:35:54,902][kfold_wrapper.log_eval_metrics] Accuracy(layer_2 - estimator_0 - 5_folds.train_2.predict)=99.98%
[ 2018-10-16 23:35:55,364][kfold_wrapper.log_eval_metrics] Accuracy(layer_2 - estimator_0 - 5_folds.train_3.predict)=99.99%
[ 2018-10-16 23:35:55,819][kfold_wrapper.log_eval_metrics] Accuracy(layer_2 - estimator_0 - 5_folds.train_4.predict)=99.99%
[ 2018-10-16 23:35:55,823][kfold_wrapper.log_eval_metrics] Accuracy(layer_2 - estimator_0 - 5_folds.train_cv.predict)=99.99%
[ 2018-10-16 23:35:56,235][kfold_wrapper.log_eval_metrics] Accuracy(layer_2 - estimator_1 - 5_folds.train_0.predict)=99.99%
[ 2018-10-16 23:35:56,585][kfold_wrapper.log_eval_metrics] Accuracy(layer_2 - estimator_1 - 5_folds.train_1.predict)=99.98%
[ 2018-10-16 23:35:56,937][kfold_wrapper.log_eval_metrics] Accuracy(layer_2 - estimator_1 - 5_folds.train_2.predict)=99.99%
[ 2018-10-16 23:35:57,291][kfold_wrapper.log_eval_metrics] Accuracy(layer_2 - estimator_1 - 5_folds.train_3.predict)=99.98%
[ 2018-10-16 23:35:57,636][kfold_wrapper.log_eval_metrics] Accuracy(layer_2 - estimator_1 - 5_folds.train_4.predict)=99.99%
[ 2018-10-16 23:35:57,640][kfold_wrapper.log_eval_metrics] Accuracy(layer_2 - estimator_1 - 5_folds.train_cv.predict)=99.99%
[ 2018-10-16 23:35:58,203][kfold_wrapper.log_eval_metrics] Accuracy(layer_2 - estimator_2 - 5_folds.train_0.predict)=99.99%
[ 2018-10-16 23:35:58,732][kfold_wrapper.log_eval_metrics] Accuracy(layer_2 - estimator_2 - 5_folds.train_1.predict)=99.98%
[ 2018-10-16 23:35:59,263][kfold_wrapper.log_eval_metrics] Accuracy(layer_2 - estimator_2 - 5_folds.train_2.predict)=99.99%
[ 2018-10-16 23:35:59,767][kfold_wrapper.log_eval_metrics] Accuracy(layer_2 - estimator_2 - 5_folds.train_3.predict)=100.00%
[ 2018-10-16 23:36:00,297][kfold_wrapper.log_eval_metrics] Accuracy(layer_2 - estimator_2 - 5_folds.train_4.predict)=99.99%
[ 2018-10-16 23:36:00,300][kfold_wrapper.log_eval_metrics] Accuracy(layer_2 - estimator_2 - 5_folds.train_cv.predict)=99.99%
[ 2018-10-16 23:36:00,305][cascade_classifier.calc_accuracy] Accuracy(layer_2 - train.classifier_average)=99.99%
[ 2018-10-16 23:36:00,314][cascade_classifier.fit_transform] [layer=3] look_indexs=[0], X_cur_train.shape=(183264, 15), X_cur_test.shape=(0, 15)
[ 2018-10-16 23:36:00,822][kfold_wrapper.log_eval_metrics] Accuracy(layer_3 - estimator_0 - 5_folds.train_0.predict)=99.99%
[ 2018-10-16 23:36:01,284][kfold_wrapper.log_eval_metrics] Accuracy(layer_3 - estimator_0 - 5_folds.train_1.predict)=99.99%
[ 2018-10-16 23:36:01,747][kfold_wrapper.log_eval_metrics] Accuracy(layer_3 - estimator_0 - 5_folds.train_2.predict)=99.99%
[ 2018-10-16 23:36:02,201][kfold_wrapper.log_eval_metrics] Accuracy(layer_3 - estimator_0 - 5_folds.train_3.predict)=99.98%
[ 2018-10-16 23:36:02,656][kfold_wrapper.log_eval_metrics] Accuracy(layer_3 - estimator_0 - 5_folds.train_4.predict)=99.99%
[ 2018-10-16 23:36:02,659][kfold_wrapper.log_eval_metrics] Accuracy(layer_3 - estimator_0 - 5_folds.train_cv.predict)=99.99%
[ 2018-10-16 23:36:03,072][kfold_wrapper.log_eval_metrics] Accuracy(layer_3 - estimator_1 - 5_folds.train_0.predict)=99.99%
[ 2018-10-16 23:36:03,422][kfold_wrapper.log_eval_metrics] Accuracy(layer_3 - estimator_1 - 5_folds.train_1.predict)=100.00%
[ 2018-10-16 23:36:03,770][kfold_wrapper.log_eval_metrics] Accuracy(layer_3 - estimator_1 - 5_folds.train_2.predict)=99.98%
[ 2018-10-16 23:36:04,129][kfold_wrapper.log_eval_metrics] Accuracy(layer_3 - estimator_1 - 5_folds.train_3.predict)=99.99%
[ 2018-10-16 23:36:04,588][kfold_wrapper.log_eval_metrics] Accuracy(layer_3 - estimator_1 - 5_folds.train_4.predict)=99.99%
[ 2018-10-16 23:36:04,592][kfold_wrapper.log_eval_metrics] Accuracy(layer_3 - estimator_1 - 5_folds.train_cv.predict)=99.99%
[ 2018-10-16 23:36:05,199][kfold_wrapper.log_eval_metrics] Accuracy(layer_3 - estimator_2 - 5_folds.train_0.predict)=100.00%
[ 2018-10-16 23:36:05,730][kfold_wrapper.log_eval_metrics] Accuracy(layer_3 - estimator_2 - 5_folds.train_1.predict)=99.99%
[ 2018-10-16 23:36:06,238][kfold_wrapper.log_eval_metrics] Accuracy(layer_3 - estimator_2 - 5_folds.train_2.predict)=99.99%
[ 2018-10-16 23:36:06,741][kfold_wrapper.log_eval_metrics] Accuracy(layer_3 - estimator_2 - 5_folds.train_3.predict)=99.99%
[ 2018-10-16 23:36:07,252][kfold_wrapper.log_eval_metrics] Accuracy(layer_3 - estimator_2 - 5_folds.train_4.predict)=99.99%
[ 2018-10-16 23:36:07,255][kfold_wrapper.log_eval_metrics] Accuracy(layer_3 - estimator_2 - 5_folds.train_cv.predict)=99.99%
[ 2018-10-16 23:36:07,260][cascade_classifier.calc_accuracy] Accuracy(layer_3 - train.classifier_average)=99.99%
[ 2018-10-16 23:36:07,269][cascade_classifier.fit_transform] [layer=4] look_indexs=[0], X_cur_train.shape=(183264, 15), X_cur_test.shape=(0, 15)
[ 2018-10-16 23:36:07,780][kfold_wrapper.log_eval_metrics] Accuracy(layer_4 - estimator_0 - 5_folds.train_0.predict)=99.99%
[ 2018-10-16 23:36:08,244][kfold_wrapper.log_eval_metrics] Accuracy(layer_4 - estimator_0 - 5_folds.train_1.predict)=99.98%
[ 2018-10-16 23:36:08,710][kfold_wrapper.log_eval_metrics] Accuracy(layer_4 - estimator_0 - 5_folds.train_2.predict)=99.99%
[ 2018-10-16 23:36:09,167][kfold_wrapper.log_eval_metrics] Accuracy(layer_4 - estimator_0 - 5_folds.train_3.predict)=99.99%
[ 2018-10-16 23:36:09,622][kfold_wrapper.log_eval_metrics] Accuracy(layer_4 - estimator_0 - 5_folds.train_4.predict)=99.99%
[ 2018-10-16 23:36:09,626][kfold_wrapper.log_eval_metrics] Accuracy(layer_4 - estimator_0 - 5_folds.train_cv.predict)=99.99%
[ 2018-10-16 23:36:10,141][kfold_wrapper.log_eval_metrics] Accuracy(layer_4 - estimator_1 - 5_folds.train_0.predict)=99.98%
[ 2018-10-16 23:36:10,593][kfold_wrapper.log_eval_metrics] Accuracy(layer_4 - estimator_1 - 5_folds.train_1.predict)=99.99%
[ 2018-10-16 23:36:11,044][kfold_wrapper.log_eval_metrics] Accuracy(layer_4 - estimator_1 - 5_folds.train_2.predict)=99.99%
[ 2018-10-16 23:36:11,492][kfold_wrapper.log_eval_metrics] Accuracy(layer_4 - estimator_1 - 5_folds.train_3.predict)=99.99%
[ 2018-10-16 23:36:11,951][kfold_wrapper.log_eval_metrics] Accuracy(layer_4 - estimator_1 - 5_folds.train_4.predict)=99.98%
[ 2018-10-16 23:36:11,955][kfold_wrapper.log_eval_metrics] Accuracy(layer_4 - estimator_1 - 5_folds.train_cv.predict)=99.99%
[ 2018-10-16 23:36:12,542][kfold_wrapper.log_eval_metrics] Accuracy(layer_4 - estimator_2 - 5_folds.train_0.predict)=99.98%
[ 2018-10-16 23:36:13,094][kfold_wrapper.log_eval_metrics] Accuracy(layer_4 - estimator_2 - 5_folds.train_1.predict)=100.00%
[ 2018-10-16 23:36:13,624][kfold_wrapper.log_eval_metrics] Accuracy(layer_4 - estimator_2 - 5_folds.train_2.predict)=99.98%
[ 2018-10-16 23:36:14,175][kfold_wrapper.log_eval_metrics] Accuracy(layer_4 - estimator_2 - 5_folds.train_3.predict)=99.99%
[ 2018-10-16 23:36:14,688][kfold_wrapper.log_eval_metrics] Accuracy(layer_4 - estimator_2 - 5_folds.train_4.predict)=99.99%
[ 2018-10-16 23:36:14,690][kfold_wrapper.log_eval_metrics] Accuracy(layer_4 - estimator_2 - 5_folds.train_cv.predict)=99.99%
[ 2018-10-16 23:36:14,696][cascade_classifier.calc_accuracy] Accuracy(layer_4 - train.classifier_average)=99.99%
[ 2018-10-16 23:36:14,704][cascade_classifier.fit_transform] [layer=5] look_indexs=[0], X_cur_train.shape=(183264, 15), X_cur_test.shape=(0, 15)
[ 2018-10-16 23:36:15,315][kfold_wrapper.log_eval_metrics] Accuracy(layer_5 - estimator_0 - 5_folds.train_0.predict)=99.99%
[ 2018-10-16 23:36:15,873][kfold_wrapper.log_eval_metrics] Accuracy(layer_5 - estimator_0 - 5_folds.train_1.predict)=99.99%
[ 2018-10-16 23:36:16,422][kfold_wrapper.log_eval_metrics] Accuracy(layer_5 - estimator_0 - 5_folds.train_2.predict)=99.99%
[ 2018-10-16 23:36:16,876][kfold_wrapper.log_eval_metrics] Accuracy(layer_5 - estimator_0 - 5_folds.train_3.predict)=99.98%
[ 2018-10-16 23:36:17,333][kfold_wrapper.log_eval_metrics] Accuracy(layer_5 - estimator_0 - 5_folds.train_4.predict)=99.99%
[ 2018-10-16 23:36:17,337][kfold_wrapper.log_eval_metrics] Accuracy(layer_5 - estimator_0 - 5_folds.train_cv.predict)=99.99%
[ 2018-10-16 23:36:17,852][kfold_wrapper.log_eval_metrics] Accuracy(layer_5 - estimator_1 - 5_folds.train_0.predict)=99.99%
[ 2018-10-16 23:36:18,308][kfold_wrapper.log_eval_metrics] Accuracy(layer_5 - estimator_1 - 5_folds.train_1.predict)=99.99%
[ 2018-10-16 23:36:18,761][kfold_wrapper.log_eval_metrics] Accuracy(layer_5 - estimator_1 - 5_folds.train_2.predict)=99.99%
[ 2018-10-16 23:36:19,211][kfold_wrapper.log_eval_metrics] Accuracy(layer_5 - estimator_1 - 5_folds.train_3.predict)=99.99%
[ 2018-10-16 23:36:19,664][kfold_wrapper.log_eval_metrics] Accuracy(layer_5 - estimator_1 - 5_folds.train_4.predict)=99.98%
[ 2018-10-16 23:36:19,668][kfold_wrapper.log_eval_metrics] Accuracy(layer_5 - estimator_1 - 5_folds.train_cv.predict)=99.99%
[ 2018-10-16 23:36:20,230][kfold_wrapper.log_eval_metrics] Accuracy(layer_5 - estimator_2 - 5_folds.train_0.predict)=99.99%
[ 2018-10-16 23:36:20,776][kfold_wrapper.log_eval_metrics] Accuracy(layer_5 - estimator_2 - 5_folds.train_1.predict)=99.98%
[ 2018-10-16 23:36:21,269][kfold_wrapper.log_eval_metrics] Accuracy(layer_5 - estimator_2 - 5_folds.train_2.predict)=99.99%
[ 2018-10-16 23:36:21,760][kfold_wrapper.log_eval_metrics] Accuracy(layer_5 - estimator_2 - 5_folds.train_3.predict)=99.98%
[ 2018-10-16 23:36:22,279][kfold_wrapper.log_eval_metrics] Accuracy(layer_5 - estimator_2 - 5_folds.train_4.predict)=99.99%
[ 2018-10-16 23:36:22,282][kfold_wrapper.log_eval_metrics] Accuracy(layer_5 - estimator_2 - 5_folds.train_cv.predict)=99.99%
[ 2018-10-16 23:36:22,287][cascade_classifier.calc_accuracy] Accuracy(layer_5 - train.classifier_average)=99.99%
[ 2018-10-16 23:36:22,287][cascade_classifier.fit_transform] [Result][Optimal Level Detected] opt_layer_num=3, accuracy_train=99.99%, accuracy_test=0.00%
[ 2018-10-16 23:36:22,349][cascade_classifier.transform] X_groups_test.shape=[(45712, 9)]
[ 2018-10-16 23:36:22,351][cascade_classifier.transform] group_dims=[9]
[ 2018-10-16 23:36:22,351][cascade_classifier.transform] X_test.shape=(45712, 9)
[ 2018-10-16 23:36:22,353][cascade_classifier.transform] [layer=0] look_indexs=[0], X_cur_test.shape=(45712, 9)
[ 2018-10-16 23:36:23,429][cascade_classifier.transform] [layer=1] look_indexs=[0], X_cur_test.shape=(45712, 15)
[ 2018-10-16 23:36:24,514][cascade_classifier.transform] [layer=2] look_indexs=[0], X_cur_test.shape=(45712, 15)
[ 2018-10-16 23:36:26,549][cascade_classifier.transform] X_groups_test.shape=[(139566, 9)]
[ 2018-10-16 23:36:26,551][cascade_classifier.transform] group_dims=[9]
[ 2018-10-16 23:36:26,551][cascade_classifier.transform] X_test.shape=(139566, 9)
[ 2018-10-16 23:36:26,553][cascade_classifier.transform] [layer=0] look_indexs=[0], X_cur_test.shape=(139566, 9)
[ 2018-10-16 23:36:27,676][cascade_classifier.transform] [layer=1] look_indexs=[0], X_cur_test.shape=(139566, 15)
[ 2018-10-16 23:36:28,810][cascade_classifier.transform] [layer=2] look_indexs=[0], X_cur_test.shape=(139566, 15)
[ 2018-10-16 23:36:30,568][cascade_classifier.fit_transform] X_groups_train.shape=[(23202, 36)],y_train.shape=(23202,),X_groups_test.shape=no_test,y_test.shape=no_test
[ 2018-10-16 23:36:30,570][cascade_classifier.fit_transform] group_dims=[36]
[ 2018-10-16 23:36:30,570][cascade_classifier.fit_transform] group_starts=[0]
[ 2018-10-16 23:36:30,570][cascade_classifier.fit_transform] group_ends=[36]
[ 2018-10-16 23:36:30,571][cascade_classifier.fit_transform] X_train.shape=(23202, 36),X_test.shape=(0, 36)
[ 2018-10-16 23:36:30,572][cascade_classifier.fit_transform] [layer=0] look_indexs=[0], X_cur_train.shape=(23202, 36), X_cur_test.shape=(0, 36)
[ 2018-10-16 23:36:30,906][kfold_wrapper.log_eval_metrics] Accuracy(layer_0 - estimator_0 - 5_folds.train_0.predict)=99.74%
[ 2018-10-16 23:36:31,235][kfold_wrapper.log_eval_metrics] Accuracy(layer_0 - estimator_0 - 5_folds.train_1.predict)=99.81%
[ 2018-10-16 23:36:31,569][kfold_wrapper.log_eval_metrics] Accuracy(layer_0 - estimator_0 - 5_folds.train_2.predict)=99.87%
[ 2018-10-16 23:36:31,997][kfold_wrapper.log_eval_metrics] Accuracy(layer_0 - estimator_0 - 5_folds.train_3.predict)=99.83%
[ 2018-10-16 23:36:32,323][kfold_wrapper.log_eval_metrics] Accuracy(layer_0 - estimator_0 - 5_folds.train_4.predict)=99.85%
[ 2018-10-16 23:36:32,324][kfold_wrapper.log_eval_metrics] Accuracy(layer_0 - estimator_0 - 5_folds.train_cv.predict)=99.82%
[ 2018-10-16 23:36:32,553][kfold_wrapper.log_eval_metrics] Accuracy(layer_0 - estimator_1 - 5_folds.train_0.predict)=99.57%
[ 2018-10-16 23:36:32,775][kfold_wrapper.log_eval_metrics] Accuracy(layer_0 - estimator_1 - 5_folds.train_1.predict)=99.74%
[ 2018-10-16 23:36:32,995][kfold_wrapper.log_eval_metrics] Accuracy(layer_0 - estimator_1 - 5_folds.train_2.predict)=99.57%
[ 2018-10-16 23:36:33,221][kfold_wrapper.log_eval_metrics] Accuracy(layer_0 - estimator_1 - 5_folds.train_3.predict)=99.76%
[ 2018-10-16 23:36:33,448][kfold_wrapper.log_eval_metrics] Accuracy(layer_0 - estimator_1 - 5_folds.train_4.predict)=99.57%
[ 2018-10-16 23:36:33,449][kfold_wrapper.log_eval_metrics] Accuracy(layer_0 - estimator_1 - 5_folds.train_cv.predict)=99.64%
[ 2018-10-16 23:36:33,636][kfold_wrapper.log_eval_metrics] Accuracy(layer_0 - estimator_2 - 5_folds.train_0.predict)=99.18%
[ 2018-10-16 23:36:33,788][kfold_wrapper.log_eval_metrics] Accuracy(layer_0 - estimator_2 - 5_folds.train_1.predict)=99.05%
[ 2018-10-16 23:36:33,901][kfold_wrapper.log_eval_metrics] Accuracy(layer_0 - estimator_2 - 5_folds.train_2.predict)=99.20%
[ 2018-10-16 23:36:34,029][kfold_wrapper.log_eval_metrics] Accuracy(layer_0 - estimator_2 - 5_folds.train_3.predict)=99.33%
[ 2018-10-16 23:36:34,171][kfold_wrapper.log_eval_metrics] Accuracy(layer_0 - estimator_2 - 5_folds.train_4.predict)=99.09%
[ 2018-10-16 23:36:34,171][kfold_wrapper.log_eval_metrics] Accuracy(layer_0 - estimator_2 - 5_folds.train_cv.predict)=99.17%
[ 2018-10-16 23:36:34,172][cascade_classifier.calc_accuracy] Accuracy(layer_0 - train.classifier_average)=99.66%
[ 2018-10-16 23:36:34,175][cascade_classifier.fit_transform] [layer=1] look_indexs=[0], X_cur_train.shape=(23202, 42), X_cur_test.shape=(0, 42)
[ 2018-10-16 23:36:34,406][kfold_wrapper.log_eval_metrics] Accuracy(layer_1 - estimator_0 - 5_folds.train_0.predict)=99.87%
[ 2018-10-16 23:36:34,632][kfold_wrapper.log_eval_metrics] Accuracy(layer_1 - estimator_0 - 5_folds.train_1.predict)=99.89%
[ 2018-10-16 23:36:34,856][kfold_wrapper.log_eval_metrics] Accuracy(layer_1 - estimator_0 - 5_folds.train_2.predict)=99.87%
[ 2018-10-16 23:36:35,182][kfold_wrapper.log_eval_metrics] Accuracy(layer_1 - estimator_0 - 5_folds.train_3.predict)=99.91%
[ 2018-10-16 23:36:35,409][kfold_wrapper.log_eval_metrics] Accuracy(layer_1 - estimator_0 - 5_folds.train_4.predict)=99.85%
[ 2018-10-16 23:36:35,410][kfold_wrapper.log_eval_metrics] Accuracy(layer_1 - estimator_0 - 5_folds.train_cv.predict)=99.88%
[ 2018-10-16 23:36:35,641][kfold_wrapper.log_eval_metrics] Accuracy(layer_1 - estimator_1 - 5_folds.train_0.predict)=99.91%
[ 2018-10-16 23:36:35,864][kfold_wrapper.log_eval_metrics] Accuracy(layer_1 - estimator_1 - 5_folds.train_1.predict)=99.91%
[ 2018-10-16 23:36:36,090][kfold_wrapper.log_eval_metrics] Accuracy(layer_1 - estimator_1 - 5_folds.train_2.predict)=99.81%
[ 2018-10-16 23:36:36,315][kfold_wrapper.log_eval_metrics] Accuracy(layer_1 - estimator_1 - 5_folds.train_3.predict)=99.89%
[ 2018-10-16 23:36:36,537][kfold_wrapper.log_eval_metrics] Accuracy(layer_1 - estimator_1 - 5_folds.train_4.predict)=99.87%
[ 2018-10-16 23:36:36,538][kfold_wrapper.log_eval_metrics] Accuracy(layer_1 - estimator_1 - 5_folds.train_cv.predict)=99.88%
[ 2018-10-16 23:36:36,776][kfold_wrapper.log_eval_metrics] Accuracy(layer_1 - estimator_2 - 5_folds.train_0.predict)=99.87%
[ 2018-10-16 23:36:36,978][kfold_wrapper.log_eval_metrics] Accuracy(layer_1 - estimator_2 - 5_folds.train_1.predict)=99.83%
[ 2018-10-16 23:36:37,151][kfold_wrapper.log_eval_metrics] Accuracy(layer_1 - estimator_2 - 5_folds.train_2.predict)=99.85%
[ 2018-10-16 23:36:37,405][kfold_wrapper.log_eval_metrics] Accuracy(layer_1 - estimator_2 - 5_folds.train_3.predict)=99.83%
[ 2018-10-16 23:36:37,626][kfold_wrapper.log_eval_metrics] Accuracy(layer_1 - estimator_2 - 5_folds.train_4.predict)=99.81%
[ 2018-10-16 23:36:37,626][kfold_wrapper.log_eval_metrics] Accuracy(layer_1 - estimator_2 - 5_folds.train_cv.predict)=99.84%
[ 2018-10-16 23:36:37,627][cascade_classifier.calc_accuracy] Accuracy(layer_1 - train.classifier_average)=99.87%
[ 2018-10-16 23:36:37,630][cascade_classifier.fit_transform] [layer=2] look_indexs=[0], X_cur_train.shape=(23202, 42), X_cur_test.shape=(0, 42)
[ 2018-10-16 23:36:37,859][kfold_wrapper.log_eval_metrics] Accuracy(layer_2 - estimator_0 - 5_folds.train_0.predict)=99.91%
[ 2018-10-16 23:36:38,087][kfold_wrapper.log_eval_metrics] Accuracy(layer_2 - estimator_0 - 5_folds.train_1.predict)=99.81%
[ 2018-10-16 23:36:38,315][kfold_wrapper.log_eval_metrics] Accuracy(layer_2 - estimator_0 - 5_folds.train_2.predict)=99.91%
[ 2018-10-16 23:36:38,542][kfold_wrapper.log_eval_metrics] Accuracy(layer_2 - estimator_0 - 5_folds.train_3.predict)=99.83%
[ 2018-10-16 23:36:38,770][kfold_wrapper.log_eval_metrics] Accuracy(layer_2 - estimator_0 - 5_folds.train_4.predict)=99.91%
[ 2018-10-16 23:36:38,771][kfold_wrapper.log_eval_metrics] Accuracy(layer_2 - estimator_0 - 5_folds.train_cv.predict)=99.88%
[ 2018-10-16 23:36:39,001][kfold_wrapper.log_eval_metrics] Accuracy(layer_2 - estimator_1 - 5_folds.train_0.predict)=99.89%
[ 2018-10-16 23:36:39,224][kfold_wrapper.log_eval_metrics] Accuracy(layer_2 - estimator_1 - 5_folds.train_1.predict)=99.85%
[ 2018-10-16 23:36:39,448][kfold_wrapper.log_eval_metrics] Accuracy(layer_2 - estimator_1 - 5_folds.train_2.predict)=99.91%
[ 2018-10-16 23:36:39,677][kfold_wrapper.log_eval_metrics] Accuracy(layer_2 - estimator_1 - 5_folds.train_3.predict)=99.96%
[ 2018-10-16 23:36:39,904][kfold_wrapper.log_eval_metrics] Accuracy(layer_2 - estimator_1 - 5_folds.train_4.predict)=99.81%
[ 2018-10-16 23:36:39,905][kfold_wrapper.log_eval_metrics] Accuracy(layer_2 - estimator_1 - 5_folds.train_cv.predict)=99.88%
[ 2018-10-16 23:36:40,097][kfold_wrapper.log_eval_metrics] Accuracy(layer_2 - estimator_2 - 5_folds.train_0.predict)=99.85%
[ 2018-10-16 23:36:40,263][kfold_wrapper.log_eval_metrics] Accuracy(layer_2 - estimator_2 - 5_folds.train_1.predict)=99.87%
[ 2018-10-16 23:36:40,481][kfold_wrapper.log_eval_metrics] Accuracy(layer_2 - estimator_2 - 5_folds.train_2.predict)=99.89%
[ 2018-10-16 23:36:40,669][kfold_wrapper.log_eval_metrics] Accuracy(layer_2 - estimator_2 - 5_folds.train_3.predict)=99.91%
[ 2018-10-16 23:36:40,874][kfold_wrapper.log_eval_metrics] Accuracy(layer_2 - estimator_2 - 5_folds.train_4.predict)=99.78%
[ 2018-10-16 23:36:40,874][kfold_wrapper.log_eval_metrics] Accuracy(layer_2 - estimator_2 - 5_folds.train_cv.predict)=99.86%
[ 2018-10-16 23:36:40,875][cascade_classifier.calc_accuracy] Accuracy(layer_2 - train.classifier_average)=99.88%
[ 2018-10-16 23:36:40,878][cascade_classifier.fit_transform] [layer=3] look_indexs=[0], X_cur_train.shape=(23202, 42), X_cur_test.shape=(0, 42)
[ 2018-10-16 23:36:41,107][kfold_wrapper.log_eval_metrics] Accuracy(layer_3 - estimator_0 - 5_folds.train_0.predict)=99.89%
[ 2018-10-16 23:36:41,334][kfold_wrapper.log_eval_metrics] Accuracy(layer_3 - estimator_0 - 5_folds.train_1.predict)=99.94%
[ 2018-10-16 23:36:41,561][kfold_wrapper.log_eval_metrics] Accuracy(layer_3 - estimator_0 - 5_folds.train_2.predict)=99.83%
[ 2018-10-16 23:36:41,784][kfold_wrapper.log_eval_metrics] Accuracy(layer_3 - estimator_0 - 5_folds.train_3.predict)=99.87%
[ 2018-10-16 23:36:42,009][kfold_wrapper.log_eval_metrics] Accuracy(layer_3 - estimator_0 - 5_folds.train_4.predict)=99.91%
[ 2018-10-16 23:36:42,010][kfold_wrapper.log_eval_metrics] Accuracy(layer_3 - estimator_0 - 5_folds.train_cv.predict)=99.89%
[ 2018-10-16 23:36:42,237][kfold_wrapper.log_eval_metrics] Accuracy(layer_3 - estimator_1 - 5_folds.train_0.predict)=99.81%
[ 2018-10-16 23:36:42,465][kfold_wrapper.log_eval_metrics] Accuracy(layer_3 - estimator_1 - 5_folds.train_1.predict)=99.87%
[ 2018-10-16 23:36:42,691][kfold_wrapper.log_eval_metrics] Accuracy(layer_3 - estimator_1 - 5_folds.train_2.predict)=99.83%
[ 2018-10-16 23:36:42,915][kfold_wrapper.log_eval_metrics] Accuracy(layer_3 - estimator_1 - 5_folds.train_3.predict)=99.96%
[ 2018-10-16 23:36:43,141][kfold_wrapper.log_eval_metrics] Accuracy(layer_3 - estimator_1 - 5_folds.train_4.predict)=99.89%
[ 2018-10-16 23:36:43,142][kfold_wrapper.log_eval_metrics] Accuracy(layer_3 - estimator_1 - 5_folds.train_cv.predict)=99.87%
[ 2018-10-16 23:36:43,324][kfold_wrapper.log_eval_metrics] Accuracy(layer_3 - estimator_2 - 5_folds.train_0.predict)=99.91%
[ 2018-10-16 23:36:43,496][kfold_wrapper.log_eval_metrics] Accuracy(layer_3 - estimator_2 - 5_folds.train_1.predict)=99.94%
[ 2018-10-16 23:36:43,670][kfold_wrapper.log_eval_metrics] Accuracy(layer_3 - estimator_2 - 5_folds.train_2.predict)=99.78%
[ 2018-10-16 23:36:43,845][kfold_wrapper.log_eval_metrics] Accuracy(layer_3 - estimator_2 - 5_folds.train_3.predict)=99.85%
[ 2018-10-16 23:36:44,010][kfold_wrapper.log_eval_metrics] Accuracy(layer_3 - estimator_2 - 5_folds.train_4.predict)=99.83%
[ 2018-10-16 23:36:44,011][kfold_wrapper.log_eval_metrics] Accuracy(layer_3 - estimator_2 - 5_folds.train_cv.predict)=99.86%
[ 2018-10-16 23:36:44,012][cascade_classifier.calc_accuracy] Accuracy(layer_3 - train.classifier_average)=99.87%
[ 2018-10-16 23:36:44,015][cascade_classifier.fit_transform] [layer=4] look_indexs=[0], X_cur_train.shape=(23202, 42), X_cur_test.shape=(0, 42)
[ 2018-10-16 23:36:44,248][kfold_wrapper.log_eval_metrics] Accuracy(layer_4 - estimator_0 - 5_folds.train_0.predict)=99.91%
[ 2018-10-16 23:36:44,475][kfold_wrapper.log_eval_metrics] Accuracy(layer_4 - estimator_0 - 5_folds.train_1.predict)=99.76%
[ 2018-10-16 23:36:44,700][kfold_wrapper.log_eval_metrics] Accuracy(layer_4 - estimator_0 - 5_folds.train_2.predict)=99.87%
[ 2018-10-16 23:36:44,920][kfold_wrapper.log_eval_metrics] Accuracy(layer_4 - estimator_0 - 5_folds.train_3.predict)=99.87%
[ 2018-10-16 23:36:45,144][kfold_wrapper.log_eval_metrics] Accuracy(layer_4 - estimator_0 - 5_folds.train_4.predict)=99.96%
[ 2018-10-16 23:36:45,146][kfold_wrapper.log_eval_metrics] Accuracy(layer_4 - estimator_0 - 5_folds.train_cv.predict)=99.88%
[ 2018-10-16 23:36:45,375][kfold_wrapper.log_eval_metrics] Accuracy(layer_4 - estimator_1 - 5_folds.train_0.predict)=99.89%
[ 2018-10-16 23:36:45,595][kfold_wrapper.log_eval_metrics] Accuracy(layer_4 - estimator_1 - 5_folds.train_1.predict)=99.89%
[ 2018-10-16 23:36:45,820][kfold_wrapper.log_eval_metrics] Accuracy(layer_4 - estimator_1 - 5_folds.train_2.predict)=99.85%
[ 2018-10-16 23:36:46,048][kfold_wrapper.log_eval_metrics] Accuracy(layer_4 - estimator_1 - 5_folds.train_3.predict)=99.87%
[ 2018-10-16 23:36:46,272][kfold_wrapper.log_eval_metrics] Accuracy(layer_4 - estimator_1 - 5_folds.train_4.predict)=99.91%
[ 2018-10-16 23:36:46,273][kfold_wrapper.log_eval_metrics] Accuracy(layer_4 - estimator_1 - 5_folds.train_cv.predict)=99.88%
[ 2018-10-16 23:36:46,468][kfold_wrapper.log_eval_metrics] Accuracy(layer_4 - estimator_2 - 5_folds.train_0.predict)=99.98%
[ 2018-10-16 23:36:46,635][kfold_wrapper.log_eval_metrics] Accuracy(layer_4 - estimator_2 - 5_folds.train_1.predict)=99.81%
[ 2018-10-16 23:36:46,792][kfold_wrapper.log_eval_metrics] Accuracy(layer_4 - estimator_2 - 5_folds.train_2.predict)=99.87%
[ 2018-10-16 23:36:46,953][kfold_wrapper.log_eval_metrics] Accuracy(layer_4 - estimator_2 - 5_folds.train_3.predict)=99.89%
[ 2018-10-16 23:36:47,148][kfold_wrapper.log_eval_metrics] Accuracy(layer_4 - estimator_2 - 5_folds.train_4.predict)=99.87%
[ 2018-10-16 23:36:47,149][kfold_wrapper.log_eval_metrics] Accuracy(layer_4 - estimator_2 - 5_folds.train_cv.predict)=99.88%
[ 2018-10-16 23:36:47,150][cascade_classifier.calc_accuracy] Accuracy(layer_4 - train.classifier_average)=99.88%
[ 2018-10-16 23:36:47,152][cascade_classifier.fit_transform] [layer=5] look_indexs=[0], X_cur_train.shape=(23202, 42), X_cur_test.shape=(0, 42)
[ 2018-10-16 23:36:47,378][kfold_wrapper.log_eval_metrics] Accuracy(layer_5 - estimator_0 - 5_folds.train_0.predict)=99.94%
[ 2018-10-16 23:36:47,606][kfold_wrapper.log_eval_metrics] Accuracy(layer_5 - estimator_0 - 5_folds.train_1.predict)=99.85%
[ 2018-10-16 23:36:47,834][kfold_wrapper.log_eval_metrics] Accuracy(layer_5 - estimator_0 - 5_folds.train_2.predict)=99.87%
[ 2018-10-16 23:36:48,061][kfold_wrapper.log_eval_metrics] Accuracy(layer_5 - estimator_0 - 5_folds.train_3.predict)=99.91%
[ 2018-10-16 23:36:48,291][kfold_wrapper.log_eval_metrics] Accuracy(layer_5 - estimator_0 - 5_folds.train_4.predict)=99.85%
[ 2018-10-16 23:36:48,292][kfold_wrapper.log_eval_metrics] Accuracy(layer_5 - estimator_0 - 5_folds.train_cv.predict)=99.88%
[ 2018-10-16 23:36:48,521][kfold_wrapper.log_eval_metrics] Accuracy(layer_5 - estimator_1 - 5_folds.train_0.predict)=99.89%
[ 2018-10-16 23:36:48,746][kfold_wrapper.log_eval_metrics] Accuracy(layer_5 - estimator_1 - 5_folds.train_1.predict)=99.89%
[ 2018-10-16 23:36:48,971][kfold_wrapper.log_eval_metrics] Accuracy(layer_5 - estimator_1 - 5_folds.train_2.predict)=99.94%
[ 2018-10-16 23:36:49,199][kfold_wrapper.log_eval_metrics] Accuracy(layer_5 - estimator_1 - 5_folds.train_3.predict)=99.83%
[ 2018-10-16 23:36:49,422][kfold_wrapper.log_eval_metrics] Accuracy(layer_5 - estimator_1 - 5_folds.train_4.predict)=99.83%
[ 2018-10-16 23:36:49,424][kfold_wrapper.log_eval_metrics] Accuracy(layer_5 - estimator_1 - 5_folds.train_cv.predict)=99.88%
[ 2018-10-16 23:36:49,623][kfold_wrapper.log_eval_metrics] Accuracy(layer_5 - estimator_2 - 5_folds.train_0.predict)=99.85%
[ 2018-10-16 23:36:49,783][kfold_wrapper.log_eval_metrics] Accuracy(layer_5 - estimator_2 - 5_folds.train_1.predict)=99.87%
[ 2018-10-16 23:36:49,959][kfold_wrapper.log_eval_metrics] Accuracy(layer_5 - estimator_2 - 5_folds.train_2.predict)=99.83%
[ 2018-10-16 23:36:50,139][kfold_wrapper.log_eval_metrics] Accuracy(layer_5 - estimator_2 - 5_folds.train_3.predict)=99.89%
[ 2018-10-16 23:36:50,289][kfold_wrapper.log_eval_metrics] Accuracy(layer_5 - estimator_2 - 5_folds.train_4.predict)=99.87%
[ 2018-10-16 23:36:50,290][kfold_wrapper.log_eval_metrics] Accuracy(layer_5 - estimator_2 - 5_folds.train_cv.predict)=99.86%
[ 2018-10-16 23:36:50,291][cascade_classifier.calc_accuracy] Accuracy(layer_5 - train.classifier_average)=99.88%
[ 2018-10-16 23:36:50,291][cascade_classifier.fit_transform] [Result][Optimal Level Detected] opt_layer_num=3, accuracy_train=99.88%, accuracy_test=0.00%
[ 2018-10-16 23:36:50,323][cascade_classifier.transform] X_groups_test.shape=[(11428, 36)]
[ 2018-10-16 23:36:50,324][cascade_classifier.transform] group_dims=[36]
[ 2018-10-16 23:36:50,324][cascade_classifier.transform] X_test.shape=(11428, 36)
[ 2018-10-16 23:36:50,326][cascade_classifier.transform] [layer=0] look_indexs=[0], X_cur_test.shape=(11428, 36)
[ 2018-10-16 23:36:51,402][cascade_classifier.transform] [layer=1] look_indexs=[0], X_cur_test.shape=(11428, 42)
[ 2018-10-16 23:36:52,467][cascade_classifier.transform] [layer=2] look_indexs=[0], X_cur_test.shape=(11428, 42)
[ 2018-10-16 23:36:53,784][cascade_classifier.transform] X_groups_test.shape=[(34891, 36)]
[ 2018-10-16 23:36:53,786][cascade_classifier.transform] group_dims=[36]
[ 2018-10-16 23:36:53,786][cascade_classifier.transform] X_test.shape=(34891, 36)
[ 2018-10-16 23:36:53,791][cascade_classifier.transform] [layer=0] look_indexs=[0], X_cur_test.shape=(34891, 36)
[ 2018-10-16 23:36:54,887][cascade_classifier.transform] [layer=1] look_indexs=[0], X_cur_test.shape=(34891, 42)
[ 2018-10-16 23:36:55,982][cascade_classifier.transform] [layer=2] look_indexs=[0], X_cur_test.shape=(34891, 42)
