[ 2018-10-16 23:49:20,044][cascade_classifier.fit_transform] X_groups_train.shape=[(183264, 9)],y_train.shape=(183264,),X_groups_test.shape=no_test,y_test.shape=no_test
[ 2018-10-16 23:49:20,046][cascade_classifier.fit_transform] group_dims=[9]
[ 2018-10-16 23:49:20,046][cascade_classifier.fit_transform] group_starts=[0]
[ 2018-10-16 23:49:20,046][cascade_classifier.fit_transform] group_ends=[9]
[ 2018-10-16 23:49:20,046][cascade_classifier.fit_transform] X_train.shape=(183264, 9),X_test.shape=(0, 9)
[ 2018-10-16 23:49:20,058][cascade_classifier.fit_transform] [layer=0] look_indexs=[0], X_cur_train.shape=(183264, 9), X_cur_test.shape=(0, 9)
[ 2018-10-16 23:49:21,051][kfold_wrapper.log_eval_metrics] Accuracy(layer_0 - estimator_0 - 5_folds.train_0.predict)=99.97%
[ 2018-10-16 23:49:21,911][kfold_wrapper.log_eval_metrics] Accuracy(layer_0 - estimator_0 - 5_folds.train_1.predict)=99.98%
[ 2018-10-16 23:49:22,775][kfold_wrapper.log_eval_metrics] Accuracy(layer_0 - estimator_0 - 5_folds.train_2.predict)=99.98%
[ 2018-10-16 23:49:23,728][kfold_wrapper.log_eval_metrics] Accuracy(layer_0 - estimator_0 - 5_folds.train_3.predict)=99.99%
[ 2018-10-16 23:49:24,688][kfold_wrapper.log_eval_metrics] Accuracy(layer_0 - estimator_0 - 5_folds.train_4.predict)=99.99%
[ 2018-10-16 23:49:24,692][kfold_wrapper.log_eval_metrics] Accuracy(layer_0 - estimator_0 - 5_folds.train_cv.predict)=99.98%
[ 2018-10-16 23:49:25,191][kfold_wrapper.log_eval_metrics] Accuracy(layer_0 - estimator_1 - 5_folds.train_0.predict)=99.98%
[ 2018-10-16 23:49:25,744][kfold_wrapper.log_eval_metrics] Accuracy(layer_0 - estimator_1 - 5_folds.train_1.predict)=99.99%
[ 2018-10-16 23:49:26,298][kfold_wrapper.log_eval_metrics] Accuracy(layer_0 - estimator_1 - 5_folds.train_2.predict)=99.98%
[ 2018-10-16 23:49:26,850][kfold_wrapper.log_eval_metrics] Accuracy(layer_0 - estimator_1 - 5_folds.train_3.predict)=99.99%
[ 2018-10-16 23:49:27,398][kfold_wrapper.log_eval_metrics] Accuracy(layer_0 - estimator_1 - 5_folds.train_4.predict)=99.99%
[ 2018-10-16 23:49:27,403][kfold_wrapper.log_eval_metrics] Accuracy(layer_0 - estimator_1 - 5_folds.train_cv.predict)=99.98%
[ 2018-10-16 23:49:27,778][kfold_wrapper.log_eval_metrics] Accuracy(layer_0 - estimator_2 - 5_folds.train_0.predict)=81.81%
[ 2018-10-16 23:49:28,088][kfold_wrapper.log_eval_metrics] Accuracy(layer_0 - estimator_2 - 5_folds.train_1.predict)=82.05%
[ 2018-10-16 23:49:28,391][kfold_wrapper.log_eval_metrics] Accuracy(layer_0 - estimator_2 - 5_folds.train_2.predict)=82.24%
[ 2018-10-16 23:49:28,693][kfold_wrapper.log_eval_metrics] Accuracy(layer_0 - estimator_2 - 5_folds.train_3.predict)=81.98%
[ 2018-10-16 23:49:29,002][kfold_wrapper.log_eval_metrics] Accuracy(layer_0 - estimator_2 - 5_folds.train_4.predict)=82.09%
[ 2018-10-16 23:49:29,005][kfold_wrapper.log_eval_metrics] Accuracy(layer_0 - estimator_2 - 5_folds.train_cv.predict)=82.03%
[ 2018-10-16 23:49:29,009][cascade_classifier.calc_accuracy] Accuracy(layer_0 - train.classifier_average)=99.98%
[ 2018-10-16 23:49:29,028][cascade_classifier.fit_transform] [layer=1] look_indexs=[0], X_cur_train.shape=(183264, 15), X_cur_test.shape=(0, 15)
[ 2018-10-16 23:49:29,742][kfold_wrapper.log_eval_metrics] Accuracy(layer_1 - estimator_0 - 5_folds.train_0.predict)=99.99%
[ 2018-10-16 23:49:30,301][kfold_wrapper.log_eval_metrics] Accuracy(layer_1 - estimator_0 - 5_folds.train_1.predict)=99.99%
[ 2018-10-16 23:49:30,861][kfold_wrapper.log_eval_metrics] Accuracy(layer_1 - estimator_0 - 5_folds.train_2.predict)=100.00%
[ 2018-10-16 23:49:31,511][kfold_wrapper.log_eval_metrics] Accuracy(layer_1 - estimator_0 - 5_folds.train_3.predict)=99.98%
[ 2018-10-16 23:49:32,172][kfold_wrapper.log_eval_metrics] Accuracy(layer_1 - estimator_0 - 5_folds.train_4.predict)=99.99%
[ 2018-10-16 23:49:32,176][kfold_wrapper.log_eval_metrics] Accuracy(layer_1 - estimator_0 - 5_folds.train_cv.predict)=99.99%
[ 2018-10-16 23:49:32,594][kfold_wrapper.log_eval_metrics] Accuracy(layer_1 - estimator_1 - 5_folds.train_0.predict)=99.99%
[ 2018-10-16 23:49:32,951][kfold_wrapper.log_eval_metrics] Accuracy(layer_1 - estimator_1 - 5_folds.train_1.predict)=99.99%
[ 2018-10-16 23:49:33,298][kfold_wrapper.log_eval_metrics] Accuracy(layer_1 - estimator_1 - 5_folds.train_2.predict)=99.99%
[ 2018-10-16 23:49:33,645][kfold_wrapper.log_eval_metrics] Accuracy(layer_1 - estimator_1 - 5_folds.train_3.predict)=99.99%
[ 2018-10-16 23:49:34,003][kfold_wrapper.log_eval_metrics] Accuracy(layer_1 - estimator_1 - 5_folds.train_4.predict)=99.99%
[ 2018-10-16 23:49:34,007][kfold_wrapper.log_eval_metrics] Accuracy(layer_1 - estimator_1 - 5_folds.train_cv.predict)=99.99%
[ 2018-10-16 23:49:34,679][kfold_wrapper.log_eval_metrics] Accuracy(layer_1 - estimator_2 - 5_folds.train_0.predict)=99.98%
[ 2018-10-16 23:49:35,291][kfold_wrapper.log_eval_metrics] Accuracy(layer_1 - estimator_2 - 5_folds.train_1.predict)=100.00%
[ 2018-10-16 23:49:35,916][kfold_wrapper.log_eval_metrics] Accuracy(layer_1 - estimator_2 - 5_folds.train_2.predict)=99.99%
[ 2018-10-16 23:49:36,518][kfold_wrapper.log_eval_metrics] Accuracy(layer_1 - estimator_2 - 5_folds.train_3.predict)=99.99%
[ 2018-10-16 23:49:37,142][kfold_wrapper.log_eval_metrics] Accuracy(layer_1 - estimator_2 - 5_folds.train_4.predict)=100.00%
[ 2018-10-16 23:49:37,145][kfold_wrapper.log_eval_metrics] Accuracy(layer_1 - estimator_2 - 5_folds.train_cv.predict)=99.99%
[ 2018-10-16 23:49:37,150][cascade_classifier.calc_accuracy] Accuracy(layer_1 - train.classifier_average)=99.99%
[ 2018-10-16 23:49:37,160][cascade_classifier.fit_transform] [layer=2] look_indexs=[0], X_cur_train.shape=(183264, 15), X_cur_test.shape=(0, 15)
[ 2018-10-16 23:49:37,666][kfold_wrapper.log_eval_metrics] Accuracy(layer_2 - estimator_0 - 5_folds.train_0.predict)=99.99%
[ 2018-10-16 23:49:38,115][kfold_wrapper.log_eval_metrics] Accuracy(layer_2 - estimator_0 - 5_folds.train_1.predict)=99.99%
[ 2018-10-16 23:49:38,675][kfold_wrapper.log_eval_metrics] Accuracy(layer_2 - estimator_0 - 5_folds.train_2.predict)=99.99%
[ 2018-10-16 23:49:39,144][kfold_wrapper.log_eval_metrics] Accuracy(layer_2 - estimator_0 - 5_folds.train_3.predict)=99.99%
[ 2018-10-16 23:49:39,596][kfold_wrapper.log_eval_metrics] Accuracy(layer_2 - estimator_0 - 5_folds.train_4.predict)=99.98%
[ 2018-10-16 23:49:39,600][kfold_wrapper.log_eval_metrics] Accuracy(layer_2 - estimator_0 - 5_folds.train_cv.predict)=99.99%
[ 2018-10-16 23:49:40,115][kfold_wrapper.log_eval_metrics] Accuracy(layer_2 - estimator_1 - 5_folds.train_0.predict)=99.99%
[ 2018-10-16 23:49:40,464][kfold_wrapper.log_eval_metrics] Accuracy(layer_2 - estimator_1 - 5_folds.train_1.predict)=99.98%
[ 2018-10-16 23:49:40,812][kfold_wrapper.log_eval_metrics] Accuracy(layer_2 - estimator_1 - 5_folds.train_2.predict)=100.00%
[ 2018-10-16 23:49:41,161][kfold_wrapper.log_eval_metrics] Accuracy(layer_2 - estimator_1 - 5_folds.train_3.predict)=99.99%
[ 2018-10-16 23:49:41,509][kfold_wrapper.log_eval_metrics] Accuracy(layer_2 - estimator_1 - 5_folds.train_4.predict)=99.98%
[ 2018-10-16 23:49:41,513][kfold_wrapper.log_eval_metrics] Accuracy(layer_2 - estimator_1 - 5_folds.train_cv.predict)=99.99%
[ 2018-10-16 23:49:42,098][kfold_wrapper.log_eval_metrics] Accuracy(layer_2 - estimator_2 - 5_folds.train_0.predict)=99.98%
[ 2018-10-16 23:49:42,638][kfold_wrapper.log_eval_metrics] Accuracy(layer_2 - estimator_2 - 5_folds.train_1.predict)=99.99%
[ 2018-10-16 23:49:43,208][kfold_wrapper.log_eval_metrics] Accuracy(layer_2 - estimator_2 - 5_folds.train_2.predict)=99.99%
[ 2018-10-16 23:49:43,753][kfold_wrapper.log_eval_metrics] Accuracy(layer_2 - estimator_2 - 5_folds.train_3.predict)=99.99%
[ 2018-10-16 23:49:44,294][kfold_wrapper.log_eval_metrics] Accuracy(layer_2 - estimator_2 - 5_folds.train_4.predict)=99.98%
[ 2018-10-16 23:49:44,296][kfold_wrapper.log_eval_metrics] Accuracy(layer_2 - estimator_2 - 5_folds.train_cv.predict)=99.99%
[ 2018-10-16 23:49:44,302][cascade_classifier.calc_accuracy] Accuracy(layer_2 - train.classifier_average)=99.99%
[ 2018-10-16 23:49:44,311][cascade_classifier.fit_transform] [layer=3] look_indexs=[0], X_cur_train.shape=(183264, 15), X_cur_test.shape=(0, 15)
[ 2018-10-16 23:49:44,829][kfold_wrapper.log_eval_metrics] Accuracy(layer_3 - estimator_0 - 5_folds.train_0.predict)=99.99%
[ 2018-10-16 23:49:45,389][kfold_wrapper.log_eval_metrics] Accuracy(layer_3 - estimator_0 - 5_folds.train_1.predict)=99.98%
[ 2018-10-16 23:49:45,840][kfold_wrapper.log_eval_metrics] Accuracy(layer_3 - estimator_0 - 5_folds.train_2.predict)=99.99%
[ 2018-10-16 23:49:46,392][kfold_wrapper.log_eval_metrics] Accuracy(layer_3 - estimator_0 - 5_folds.train_3.predict)=99.99%
[ 2018-10-16 23:49:46,941][kfold_wrapper.log_eval_metrics] Accuracy(layer_3 - estimator_0 - 5_folds.train_4.predict)=99.99%
[ 2018-10-16 23:49:46,944][kfold_wrapper.log_eval_metrics] Accuracy(layer_3 - estimator_0 - 5_folds.train_cv.predict)=99.99%
[ 2018-10-16 23:49:47,379][kfold_wrapper.log_eval_metrics] Accuracy(layer_3 - estimator_1 - 5_folds.train_0.predict)=99.98%
[ 2018-10-16 23:49:47,834][kfold_wrapper.log_eval_metrics] Accuracy(layer_3 - estimator_1 - 5_folds.train_1.predict)=99.99%
[ 2018-10-16 23:49:48,285][kfold_wrapper.log_eval_metrics] Accuracy(layer_3 - estimator_1 - 5_folds.train_2.predict)=99.99%
[ 2018-10-16 23:49:48,737][kfold_wrapper.log_eval_metrics] Accuracy(layer_3 - estimator_1 - 5_folds.train_3.predict)=99.99%
[ 2018-10-16 23:49:49,189][kfold_wrapper.log_eval_metrics] Accuracy(layer_3 - estimator_1 - 5_folds.train_4.predict)=100.00%
[ 2018-10-16 23:49:49,193][kfold_wrapper.log_eval_metrics] Accuracy(layer_3 - estimator_1 - 5_folds.train_cv.predict)=99.99%
[ 2018-10-16 23:49:49,768][kfold_wrapper.log_eval_metrics] Accuracy(layer_3 - estimator_2 - 5_folds.train_0.predict)=99.99%
[ 2018-10-16 23:49:50,306][kfold_wrapper.log_eval_metrics] Accuracy(layer_3 - estimator_2 - 5_folds.train_1.predict)=99.98%
[ 2018-10-16 23:49:50,820][kfold_wrapper.log_eval_metrics] Accuracy(layer_3 - estimator_2 - 5_folds.train_2.predict)=99.99%
[ 2018-10-16 23:49:51,321][kfold_wrapper.log_eval_metrics] Accuracy(layer_3 - estimator_2 - 5_folds.train_3.predict)=100.00%
[ 2018-10-16 23:49:51,828][kfold_wrapper.log_eval_metrics] Accuracy(layer_3 - estimator_2 - 5_folds.train_4.predict)=99.99%
[ 2018-10-16 23:49:51,831][kfold_wrapper.log_eval_metrics] Accuracy(layer_3 - estimator_2 - 5_folds.train_cv.predict)=99.99%
[ 2018-10-16 23:49:51,836][cascade_classifier.calc_accuracy] Accuracy(layer_3 - train.classifier_average)=99.99%
[ 2018-10-16 23:49:51,845][cascade_classifier.fit_transform] [layer=4] look_indexs=[0], X_cur_train.shape=(183264, 15), X_cur_test.shape=(0, 15)
[ 2018-10-16 23:49:52,460][kfold_wrapper.log_eval_metrics] Accuracy(layer_4 - estimator_0 - 5_folds.train_0.predict)=99.99%
[ 2018-10-16 23:49:52,919][kfold_wrapper.log_eval_metrics] Accuracy(layer_4 - estimator_0 - 5_folds.train_1.predict)=99.98%
[ 2018-10-16 23:49:53,475][kfold_wrapper.log_eval_metrics] Accuracy(layer_4 - estimator_0 - 5_folds.train_2.predict)=99.99%
[ 2018-10-16 23:49:54,050][kfold_wrapper.log_eval_metrics] Accuracy(layer_4 - estimator_0 - 5_folds.train_3.predict)=99.99%
[ 2018-10-16 23:49:54,715][kfold_wrapper.log_eval_metrics] Accuracy(layer_4 - estimator_0 - 5_folds.train_4.predict)=99.99%
[ 2018-10-16 23:49:54,719][kfold_wrapper.log_eval_metrics] Accuracy(layer_4 - estimator_0 - 5_folds.train_cv.predict)=99.99%
[ 2018-10-16 23:49:55,411][kfold_wrapper.log_eval_metrics] Accuracy(layer_4 - estimator_1 - 5_folds.train_0.predict)=99.99%
[ 2018-10-16 23:49:55,987][kfold_wrapper.log_eval_metrics] Accuracy(layer_4 - estimator_1 - 5_folds.train_1.predict)=99.99%
[ 2018-10-16 23:49:56,552][kfold_wrapper.log_eval_metrics] Accuracy(layer_4 - estimator_1 - 5_folds.train_2.predict)=99.99%
[ 2018-10-16 23:49:57,017][kfold_wrapper.log_eval_metrics] Accuracy(layer_4 - estimator_1 - 5_folds.train_3.predict)=99.98%
[ 2018-10-16 23:49:57,594][kfold_wrapper.log_eval_metrics] Accuracy(layer_4 - estimator_1 - 5_folds.train_4.predict)=99.99%
[ 2018-10-16 23:49:57,598][kfold_wrapper.log_eval_metrics] Accuracy(layer_4 - estimator_1 - 5_folds.train_cv.predict)=99.99%
[ 2018-10-16 23:49:58,259][kfold_wrapper.log_eval_metrics] Accuracy(layer_4 - estimator_2 - 5_folds.train_0.predict)=99.99%
[ 2018-10-16 23:49:58,810][kfold_wrapper.log_eval_metrics] Accuracy(layer_4 - estimator_2 - 5_folds.train_1.predict)=99.99%
[ 2018-10-16 23:49:59,435][kfold_wrapper.log_eval_metrics] Accuracy(layer_4 - estimator_2 - 5_folds.train_2.predict)=99.99%
[ 2018-10-16 23:49:59,994][kfold_wrapper.log_eval_metrics] Accuracy(layer_4 - estimator_2 - 5_folds.train_3.predict)=100.00%
[ 2018-10-16 23:50:00,541][kfold_wrapper.log_eval_metrics] Accuracy(layer_4 - estimator_2 - 5_folds.train_4.predict)=99.98%
[ 2018-10-16 23:50:00,543][kfold_wrapper.log_eval_metrics] Accuracy(layer_4 - estimator_2 - 5_folds.train_cv.predict)=99.99%
[ 2018-10-16 23:50:00,549][cascade_classifier.calc_accuracy] Accuracy(layer_4 - train.classifier_average)=99.99%
[ 2018-10-16 23:50:00,549][cascade_classifier.fit_transform] [Result][Optimal Level Detected] opt_layer_num=2, accuracy_train=99.99%, accuracy_test=0.00%
[ 2018-10-16 23:50:00,651][cascade_classifier.transform] X_groups_test.shape=[(45712, 9)]
[ 2018-10-16 23:50:00,652][cascade_classifier.transform] group_dims=[9]
[ 2018-10-16 23:50:00,652][cascade_classifier.transform] X_test.shape=(45712, 9)
[ 2018-10-16 23:50:00,654][cascade_classifier.transform] [layer=0] look_indexs=[0], X_cur_test.shape=(45712, 9)
[ 2018-10-16 23:50:01,737][cascade_classifier.transform] [layer=1] look_indexs=[0], X_cur_test.shape=(45712, 15)
[ 2018-10-16 23:50:04,265][cascade_classifier.transform] X_groups_test.shape=[(139566, 9)]
[ 2018-10-16 23:50:04,267][cascade_classifier.transform] group_dims=[9]
[ 2018-10-16 23:50:04,267][cascade_classifier.transform] X_test.shape=(139566, 9)
[ 2018-10-16 23:50:04,269][cascade_classifier.transform] [layer=0] look_indexs=[0], X_cur_test.shape=(139566, 9)
[ 2018-10-16 23:50:05,413][cascade_classifier.transform] [layer=1] look_indexs=[0], X_cur_test.shape=(139566, 15)
[ 2018-10-16 23:50:07,230][cascade_classifier.fit_transform] X_groups_train.shape=[(18561, 45)],y_train.shape=(18561,),X_groups_test.shape=no_test,y_test.shape=no_test
[ 2018-10-16 23:50:07,237][cascade_classifier.fit_transform] group_dims=[45]
[ 2018-10-16 23:50:07,237][cascade_classifier.fit_transform] group_starts=[0]
[ 2018-10-16 23:50:07,237][cascade_classifier.fit_transform] group_ends=[45]
[ 2018-10-16 23:50:07,237][cascade_classifier.fit_transform] X_train.shape=(18561, 45),X_test.shape=(0, 45)
[ 2018-10-16 23:50:07,239][cascade_classifier.fit_transform] [layer=0] look_indexs=[0], X_cur_train.shape=(18561, 45), X_cur_test.shape=(0, 45)
[ 2018-10-16 23:50:07,574][kfold_wrapper.log_eval_metrics] Accuracy(layer_0 - estimator_0 - 5_folds.train_0.predict)=99.60%
[ 2018-10-16 23:50:07,909][kfold_wrapper.log_eval_metrics] Accuracy(layer_0 - estimator_0 - 5_folds.train_1.predict)=99.65%
[ 2018-10-16 23:50:08,237][kfold_wrapper.log_eval_metrics] Accuracy(layer_0 - estimator_0 - 5_folds.train_2.predict)=99.70%
[ 2018-10-16 23:50:08,575][kfold_wrapper.log_eval_metrics] Accuracy(layer_0 - estimator_0 - 5_folds.train_3.predict)=99.81%
[ 2018-10-16 23:50:08,910][kfold_wrapper.log_eval_metrics] Accuracy(layer_0 - estimator_0 - 5_folds.train_4.predict)=99.60%
[ 2018-10-16 23:50:08,911][kfold_wrapper.log_eval_metrics] Accuracy(layer_0 - estimator_0 - 5_folds.train_cv.predict)=99.67%
[ 2018-10-16 23:50:09,149][kfold_wrapper.log_eval_metrics] Accuracy(layer_0 - estimator_1 - 5_folds.train_0.predict)=99.22%
[ 2018-10-16 23:50:09,372][kfold_wrapper.log_eval_metrics] Accuracy(layer_0 - estimator_1 - 5_folds.train_1.predict)=99.27%
[ 2018-10-16 23:50:09,591][kfold_wrapper.log_eval_metrics] Accuracy(layer_0 - estimator_1 - 5_folds.train_2.predict)=99.35%
[ 2018-10-16 23:50:09,814][kfold_wrapper.log_eval_metrics] Accuracy(layer_0 - estimator_1 - 5_folds.train_3.predict)=99.16%
[ 2018-10-16 23:50:10,038][kfold_wrapper.log_eval_metrics] Accuracy(layer_0 - estimator_1 - 5_folds.train_4.predict)=99.30%
[ 2018-10-16 23:50:10,038][kfold_wrapper.log_eval_metrics] Accuracy(layer_0 - estimator_1 - 5_folds.train_cv.predict)=99.26%
[ 2018-10-16 23:50:10,175][kfold_wrapper.log_eval_metrics] Accuracy(layer_0 - estimator_2 - 5_folds.train_0.predict)=99.46%
[ 2018-10-16 23:50:10,305][kfold_wrapper.log_eval_metrics] Accuracy(layer_0 - estimator_2 - 5_folds.train_1.predict)=99.22%
[ 2018-10-16 23:50:10,421][kfold_wrapper.log_eval_metrics] Accuracy(layer_0 - estimator_2 - 5_folds.train_2.predict)=99.30%
[ 2018-10-16 23:50:10,555][kfold_wrapper.log_eval_metrics] Accuracy(layer_0 - estimator_2 - 5_folds.train_3.predict)=99.25%
[ 2018-10-16 23:50:10,737][kfold_wrapper.log_eval_metrics] Accuracy(layer_0 - estimator_2 - 5_folds.train_4.predict)=99.06%
[ 2018-10-16 23:50:10,738][kfold_wrapper.log_eval_metrics] Accuracy(layer_0 - estimator_2 - 5_folds.train_cv.predict)=99.26%
[ 2018-10-16 23:50:10,738][cascade_classifier.calc_accuracy] Accuracy(layer_0 - train.classifier_average)=99.36%
[ 2018-10-16 23:50:10,743][cascade_classifier.fit_transform] [layer=1] look_indexs=[0], X_cur_train.shape=(18561, 51), X_cur_test.shape=(0, 51)
[ 2018-10-16 23:50:11,091][kfold_wrapper.log_eval_metrics] Accuracy(layer_1 - estimator_0 - 5_folds.train_0.predict)=99.84%
[ 2018-10-16 23:50:11,428][kfold_wrapper.log_eval_metrics] Accuracy(layer_1 - estimator_0 - 5_folds.train_1.predict)=99.76%
[ 2018-10-16 23:50:11,670][kfold_wrapper.log_eval_metrics] Accuracy(layer_1 - estimator_0 - 5_folds.train_2.predict)=99.76%
[ 2018-10-16 23:50:11,905][kfold_wrapper.log_eval_metrics] Accuracy(layer_1 - estimator_0 - 5_folds.train_3.predict)=99.81%
[ 2018-10-16 23:50:12,258][kfold_wrapper.log_eval_metrics] Accuracy(layer_1 - estimator_0 - 5_folds.train_4.predict)=99.81%
[ 2018-10-16 23:50:12,259][kfold_wrapper.log_eval_metrics] Accuracy(layer_1 - estimator_0 - 5_folds.train_cv.predict)=99.80%
[ 2018-10-16 23:50:12,502][kfold_wrapper.log_eval_metrics] Accuracy(layer_1 - estimator_1 - 5_folds.train_0.predict)=99.87%
[ 2018-10-16 23:50:12,728][kfold_wrapper.log_eval_metrics] Accuracy(layer_1 - estimator_1 - 5_folds.train_1.predict)=99.81%
[ 2018-10-16 23:50:12,958][kfold_wrapper.log_eval_metrics] Accuracy(layer_1 - estimator_1 - 5_folds.train_2.predict)=99.76%
[ 2018-10-16 23:50:13,182][kfold_wrapper.log_eval_metrics] Accuracy(layer_1 - estimator_1 - 5_folds.train_3.predict)=99.84%
[ 2018-10-16 23:50:13,404][kfold_wrapper.log_eval_metrics] Accuracy(layer_1 - estimator_1 - 5_folds.train_4.predict)=99.84%
[ 2018-10-16 23:50:13,405][kfold_wrapper.log_eval_metrics] Accuracy(layer_1 - estimator_1 - 5_folds.train_cv.predict)=99.82%
[ 2018-10-16 23:50:13,649][kfold_wrapper.log_eval_metrics] Accuracy(layer_1 - estimator_2 - 5_folds.train_0.predict)=99.70%
[ 2018-10-16 23:50:13,820][kfold_wrapper.log_eval_metrics] Accuracy(layer_1 - estimator_2 - 5_folds.train_1.predict)=99.78%
[ 2018-10-16 23:50:14,021][kfold_wrapper.log_eval_metrics] Accuracy(layer_1 - estimator_2 - 5_folds.train_2.predict)=99.70%
[ 2018-10-16 23:50:14,252][kfold_wrapper.log_eval_metrics] Accuracy(layer_1 - estimator_2 - 5_folds.train_3.predict)=99.78%
[ 2018-10-16 23:50:14,473][kfold_wrapper.log_eval_metrics] Accuracy(layer_1 - estimator_2 - 5_folds.train_4.predict)=99.65%
[ 2018-10-16 23:50:14,474][kfold_wrapper.log_eval_metrics] Accuracy(layer_1 - estimator_2 - 5_folds.train_cv.predict)=99.73%
[ 2018-10-16 23:50:14,474][cascade_classifier.calc_accuracy] Accuracy(layer_1 - train.classifier_average)=99.81%
[ 2018-10-16 23:50:14,478][cascade_classifier.fit_transform] [layer=2] look_indexs=[0], X_cur_train.shape=(18561, 51), X_cur_test.shape=(0, 51)
[ 2018-10-16 23:50:14,700][kfold_wrapper.log_eval_metrics] Accuracy(layer_2 - estimator_0 - 5_folds.train_0.predict)=99.70%
[ 2018-10-16 23:50:14,931][kfold_wrapper.log_eval_metrics] Accuracy(layer_2 - estimator_0 - 5_folds.train_1.predict)=99.76%
[ 2018-10-16 23:50:15,153][kfold_wrapper.log_eval_metrics] Accuracy(layer_2 - estimator_0 - 5_folds.train_2.predict)=99.89%
[ 2018-10-16 23:50:15,373][kfold_wrapper.log_eval_metrics] Accuracy(layer_2 - estimator_0 - 5_folds.train_3.predict)=99.81%
[ 2018-10-16 23:50:15,595][kfold_wrapper.log_eval_metrics] Accuracy(layer_2 - estimator_0 - 5_folds.train_4.predict)=99.84%
[ 2018-10-16 23:50:15,596][kfold_wrapper.log_eval_metrics] Accuracy(layer_2 - estimator_0 - 5_folds.train_cv.predict)=99.80%
[ 2018-10-16 23:50:15,826][kfold_wrapper.log_eval_metrics] Accuracy(layer_2 - estimator_1 - 5_folds.train_0.predict)=99.68%
[ 2018-10-16 23:50:16,060][kfold_wrapper.log_eval_metrics] Accuracy(layer_2 - estimator_1 - 5_folds.train_1.predict)=99.95%
[ 2018-10-16 23:50:16,289][kfold_wrapper.log_eval_metrics] Accuracy(layer_2 - estimator_1 - 5_folds.train_2.predict)=99.84%
[ 2018-10-16 23:50:16,540][kfold_wrapper.log_eval_metrics] Accuracy(layer_2 - estimator_1 - 5_folds.train_3.predict)=99.76%
[ 2018-10-16 23:50:16,773][kfold_wrapper.log_eval_metrics] Accuracy(layer_2 - estimator_1 - 5_folds.train_4.predict)=99.81%
[ 2018-10-16 23:50:16,773][kfold_wrapper.log_eval_metrics] Accuracy(layer_2 - estimator_1 - 5_folds.train_cv.predict)=99.81%
[ 2018-10-16 23:50:17,004][kfold_wrapper.log_eval_metrics] Accuracy(layer_2 - estimator_2 - 5_folds.train_0.predict)=99.76%
[ 2018-10-16 23:50:17,239][kfold_wrapper.log_eval_metrics] Accuracy(layer_2 - estimator_2 - 5_folds.train_1.predict)=99.76%
[ 2018-10-16 23:50:17,428][kfold_wrapper.log_eval_metrics] Accuracy(layer_2 - estimator_2 - 5_folds.train_2.predict)=99.87%
[ 2018-10-16 23:50:17,599][kfold_wrapper.log_eval_metrics] Accuracy(layer_2 - estimator_2 - 5_folds.train_3.predict)=99.76%
[ 2018-10-16 23:50:17,796][kfold_wrapper.log_eval_metrics] Accuracy(layer_2 - estimator_2 - 5_folds.train_4.predict)=99.76%
[ 2018-10-16 23:50:17,797][kfold_wrapper.log_eval_metrics] Accuracy(layer_2 - estimator_2 - 5_folds.train_cv.predict)=99.78%
[ 2018-10-16 23:50:17,797][cascade_classifier.calc_accuracy] Accuracy(layer_2 - train.classifier_average)=99.82%
[ 2018-10-16 23:50:17,800][cascade_classifier.fit_transform] [layer=3] look_indexs=[0], X_cur_train.shape=(18561, 51), X_cur_test.shape=(0, 51)
[ 2018-10-16 23:50:18,023][kfold_wrapper.log_eval_metrics] Accuracy(layer_3 - estimator_0 - 5_folds.train_0.predict)=99.84%
[ 2018-10-16 23:50:18,247][kfold_wrapper.log_eval_metrics] Accuracy(layer_3 - estimator_0 - 5_folds.train_1.predict)=99.68%
[ 2018-10-16 23:50:18,582][kfold_wrapper.log_eval_metrics] Accuracy(layer_3 - estimator_0 - 5_folds.train_2.predict)=99.84%
[ 2018-10-16 23:50:18,807][kfold_wrapper.log_eval_metrics] Accuracy(layer_3 - estimator_0 - 5_folds.train_3.predict)=99.84%
[ 2018-10-16 23:50:19,024][kfold_wrapper.log_eval_metrics] Accuracy(layer_3 - estimator_0 - 5_folds.train_4.predict)=99.87%
[ 2018-10-16 23:50:19,024][kfold_wrapper.log_eval_metrics] Accuracy(layer_3 - estimator_0 - 5_folds.train_cv.predict)=99.81%
[ 2018-10-16 23:50:19,259][kfold_wrapper.log_eval_metrics] Accuracy(layer_3 - estimator_1 - 5_folds.train_0.predict)=99.81%
[ 2018-10-16 23:50:19,490][kfold_wrapper.log_eval_metrics] Accuracy(layer_3 - estimator_1 - 5_folds.train_1.predict)=99.65%
[ 2018-10-16 23:50:19,834][kfold_wrapper.log_eval_metrics] Accuracy(layer_3 - estimator_1 - 5_folds.train_2.predict)=99.87%
[ 2018-10-16 23:50:20,059][kfold_wrapper.log_eval_metrics] Accuracy(layer_3 - estimator_1 - 5_folds.train_3.predict)=99.76%
[ 2018-10-16 23:50:20,289][kfold_wrapper.log_eval_metrics] Accuracy(layer_3 - estimator_1 - 5_folds.train_4.predict)=99.89%
[ 2018-10-16 23:50:20,290][kfold_wrapper.log_eval_metrics] Accuracy(layer_3 - estimator_1 - 5_folds.train_cv.predict)=99.80%
[ 2018-10-16 23:50:20,568][kfold_wrapper.log_eval_metrics] Accuracy(layer_3 - estimator_2 - 5_folds.train_0.predict)=99.89%
[ 2018-10-16 23:50:20,808][kfold_wrapper.log_eval_metrics] Accuracy(layer_3 - estimator_2 - 5_folds.train_1.predict)=99.84%
[ 2018-10-16 23:50:21,046][kfold_wrapper.log_eval_metrics] Accuracy(layer_3 - estimator_2 - 5_folds.train_2.predict)=99.84%
[ 2018-10-16 23:50:21,338][kfold_wrapper.log_eval_metrics] Accuracy(layer_3 - estimator_2 - 5_folds.train_3.predict)=99.68%
[ 2018-10-16 23:50:21,637][kfold_wrapper.log_eval_metrics] Accuracy(layer_3 - estimator_2 - 5_folds.train_4.predict)=99.70%
[ 2018-10-16 23:50:21,638][kfold_wrapper.log_eval_metrics] Accuracy(layer_3 - estimator_2 - 5_folds.train_cv.predict)=99.79%
[ 2018-10-16 23:50:21,639][cascade_classifier.calc_accuracy] Accuracy(layer_3 - train.classifier_average)=99.82%
[ 2018-10-16 23:50:21,643][cascade_classifier.fit_transform] [layer=4] look_indexs=[0], X_cur_train.shape=(18561, 51), X_cur_test.shape=(0, 51)
[ 2018-10-16 23:50:21,986][kfold_wrapper.log_eval_metrics] Accuracy(layer_4 - estimator_0 - 5_folds.train_0.predict)=99.92%
[ 2018-10-16 23:50:22,217][kfold_wrapper.log_eval_metrics] Accuracy(layer_4 - estimator_0 - 5_folds.train_1.predict)=99.81%
[ 2018-10-16 23:50:22,451][kfold_wrapper.log_eval_metrics] Accuracy(layer_4 - estimator_0 - 5_folds.train_2.predict)=99.84%
[ 2018-10-16 23:50:22,689][kfold_wrapper.log_eval_metrics] Accuracy(layer_4 - estimator_0 - 5_folds.train_3.predict)=99.73%
[ 2018-10-16 23:50:22,923][kfold_wrapper.log_eval_metrics] Accuracy(layer_4 - estimator_0 - 5_folds.train_4.predict)=99.73%
[ 2018-10-16 23:50:22,924][kfold_wrapper.log_eval_metrics] Accuracy(layer_4 - estimator_0 - 5_folds.train_cv.predict)=99.81%
[ 2018-10-16 23:50:23,160][kfold_wrapper.log_eval_metrics] Accuracy(layer_4 - estimator_1 - 5_folds.train_0.predict)=99.84%
[ 2018-10-16 23:50:23,395][kfold_wrapper.log_eval_metrics] Accuracy(layer_4 - estimator_1 - 5_folds.train_1.predict)=99.89%
[ 2018-10-16 23:50:23,622][kfold_wrapper.log_eval_metrics] Accuracy(layer_4 - estimator_1 - 5_folds.train_2.predict)=99.76%
[ 2018-10-16 23:50:23,848][kfold_wrapper.log_eval_metrics] Accuracy(layer_4 - estimator_1 - 5_folds.train_3.predict)=99.78%
[ 2018-10-16 23:50:24,077][kfold_wrapper.log_eval_metrics] Accuracy(layer_4 - estimator_1 - 5_folds.train_4.predict)=99.73%
[ 2018-10-16 23:50:24,077][kfold_wrapper.log_eval_metrics] Accuracy(layer_4 - estimator_1 - 5_folds.train_cv.predict)=99.80%
[ 2018-10-16 23:50:24,348][kfold_wrapper.log_eval_metrics] Accuracy(layer_4 - estimator_2 - 5_folds.train_0.predict)=99.73%
[ 2018-10-16 23:50:24,630][kfold_wrapper.log_eval_metrics] Accuracy(layer_4 - estimator_2 - 5_folds.train_1.predict)=99.73%
[ 2018-10-16 23:50:24,962][kfold_wrapper.log_eval_metrics] Accuracy(layer_4 - estimator_2 - 5_folds.train_2.predict)=99.84%
[ 2018-10-16 23:50:25,288][kfold_wrapper.log_eval_metrics] Accuracy(layer_4 - estimator_2 - 5_folds.train_3.predict)=99.73%
[ 2018-10-16 23:50:25,560][kfold_wrapper.log_eval_metrics] Accuracy(layer_4 - estimator_2 - 5_folds.train_4.predict)=99.84%
[ 2018-10-16 23:50:25,561][kfold_wrapper.log_eval_metrics] Accuracy(layer_4 - estimator_2 - 5_folds.train_cv.predict)=99.77%
[ 2018-10-16 23:50:25,561][cascade_classifier.calc_accuracy] Accuracy(layer_4 - train.classifier_average)=99.79%
[ 2018-10-16 23:50:25,564][cascade_classifier.fit_transform] [layer=5] look_indexs=[0], X_cur_train.shape=(18561, 51), X_cur_test.shape=(0, 51)
[ 2018-10-16 23:50:25,901][kfold_wrapper.log_eval_metrics] Accuracy(layer_5 - estimator_0 - 5_folds.train_0.predict)=99.81%
[ 2018-10-16 23:50:26,233][kfold_wrapper.log_eval_metrics] Accuracy(layer_5 - estimator_0 - 5_folds.train_1.predict)=99.87%
[ 2018-10-16 23:50:26,466][kfold_wrapper.log_eval_metrics] Accuracy(layer_5 - estimator_0 - 5_folds.train_2.predict)=99.70%
[ 2018-10-16 23:50:26,807][kfold_wrapper.log_eval_metrics] Accuracy(layer_5 - estimator_0 - 5_folds.train_3.predict)=99.81%
[ 2018-10-16 23:50:27,144][kfold_wrapper.log_eval_metrics] Accuracy(layer_5 - estimator_0 - 5_folds.train_4.predict)=99.81%
[ 2018-10-16 23:50:27,145][kfold_wrapper.log_eval_metrics] Accuracy(layer_5 - estimator_0 - 5_folds.train_cv.predict)=99.80%
[ 2018-10-16 23:50:27,381][kfold_wrapper.log_eval_metrics] Accuracy(layer_5 - estimator_1 - 5_folds.train_0.predict)=99.78%
[ 2018-10-16 23:50:27,618][kfold_wrapper.log_eval_metrics] Accuracy(layer_5 - estimator_1 - 5_folds.train_1.predict)=99.84%
[ 2018-10-16 23:50:27,844][kfold_wrapper.log_eval_metrics] Accuracy(layer_5 - estimator_1 - 5_folds.train_2.predict)=99.68%
[ 2018-10-16 23:50:28,066][kfold_wrapper.log_eval_metrics] Accuracy(layer_5 - estimator_1 - 5_folds.train_3.predict)=99.84%
[ 2018-10-16 23:50:28,304][kfold_wrapper.log_eval_metrics] Accuracy(layer_5 - estimator_1 - 5_folds.train_4.predict)=99.87%
[ 2018-10-16 23:50:28,305][kfold_wrapper.log_eval_metrics] Accuracy(layer_5 - estimator_1 - 5_folds.train_cv.predict)=99.80%
[ 2018-10-16 23:50:28,690][kfold_wrapper.log_eval_metrics] Accuracy(layer_5 - estimator_2 - 5_folds.train_0.predict)=99.73%
[ 2018-10-16 23:50:29,061][kfold_wrapper.log_eval_metrics] Accuracy(layer_5 - estimator_2 - 5_folds.train_1.predict)=99.65%
[ 2018-10-16 23:50:29,672][kfold_wrapper.log_eval_metrics] Accuracy(layer_5 - estimator_2 - 5_folds.train_2.predict)=99.78%
[ 2018-10-16 23:50:30,095][kfold_wrapper.log_eval_metrics] Accuracy(layer_5 - estimator_2 - 5_folds.train_3.predict)=99.76%
[ 2018-10-16 23:50:30,401][kfold_wrapper.log_eval_metrics] Accuracy(layer_5 - estimator_2 - 5_folds.train_4.predict)=99.89%
[ 2018-10-16 23:50:30,403][kfold_wrapper.log_eval_metrics] Accuracy(layer_5 - estimator_2 - 5_folds.train_cv.predict)=99.76%
[ 2018-10-16 23:50:30,404][cascade_classifier.calc_accuracy] Accuracy(layer_5 - train.classifier_average)=99.78%
[ 2018-10-16 23:50:30,407][cascade_classifier.fit_transform] [layer=6] look_indexs=[0], X_cur_train.shape=(18561, 51), X_cur_test.shape=(0, 51)
[ 2018-10-16 23:50:30,775][kfold_wrapper.log_eval_metrics] Accuracy(layer_6 - estimator_0 - 5_folds.train_0.predict)=99.76%
[ 2018-10-16 23:50:31,100][kfold_wrapper.log_eval_metrics] Accuracy(layer_6 - estimator_0 - 5_folds.train_1.predict)=99.70%
[ 2018-10-16 23:50:31,333][kfold_wrapper.log_eval_metrics] Accuracy(layer_6 - estimator_0 - 5_folds.train_2.predict)=99.70%
[ 2018-10-16 23:50:31,681][kfold_wrapper.log_eval_metrics] Accuracy(layer_6 - estimator_0 - 5_folds.train_3.predict)=99.84%
[ 2018-10-16 23:50:32,135][kfold_wrapper.log_eval_metrics] Accuracy(layer_6 - estimator_0 - 5_folds.train_4.predict)=99.78%
[ 2018-10-16 23:50:32,137][kfold_wrapper.log_eval_metrics] Accuracy(layer_6 - estimator_0 - 5_folds.train_cv.predict)=99.76%
[ 2018-10-16 23:50:32,379][kfold_wrapper.log_eval_metrics] Accuracy(layer_6 - estimator_1 - 5_folds.train_0.predict)=99.81%
[ 2018-10-16 23:50:32,624][kfold_wrapper.log_eval_metrics] Accuracy(layer_6 - estimator_1 - 5_folds.train_1.predict)=99.76%
[ 2018-10-16 23:50:32,858][kfold_wrapper.log_eval_metrics] Accuracy(layer_6 - estimator_1 - 5_folds.train_2.predict)=99.84%
[ 2018-10-16 23:50:33,082][kfold_wrapper.log_eval_metrics] Accuracy(layer_6 - estimator_1 - 5_folds.train_3.predict)=99.78%
[ 2018-10-16 23:50:33,307][kfold_wrapper.log_eval_metrics] Accuracy(layer_6 - estimator_1 - 5_folds.train_4.predict)=99.81%
[ 2018-10-16 23:50:33,308][kfold_wrapper.log_eval_metrics] Accuracy(layer_6 - estimator_1 - 5_folds.train_cv.predict)=99.80%
[ 2018-10-16 23:50:33,623][kfold_wrapper.log_eval_metrics] Accuracy(layer_6 - estimator_2 - 5_folds.train_0.predict)=99.78%
[ 2018-10-16 23:50:34,045][kfold_wrapper.log_eval_metrics] Accuracy(layer_6 - estimator_2 - 5_folds.train_1.predict)=99.70%
[ 2018-10-16 23:50:34,338][kfold_wrapper.log_eval_metrics] Accuracy(layer_6 - estimator_2 - 5_folds.train_2.predict)=99.81%
[ 2018-10-16 23:50:34,625][kfold_wrapper.log_eval_metrics] Accuracy(layer_6 - estimator_2 - 5_folds.train_3.predict)=99.84%
[ 2018-10-16 23:50:35,026][kfold_wrapper.log_eval_metrics] Accuracy(layer_6 - estimator_2 - 5_folds.train_4.predict)=99.62%
[ 2018-10-16 23:50:35,027][kfold_wrapper.log_eval_metrics] Accuracy(layer_6 - estimator_2 - 5_folds.train_cv.predict)=99.75%
[ 2018-10-16 23:50:35,028][cascade_classifier.calc_accuracy] Accuracy(layer_6 - train.classifier_average)=99.78%
[ 2018-10-16 23:50:35,028][cascade_classifier.fit_transform] [Result][Optimal Level Detected] opt_layer_num=4, accuracy_train=99.82%, accuracy_test=0.00%
[ 2018-10-16 23:50:35,110][cascade_classifier.transform] X_groups_test.shape=[(9142, 45)]
[ 2018-10-16 23:50:35,113][cascade_classifier.transform] group_dims=[45]
[ 2018-10-16 23:50:35,113][cascade_classifier.transform] X_test.shape=(9142, 45)
[ 2018-10-16 23:50:35,114][cascade_classifier.transform] [layer=0] look_indexs=[0], X_cur_test.shape=(9142, 45)
[ 2018-10-16 23:50:36,198][cascade_classifier.transform] [layer=1] look_indexs=[0], X_cur_test.shape=(9142, 51)
[ 2018-10-16 23:50:37,272][cascade_classifier.transform] [layer=2] look_indexs=[0], X_cur_test.shape=(9142, 51)
[ 2018-10-16 23:50:38,357][cascade_classifier.transform] [layer=3] look_indexs=[0], X_cur_test.shape=(9142, 51)
[ 2018-10-16 23:50:39,759][cascade_classifier.transform] X_groups_test.shape=[(27913, 45)]
[ 2018-10-16 23:50:39,761][cascade_classifier.transform] group_dims=[45]
[ 2018-10-16 23:50:39,761][cascade_classifier.transform] X_test.shape=(27913, 45)
[ 2018-10-16 23:50:39,770][cascade_classifier.transform] [layer=0] look_indexs=[0], X_cur_test.shape=(27913, 45)
[ 2018-10-16 23:50:40,911][cascade_classifier.transform] [layer=1] look_indexs=[0], X_cur_test.shape=(27913, 51)
[ 2018-10-16 23:50:42,065][cascade_classifier.transform] [layer=2] look_indexs=[0], X_cur_test.shape=(27913, 51)
[ 2018-10-16 23:50:43,233][cascade_classifier.transform] [layer=3] look_indexs=[0], X_cur_test.shape=(27913, 51)
