[ 2018-10-16 23:10:12,172][cascade_classifier.fit_transform] X_groups_train.shape=[(146158, 9)],y_train.shape=(146158,),X_groups_test.shape=no_test,y_test.shape=no_test
[ 2018-10-16 23:10:12,178][cascade_classifier.fit_transform] group_dims=[9]
[ 2018-10-16 23:10:12,179][cascade_classifier.fit_transform] group_starts=[0]
[ 2018-10-16 23:10:12,179][cascade_classifier.fit_transform] group_ends=[9]
[ 2018-10-16 23:10:12,179][cascade_classifier.fit_transform] X_train.shape=(146158, 9),X_test.shape=(0, 9)
[ 2018-10-16 23:10:12,189][cascade_classifier.fit_transform] [layer=0] look_indexs=[0], X_cur_train.shape=(146158, 9), X_cur_test.shape=(0, 9)
[ 2018-10-16 23:10:13,048][kfold_wrapper.log_eval_metrics] Accuracy(layer_0 - estimator_0 - 5_folds.train_0.predict)=99.99%
[ 2018-10-16 23:10:13,803][kfold_wrapper.log_eval_metrics] Accuracy(layer_0 - estimator_0 - 5_folds.train_1.predict)=99.98%
[ 2018-10-16 23:10:14,556][kfold_wrapper.log_eval_metrics] Accuracy(layer_0 - estimator_0 - 5_folds.train_2.predict)=99.98%
[ 2018-10-16 23:10:15,203][kfold_wrapper.log_eval_metrics] Accuracy(layer_0 - estimator_0 - 5_folds.train_3.predict)=99.99%
[ 2018-10-16 23:10:15,967][kfold_wrapper.log_eval_metrics] Accuracy(layer_0 - estimator_0 - 5_folds.train_4.predict)=99.99%
[ 2018-10-16 23:10:15,970][kfold_wrapper.log_eval_metrics] Accuracy(layer_0 - estimator_0 - 5_folds.train_cv.predict)=99.98%
[ 2018-10-16 23:10:16,460][kfold_wrapper.log_eval_metrics] Accuracy(layer_0 - estimator_1 - 5_folds.train_0.predict)=99.99%
[ 2018-10-16 23:10:16,904][kfold_wrapper.log_eval_metrics] Accuracy(layer_0 - estimator_1 - 5_folds.train_1.predict)=99.99%
[ 2018-10-16 23:10:17,347][kfold_wrapper.log_eval_metrics] Accuracy(layer_0 - estimator_1 - 5_folds.train_2.predict)=100.00%
[ 2018-10-16 23:10:17,790][kfold_wrapper.log_eval_metrics] Accuracy(layer_0 - estimator_1 - 5_folds.train_3.predict)=99.99%
[ 2018-10-16 23:10:18,233][kfold_wrapper.log_eval_metrics] Accuracy(layer_0 - estimator_1 - 5_folds.train_4.predict)=100.00%
[ 2018-10-16 23:10:18,237][kfold_wrapper.log_eval_metrics] Accuracy(layer_0 - estimator_1 - 5_folds.train_cv.predict)=99.99%
[ 2018-10-16 23:10:18,519][kfold_wrapper.log_eval_metrics] Accuracy(layer_0 - estimator_2 - 5_folds.train_0.predict)=78.39%
[ 2018-10-16 23:10:18,748][kfold_wrapper.log_eval_metrics] Accuracy(layer_0 - estimator_2 - 5_folds.train_1.predict)=78.52%
[ 2018-10-16 23:10:18,976][kfold_wrapper.log_eval_metrics] Accuracy(layer_0 - estimator_2 - 5_folds.train_2.predict)=79.02%
[ 2018-10-16 23:10:19,205][kfold_wrapper.log_eval_metrics] Accuracy(layer_0 - estimator_2 - 5_folds.train_3.predict)=78.21%
[ 2018-10-16 23:10:19,436][kfold_wrapper.log_eval_metrics] Accuracy(layer_0 - estimator_2 - 5_folds.train_4.predict)=79.02%
[ 2018-10-16 23:10:19,439][kfold_wrapper.log_eval_metrics] Accuracy(layer_0 - estimator_2 - 5_folds.train_cv.predict)=78.63%
[ 2018-10-16 23:10:19,442][cascade_classifier.calc_accuracy] Accuracy(layer_0 - train.classifier_average)=99.99%
[ 2018-10-16 23:10:19,456][cascade_classifier.fit_transform] [layer=1] look_indexs=[0], X_cur_train.shape=(146158, 15), X_cur_test.shape=(0, 15)
[ 2018-10-16 23:10:19,940][kfold_wrapper.log_eval_metrics] Accuracy(layer_1 - estimator_0 - 5_folds.train_0.predict)=99.99%
[ 2018-10-16 23:10:20,287][kfold_wrapper.log_eval_metrics] Accuracy(layer_1 - estimator_0 - 5_folds.train_1.predict)=100.00%
[ 2018-10-16 23:10:20,739][kfold_wrapper.log_eval_metrics] Accuracy(layer_1 - estimator_0 - 5_folds.train_2.predict)=100.00%
[ 2018-10-16 23:10:21,188][kfold_wrapper.log_eval_metrics] Accuracy(layer_1 - estimator_0 - 5_folds.train_3.predict)=99.99%
[ 2018-10-16 23:10:21,628][kfold_wrapper.log_eval_metrics] Accuracy(layer_1 - estimator_0 - 5_folds.train_4.predict)=99.99%
[ 2018-10-16 23:10:21,631][kfold_wrapper.log_eval_metrics] Accuracy(layer_1 - estimator_0 - 5_folds.train_cv.predict)=99.99%
[ 2018-10-16 23:10:21,913][kfold_wrapper.log_eval_metrics] Accuracy(layer_1 - estimator_1 - 5_folds.train_0.predict)=99.99%
[ 2018-10-16 23:10:22,148][kfold_wrapper.log_eval_metrics] Accuracy(layer_1 - estimator_1 - 5_folds.train_1.predict)=99.99%
[ 2018-10-16 23:10:22,388][kfold_wrapper.log_eval_metrics] Accuracy(layer_1 - estimator_1 - 5_folds.train_2.predict)=99.99%
[ 2018-10-16 23:10:22,625][kfold_wrapper.log_eval_metrics] Accuracy(layer_1 - estimator_1 - 5_folds.train_3.predict)=99.99%
[ 2018-10-16 23:10:22,867][kfold_wrapper.log_eval_metrics] Accuracy(layer_1 - estimator_1 - 5_folds.train_4.predict)=100.00%
[ 2018-10-16 23:10:22,870][kfold_wrapper.log_eval_metrics] Accuracy(layer_1 - estimator_1 - 5_folds.train_cv.predict)=99.99%
[ 2018-10-16 23:10:23,390][kfold_wrapper.log_eval_metrics] Accuracy(layer_1 - estimator_2 - 5_folds.train_0.predict)=100.00%
[ 2018-10-16 23:10:23,822][kfold_wrapper.log_eval_metrics] Accuracy(layer_1 - estimator_2 - 5_folds.train_1.predict)=100.00%
[ 2018-10-16 23:10:24,237][kfold_wrapper.log_eval_metrics] Accuracy(layer_1 - estimator_2 - 5_folds.train_2.predict)=99.99%
[ 2018-10-16 23:10:24,673][kfold_wrapper.log_eval_metrics] Accuracy(layer_1 - estimator_2 - 5_folds.train_3.predict)=100.00%
[ 2018-10-16 23:10:25,118][kfold_wrapper.log_eval_metrics] Accuracy(layer_1 - estimator_2 - 5_folds.train_4.predict)=99.99%
[ 2018-10-16 23:10:25,120][kfold_wrapper.log_eval_metrics] Accuracy(layer_1 - estimator_2 - 5_folds.train_cv.predict)=100.00%
[ 2018-10-16 23:10:25,125][cascade_classifier.calc_accuracy] Accuracy(layer_1 - train.classifier_average)=100.00%
[ 2018-10-16 23:10:25,132][cascade_classifier.fit_transform] [layer=2] look_indexs=[0], X_cur_train.shape=(146158, 15), X_cur_test.shape=(0, 15)
[ 2018-10-16 23:10:25,513][kfold_wrapper.log_eval_metrics] Accuracy(layer_2 - estimator_0 - 5_folds.train_0.predict)=100.00%
[ 2018-10-16 23:10:25,854][kfold_wrapper.log_eval_metrics] Accuracy(layer_2 - estimator_0 - 5_folds.train_1.predict)=99.99%
[ 2018-10-16 23:10:26,202][kfold_wrapper.log_eval_metrics] Accuracy(layer_2 - estimator_0 - 5_folds.train_2.predict)=100.00%
[ 2018-10-16 23:10:26,550][kfold_wrapper.log_eval_metrics] Accuracy(layer_2 - estimator_0 - 5_folds.train_3.predict)=99.99%
[ 2018-10-16 23:10:26,893][kfold_wrapper.log_eval_metrics] Accuracy(layer_2 - estimator_0 - 5_folds.train_4.predict)=99.99%
[ 2018-10-16 23:10:26,896][kfold_wrapper.log_eval_metrics] Accuracy(layer_2 - estimator_0 - 5_folds.train_cv.predict)=99.99%
[ 2018-10-16 23:10:27,284][kfold_wrapper.log_eval_metrics] Accuracy(layer_2 - estimator_1 - 5_folds.train_0.predict)=99.99%
[ 2018-10-16 23:10:27,524][kfold_wrapper.log_eval_metrics] Accuracy(layer_2 - estimator_1 - 5_folds.train_1.predict)=99.99%
[ 2018-10-16 23:10:27,760][kfold_wrapper.log_eval_metrics] Accuracy(layer_2 - estimator_1 - 5_folds.train_2.predict)=99.99%
[ 2018-10-16 23:10:27,999][kfold_wrapper.log_eval_metrics] Accuracy(layer_2 - estimator_1 - 5_folds.train_3.predict)=100.00%
[ 2018-10-16 23:10:28,233][kfold_wrapper.log_eval_metrics] Accuracy(layer_2 - estimator_1 - 5_folds.train_4.predict)=100.00%
[ 2018-10-16 23:10:28,237][kfold_wrapper.log_eval_metrics] Accuracy(layer_2 - estimator_1 - 5_folds.train_cv.predict)=99.99%
[ 2018-10-16 23:10:28,705][kfold_wrapper.log_eval_metrics] Accuracy(layer_2 - estimator_2 - 5_folds.train_0.predict)=100.00%
[ 2018-10-16 23:10:29,112][kfold_wrapper.log_eval_metrics] Accuracy(layer_2 - estimator_2 - 5_folds.train_1.predict)=99.99%
[ 2018-10-16 23:10:29,514][kfold_wrapper.log_eval_metrics] Accuracy(layer_2 - estimator_2 - 5_folds.train_2.predict)=99.99%
[ 2018-10-16 23:10:29,916][kfold_wrapper.log_eval_metrics] Accuracy(layer_2 - estimator_2 - 5_folds.train_3.predict)=100.00%
[ 2018-10-16 23:10:30,335][kfold_wrapper.log_eval_metrics] Accuracy(layer_2 - estimator_2 - 5_folds.train_4.predict)=100.00%
[ 2018-10-16 23:10:30,337][kfold_wrapper.log_eval_metrics] Accuracy(layer_2 - estimator_2 - 5_folds.train_cv.predict)=100.00%
[ 2018-10-16 23:10:30,341][cascade_classifier.calc_accuracy] Accuracy(layer_2 - train.classifier_average)=100.00%
[ 2018-10-16 23:10:30,348][cascade_classifier.fit_transform] [layer=3] look_indexs=[0], X_cur_train.shape=(146158, 15), X_cur_test.shape=(0, 15)
[ 2018-10-16 23:10:30,732][kfold_wrapper.log_eval_metrics] Accuracy(layer_3 - estimator_0 - 5_folds.train_0.predict)=99.99%
[ 2018-10-16 23:10:31,076][kfold_wrapper.log_eval_metrics] Accuracy(layer_3 - estimator_0 - 5_folds.train_1.predict)=100.00%
[ 2018-10-16 23:10:31,428][kfold_wrapper.log_eval_metrics] Accuracy(layer_3 - estimator_0 - 5_folds.train_2.predict)=99.99%
[ 2018-10-16 23:10:31,785][kfold_wrapper.log_eval_metrics] Accuracy(layer_3 - estimator_0 - 5_folds.train_3.predict)=99.99%
[ 2018-10-16 23:10:32,136][kfold_wrapper.log_eval_metrics] Accuracy(layer_3 - estimator_0 - 5_folds.train_4.predict)=100.00%
[ 2018-10-16 23:10:32,143][kfold_wrapper.log_eval_metrics] Accuracy(layer_3 - estimator_0 - 5_folds.train_cv.predict)=99.99%
[ 2018-10-16 23:10:32,445][kfold_wrapper.log_eval_metrics] Accuracy(layer_3 - estimator_1 - 5_folds.train_0.predict)=100.00%
[ 2018-10-16 23:10:32,686][kfold_wrapper.log_eval_metrics] Accuracy(layer_3 - estimator_1 - 5_folds.train_1.predict)=99.99%
[ 2018-10-16 23:10:32,923][kfold_wrapper.log_eval_metrics] Accuracy(layer_3 - estimator_1 - 5_folds.train_2.predict)=99.99%
[ 2018-10-16 23:10:33,260][kfold_wrapper.log_eval_metrics] Accuracy(layer_3 - estimator_1 - 5_folds.train_3.predict)=99.99%
[ 2018-10-16 23:10:33,600][kfold_wrapper.log_eval_metrics] Accuracy(layer_3 - estimator_1 - 5_folds.train_4.predict)=100.00%
[ 2018-10-16 23:10:33,603][kfold_wrapper.log_eval_metrics] Accuracy(layer_3 - estimator_1 - 5_folds.train_cv.predict)=99.99%
[ 2018-10-16 23:10:34,068][kfold_wrapper.log_eval_metrics] Accuracy(layer_3 - estimator_2 - 5_folds.train_0.predict)=99.99%
[ 2018-10-16 23:10:34,472][kfold_wrapper.log_eval_metrics] Accuracy(layer_3 - estimator_2 - 5_folds.train_1.predict)=100.00%
[ 2018-10-16 23:10:34,890][kfold_wrapper.log_eval_metrics] Accuracy(layer_3 - estimator_2 - 5_folds.train_2.predict)=100.00%
[ 2018-10-16 23:10:35,323][kfold_wrapper.log_eval_metrics] Accuracy(layer_3 - estimator_2 - 5_folds.train_3.predict)=99.99%
[ 2018-10-16 23:10:35,726][kfold_wrapper.log_eval_metrics] Accuracy(layer_3 - estimator_2 - 5_folds.train_4.predict)=99.99%
[ 2018-10-16 23:10:35,728][kfold_wrapper.log_eval_metrics] Accuracy(layer_3 - estimator_2 - 5_folds.train_cv.predict)=100.00%
[ 2018-10-16 23:10:35,733][cascade_classifier.calc_accuracy] Accuracy(layer_3 - train.classifier_average)=100.00%
[ 2018-10-16 23:10:35,740][cascade_classifier.fit_transform] [layer=4] look_indexs=[0], X_cur_train.shape=(146158, 15), X_cur_test.shape=(0, 15)
[ 2018-10-16 23:10:36,129][kfold_wrapper.log_eval_metrics] Accuracy(layer_4 - estimator_0 - 5_folds.train_0.predict)=100.00%
[ 2018-10-16 23:10:36,479][kfold_wrapper.log_eval_metrics] Accuracy(layer_4 - estimator_0 - 5_folds.train_1.predict)=99.99%
[ 2018-10-16 23:10:36,820][kfold_wrapper.log_eval_metrics] Accuracy(layer_4 - estimator_0 - 5_folds.train_2.predict)=99.99%
[ 2018-10-16 23:10:37,171][kfold_wrapper.log_eval_metrics] Accuracy(layer_4 - estimator_0 - 5_folds.train_3.predict)=99.99%
[ 2018-10-16 23:10:37,516][kfold_wrapper.log_eval_metrics] Accuracy(layer_4 - estimator_0 - 5_folds.train_4.predict)=100.00%
[ 2018-10-16 23:10:37,519][kfold_wrapper.log_eval_metrics] Accuracy(layer_4 - estimator_0 - 5_folds.train_cv.predict)=100.00%
[ 2018-10-16 23:10:37,913][kfold_wrapper.log_eval_metrics] Accuracy(layer_4 - estimator_1 - 5_folds.train_0.predict)=99.99%
[ 2018-10-16 23:10:38,257][kfold_wrapper.log_eval_metrics] Accuracy(layer_4 - estimator_1 - 5_folds.train_1.predict)=99.99%
[ 2018-10-16 23:10:38,601][kfold_wrapper.log_eval_metrics] Accuracy(layer_4 - estimator_1 - 5_folds.train_2.predict)=99.99%
[ 2018-10-16 23:10:38,947][kfold_wrapper.log_eval_metrics] Accuracy(layer_4 - estimator_1 - 5_folds.train_3.predict)=100.00%
[ 2018-10-16 23:10:39,300][kfold_wrapper.log_eval_metrics] Accuracy(layer_4 - estimator_1 - 5_folds.train_4.predict)=100.00%
[ 2018-10-16 23:10:39,303][kfold_wrapper.log_eval_metrics] Accuracy(layer_4 - estimator_1 - 5_folds.train_cv.predict)=99.99%
[ 2018-10-16 23:10:39,749][kfold_wrapper.log_eval_metrics] Accuracy(layer_4 - estimator_2 - 5_folds.train_0.predict)=100.00%
[ 2018-10-16 23:10:40,128][kfold_wrapper.log_eval_metrics] Accuracy(layer_4 - estimator_2 - 5_folds.train_1.predict)=100.00%
[ 2018-10-16 23:10:40,542][kfold_wrapper.log_eval_metrics] Accuracy(layer_4 - estimator_2 - 5_folds.train_2.predict)=100.00%
[ 2018-10-16 23:10:40,921][kfold_wrapper.log_eval_metrics] Accuracy(layer_4 - estimator_2 - 5_folds.train_3.predict)=99.99%
[ 2018-10-16 23:10:41,309][kfold_wrapper.log_eval_metrics] Accuracy(layer_4 - estimator_2 - 5_folds.train_4.predict)=100.00%
[ 2018-10-16 23:10:41,312][kfold_wrapper.log_eval_metrics] Accuracy(layer_4 - estimator_2 - 5_folds.train_cv.predict)=100.00%
[ 2018-10-16 23:10:41,316][cascade_classifier.calc_accuracy] Accuracy(layer_4 - train.classifier_average)=100.00%
[ 2018-10-16 23:10:41,316][cascade_classifier.fit_transform] [Result][Optimal Level Detected] opt_layer_num=2, accuracy_train=100.00%, accuracy_test=0.00%
[ 2018-10-16 23:10:41,367][cascade_classifier.transform] X_groups_test.shape=[(36568, 9)]
[ 2018-10-16 23:10:41,368][cascade_classifier.transform] group_dims=[9]
[ 2018-10-16 23:10:41,369][cascade_classifier.transform] X_test.shape=(36568, 9)
[ 2018-10-16 23:10:41,370][cascade_classifier.transform] [layer=0] look_indexs=[0], X_cur_test.shape=(36568, 9)
[ 2018-10-16 23:10:42,436][cascade_classifier.transform] [layer=1] look_indexs=[0], X_cur_test.shape=(36568, 15)
[ 2018-10-16 23:10:45,169][cascade_classifier.transform] X_groups_test.shape=[(244668, 9)]
[ 2018-10-16 23:10:45,174][cascade_classifier.transform] group_dims=[9]
[ 2018-10-16 23:10:45,174][cascade_classifier.transform] X_test.shape=(244668, 9)
[ 2018-10-16 23:10:45,178][cascade_classifier.transform] [layer=0] look_indexs=[0], X_cur_test.shape=(244668, 9)
[ 2018-10-16 23:10:46,357][cascade_classifier.transform] [layer=1] look_indexs=[0], X_cur_test.shape=(244668, 15)
[ 2018-10-16 23:10:48,656][cascade_classifier.fit_transform] X_groups_train.shape=[(24748, 27)],y_train.shape=(24748,),X_groups_test.shape=no_test,y_test.shape=no_test
[ 2018-10-16 23:10:48,657][cascade_classifier.fit_transform] group_dims=[27]
[ 2018-10-16 23:10:48,657][cascade_classifier.fit_transform] group_starts=[0]
[ 2018-10-16 23:10:48,657][cascade_classifier.fit_transform] group_ends=[27]
[ 2018-10-16 23:10:48,657][cascade_classifier.fit_transform] X_train.shape=(24748, 27),X_test.shape=(0, 27)
[ 2018-10-16 23:10:48,661][cascade_classifier.fit_transform] [layer=0] look_indexs=[0], X_cur_train.shape=(24748, 27), X_cur_test.shape=(0, 27)
[ 2018-10-16 23:10:48,999][kfold_wrapper.log_eval_metrics] Accuracy(layer_0 - estimator_0 - 5_folds.train_0.predict)=99.80%
[ 2018-10-16 23:10:49,332][kfold_wrapper.log_eval_metrics] Accuracy(layer_0 - estimator_0 - 5_folds.train_1.predict)=99.70%
[ 2018-10-16 23:10:49,660][kfold_wrapper.log_eval_metrics] Accuracy(layer_0 - estimator_0 - 5_folds.train_2.predict)=99.76%
[ 2018-10-16 23:10:49,986][kfold_wrapper.log_eval_metrics] Accuracy(layer_0 - estimator_0 - 5_folds.train_3.predict)=99.90%
[ 2018-10-16 23:10:50,313][kfold_wrapper.log_eval_metrics] Accuracy(layer_0 - estimator_0 - 5_folds.train_4.predict)=99.86%
[ 2018-10-16 23:10:50,314][kfold_wrapper.log_eval_metrics] Accuracy(layer_0 - estimator_0 - 5_folds.train_cv.predict)=99.80%
[ 2018-10-16 23:10:50,548][kfold_wrapper.log_eval_metrics] Accuracy(layer_0 - estimator_1 - 5_folds.train_0.predict)=99.43%
[ 2018-10-16 23:10:50,772][kfold_wrapper.log_eval_metrics] Accuracy(layer_0 - estimator_1 - 5_folds.train_1.predict)=99.78%
[ 2018-10-16 23:10:50,997][kfold_wrapper.log_eval_metrics] Accuracy(layer_0 - estimator_1 - 5_folds.train_2.predict)=99.76%
[ 2018-10-16 23:10:51,221][kfold_wrapper.log_eval_metrics] Accuracy(layer_0 - estimator_1 - 5_folds.train_3.predict)=99.58%
[ 2018-10-16 23:10:51,445][kfold_wrapper.log_eval_metrics] Accuracy(layer_0 - estimator_1 - 5_folds.train_4.predict)=99.49%
[ 2018-10-16 23:10:51,446][kfold_wrapper.log_eval_metrics] Accuracy(layer_0 - estimator_1 - 5_folds.train_cv.predict)=99.61%
[ 2018-10-16 23:10:51,566][kfold_wrapper.log_eval_metrics] Accuracy(layer_0 - estimator_2 - 5_folds.train_0.predict)=98.67%
[ 2018-10-16 23:10:51,664][kfold_wrapper.log_eval_metrics] Accuracy(layer_0 - estimator_2 - 5_folds.train_1.predict)=98.81%
[ 2018-10-16 23:10:51,756][kfold_wrapper.log_eval_metrics] Accuracy(layer_0 - estimator_2 - 5_folds.train_2.predict)=98.87%
[ 2018-10-16 23:10:51,845][kfold_wrapper.log_eval_metrics] Accuracy(layer_0 - estimator_2 - 5_folds.train_3.predict)=98.75%
[ 2018-10-16 23:10:51,940][kfold_wrapper.log_eval_metrics] Accuracy(layer_0 - estimator_2 - 5_folds.train_4.predict)=98.77%
[ 2018-10-16 23:10:51,940][kfold_wrapper.log_eval_metrics] Accuracy(layer_0 - estimator_2 - 5_folds.train_cv.predict)=98.77%
[ 2018-10-16 23:10:51,941][cascade_classifier.calc_accuracy] Accuracy(layer_0 - train.classifier_average)=99.52%
[ 2018-10-16 23:10:51,945][cascade_classifier.fit_transform] [layer=1] look_indexs=[0], X_cur_train.shape=(24748, 33), X_cur_test.shape=(0, 33)
[ 2018-10-16 23:10:52,173][kfold_wrapper.log_eval_metrics] Accuracy(layer_1 - estimator_0 - 5_folds.train_0.predict)=99.92%
[ 2018-10-16 23:10:52,401][kfold_wrapper.log_eval_metrics] Accuracy(layer_1 - estimator_0 - 5_folds.train_1.predict)=99.94%
[ 2018-10-16 23:10:52,629][kfold_wrapper.log_eval_metrics] Accuracy(layer_1 - estimator_0 - 5_folds.train_2.predict)=99.90%
[ 2018-10-16 23:10:52,855][kfold_wrapper.log_eval_metrics] Accuracy(layer_1 - estimator_0 - 5_folds.train_3.predict)=99.92%
[ 2018-10-16 23:10:53,083][kfold_wrapper.log_eval_metrics] Accuracy(layer_1 - estimator_0 - 5_folds.train_4.predict)=99.92%
[ 2018-10-16 23:10:53,084][kfold_wrapper.log_eval_metrics] Accuracy(layer_1 - estimator_0 - 5_folds.train_cv.predict)=99.92%
[ 2018-10-16 23:10:53,312][kfold_wrapper.log_eval_metrics] Accuracy(layer_1 - estimator_1 - 5_folds.train_0.predict)=99.96%
[ 2018-10-16 23:10:53,537][kfold_wrapper.log_eval_metrics] Accuracy(layer_1 - estimator_1 - 5_folds.train_1.predict)=99.94%
[ 2018-10-16 23:10:53,765][kfold_wrapper.log_eval_metrics] Accuracy(layer_1 - estimator_1 - 5_folds.train_2.predict)=99.88%
[ 2018-10-16 23:10:53,989][kfold_wrapper.log_eval_metrics] Accuracy(layer_1 - estimator_1 - 5_folds.train_3.predict)=99.94%
[ 2018-10-16 23:10:54,212][kfold_wrapper.log_eval_metrics] Accuracy(layer_1 - estimator_1 - 5_folds.train_4.predict)=99.98%
[ 2018-10-16 23:10:54,213][kfold_wrapper.log_eval_metrics] Accuracy(layer_1 - estimator_1 - 5_folds.train_cv.predict)=99.94%
[ 2018-10-16 23:10:54,381][kfold_wrapper.log_eval_metrics] Accuracy(layer_1 - estimator_2 - 5_folds.train_0.predict)=99.94%
[ 2018-10-16 23:10:54,536][kfold_wrapper.log_eval_metrics] Accuracy(layer_1 - estimator_2 - 5_folds.train_1.predict)=99.90%
[ 2018-10-16 23:10:54,667][kfold_wrapper.log_eval_metrics] Accuracy(layer_1 - estimator_2 - 5_folds.train_2.predict)=99.94%
[ 2018-10-16 23:10:54,785][kfold_wrapper.log_eval_metrics] Accuracy(layer_1 - estimator_2 - 5_folds.train_3.predict)=99.84%
[ 2018-10-16 23:10:54,934][kfold_wrapper.log_eval_metrics] Accuracy(layer_1 - estimator_2 - 5_folds.train_4.predict)=99.86%
[ 2018-10-16 23:10:54,934][kfold_wrapper.log_eval_metrics] Accuracy(layer_1 - estimator_2 - 5_folds.train_cv.predict)=99.89%
[ 2018-10-16 23:10:54,935][cascade_classifier.calc_accuracy] Accuracy(layer_1 - train.classifier_average)=99.93%
[ 2018-10-16 23:10:54,937][cascade_classifier.fit_transform] [layer=2] look_indexs=[0], X_cur_train.shape=(24748, 33), X_cur_test.shape=(0, 33)
[ 2018-10-16 23:10:55,163][kfold_wrapper.log_eval_metrics] Accuracy(layer_2 - estimator_0 - 5_folds.train_0.predict)=99.96%
[ 2018-10-16 23:10:55,392][kfold_wrapper.log_eval_metrics] Accuracy(layer_2 - estimator_0 - 5_folds.train_1.predict)=99.92%
[ 2018-10-16 23:10:55,619][kfold_wrapper.log_eval_metrics] Accuracy(layer_2 - estimator_0 - 5_folds.train_2.predict)=99.90%
[ 2018-10-16 23:10:55,845][kfold_wrapper.log_eval_metrics] Accuracy(layer_2 - estimator_0 - 5_folds.train_3.predict)=99.96%
[ 2018-10-16 23:10:56,073][kfold_wrapper.log_eval_metrics] Accuracy(layer_2 - estimator_0 - 5_folds.train_4.predict)=99.94%
[ 2018-10-16 23:10:56,075][kfold_wrapper.log_eval_metrics] Accuracy(layer_2 - estimator_0 - 5_folds.train_cv.predict)=99.94%
[ 2018-10-16 23:10:56,309][kfold_wrapper.log_eval_metrics] Accuracy(layer_2 - estimator_1 - 5_folds.train_0.predict)=99.92%
[ 2018-10-16 23:10:56,532][kfold_wrapper.log_eval_metrics] Accuracy(layer_2 - estimator_1 - 5_folds.train_1.predict)=99.94%
[ 2018-10-16 23:10:56,758][kfold_wrapper.log_eval_metrics] Accuracy(layer_2 - estimator_1 - 5_folds.train_2.predict)=99.96%
[ 2018-10-16 23:10:56,986][kfold_wrapper.log_eval_metrics] Accuracy(layer_2 - estimator_1 - 5_folds.train_3.predict)=99.90%
[ 2018-10-16 23:10:57,211][kfold_wrapper.log_eval_metrics] Accuracy(layer_2 - estimator_1 - 5_folds.train_4.predict)=99.96%
[ 2018-10-16 23:10:57,212][kfold_wrapper.log_eval_metrics] Accuracy(layer_2 - estimator_1 - 5_folds.train_cv.predict)=99.94%
[ 2018-10-16 23:10:57,400][kfold_wrapper.log_eval_metrics] Accuracy(layer_2 - estimator_2 - 5_folds.train_0.predict)=100.00%
[ 2018-10-16 23:10:57,525][kfold_wrapper.log_eval_metrics] Accuracy(layer_2 - estimator_2 - 5_folds.train_1.predict)=99.92%
[ 2018-10-16 23:10:57,642][kfold_wrapper.log_eval_metrics] Accuracy(layer_2 - estimator_2 - 5_folds.train_2.predict)=99.90%
[ 2018-10-16 23:10:57,758][kfold_wrapper.log_eval_metrics] Accuracy(layer_2 - estimator_2 - 5_folds.train_3.predict)=99.96%
[ 2018-10-16 23:10:57,865][kfold_wrapper.log_eval_metrics] Accuracy(layer_2 - estimator_2 - 5_folds.train_4.predict)=99.90%
[ 2018-10-16 23:10:57,866][kfold_wrapper.log_eval_metrics] Accuracy(layer_2 - estimator_2 - 5_folds.train_cv.predict)=99.94%
[ 2018-10-16 23:10:57,867][cascade_classifier.calc_accuracy] Accuracy(layer_2 - train.classifier_average)=99.94%
[ 2018-10-16 23:10:57,869][cascade_classifier.fit_transform] [layer=3] look_indexs=[0], X_cur_train.shape=(24748, 33), X_cur_test.shape=(0, 33)
[ 2018-10-16 23:10:58,099][kfold_wrapper.log_eval_metrics] Accuracy(layer_3 - estimator_0 - 5_folds.train_0.predict)=99.90%
[ 2018-10-16 23:10:58,326][kfold_wrapper.log_eval_metrics] Accuracy(layer_3 - estimator_0 - 5_folds.train_1.predict)=99.96%
[ 2018-10-16 23:10:58,553][kfold_wrapper.log_eval_metrics] Accuracy(layer_3 - estimator_0 - 5_folds.train_2.predict)=99.98%
[ 2018-10-16 23:10:58,778][kfold_wrapper.log_eval_metrics] Accuracy(layer_3 - estimator_0 - 5_folds.train_3.predict)=99.96%
[ 2018-10-16 23:10:59,009][kfold_wrapper.log_eval_metrics] Accuracy(layer_3 - estimator_0 - 5_folds.train_4.predict)=99.92%
[ 2018-10-16 23:10:59,014][kfold_wrapper.log_eval_metrics] Accuracy(layer_3 - estimator_0 - 5_folds.train_cv.predict)=99.94%
[ 2018-10-16 23:10:59,249][kfold_wrapper.log_eval_metrics] Accuracy(layer_3 - estimator_1 - 5_folds.train_0.predict)=99.98%
[ 2018-10-16 23:10:59,477][kfold_wrapper.log_eval_metrics] Accuracy(layer_3 - estimator_1 - 5_folds.train_1.predict)=99.92%
[ 2018-10-16 23:10:59,703][kfold_wrapper.log_eval_metrics] Accuracy(layer_3 - estimator_1 - 5_folds.train_2.predict)=99.96%
[ 2018-10-16 23:10:59,927][kfold_wrapper.log_eval_metrics] Accuracy(layer_3 - estimator_1 - 5_folds.train_3.predict)=99.88%
[ 2018-10-16 23:11:00,152][kfold_wrapper.log_eval_metrics] Accuracy(layer_3 - estimator_1 - 5_folds.train_4.predict)=99.92%
[ 2018-10-16 23:11:00,153][kfold_wrapper.log_eval_metrics] Accuracy(layer_3 - estimator_1 - 5_folds.train_cv.predict)=99.93%
[ 2018-10-16 23:11:00,307][kfold_wrapper.log_eval_metrics] Accuracy(layer_3 - estimator_2 - 5_folds.train_0.predict)=99.94%
[ 2018-10-16 23:11:00,414][kfold_wrapper.log_eval_metrics] Accuracy(layer_3 - estimator_2 - 5_folds.train_1.predict)=99.92%
[ 2018-10-16 23:11:00,527][kfold_wrapper.log_eval_metrics] Accuracy(layer_3 - estimator_2 - 5_folds.train_2.predict)=99.92%
[ 2018-10-16 23:11:00,669][kfold_wrapper.log_eval_metrics] Accuracy(layer_3 - estimator_2 - 5_folds.train_3.predict)=99.96%
[ 2018-10-16 23:11:00,775][kfold_wrapper.log_eval_metrics] Accuracy(layer_3 - estimator_2 - 5_folds.train_4.predict)=99.92%
[ 2018-10-16 23:11:00,776][kfold_wrapper.log_eval_metrics] Accuracy(layer_3 - estimator_2 - 5_folds.train_cv.predict)=99.93%
[ 2018-10-16 23:11:00,777][cascade_classifier.calc_accuracy] Accuracy(layer_3 - train.classifier_average)=99.94%
[ 2018-10-16 23:11:00,779][cascade_classifier.fit_transform] [layer=4] look_indexs=[0], X_cur_train.shape=(24748, 33), X_cur_test.shape=(0, 33)
[ 2018-10-16 23:11:01,010][kfold_wrapper.log_eval_metrics] Accuracy(layer_4 - estimator_0 - 5_folds.train_0.predict)=99.94%
[ 2018-10-16 23:11:01,238][kfold_wrapper.log_eval_metrics] Accuracy(layer_4 - estimator_0 - 5_folds.train_1.predict)=99.88%
[ 2018-10-16 23:11:01,463][kfold_wrapper.log_eval_metrics] Accuracy(layer_4 - estimator_0 - 5_folds.train_2.predict)=99.94%
[ 2018-10-16 23:11:01,691][kfold_wrapper.log_eval_metrics] Accuracy(layer_4 - estimator_0 - 5_folds.train_3.predict)=99.96%
[ 2018-10-16 23:11:01,919][kfold_wrapper.log_eval_metrics] Accuracy(layer_4 - estimator_0 - 5_folds.train_4.predict)=99.96%
[ 2018-10-16 23:11:01,920][kfold_wrapper.log_eval_metrics] Accuracy(layer_4 - estimator_0 - 5_folds.train_cv.predict)=99.94%
[ 2018-10-16 23:11:02,150][kfold_wrapper.log_eval_metrics] Accuracy(layer_4 - estimator_1 - 5_folds.train_0.predict)=99.94%
[ 2018-10-16 23:11:02,375][kfold_wrapper.log_eval_metrics] Accuracy(layer_4 - estimator_1 - 5_folds.train_1.predict)=99.94%
[ 2018-10-16 23:11:02,600][kfold_wrapper.log_eval_metrics] Accuracy(layer_4 - estimator_1 - 5_folds.train_2.predict)=99.94%
[ 2018-10-16 23:11:02,827][kfold_wrapper.log_eval_metrics] Accuracy(layer_4 - estimator_1 - 5_folds.train_3.predict)=99.94%
[ 2018-10-16 23:11:03,053][kfold_wrapper.log_eval_metrics] Accuracy(layer_4 - estimator_1 - 5_folds.train_4.predict)=99.94%
[ 2018-10-16 23:11:03,054][kfold_wrapper.log_eval_metrics] Accuracy(layer_4 - estimator_1 - 5_folds.train_cv.predict)=99.94%
[ 2018-10-16 23:11:03,183][kfold_wrapper.log_eval_metrics] Accuracy(layer_4 - estimator_2 - 5_folds.train_0.predict)=99.94%
[ 2018-10-16 23:11:03,295][kfold_wrapper.log_eval_metrics] Accuracy(layer_4 - estimator_2 - 5_folds.train_1.predict)=99.94%
[ 2018-10-16 23:11:03,400][kfold_wrapper.log_eval_metrics] Accuracy(layer_4 - estimator_2 - 5_folds.train_2.predict)=99.90%
[ 2018-10-16 23:11:03,514][kfold_wrapper.log_eval_metrics] Accuracy(layer_4 - estimator_2 - 5_folds.train_3.predict)=100.00%
[ 2018-10-16 23:11:03,632][kfold_wrapper.log_eval_metrics] Accuracy(layer_4 - estimator_2 - 5_folds.train_4.predict)=99.90%
[ 2018-10-16 23:11:03,633][kfold_wrapper.log_eval_metrics] Accuracy(layer_4 - estimator_2 - 5_folds.train_cv.predict)=99.94%
[ 2018-10-16 23:11:03,633][cascade_classifier.calc_accuracy] Accuracy(layer_4 - train.classifier_average)=99.94%
[ 2018-10-16 23:11:03,636][cascade_classifier.fit_transform] [layer=5] look_indexs=[0], X_cur_train.shape=(24748, 33), X_cur_test.shape=(0, 33)
[ 2018-10-16 23:11:03,864][kfold_wrapper.log_eval_metrics] Accuracy(layer_5 - estimator_0 - 5_folds.train_0.predict)=99.96%
[ 2018-10-16 23:11:04,086][kfold_wrapper.log_eval_metrics] Accuracy(layer_5 - estimator_0 - 5_folds.train_1.predict)=99.96%
[ 2018-10-16 23:11:04,312][kfold_wrapper.log_eval_metrics] Accuracy(layer_5 - estimator_0 - 5_folds.train_2.predict)=99.98%
[ 2018-10-16 23:11:04,538][kfold_wrapper.log_eval_metrics] Accuracy(layer_5 - estimator_0 - 5_folds.train_3.predict)=99.84%
[ 2018-10-16 23:11:04,767][kfold_wrapper.log_eval_metrics] Accuracy(layer_5 - estimator_0 - 5_folds.train_4.predict)=99.94%
[ 2018-10-16 23:11:04,768][kfold_wrapper.log_eval_metrics] Accuracy(layer_5 - estimator_0 - 5_folds.train_cv.predict)=99.94%
[ 2018-10-16 23:11:05,000][kfold_wrapper.log_eval_metrics] Accuracy(layer_5 - estimator_1 - 5_folds.train_0.predict)=99.96%
[ 2018-10-16 23:11:05,226][kfold_wrapper.log_eval_metrics] Accuracy(layer_5 - estimator_1 - 5_folds.train_1.predict)=99.90%
[ 2018-10-16 23:11:05,450][kfold_wrapper.log_eval_metrics] Accuracy(layer_5 - estimator_1 - 5_folds.train_2.predict)=99.94%
[ 2018-10-16 23:11:05,677][kfold_wrapper.log_eval_metrics] Accuracy(layer_5 - estimator_1 - 5_folds.train_3.predict)=99.94%
[ 2018-10-16 23:11:05,901][kfold_wrapper.log_eval_metrics] Accuracy(layer_5 - estimator_1 - 5_folds.train_4.predict)=99.94%
[ 2018-10-16 23:11:05,902][kfold_wrapper.log_eval_metrics] Accuracy(layer_5 - estimator_1 - 5_folds.train_cv.predict)=99.94%
[ 2018-10-16 23:11:06,035][kfold_wrapper.log_eval_metrics] Accuracy(layer_5 - estimator_2 - 5_folds.train_0.predict)=99.94%
[ 2018-10-16 23:11:06,161][kfold_wrapper.log_eval_metrics] Accuracy(layer_5 - estimator_2 - 5_folds.train_1.predict)=99.92%
[ 2018-10-16 23:11:06,277][kfold_wrapper.log_eval_metrics] Accuracy(layer_5 - estimator_2 - 5_folds.train_2.predict)=99.94%
[ 2018-10-16 23:11:06,387][kfold_wrapper.log_eval_metrics] Accuracy(layer_5 - estimator_2 - 5_folds.train_3.predict)=99.90%
[ 2018-10-16 23:11:06,491][kfold_wrapper.log_eval_metrics] Accuracy(layer_5 - estimator_2 - 5_folds.train_4.predict)=99.96%
[ 2018-10-16 23:11:06,492][kfold_wrapper.log_eval_metrics] Accuracy(layer_5 - estimator_2 - 5_folds.train_cv.predict)=99.93%
[ 2018-10-16 23:11:06,493][cascade_classifier.calc_accuracy] Accuracy(layer_5 - train.classifier_average)=99.94%
[ 2018-10-16 23:11:06,493][cascade_classifier.fit_transform] [Result][Optimal Level Detected] opt_layer_num=3, accuracy_train=99.94%, accuracy_test=0.00%
[ 2018-10-16 23:11:06,525][cascade_classifier.transform] X_groups_test.shape=[(12189, 27)]
[ 2018-10-16 23:11:06,527][cascade_classifier.transform] group_dims=[27]
[ 2018-10-16 23:11:06,527][cascade_classifier.transform] X_test.shape=(12189, 27)
[ 2018-10-16 23:11:06,529][cascade_classifier.transform] [layer=0] look_indexs=[0], X_cur_test.shape=(12189, 27)
[ 2018-10-16 23:11:07,591][cascade_classifier.transform] [layer=1] look_indexs=[0], X_cur_test.shape=(12189, 33)
[ 2018-10-16 23:11:08,658][cascade_classifier.transform] [layer=2] look_indexs=[0], X_cur_test.shape=(12189, 33)
[ 2018-10-16 23:11:10,256][cascade_classifier.transform] X_groups_test.shape=[(81556, 27)]
[ 2018-10-16 23:11:10,266][cascade_classifier.transform] group_dims=[27]
[ 2018-10-16 23:11:10,267][cascade_classifier.transform] X_test.shape=(81556, 27)
[ 2018-10-16 23:11:10,278][cascade_classifier.transform] [layer=0] look_indexs=[0], X_cur_test.shape=(81556, 27)
[ 2018-10-16 23:11:11,424][cascade_classifier.transform] [layer=1] look_indexs=[0], X_cur_test.shape=(81556, 33)
[ 2018-10-16 23:11:12,565][cascade_classifier.transform] [layer=2] look_indexs=[0], X_cur_test.shape=(81556, 33)
