[ 2018-10-16 23:41:40,684][cascade_classifier.fit_transform] X_groups_train.shape=[(183264, 9)],y_train.shape=(183264,),X_groups_test.shape=no_test,y_test.shape=no_test
[ 2018-10-16 23:41:40,687][cascade_classifier.fit_transform] group_dims=[9]
[ 2018-10-16 23:41:40,687][cascade_classifier.fit_transform] group_starts=[0]
[ 2018-10-16 23:41:40,687][cascade_classifier.fit_transform] group_ends=[9]
[ 2018-10-16 23:41:40,687][cascade_classifier.fit_transform] X_train.shape=(183264, 9),X_test.shape=(0, 9)
[ 2018-10-16 23:41:40,699][cascade_classifier.fit_transform] [layer=0] look_indexs=[0], X_cur_train.shape=(183264, 9), X_cur_test.shape=(0, 9)
[ 2018-10-16 23:41:41,798][kfold_wrapper.log_eval_metrics] Accuracy(layer_0 - estimator_0 - 5_folds.train_0.predict)=99.98%
[ 2018-10-16 23:41:42,748][kfold_wrapper.log_eval_metrics] Accuracy(layer_0 - estimator_0 - 5_folds.train_1.predict)=99.98%
[ 2018-10-16 23:41:43,625][kfold_wrapper.log_eval_metrics] Accuracy(layer_0 - estimator_0 - 5_folds.train_2.predict)=99.98%
[ 2018-10-16 23:41:44,587][kfold_wrapper.log_eval_metrics] Accuracy(layer_0 - estimator_0 - 5_folds.train_3.predict)=99.98%
[ 2018-10-16 23:41:45,440][kfold_wrapper.log_eval_metrics] Accuracy(layer_0 - estimator_0 - 5_folds.train_4.predict)=99.95%
[ 2018-10-16 23:41:45,446][kfold_wrapper.log_eval_metrics] Accuracy(layer_0 - estimator_0 - 5_folds.train_cv.predict)=99.98%
[ 2018-10-16 23:41:45,947][kfold_wrapper.log_eval_metrics] Accuracy(layer_0 - estimator_1 - 5_folds.train_0.predict)=99.99%
[ 2018-10-16 23:41:46,497][kfold_wrapper.log_eval_metrics] Accuracy(layer_0 - estimator_1 - 5_folds.train_1.predict)=99.99%
[ 2018-10-16 23:41:47,050][kfold_wrapper.log_eval_metrics] Accuracy(layer_0 - estimator_1 - 5_folds.train_2.predict)=99.98%
[ 2018-10-16 23:41:47,601][kfold_wrapper.log_eval_metrics] Accuracy(layer_0 - estimator_1 - 5_folds.train_3.predict)=99.99%
[ 2018-10-16 23:41:48,053][kfold_wrapper.log_eval_metrics] Accuracy(layer_0 - estimator_1 - 5_folds.train_4.predict)=99.99%
[ 2018-10-16 23:41:48,058][kfold_wrapper.log_eval_metrics] Accuracy(layer_0 - estimator_1 - 5_folds.train_cv.predict)=99.99%
[ 2018-10-16 23:41:48,442][kfold_wrapper.log_eval_metrics] Accuracy(layer_0 - estimator_2 - 5_folds.train_0.predict)=81.70%
[ 2018-10-16 23:41:48,749][kfold_wrapper.log_eval_metrics] Accuracy(layer_0 - estimator_2 - 5_folds.train_1.predict)=81.93%
[ 2018-10-16 23:41:49,054][kfold_wrapper.log_eval_metrics] Accuracy(layer_0 - estimator_2 - 5_folds.train_2.predict)=81.98%
[ 2018-10-16 23:41:49,361][kfold_wrapper.log_eval_metrics] Accuracy(layer_0 - estimator_2 - 5_folds.train_3.predict)=81.55%
[ 2018-10-16 23:41:49,666][kfold_wrapper.log_eval_metrics] Accuracy(layer_0 - estimator_2 - 5_folds.train_4.predict)=82.13%
[ 2018-10-16 23:41:49,669][kfold_wrapper.log_eval_metrics] Accuracy(layer_0 - estimator_2 - 5_folds.train_cv.predict)=81.86%
[ 2018-10-16 23:41:49,674][cascade_classifier.calc_accuracy] Accuracy(layer_0 - train.classifier_average)=99.99%
[ 2018-10-16 23:41:49,693][cascade_classifier.fit_transform] [layer=1] look_indexs=[0], X_cur_train.shape=(183264, 15), X_cur_test.shape=(0, 15)
[ 2018-10-16 23:41:50,309][kfold_wrapper.log_eval_metrics] Accuracy(layer_1 - estimator_0 - 5_folds.train_0.predict)=99.99%
[ 2018-10-16 23:41:50,865][kfold_wrapper.log_eval_metrics] Accuracy(layer_1 - estimator_0 - 5_folds.train_1.predict)=99.99%
[ 2018-10-16 23:41:51,422][kfold_wrapper.log_eval_metrics] Accuracy(layer_1 - estimator_0 - 5_folds.train_2.predict)=99.99%
[ 2018-10-16 23:41:51,982][kfold_wrapper.log_eval_metrics] Accuracy(layer_1 - estimator_0 - 5_folds.train_3.predict)=99.99%
[ 2018-10-16 23:41:52,535][kfold_wrapper.log_eval_metrics] Accuracy(layer_1 - estimator_0 - 5_folds.train_4.predict)=99.98%
[ 2018-10-16 23:41:52,539][kfold_wrapper.log_eval_metrics] Accuracy(layer_1 - estimator_0 - 5_folds.train_cv.predict)=99.99%
[ 2018-10-16 23:41:52,955][kfold_wrapper.log_eval_metrics] Accuracy(layer_1 - estimator_1 - 5_folds.train_0.predict)=99.99%
[ 2018-10-16 23:41:53,307][kfold_wrapper.log_eval_metrics] Accuracy(layer_1 - estimator_1 - 5_folds.train_1.predict)=99.99%
[ 2018-10-16 23:41:53,668][kfold_wrapper.log_eval_metrics] Accuracy(layer_1 - estimator_1 - 5_folds.train_2.predict)=99.99%
[ 2018-10-16 23:41:54,012][kfold_wrapper.log_eval_metrics] Accuracy(layer_1 - estimator_1 - 5_folds.train_3.predict)=99.99%
[ 2018-10-16 23:41:54,366][kfold_wrapper.log_eval_metrics] Accuracy(layer_1 - estimator_1 - 5_folds.train_4.predict)=99.99%
[ 2018-10-16 23:41:54,370][kfold_wrapper.log_eval_metrics] Accuracy(layer_1 - estimator_1 - 5_folds.train_cv.predict)=99.99%
[ 2018-10-16 23:41:55,052][kfold_wrapper.log_eval_metrics] Accuracy(layer_1 - estimator_2 - 5_folds.train_0.predict)=99.99%
[ 2018-10-16 23:41:55,626][kfold_wrapper.log_eval_metrics] Accuracy(layer_1 - estimator_2 - 5_folds.train_1.predict)=99.99%
[ 2018-10-16 23:41:56,222][kfold_wrapper.log_eval_metrics] Accuracy(layer_1 - estimator_2 - 5_folds.train_2.predict)=99.99%
[ 2018-10-16 23:41:56,819][kfold_wrapper.log_eval_metrics] Accuracy(layer_1 - estimator_2 - 5_folds.train_3.predict)=99.99%
[ 2018-10-16 23:41:57,441][kfold_wrapper.log_eval_metrics] Accuracy(layer_1 - estimator_2 - 5_folds.train_4.predict)=100.00%
[ 2018-10-16 23:41:57,443][kfold_wrapper.log_eval_metrics] Accuracy(layer_1 - estimator_2 - 5_folds.train_cv.predict)=99.99%
[ 2018-10-16 23:41:57,448][cascade_classifier.calc_accuracy] Accuracy(layer_1 - train.classifier_average)=99.99%
[ 2018-10-16 23:41:57,458][cascade_classifier.fit_transform] [layer=2] look_indexs=[0], X_cur_train.shape=(183264, 15), X_cur_test.shape=(0, 15)
[ 2018-10-16 23:41:57,959][kfold_wrapper.log_eval_metrics] Accuracy(layer_2 - estimator_0 - 5_folds.train_0.predict)=99.98%
[ 2018-10-16 23:41:58,424][kfold_wrapper.log_eval_metrics] Accuracy(layer_2 - estimator_0 - 5_folds.train_1.predict)=100.00%
[ 2018-10-16 23:41:58,879][kfold_wrapper.log_eval_metrics] Accuracy(layer_2 - estimator_0 - 5_folds.train_2.predict)=99.99%
[ 2018-10-16 23:41:59,336][kfold_wrapper.log_eval_metrics] Accuracy(layer_2 - estimator_0 - 5_folds.train_3.predict)=99.99%
[ 2018-10-16 23:41:59,790][kfold_wrapper.log_eval_metrics] Accuracy(layer_2 - estimator_0 - 5_folds.train_4.predict)=99.99%
[ 2018-10-16 23:41:59,794][kfold_wrapper.log_eval_metrics] Accuracy(layer_2 - estimator_0 - 5_folds.train_cv.predict)=99.99%
[ 2018-10-16 23:42:00,202][kfold_wrapper.log_eval_metrics] Accuracy(layer_2 - estimator_1 - 5_folds.train_0.predict)=99.99%
[ 2018-10-16 23:42:00,553][kfold_wrapper.log_eval_metrics] Accuracy(layer_2 - estimator_1 - 5_folds.train_1.predict)=99.99%
[ 2018-10-16 23:42:00,903][kfold_wrapper.log_eval_metrics] Accuracy(layer_2 - estimator_1 - 5_folds.train_2.predict)=99.99%
[ 2018-10-16 23:42:01,262][kfold_wrapper.log_eval_metrics] Accuracy(layer_2 - estimator_1 - 5_folds.train_3.predict)=99.99%
[ 2018-10-16 23:42:01,616][kfold_wrapper.log_eval_metrics] Accuracy(layer_2 - estimator_1 - 5_folds.train_4.predict)=99.99%
[ 2018-10-16 23:42:01,620][kfold_wrapper.log_eval_metrics] Accuracy(layer_2 - estimator_1 - 5_folds.train_cv.predict)=99.99%
[ 2018-10-16 23:42:02,344][kfold_wrapper.log_eval_metrics] Accuracy(layer_2 - estimator_2 - 5_folds.train_0.predict)=100.00%
[ 2018-10-16 23:42:02,927][kfold_wrapper.log_eval_metrics] Accuracy(layer_2 - estimator_2 - 5_folds.train_1.predict)=99.99%
[ 2018-10-16 23:42:03,465][kfold_wrapper.log_eval_metrics] Accuracy(layer_2 - estimator_2 - 5_folds.train_2.predict)=99.98%
[ 2018-10-16 23:42:03,997][kfold_wrapper.log_eval_metrics] Accuracy(layer_2 - estimator_2 - 5_folds.train_3.predict)=99.99%
[ 2018-10-16 23:42:04,560][kfold_wrapper.log_eval_metrics] Accuracy(layer_2 - estimator_2 - 5_folds.train_4.predict)=100.00%
[ 2018-10-16 23:42:04,563][kfold_wrapper.log_eval_metrics] Accuracy(layer_2 - estimator_2 - 5_folds.train_cv.predict)=99.99%
[ 2018-10-16 23:42:04,568][cascade_classifier.calc_accuracy] Accuracy(layer_2 - train.classifier_average)=99.99%
[ 2018-10-16 23:42:04,577][cascade_classifier.fit_transform] [layer=3] look_indexs=[0], X_cur_train.shape=(183264, 15), X_cur_test.shape=(0, 15)
[ 2018-10-16 23:42:05,190][kfold_wrapper.log_eval_metrics] Accuracy(layer_3 - estimator_0 - 5_folds.train_0.predict)=99.99%
[ 2018-10-16 23:42:05,654][kfold_wrapper.log_eval_metrics] Accuracy(layer_3 - estimator_0 - 5_folds.train_1.predict)=99.99%
[ 2018-10-16 23:42:06,108][kfold_wrapper.log_eval_metrics] Accuracy(layer_3 - estimator_0 - 5_folds.train_2.predict)=99.99%
[ 2018-10-16 23:42:06,566][kfold_wrapper.log_eval_metrics] Accuracy(layer_3 - estimator_0 - 5_folds.train_3.predict)=99.99%
[ 2018-10-16 23:42:07,021][kfold_wrapper.log_eval_metrics] Accuracy(layer_3 - estimator_0 - 5_folds.train_4.predict)=99.99%
[ 2018-10-16 23:42:07,024][kfold_wrapper.log_eval_metrics] Accuracy(layer_3 - estimator_0 - 5_folds.train_cv.predict)=99.99%
[ 2018-10-16 23:42:07,433][kfold_wrapper.log_eval_metrics] Accuracy(layer_3 - estimator_1 - 5_folds.train_0.predict)=99.98%
[ 2018-10-16 23:42:07,788][kfold_wrapper.log_eval_metrics] Accuracy(layer_3 - estimator_1 - 5_folds.train_1.predict)=99.99%
[ 2018-10-16 23:42:08,139][kfold_wrapper.log_eval_metrics] Accuracy(layer_3 - estimator_1 - 5_folds.train_2.predict)=99.99%
[ 2018-10-16 23:42:08,494][kfold_wrapper.log_eval_metrics] Accuracy(layer_3 - estimator_1 - 5_folds.train_3.predict)=99.99%
[ 2018-10-16 23:42:08,946][kfold_wrapper.log_eval_metrics] Accuracy(layer_3 - estimator_1 - 5_folds.train_4.predict)=99.99%
[ 2018-10-16 23:42:08,950][kfold_wrapper.log_eval_metrics] Accuracy(layer_3 - estimator_1 - 5_folds.train_cv.predict)=99.99%
[ 2018-10-16 23:42:09,543][kfold_wrapper.log_eval_metrics] Accuracy(layer_3 - estimator_2 - 5_folds.train_0.predict)=99.99%
[ 2018-10-16 23:42:10,058][kfold_wrapper.log_eval_metrics] Accuracy(layer_3 - estimator_2 - 5_folds.train_1.predict)=99.99%
[ 2018-10-16 23:42:10,586][kfold_wrapper.log_eval_metrics] Accuracy(layer_3 - estimator_2 - 5_folds.train_2.predict)=99.99%
[ 2018-10-16 23:42:11,087][kfold_wrapper.log_eval_metrics] Accuracy(layer_3 - estimator_2 - 5_folds.train_3.predict)=99.99%
[ 2018-10-16 23:42:11,643][kfold_wrapper.log_eval_metrics] Accuracy(layer_3 - estimator_2 - 5_folds.train_4.predict)=99.99%
[ 2018-10-16 23:42:11,646][kfold_wrapper.log_eval_metrics] Accuracy(layer_3 - estimator_2 - 5_folds.train_cv.predict)=99.99%
[ 2018-10-16 23:42:11,651][cascade_classifier.calc_accuracy] Accuracy(layer_3 - train.classifier_average)=99.99%
[ 2018-10-16 23:42:11,660][cascade_classifier.fit_transform] [layer=4] look_indexs=[0], X_cur_train.shape=(183264, 15), X_cur_test.shape=(0, 15)
[ 2018-10-16 23:42:12,172][kfold_wrapper.log_eval_metrics] Accuracy(layer_4 - estimator_0 - 5_folds.train_0.predict)=100.00%
[ 2018-10-16 23:42:12,728][kfold_wrapper.log_eval_metrics] Accuracy(layer_4 - estimator_0 - 5_folds.train_1.predict)=99.99%
[ 2018-10-16 23:42:13,286][kfold_wrapper.log_eval_metrics] Accuracy(layer_4 - estimator_0 - 5_folds.train_2.predict)=99.99%
[ 2018-10-16 23:42:13,841][kfold_wrapper.log_eval_metrics] Accuracy(layer_4 - estimator_0 - 5_folds.train_3.predict)=99.99%
[ 2018-10-16 23:42:14,294][kfold_wrapper.log_eval_metrics] Accuracy(layer_4 - estimator_0 - 5_folds.train_4.predict)=99.99%
[ 2018-10-16 23:42:14,298][kfold_wrapper.log_eval_metrics] Accuracy(layer_4 - estimator_0 - 5_folds.train_cv.predict)=99.99%
[ 2018-10-16 23:42:14,813][kfold_wrapper.log_eval_metrics] Accuracy(layer_4 - estimator_1 - 5_folds.train_0.predict)=99.99%
[ 2018-10-16 23:42:15,271][kfold_wrapper.log_eval_metrics] Accuracy(layer_4 - estimator_1 - 5_folds.train_1.predict)=99.99%
[ 2018-10-16 23:42:15,730][kfold_wrapper.log_eval_metrics] Accuracy(layer_4 - estimator_1 - 5_folds.train_2.predict)=99.99%
[ 2018-10-16 23:42:16,181][kfold_wrapper.log_eval_metrics] Accuracy(layer_4 - estimator_1 - 5_folds.train_3.predict)=99.99%
[ 2018-10-16 23:42:16,640][kfold_wrapper.log_eval_metrics] Accuracy(layer_4 - estimator_1 - 5_folds.train_4.predict)=99.99%
[ 2018-10-16 23:42:16,644][kfold_wrapper.log_eval_metrics] Accuracy(layer_4 - estimator_1 - 5_folds.train_cv.predict)=99.99%
[ 2018-10-16 23:42:17,235][kfold_wrapper.log_eval_metrics] Accuracy(layer_4 - estimator_2 - 5_folds.train_0.predict)=99.99%
[ 2018-10-16 23:42:17,764][kfold_wrapper.log_eval_metrics] Accuracy(layer_4 - estimator_2 - 5_folds.train_1.predict)=99.99%
[ 2018-10-16 23:42:18,295][kfold_wrapper.log_eval_metrics] Accuracy(layer_4 - estimator_2 - 5_folds.train_2.predict)=99.99%
[ 2018-10-16 23:42:18,829][kfold_wrapper.log_eval_metrics] Accuracy(layer_4 - estimator_2 - 5_folds.train_3.predict)=99.99%
[ 2018-10-16 23:42:19,377][kfold_wrapper.log_eval_metrics] Accuracy(layer_4 - estimator_2 - 5_folds.train_4.predict)=99.99%
[ 2018-10-16 23:42:19,380][kfold_wrapper.log_eval_metrics] Accuracy(layer_4 - estimator_2 - 5_folds.train_cv.predict)=99.99%
[ 2018-10-16 23:42:19,385][cascade_classifier.calc_accuracy] Accuracy(layer_4 - train.classifier_average)=99.99%
[ 2018-10-16 23:42:19,385][cascade_classifier.fit_transform] [Result][Optimal Level Detected] opt_layer_num=2, accuracy_train=99.99%, accuracy_test=0.00%
[ 2018-10-16 23:42:19,447][cascade_classifier.transform] X_groups_test.shape=[(45712, 9)]
[ 2018-10-16 23:42:19,448][cascade_classifier.transform] group_dims=[9]
[ 2018-10-16 23:42:19,448][cascade_classifier.transform] X_test.shape=(45712, 9)
[ 2018-10-16 23:42:19,451][cascade_classifier.transform] [layer=0] look_indexs=[0], X_cur_test.shape=(45712, 9)
[ 2018-10-16 23:42:20,529][cascade_classifier.transform] [layer=1] look_indexs=[0], X_cur_test.shape=(45712, 15)
[ 2018-10-16 23:42:22,564][cascade_classifier.transform] X_groups_test.shape=[(139566, 9)]
[ 2018-10-16 23:42:22,566][cascade_classifier.transform] group_dims=[9]
[ 2018-10-16 23:42:22,566][cascade_classifier.transform] X_test.shape=(139566, 9)
[ 2018-10-16 23:42:22,568][cascade_classifier.transform] [layer=0] look_indexs=[0], X_cur_test.shape=(139566, 9)
[ 2018-10-16 23:42:23,688][cascade_classifier.transform] [layer=1] look_indexs=[0], X_cur_test.shape=(139566, 15)
[ 2018-10-16 23:42:25,444][cascade_classifier.fit_transform] X_groups_train.shape=[(18561, 45)],y_train.shape=(18561,),X_groups_test.shape=no_test,y_test.shape=no_test
[ 2018-10-16 23:42:25,445][cascade_classifier.fit_transform] group_dims=[45]
[ 2018-10-16 23:42:25,446][cascade_classifier.fit_transform] group_starts=[0]
[ 2018-10-16 23:42:25,446][cascade_classifier.fit_transform] group_ends=[45]
[ 2018-10-16 23:42:25,446][cascade_classifier.fit_transform] X_train.shape=(18561, 45),X_test.shape=(0, 45)
[ 2018-10-16 23:42:25,448][cascade_classifier.fit_transform] [layer=0] look_indexs=[0], X_cur_train.shape=(18561, 45), X_cur_test.shape=(0, 45)
[ 2018-10-16 23:42:25,672][kfold_wrapper.log_eval_metrics] Accuracy(layer_0 - estimator_0 - 5_folds.train_0.predict)=99.65%
[ 2018-10-16 23:42:26,000][kfold_wrapper.log_eval_metrics] Accuracy(layer_0 - estimator_0 - 5_folds.train_1.predict)=99.84%
[ 2018-10-16 23:42:26,331][kfold_wrapper.log_eval_metrics] Accuracy(layer_0 - estimator_0 - 5_folds.train_2.predict)=99.65%
[ 2018-10-16 23:42:26,551][kfold_wrapper.log_eval_metrics] Accuracy(layer_0 - estimator_0 - 5_folds.train_3.predict)=99.57%
[ 2018-10-16 23:42:26,773][kfold_wrapper.log_eval_metrics] Accuracy(layer_0 - estimator_0 - 5_folds.train_4.predict)=99.73%
[ 2018-10-16 23:42:26,774][kfold_wrapper.log_eval_metrics] Accuracy(layer_0 - estimator_0 - 5_folds.train_cv.predict)=99.69%
[ 2018-10-16 23:42:27,003][kfold_wrapper.log_eval_metrics] Accuracy(layer_0 - estimator_1 - 5_folds.train_0.predict)=99.17%
[ 2018-10-16 23:42:27,227][kfold_wrapper.log_eval_metrics] Accuracy(layer_0 - estimator_1 - 5_folds.train_1.predict)=99.41%
[ 2018-10-16 23:42:27,451][kfold_wrapper.log_eval_metrics] Accuracy(layer_0 - estimator_1 - 5_folds.train_2.predict)=99.19%
[ 2018-10-16 23:42:27,674][kfold_wrapper.log_eval_metrics] Accuracy(layer_0 - estimator_1 - 5_folds.train_3.predict)=99.27%
[ 2018-10-16 23:42:27,899][kfold_wrapper.log_eval_metrics] Accuracy(layer_0 - estimator_1 - 5_folds.train_4.predict)=99.30%
[ 2018-10-16 23:42:27,899][kfold_wrapper.log_eval_metrics] Accuracy(layer_0 - estimator_1 - 5_folds.train_cv.predict)=99.27%
[ 2018-10-16 23:42:28,063][kfold_wrapper.log_eval_metrics] Accuracy(layer_0 - estimator_2 - 5_folds.train_0.predict)=99.17%
[ 2018-10-16 23:42:28,207][kfold_wrapper.log_eval_metrics] Accuracy(layer_0 - estimator_2 - 5_folds.train_1.predict)=99.14%
[ 2018-10-16 23:42:28,322][kfold_wrapper.log_eval_metrics] Accuracy(layer_0 - estimator_2 - 5_folds.train_2.predict)=99.33%
[ 2018-10-16 23:42:28,443][kfold_wrapper.log_eval_metrics] Accuracy(layer_0 - estimator_2 - 5_folds.train_3.predict)=99.22%
[ 2018-10-16 23:42:28,576][kfold_wrapper.log_eval_metrics] Accuracy(layer_0 - estimator_2 - 5_folds.train_4.predict)=99.27%
[ 2018-10-16 23:42:28,576][kfold_wrapper.log_eval_metrics] Accuracy(layer_0 - estimator_2 - 5_folds.train_cv.predict)=99.22%
[ 2018-10-16 23:42:28,577][cascade_classifier.calc_accuracy] Accuracy(layer_0 - train.classifier_average)=99.42%
[ 2018-10-16 23:42:28,579][cascade_classifier.fit_transform] [layer=1] look_indexs=[0], X_cur_train.shape=(18561, 51), X_cur_test.shape=(0, 51)
[ 2018-10-16 23:42:28,805][kfold_wrapper.log_eval_metrics] Accuracy(layer_1 - estimator_0 - 5_folds.train_0.predict)=99.76%
[ 2018-10-16 23:42:29,030][kfold_wrapper.log_eval_metrics] Accuracy(layer_1 - estimator_0 - 5_folds.train_1.predict)=99.78%
[ 2018-10-16 23:42:29,256][kfold_wrapper.log_eval_metrics] Accuracy(layer_1 - estimator_0 - 5_folds.train_2.predict)=99.87%
[ 2018-10-16 23:42:29,478][kfold_wrapper.log_eval_metrics] Accuracy(layer_1 - estimator_0 - 5_folds.train_3.predict)=99.76%
[ 2018-10-16 23:42:29,701][kfold_wrapper.log_eval_metrics] Accuracy(layer_1 - estimator_0 - 5_folds.train_4.predict)=99.70%
[ 2018-10-16 23:42:29,702][kfold_wrapper.log_eval_metrics] Accuracy(layer_1 - estimator_0 - 5_folds.train_cv.predict)=99.77%
[ 2018-10-16 23:42:29,931][kfold_wrapper.log_eval_metrics] Accuracy(layer_1 - estimator_1 - 5_folds.train_0.predict)=99.76%
[ 2018-10-16 23:42:30,153][kfold_wrapper.log_eval_metrics] Accuracy(layer_1 - estimator_1 - 5_folds.train_1.predict)=99.87%
[ 2018-10-16 23:42:30,376][kfold_wrapper.log_eval_metrics] Accuracy(layer_1 - estimator_1 - 5_folds.train_2.predict)=99.73%
[ 2018-10-16 23:42:30,602][kfold_wrapper.log_eval_metrics] Accuracy(layer_1 - estimator_1 - 5_folds.train_3.predict)=99.73%
[ 2018-10-16 23:42:30,826][kfold_wrapper.log_eval_metrics] Accuracy(layer_1 - estimator_1 - 5_folds.train_4.predict)=99.84%
[ 2018-10-16 23:42:30,827][kfold_wrapper.log_eval_metrics] Accuracy(layer_1 - estimator_1 - 5_folds.train_cv.predict)=99.78%
[ 2018-10-16 23:42:31,035][kfold_wrapper.log_eval_metrics] Accuracy(layer_1 - estimator_2 - 5_folds.train_0.predict)=99.60%
[ 2018-10-16 23:42:31,227][kfold_wrapper.log_eval_metrics] Accuracy(layer_1 - estimator_2 - 5_folds.train_1.predict)=99.87%
[ 2018-10-16 23:42:31,414][kfold_wrapper.log_eval_metrics] Accuracy(layer_1 - estimator_2 - 5_folds.train_2.predict)=99.70%
[ 2018-10-16 23:42:31,577][kfold_wrapper.log_eval_metrics] Accuracy(layer_1 - estimator_2 - 5_folds.train_3.predict)=99.84%
[ 2018-10-16 23:42:31,780][kfold_wrapper.log_eval_metrics] Accuracy(layer_1 - estimator_2 - 5_folds.train_4.predict)=99.65%
[ 2018-10-16 23:42:31,780][kfold_wrapper.log_eval_metrics] Accuracy(layer_1 - estimator_2 - 5_folds.train_cv.predict)=99.73%
[ 2018-10-16 23:42:31,780][cascade_classifier.calc_accuracy] Accuracy(layer_1 - train.classifier_average)=99.78%
[ 2018-10-16 23:42:31,784][cascade_classifier.fit_transform] [layer=2] look_indexs=[0], X_cur_train.shape=(18561, 51), X_cur_test.shape=(0, 51)
[ 2018-10-16 23:42:32,004][kfold_wrapper.log_eval_metrics] Accuracy(layer_2 - estimator_0 - 5_folds.train_0.predict)=99.87%
[ 2018-10-16 23:42:32,230][kfold_wrapper.log_eval_metrics] Accuracy(layer_2 - estimator_0 - 5_folds.train_1.predict)=99.84%
[ 2018-10-16 23:42:32,454][kfold_wrapper.log_eval_metrics] Accuracy(layer_2 - estimator_0 - 5_folds.train_2.predict)=99.84%
[ 2018-10-16 23:42:32,677][kfold_wrapper.log_eval_metrics] Accuracy(layer_2 - estimator_0 - 5_folds.train_3.predict)=99.65%
[ 2018-10-16 23:42:32,902][kfold_wrapper.log_eval_metrics] Accuracy(layer_2 - estimator_0 - 5_folds.train_4.predict)=99.84%
[ 2018-10-16 23:42:32,902][kfold_wrapper.log_eval_metrics] Accuracy(layer_2 - estimator_0 - 5_folds.train_cv.predict)=99.81%
[ 2018-10-16 23:42:33,130][kfold_wrapper.log_eval_metrics] Accuracy(layer_2 - estimator_1 - 5_folds.train_0.predict)=99.84%
[ 2018-10-16 23:42:33,353][kfold_wrapper.log_eval_metrics] Accuracy(layer_2 - estimator_1 - 5_folds.train_1.predict)=99.81%
[ 2018-10-16 23:42:33,575][kfold_wrapper.log_eval_metrics] Accuracy(layer_2 - estimator_1 - 5_folds.train_2.predict)=99.81%
[ 2018-10-16 23:42:33,798][kfold_wrapper.log_eval_metrics] Accuracy(layer_2 - estimator_1 - 5_folds.train_3.predict)=99.78%
[ 2018-10-16 23:42:34,022][kfold_wrapper.log_eval_metrics] Accuracy(layer_2 - estimator_1 - 5_folds.train_4.predict)=99.76%
[ 2018-10-16 23:42:34,022][kfold_wrapper.log_eval_metrics] Accuracy(layer_2 - estimator_1 - 5_folds.train_cv.predict)=99.80%
[ 2018-10-16 23:42:34,216][kfold_wrapper.log_eval_metrics] Accuracy(layer_2 - estimator_2 - 5_folds.train_0.predict)=99.68%
[ 2018-10-16 23:42:34,422][kfold_wrapper.log_eval_metrics] Accuracy(layer_2 - estimator_2 - 5_folds.train_1.predict)=99.81%
[ 2018-10-16 23:42:34,596][kfold_wrapper.log_eval_metrics] Accuracy(layer_2 - estimator_2 - 5_folds.train_2.predict)=99.84%
[ 2018-10-16 23:42:34,786][kfold_wrapper.log_eval_metrics] Accuracy(layer_2 - estimator_2 - 5_folds.train_3.predict)=99.78%
[ 2018-10-16 23:42:34,949][kfold_wrapper.log_eval_metrics] Accuracy(layer_2 - estimator_2 - 5_folds.train_4.predict)=99.76%
[ 2018-10-16 23:42:34,949][kfold_wrapper.log_eval_metrics] Accuracy(layer_2 - estimator_2 - 5_folds.train_cv.predict)=99.77%
[ 2018-10-16 23:42:34,950][cascade_classifier.calc_accuracy] Accuracy(layer_2 - train.classifier_average)=99.80%
[ 2018-10-16 23:42:34,952][cascade_classifier.fit_transform] [layer=3] look_indexs=[0], X_cur_train.shape=(18561, 51), X_cur_test.shape=(0, 51)
[ 2018-10-16 23:42:35,175][kfold_wrapper.log_eval_metrics] Accuracy(layer_3 - estimator_0 - 5_folds.train_0.predict)=99.84%
[ 2018-10-16 23:42:35,401][kfold_wrapper.log_eval_metrics] Accuracy(layer_3 - estimator_0 - 5_folds.train_1.predict)=99.76%
[ 2018-10-16 23:42:35,626][kfold_wrapper.log_eval_metrics] Accuracy(layer_3 - estimator_0 - 5_folds.train_2.predict)=99.78%
[ 2018-10-16 23:42:35,848][kfold_wrapper.log_eval_metrics] Accuracy(layer_3 - estimator_0 - 5_folds.train_3.predict)=99.81%
[ 2018-10-16 23:42:36,069][kfold_wrapper.log_eval_metrics] Accuracy(layer_3 - estimator_0 - 5_folds.train_4.predict)=99.78%
[ 2018-10-16 23:42:36,070][kfold_wrapper.log_eval_metrics] Accuracy(layer_3 - estimator_0 - 5_folds.train_cv.predict)=99.80%
[ 2018-10-16 23:42:36,299][kfold_wrapper.log_eval_metrics] Accuracy(layer_3 - estimator_1 - 5_folds.train_0.predict)=99.81%
[ 2018-10-16 23:42:36,520][kfold_wrapper.log_eval_metrics] Accuracy(layer_3 - estimator_1 - 5_folds.train_1.predict)=99.78%
[ 2018-10-16 23:42:36,742][kfold_wrapper.log_eval_metrics] Accuracy(layer_3 - estimator_1 - 5_folds.train_2.predict)=99.81%
[ 2018-10-16 23:42:36,966][kfold_wrapper.log_eval_metrics] Accuracy(layer_3 - estimator_1 - 5_folds.train_3.predict)=99.60%
[ 2018-10-16 23:42:37,190][kfold_wrapper.log_eval_metrics] Accuracy(layer_3 - estimator_1 - 5_folds.train_4.predict)=99.89%
[ 2018-10-16 23:42:37,191][kfold_wrapper.log_eval_metrics] Accuracy(layer_3 - estimator_1 - 5_folds.train_cv.predict)=99.78%
[ 2018-10-16 23:42:37,372][kfold_wrapper.log_eval_metrics] Accuracy(layer_3 - estimator_2 - 5_folds.train_0.predict)=99.68%
[ 2018-10-16 23:42:37,547][kfold_wrapper.log_eval_metrics] Accuracy(layer_3 - estimator_2 - 5_folds.train_1.predict)=99.76%
[ 2018-10-16 23:42:37,698][kfold_wrapper.log_eval_metrics] Accuracy(layer_3 - estimator_2 - 5_folds.train_2.predict)=99.84%
[ 2018-10-16 23:42:37,878][kfold_wrapper.log_eval_metrics] Accuracy(layer_3 - estimator_2 - 5_folds.train_3.predict)=99.87%
[ 2018-10-16 23:42:38,058][kfold_wrapper.log_eval_metrics] Accuracy(layer_3 - estimator_2 - 5_folds.train_4.predict)=99.68%
[ 2018-10-16 23:42:38,059][kfold_wrapper.log_eval_metrics] Accuracy(layer_3 - estimator_2 - 5_folds.train_cv.predict)=99.76%
[ 2018-10-16 23:42:38,059][cascade_classifier.calc_accuracy] Accuracy(layer_3 - train.classifier_average)=99.79%
[ 2018-10-16 23:42:38,061][cascade_classifier.fit_transform] [layer=4] look_indexs=[0], X_cur_train.shape=(18561, 51), X_cur_test.shape=(0, 51)
[ 2018-10-16 23:42:38,278][kfold_wrapper.log_eval_metrics] Accuracy(layer_4 - estimator_0 - 5_folds.train_0.predict)=99.76%
[ 2018-10-16 23:42:38,499][kfold_wrapper.log_eval_metrics] Accuracy(layer_4 - estimator_0 - 5_folds.train_1.predict)=99.65%
[ 2018-10-16 23:42:38,720][kfold_wrapper.log_eval_metrics] Accuracy(layer_4 - estimator_0 - 5_folds.train_2.predict)=99.87%
[ 2018-10-16 23:42:38,944][kfold_wrapper.log_eval_metrics] Accuracy(layer_4 - estimator_0 - 5_folds.train_3.predict)=99.76%
[ 2018-10-16 23:42:39,169][kfold_wrapper.log_eval_metrics] Accuracy(layer_4 - estimator_0 - 5_folds.train_4.predict)=99.73%
[ 2018-10-16 23:42:39,170][kfold_wrapper.log_eval_metrics] Accuracy(layer_4 - estimator_0 - 5_folds.train_cv.predict)=99.75%
[ 2018-10-16 23:42:39,398][kfold_wrapper.log_eval_metrics] Accuracy(layer_4 - estimator_1 - 5_folds.train_0.predict)=99.78%
[ 2018-10-16 23:42:39,622][kfold_wrapper.log_eval_metrics] Accuracy(layer_4 - estimator_1 - 5_folds.train_1.predict)=99.73%
[ 2018-10-16 23:42:39,846][kfold_wrapper.log_eval_metrics] Accuracy(layer_4 - estimator_1 - 5_folds.train_2.predict)=99.73%
[ 2018-10-16 23:42:40,070][kfold_wrapper.log_eval_metrics] Accuracy(layer_4 - estimator_1 - 5_folds.train_3.predict)=99.84%
[ 2018-10-16 23:42:40,293][kfold_wrapper.log_eval_metrics] Accuracy(layer_4 - estimator_1 - 5_folds.train_4.predict)=99.76%
[ 2018-10-16 23:42:40,294][kfold_wrapper.log_eval_metrics] Accuracy(layer_4 - estimator_1 - 5_folds.train_cv.predict)=99.77%
[ 2018-10-16 23:42:40,502][kfold_wrapper.log_eval_metrics] Accuracy(layer_4 - estimator_2 - 5_folds.train_0.predict)=99.70%
[ 2018-10-16 23:42:40,666][kfold_wrapper.log_eval_metrics] Accuracy(layer_4 - estimator_2 - 5_folds.train_1.predict)=99.84%
[ 2018-10-16 23:42:40,839][kfold_wrapper.log_eval_metrics] Accuracy(layer_4 - estimator_2 - 5_folds.train_2.predict)=99.73%
[ 2018-10-16 23:42:41,028][kfold_wrapper.log_eval_metrics] Accuracy(layer_4 - estimator_2 - 5_folds.train_3.predict)=99.76%
[ 2018-10-16 23:42:41,189][kfold_wrapper.log_eval_metrics] Accuracy(layer_4 - estimator_2 - 5_folds.train_4.predict)=99.84%
[ 2018-10-16 23:42:41,190][kfold_wrapper.log_eval_metrics] Accuracy(layer_4 - estimator_2 - 5_folds.train_cv.predict)=99.77%
[ 2018-10-16 23:42:41,190][cascade_classifier.calc_accuracy] Accuracy(layer_4 - train.classifier_average)=99.79%
[ 2018-10-16 23:42:41,192][cascade_classifier.fit_transform] [layer=5] look_indexs=[0], X_cur_train.shape=(18561, 51), X_cur_test.shape=(0, 51)
[ 2018-10-16 23:42:41,414][kfold_wrapper.log_eval_metrics] Accuracy(layer_5 - estimator_0 - 5_folds.train_0.predict)=99.73%
[ 2018-10-16 23:42:41,638][kfold_wrapper.log_eval_metrics] Accuracy(layer_5 - estimator_0 - 5_folds.train_1.predict)=99.76%
[ 2018-10-16 23:42:41,862][kfold_wrapper.log_eval_metrics] Accuracy(layer_5 - estimator_0 - 5_folds.train_2.predict)=99.78%
[ 2018-10-16 23:42:42,085][kfold_wrapper.log_eval_metrics] Accuracy(layer_5 - estimator_0 - 5_folds.train_3.predict)=99.81%
[ 2018-10-16 23:42:42,311][kfold_wrapper.log_eval_metrics] Accuracy(layer_5 - estimator_0 - 5_folds.train_4.predict)=99.70%
[ 2018-10-16 23:42:42,312][kfold_wrapper.log_eval_metrics] Accuracy(layer_5 - estimator_0 - 5_folds.train_cv.predict)=99.76%
[ 2018-10-16 23:42:42,542][kfold_wrapper.log_eval_metrics] Accuracy(layer_5 - estimator_1 - 5_folds.train_0.predict)=99.62%
[ 2018-10-16 23:42:42,765][kfold_wrapper.log_eval_metrics] Accuracy(layer_5 - estimator_1 - 5_folds.train_1.predict)=99.81%
[ 2018-10-16 23:42:42,988][kfold_wrapper.log_eval_metrics] Accuracy(layer_5 - estimator_1 - 5_folds.train_2.predict)=99.81%
[ 2018-10-16 23:42:43,209][kfold_wrapper.log_eval_metrics] Accuracy(layer_5 - estimator_1 - 5_folds.train_3.predict)=99.76%
[ 2018-10-16 23:42:43,430][kfold_wrapper.log_eval_metrics] Accuracy(layer_5 - estimator_1 - 5_folds.train_4.predict)=99.78%
[ 2018-10-16 23:42:43,431][kfold_wrapper.log_eval_metrics] Accuracy(layer_5 - estimator_1 - 5_folds.train_cv.predict)=99.76%
[ 2018-10-16 23:42:43,635][kfold_wrapper.log_eval_metrics] Accuracy(layer_5 - estimator_2 - 5_folds.train_0.predict)=99.78%
[ 2018-10-16 23:42:43,810][kfold_wrapper.log_eval_metrics] Accuracy(layer_5 - estimator_2 - 5_folds.train_1.predict)=99.76%
[ 2018-10-16 23:42:43,969][kfold_wrapper.log_eval_metrics] Accuracy(layer_5 - estimator_2 - 5_folds.train_2.predict)=99.70%
[ 2018-10-16 23:42:44,163][kfold_wrapper.log_eval_metrics] Accuracy(layer_5 - estimator_2 - 5_folds.train_3.predict)=99.89%
[ 2018-10-16 23:42:44,355][kfold_wrapper.log_eval_metrics] Accuracy(layer_5 - estimator_2 - 5_folds.train_4.predict)=99.62%
[ 2018-10-16 23:42:44,355][kfold_wrapper.log_eval_metrics] Accuracy(layer_5 - estimator_2 - 5_folds.train_cv.predict)=99.75%
[ 2018-10-16 23:42:44,356][cascade_classifier.calc_accuracy] Accuracy(layer_5 - train.classifier_average)=99.77%
[ 2018-10-16 23:42:44,356][cascade_classifier.fit_transform] [Result][Optimal Level Detected] opt_layer_num=3, accuracy_train=99.80%, accuracy_test=0.00%
[ 2018-10-16 23:42:44,387][cascade_classifier.transform] X_groups_test.shape=[(9142, 45)]
[ 2018-10-16 23:42:44,388][cascade_classifier.transform] group_dims=[45]
[ 2018-10-16 23:42:44,388][cascade_classifier.transform] X_test.shape=(9142, 45)
[ 2018-10-16 23:42:44,388][cascade_classifier.transform] [layer=0] look_indexs=[0], X_cur_test.shape=(9142, 45)
[ 2018-10-16 23:42:45,457][cascade_classifier.transform] [layer=1] look_indexs=[0], X_cur_test.shape=(9142, 51)
[ 2018-10-16 23:42:46,518][cascade_classifier.transform] [layer=2] look_indexs=[0], X_cur_test.shape=(9142, 51)
[ 2018-10-16 23:42:47,783][cascade_classifier.transform] X_groups_test.shape=[(27913, 45)]
[ 2018-10-16 23:42:47,785][cascade_classifier.transform] group_dims=[45]
[ 2018-10-16 23:42:47,785][cascade_classifier.transform] X_test.shape=(27913, 45)
[ 2018-10-16 23:42:47,791][cascade_classifier.transform] [layer=0] look_indexs=[0], X_cur_test.shape=(27913, 45)
[ 2018-10-16 23:42:48,882][cascade_classifier.transform] [layer=1] look_indexs=[0], X_cur_test.shape=(27913, 51)
[ 2018-10-16 23:42:49,975][cascade_classifier.transform] [layer=2] look_indexs=[0], X_cur_test.shape=(27913, 51)
