[ 2018-10-16 23:45:17,037][cascade_classifier.fit_transform] X_groups_train.shape=[(183264, 9)],y_train.shape=(183264,),X_groups_test.shape=no_test,y_test.shape=no_test
[ 2018-10-16 23:45:17,039][cascade_classifier.fit_transform] group_dims=[9]
[ 2018-10-16 23:45:17,040][cascade_classifier.fit_transform] group_starts=[0]
[ 2018-10-16 23:45:17,040][cascade_classifier.fit_transform] group_ends=[9]
[ 2018-10-16 23:45:17,040][cascade_classifier.fit_transform] X_train.shape=(183264, 9),X_test.shape=(0, 9)
[ 2018-10-16 23:45:17,051][cascade_classifier.fit_transform] [layer=0] look_indexs=[0], X_cur_train.shape=(183264, 9), X_cur_test.shape=(0, 9)
[ 2018-10-16 23:45:18,025][kfold_wrapper.log_eval_metrics] Accuracy(layer_0 - estimator_0 - 5_folds.train_0.predict)=99.98%
[ 2018-10-16 23:45:18,990][kfold_wrapper.log_eval_metrics] Accuracy(layer_0 - estimator_0 - 5_folds.train_1.predict)=99.98%
[ 2018-10-16 23:45:19,855][kfold_wrapper.log_eval_metrics] Accuracy(layer_0 - estimator_0 - 5_folds.train_2.predict)=99.98%
[ 2018-10-16 23:45:20,719][kfold_wrapper.log_eval_metrics] Accuracy(layer_0 - estimator_0 - 5_folds.train_3.predict)=99.98%
[ 2018-10-16 23:45:21,684][kfold_wrapper.log_eval_metrics] Accuracy(layer_0 - estimator_0 - 5_folds.train_4.predict)=99.98%
[ 2018-10-16 23:45:21,689][kfold_wrapper.log_eval_metrics] Accuracy(layer_0 - estimator_0 - 5_folds.train_cv.predict)=99.98%
[ 2018-10-16 23:45:22,196][kfold_wrapper.log_eval_metrics] Accuracy(layer_0 - estimator_1 - 5_folds.train_0.predict)=100.00%
[ 2018-10-16 23:45:22,751][kfold_wrapper.log_eval_metrics] Accuracy(layer_0 - estimator_1 - 5_folds.train_1.predict)=99.99%
[ 2018-10-16 23:45:23,305][kfold_wrapper.log_eval_metrics] Accuracy(layer_0 - estimator_1 - 5_folds.train_2.predict)=99.97%
[ 2018-10-16 23:45:23,849][kfold_wrapper.log_eval_metrics] Accuracy(layer_0 - estimator_1 - 5_folds.train_3.predict)=99.98%
[ 2018-10-16 23:45:24,405][kfold_wrapper.log_eval_metrics] Accuracy(layer_0 - estimator_1 - 5_folds.train_4.predict)=99.97%
[ 2018-10-16 23:45:24,409][kfold_wrapper.log_eval_metrics] Accuracy(layer_0 - estimator_1 - 5_folds.train_cv.predict)=99.98%
[ 2018-10-16 23:45:24,792][kfold_wrapper.log_eval_metrics] Accuracy(layer_0 - estimator_2 - 5_folds.train_0.predict)=82.23%
[ 2018-10-16 23:45:25,106][kfold_wrapper.log_eval_metrics] Accuracy(layer_0 - estimator_2 - 5_folds.train_1.predict)=81.89%
[ 2018-10-16 23:45:25,404][kfold_wrapper.log_eval_metrics] Accuracy(layer_0 - estimator_2 - 5_folds.train_2.predict)=82.19%
[ 2018-10-16 23:45:25,711][kfold_wrapper.log_eval_metrics] Accuracy(layer_0 - estimator_2 - 5_folds.train_3.predict)=81.96%
[ 2018-10-16 23:45:26,015][kfold_wrapper.log_eval_metrics] Accuracy(layer_0 - estimator_2 - 5_folds.train_4.predict)=82.45%
[ 2018-10-16 23:45:26,018][kfold_wrapper.log_eval_metrics] Accuracy(layer_0 - estimator_2 - 5_folds.train_cv.predict)=82.14%
[ 2018-10-16 23:45:26,023][cascade_classifier.calc_accuracy] Accuracy(layer_0 - train.classifier_average)=99.98%
[ 2018-10-16 23:45:26,041][cascade_classifier.fit_transform] [layer=1] look_indexs=[0], X_cur_train.shape=(183264, 15), X_cur_test.shape=(0, 15)
[ 2018-10-16 23:45:26,655][kfold_wrapper.log_eval_metrics] Accuracy(layer_1 - estimator_0 - 5_folds.train_0.predict)=99.99%
[ 2018-10-16 23:45:27,221][kfold_wrapper.log_eval_metrics] Accuracy(layer_1 - estimator_0 - 5_folds.train_1.predict)=99.99%
[ 2018-10-16 23:45:27,784][kfold_wrapper.log_eval_metrics] Accuracy(layer_1 - estimator_0 - 5_folds.train_2.predict)=99.99%
[ 2018-10-16 23:45:28,341][kfold_wrapper.log_eval_metrics] Accuracy(layer_1 - estimator_0 - 5_folds.train_3.predict)=99.99%
[ 2018-10-16 23:45:28,895][kfold_wrapper.log_eval_metrics] Accuracy(layer_1 - estimator_0 - 5_folds.train_4.predict)=99.99%
[ 2018-10-16 23:45:28,899][kfold_wrapper.log_eval_metrics] Accuracy(layer_1 - estimator_0 - 5_folds.train_cv.predict)=99.99%
[ 2018-10-16 23:45:29,312][kfold_wrapper.log_eval_metrics] Accuracy(layer_1 - estimator_1 - 5_folds.train_0.predict)=99.99%
[ 2018-10-16 23:45:29,671][kfold_wrapper.log_eval_metrics] Accuracy(layer_1 - estimator_1 - 5_folds.train_1.predict)=99.99%
[ 2018-10-16 23:45:30,021][kfold_wrapper.log_eval_metrics] Accuracy(layer_1 - estimator_1 - 5_folds.train_2.predict)=99.98%
[ 2018-10-16 23:45:30,377][kfold_wrapper.log_eval_metrics] Accuracy(layer_1 - estimator_1 - 5_folds.train_3.predict)=99.98%
[ 2018-10-16 23:45:30,730][kfold_wrapper.log_eval_metrics] Accuracy(layer_1 - estimator_1 - 5_folds.train_4.predict)=99.99%
[ 2018-10-16 23:45:30,734][kfold_wrapper.log_eval_metrics] Accuracy(layer_1 - estimator_1 - 5_folds.train_cv.predict)=99.99%
[ 2018-10-16 23:45:31,420][kfold_wrapper.log_eval_metrics] Accuracy(layer_1 - estimator_2 - 5_folds.train_0.predict)=100.00%
[ 2018-10-16 23:45:32,013][kfold_wrapper.log_eval_metrics] Accuracy(layer_1 - estimator_2 - 5_folds.train_1.predict)=99.99%
[ 2018-10-16 23:45:32,626][kfold_wrapper.log_eval_metrics] Accuracy(layer_1 - estimator_2 - 5_folds.train_2.predict)=99.98%
[ 2018-10-16 23:45:33,245][kfold_wrapper.log_eval_metrics] Accuracy(layer_1 - estimator_2 - 5_folds.train_3.predict)=99.98%
[ 2018-10-16 23:45:33,857][kfold_wrapper.log_eval_metrics] Accuracy(layer_1 - estimator_2 - 5_folds.train_4.predict)=99.99%
[ 2018-10-16 23:45:33,860][kfold_wrapper.log_eval_metrics] Accuracy(layer_1 - estimator_2 - 5_folds.train_cv.predict)=99.99%
[ 2018-10-16 23:45:33,865][cascade_classifier.calc_accuracy] Accuracy(layer_1 - train.classifier_average)=99.99%
[ 2018-10-16 23:45:33,874][cascade_classifier.fit_transform] [layer=2] look_indexs=[0], X_cur_train.shape=(183264, 15), X_cur_test.shape=(0, 15)
[ 2018-10-16 23:45:34,378][kfold_wrapper.log_eval_metrics] Accuracy(layer_2 - estimator_0 - 5_folds.train_0.predict)=99.98%
[ 2018-10-16 23:45:34,837][kfold_wrapper.log_eval_metrics] Accuracy(layer_2 - estimator_0 - 5_folds.train_1.predict)=99.99%
[ 2018-10-16 23:45:35,295][kfold_wrapper.log_eval_metrics] Accuracy(layer_2 - estimator_0 - 5_folds.train_2.predict)=99.99%
[ 2018-10-16 23:45:35,749][kfold_wrapper.log_eval_metrics] Accuracy(layer_2 - estimator_0 - 5_folds.train_3.predict)=99.99%
[ 2018-10-16 23:45:36,207][kfold_wrapper.log_eval_metrics] Accuracy(layer_2 - estimator_0 - 5_folds.train_4.predict)=99.99%
[ 2018-10-16 23:45:36,211][kfold_wrapper.log_eval_metrics] Accuracy(layer_2 - estimator_0 - 5_folds.train_cv.predict)=99.99%
[ 2018-10-16 23:45:36,629][kfold_wrapper.log_eval_metrics] Accuracy(layer_2 - estimator_1 - 5_folds.train_0.predict)=99.98%
[ 2018-10-16 23:45:37,085][kfold_wrapper.log_eval_metrics] Accuracy(layer_2 - estimator_1 - 5_folds.train_1.predict)=99.99%
[ 2018-10-16 23:45:37,543][kfold_wrapper.log_eval_metrics] Accuracy(layer_2 - estimator_1 - 5_folds.train_2.predict)=99.99%
[ 2018-10-16 23:45:37,994][kfold_wrapper.log_eval_metrics] Accuracy(layer_2 - estimator_1 - 5_folds.train_3.predict)=99.99%
[ 2018-10-16 23:45:38,342][kfold_wrapper.log_eval_metrics] Accuracy(layer_2 - estimator_1 - 5_folds.train_4.predict)=99.99%
[ 2018-10-16 23:45:38,346][kfold_wrapper.log_eval_metrics] Accuracy(layer_2 - estimator_1 - 5_folds.train_cv.predict)=99.99%
[ 2018-10-16 23:45:38,946][kfold_wrapper.log_eval_metrics] Accuracy(layer_2 - estimator_2 - 5_folds.train_0.predict)=100.00%
[ 2018-10-16 23:45:39,511][kfold_wrapper.log_eval_metrics] Accuracy(layer_2 - estimator_2 - 5_folds.train_1.predict)=99.99%
[ 2018-10-16 23:45:40,026][kfold_wrapper.log_eval_metrics] Accuracy(layer_2 - estimator_2 - 5_folds.train_2.predict)=99.99%
[ 2018-10-16 23:45:40,515][kfold_wrapper.log_eval_metrics] Accuracy(layer_2 - estimator_2 - 5_folds.train_3.predict)=99.98%
[ 2018-10-16 23:45:41,038][kfold_wrapper.log_eval_metrics] Accuracy(layer_2 - estimator_2 - 5_folds.train_4.predict)=99.99%
[ 2018-10-16 23:45:41,041][kfold_wrapper.log_eval_metrics] Accuracy(layer_2 - estimator_2 - 5_folds.train_cv.predict)=99.99%
[ 2018-10-16 23:45:41,046][cascade_classifier.calc_accuracy] Accuracy(layer_2 - train.classifier_average)=99.99%
[ 2018-10-16 23:45:41,055][cascade_classifier.fit_transform] [layer=3] look_indexs=[0], X_cur_train.shape=(183264, 15), X_cur_test.shape=(0, 15)
[ 2018-10-16 23:45:41,557][kfold_wrapper.log_eval_metrics] Accuracy(layer_3 - estimator_0 - 5_folds.train_0.predict)=99.99%
[ 2018-10-16 23:45:42,019][kfold_wrapper.log_eval_metrics] Accuracy(layer_3 - estimator_0 - 5_folds.train_1.predict)=99.99%
[ 2018-10-16 23:45:42,474][kfold_wrapper.log_eval_metrics] Accuracy(layer_3 - estimator_0 - 5_folds.train_2.predict)=99.99%
[ 2018-10-16 23:45:43,033][kfold_wrapper.log_eval_metrics] Accuracy(layer_3 - estimator_0 - 5_folds.train_3.predict)=99.99%
[ 2018-10-16 23:45:43,485][kfold_wrapper.log_eval_metrics] Accuracy(layer_3 - estimator_0 - 5_folds.train_4.predict)=99.99%
[ 2018-10-16 23:45:43,489][kfold_wrapper.log_eval_metrics] Accuracy(layer_3 - estimator_0 - 5_folds.train_cv.predict)=99.99%
[ 2018-10-16 23:45:44,010][kfold_wrapper.log_eval_metrics] Accuracy(layer_3 - estimator_1 - 5_folds.train_0.predict)=99.99%
[ 2018-10-16 23:45:44,469][kfold_wrapper.log_eval_metrics] Accuracy(layer_3 - estimator_1 - 5_folds.train_1.predict)=99.99%
[ 2018-10-16 23:45:44,922][kfold_wrapper.log_eval_metrics] Accuracy(layer_3 - estimator_1 - 5_folds.train_2.predict)=99.99%
[ 2018-10-16 23:45:45,376][kfold_wrapper.log_eval_metrics] Accuracy(layer_3 - estimator_1 - 5_folds.train_3.predict)=99.99%
[ 2018-10-16 23:45:45,731][kfold_wrapper.log_eval_metrics] Accuracy(layer_3 - estimator_1 - 5_folds.train_4.predict)=99.98%
[ 2018-10-16 23:45:45,734][kfold_wrapper.log_eval_metrics] Accuracy(layer_3 - estimator_1 - 5_folds.train_cv.predict)=99.99%
[ 2018-10-16 23:45:46,305][kfold_wrapper.log_eval_metrics] Accuracy(layer_3 - estimator_2 - 5_folds.train_0.predict)=99.99%
[ 2018-10-16 23:45:46,794][kfold_wrapper.log_eval_metrics] Accuracy(layer_3 - estimator_2 - 5_folds.train_1.predict)=99.99%
[ 2018-10-16 23:45:47,273][kfold_wrapper.log_eval_metrics] Accuracy(layer_3 - estimator_2 - 5_folds.train_2.predict)=99.99%
[ 2018-10-16 23:45:47,780][kfold_wrapper.log_eval_metrics] Accuracy(layer_3 - estimator_2 - 5_folds.train_3.predict)=99.98%
[ 2018-10-16 23:45:48,249][kfold_wrapper.log_eval_metrics] Accuracy(layer_3 - estimator_2 - 5_folds.train_4.predict)=100.00%
[ 2018-10-16 23:45:48,251][kfold_wrapper.log_eval_metrics] Accuracy(layer_3 - estimator_2 - 5_folds.train_cv.predict)=99.99%
[ 2018-10-16 23:45:48,257][cascade_classifier.calc_accuracy] Accuracy(layer_3 - train.classifier_average)=99.99%
[ 2018-10-16 23:45:48,265][cascade_classifier.fit_transform] [layer=4] look_indexs=[0], X_cur_train.shape=(183264, 15), X_cur_test.shape=(0, 15)
[ 2018-10-16 23:45:48,771][kfold_wrapper.log_eval_metrics] Accuracy(layer_4 - estimator_0 - 5_folds.train_0.predict)=99.98%
[ 2018-10-16 23:45:49,224][kfold_wrapper.log_eval_metrics] Accuracy(layer_4 - estimator_0 - 5_folds.train_1.predict)=99.99%
[ 2018-10-16 23:45:49,685][kfold_wrapper.log_eval_metrics] Accuracy(layer_4 - estimator_0 - 5_folds.train_2.predict)=99.98%
[ 2018-10-16 23:45:50,143][kfold_wrapper.log_eval_metrics] Accuracy(layer_4 - estimator_0 - 5_folds.train_3.predict)=99.99%
[ 2018-10-16 23:45:50,702][kfold_wrapper.log_eval_metrics] Accuracy(layer_4 - estimator_0 - 5_folds.train_4.predict)=99.99%
[ 2018-10-16 23:45:50,706][kfold_wrapper.log_eval_metrics] Accuracy(layer_4 - estimator_0 - 5_folds.train_cv.predict)=99.99%
[ 2018-10-16 23:45:51,226][kfold_wrapper.log_eval_metrics] Accuracy(layer_4 - estimator_1 - 5_folds.train_0.predict)=99.99%
[ 2018-10-16 23:45:51,681][kfold_wrapper.log_eval_metrics] Accuracy(layer_4 - estimator_1 - 5_folds.train_1.predict)=99.99%
[ 2018-10-16 23:45:52,140][kfold_wrapper.log_eval_metrics] Accuracy(layer_4 - estimator_1 - 5_folds.train_2.predict)=99.99%
[ 2018-10-16 23:45:52,596][kfold_wrapper.log_eval_metrics] Accuracy(layer_4 - estimator_1 - 5_folds.train_3.predict)=99.99%
[ 2018-10-16 23:45:53,045][kfold_wrapper.log_eval_metrics] Accuracy(layer_4 - estimator_1 - 5_folds.train_4.predict)=99.98%
[ 2018-10-16 23:45:53,049][kfold_wrapper.log_eval_metrics] Accuracy(layer_4 - estimator_1 - 5_folds.train_cv.predict)=99.99%
[ 2018-10-16 23:45:53,636][kfold_wrapper.log_eval_metrics] Accuracy(layer_4 - estimator_2 - 5_folds.train_0.predict)=99.99%
[ 2018-10-16 23:45:54,095][kfold_wrapper.log_eval_metrics] Accuracy(layer_4 - estimator_2 - 5_folds.train_1.predict)=99.99%
[ 2018-10-16 23:45:54,581][kfold_wrapper.log_eval_metrics] Accuracy(layer_4 - estimator_2 - 5_folds.train_2.predict)=99.99%
[ 2018-10-16 23:45:55,106][kfold_wrapper.log_eval_metrics] Accuracy(layer_4 - estimator_2 - 5_folds.train_3.predict)=99.99%
[ 2018-10-16 23:45:55,572][kfold_wrapper.log_eval_metrics] Accuracy(layer_4 - estimator_2 - 5_folds.train_4.predict)=99.99%
[ 2018-10-16 23:45:55,575][kfold_wrapper.log_eval_metrics] Accuracy(layer_4 - estimator_2 - 5_folds.train_cv.predict)=99.99%
[ 2018-10-16 23:45:55,580][cascade_classifier.calc_accuracy] Accuracy(layer_4 - train.classifier_average)=99.99%
[ 2018-10-16 23:45:55,589][cascade_classifier.fit_transform] [layer=5] look_indexs=[0], X_cur_train.shape=(183264, 15), X_cur_test.shape=(0, 15)
[ 2018-10-16 23:45:56,207][kfold_wrapper.log_eval_metrics] Accuracy(layer_5 - estimator_0 - 5_folds.train_0.predict)=99.99%
[ 2018-10-16 23:45:56,763][kfold_wrapper.log_eval_metrics] Accuracy(layer_5 - estimator_0 - 5_folds.train_1.predict)=99.99%
[ 2018-10-16 23:45:57,313][kfold_wrapper.log_eval_metrics] Accuracy(layer_5 - estimator_0 - 5_folds.train_2.predict)=99.98%
[ 2018-10-16 23:45:57,871][kfold_wrapper.log_eval_metrics] Accuracy(layer_5 - estimator_0 - 5_folds.train_3.predict)=99.99%
[ 2018-10-16 23:45:58,430][kfold_wrapper.log_eval_metrics] Accuracy(layer_5 - estimator_0 - 5_folds.train_4.predict)=99.99%
[ 2018-10-16 23:45:58,434][kfold_wrapper.log_eval_metrics] Accuracy(layer_5 - estimator_0 - 5_folds.train_cv.predict)=99.99%
[ 2018-10-16 23:45:58,950][kfold_wrapper.log_eval_metrics] Accuracy(layer_5 - estimator_1 - 5_folds.train_0.predict)=99.98%
[ 2018-10-16 23:45:59,408][kfold_wrapper.log_eval_metrics] Accuracy(layer_5 - estimator_1 - 5_folds.train_1.predict)=99.99%
[ 2018-10-16 23:45:59,858][kfold_wrapper.log_eval_metrics] Accuracy(layer_5 - estimator_1 - 5_folds.train_2.predict)=99.98%
[ 2018-10-16 23:46:00,309][kfold_wrapper.log_eval_metrics] Accuracy(layer_5 - estimator_1 - 5_folds.train_3.predict)=99.98%
[ 2018-10-16 23:46:00,761][kfold_wrapper.log_eval_metrics] Accuracy(layer_5 - estimator_1 - 5_folds.train_4.predict)=99.99%
[ 2018-10-16 23:46:00,765][kfold_wrapper.log_eval_metrics] Accuracy(layer_5 - estimator_1 - 5_folds.train_cv.predict)=99.99%
[ 2018-10-16 23:46:01,341][kfold_wrapper.log_eval_metrics] Accuracy(layer_5 - estimator_2 - 5_folds.train_0.predict)=99.99%
[ 2018-10-16 23:46:01,932][kfold_wrapper.log_eval_metrics] Accuracy(layer_5 - estimator_2 - 5_folds.train_1.predict)=99.99%
[ 2018-10-16 23:46:02,461][kfold_wrapper.log_eval_metrics] Accuracy(layer_5 - estimator_2 - 5_folds.train_2.predict)=99.99%
[ 2018-10-16 23:46:02,987][kfold_wrapper.log_eval_metrics] Accuracy(layer_5 - estimator_2 - 5_folds.train_3.predict)=99.99%
[ 2018-10-16 23:46:03,501][kfold_wrapper.log_eval_metrics] Accuracy(layer_5 - estimator_2 - 5_folds.train_4.predict)=99.98%
[ 2018-10-16 23:46:03,504][kfold_wrapper.log_eval_metrics] Accuracy(layer_5 - estimator_2 - 5_folds.train_cv.predict)=99.99%
[ 2018-10-16 23:46:03,509][cascade_classifier.calc_accuracy] Accuracy(layer_5 - train.classifier_average)=99.99%
[ 2018-10-16 23:46:03,509][cascade_classifier.fit_transform] [Result][Optimal Level Detected] opt_layer_num=3, accuracy_train=99.99%, accuracy_test=0.00%
[ 2018-10-16 23:46:03,574][cascade_classifier.transform] X_groups_test.shape=[(45712, 9)]
[ 2018-10-16 23:46:03,575][cascade_classifier.transform] group_dims=[9]
[ 2018-10-16 23:46:03,575][cascade_classifier.transform] X_test.shape=(45712, 9)
[ 2018-10-16 23:46:03,577][cascade_classifier.transform] [layer=0] look_indexs=[0], X_cur_test.shape=(45712, 9)
[ 2018-10-16 23:46:04,655][cascade_classifier.transform] [layer=1] look_indexs=[0], X_cur_test.shape=(45712, 15)
[ 2018-10-16 23:46:05,737][cascade_classifier.transform] [layer=2] look_indexs=[0], X_cur_test.shape=(45712, 15)
[ 2018-10-16 23:46:07,748][cascade_classifier.transform] X_groups_test.shape=[(139566, 9)]
[ 2018-10-16 23:46:07,750][cascade_classifier.transform] group_dims=[9]
[ 2018-10-16 23:46:07,750][cascade_classifier.transform] X_test.shape=(139566, 9)
[ 2018-10-16 23:46:07,752][cascade_classifier.transform] [layer=0] look_indexs=[0], X_cur_test.shape=(139566, 9)
[ 2018-10-16 23:46:08,870][cascade_classifier.transform] [layer=1] look_indexs=[0], X_cur_test.shape=(139566, 15)
[ 2018-10-16 23:46:10,008][cascade_classifier.transform] [layer=2] look_indexs=[0], X_cur_test.shape=(139566, 15)
[ 2018-10-16 23:46:11,779][cascade_classifier.fit_transform] X_groups_train.shape=[(18561, 45)],y_train.shape=(18561,),X_groups_test.shape=no_test,y_test.shape=no_test
[ 2018-10-16 23:46:11,780][cascade_classifier.fit_transform] group_dims=[45]
[ 2018-10-16 23:46:11,780][cascade_classifier.fit_transform] group_starts=[0]
[ 2018-10-16 23:46:11,780][cascade_classifier.fit_transform] group_ends=[45]
[ 2018-10-16 23:46:11,780][cascade_classifier.fit_transform] X_train.shape=(18561, 45),X_test.shape=(0, 45)
[ 2018-10-16 23:46:11,782][cascade_classifier.fit_transform] [layer=0] look_indexs=[0], X_cur_train.shape=(18561, 45), X_cur_test.shape=(0, 45)
[ 2018-10-16 23:46:12,106][kfold_wrapper.log_eval_metrics] Accuracy(layer_0 - estimator_0 - 5_folds.train_0.predict)=99.65%
[ 2018-10-16 23:46:12,429][kfold_wrapper.log_eval_metrics] Accuracy(layer_0 - estimator_0 - 5_folds.train_1.predict)=99.76%
[ 2018-10-16 23:46:12,749][kfold_wrapper.log_eval_metrics] Accuracy(layer_0 - estimator_0 - 5_folds.train_2.predict)=99.68%
[ 2018-10-16 23:46:13,076][kfold_wrapper.log_eval_metrics] Accuracy(layer_0 - estimator_0 - 5_folds.train_3.predict)=99.73%
[ 2018-10-16 23:46:13,400][kfold_wrapper.log_eval_metrics] Accuracy(layer_0 - estimator_0 - 5_folds.train_4.predict)=99.68%
[ 2018-10-16 23:46:13,401][kfold_wrapper.log_eval_metrics] Accuracy(layer_0 - estimator_0 - 5_folds.train_cv.predict)=99.70%
[ 2018-10-16 23:46:13,631][kfold_wrapper.log_eval_metrics] Accuracy(layer_0 - estimator_1 - 5_folds.train_0.predict)=99.46%
[ 2018-10-16 23:46:13,854][kfold_wrapper.log_eval_metrics] Accuracy(layer_0 - estimator_1 - 5_folds.train_1.predict)=99.17%
[ 2018-10-16 23:46:14,076][kfold_wrapper.log_eval_metrics] Accuracy(layer_0 - estimator_1 - 5_folds.train_2.predict)=99.33%
[ 2018-10-16 23:46:14,298][kfold_wrapper.log_eval_metrics] Accuracy(layer_0 - estimator_1 - 5_folds.train_3.predict)=99.19%
[ 2018-10-16 23:46:14,519][kfold_wrapper.log_eval_metrics] Accuracy(layer_0 - estimator_1 - 5_folds.train_4.predict)=99.33%
[ 2018-10-16 23:46:14,520][kfold_wrapper.log_eval_metrics] Accuracy(layer_0 - estimator_1 - 5_folds.train_cv.predict)=99.29%
[ 2018-10-16 23:46:14,670][kfold_wrapper.log_eval_metrics] Accuracy(layer_0 - estimator_2 - 5_folds.train_0.predict)=99.41%
[ 2018-10-16 23:46:14,787][kfold_wrapper.log_eval_metrics] Accuracy(layer_0 - estimator_2 - 5_folds.train_1.predict)=99.19%
[ 2018-10-16 23:46:14,945][kfold_wrapper.log_eval_metrics] Accuracy(layer_0 - estimator_2 - 5_folds.train_2.predict)=99.19%
[ 2018-10-16 23:46:15,078][kfold_wrapper.log_eval_metrics] Accuracy(layer_0 - estimator_2 - 5_folds.train_3.predict)=99.25%
[ 2018-10-16 23:46:15,181][kfold_wrapper.log_eval_metrics] Accuracy(layer_0 - estimator_2 - 5_folds.train_4.predict)=99.19%
[ 2018-10-16 23:46:15,181][kfold_wrapper.log_eval_metrics] Accuracy(layer_0 - estimator_2 - 5_folds.train_cv.predict)=99.25%
[ 2018-10-16 23:46:15,182][cascade_classifier.calc_accuracy] Accuracy(layer_0 - train.classifier_average)=99.39%
[ 2018-10-16 23:46:15,184][cascade_classifier.fit_transform] [layer=1] look_indexs=[0], X_cur_train.shape=(18561, 51), X_cur_test.shape=(0, 51)
[ 2018-10-16 23:46:15,413][kfold_wrapper.log_eval_metrics] Accuracy(layer_1 - estimator_0 - 5_folds.train_0.predict)=99.70%
[ 2018-10-16 23:46:15,633][kfold_wrapper.log_eval_metrics] Accuracy(layer_1 - estimator_0 - 5_folds.train_1.predict)=99.89%
[ 2018-10-16 23:46:15,861][kfold_wrapper.log_eval_metrics] Accuracy(layer_1 - estimator_0 - 5_folds.train_2.predict)=99.76%
[ 2018-10-16 23:46:16,084][kfold_wrapper.log_eval_metrics] Accuracy(layer_1 - estimator_0 - 5_folds.train_3.predict)=99.89%
[ 2018-10-16 23:46:16,308][kfold_wrapper.log_eval_metrics] Accuracy(layer_1 - estimator_0 - 5_folds.train_4.predict)=99.78%
[ 2018-10-16 23:46:16,309][kfold_wrapper.log_eval_metrics] Accuracy(layer_1 - estimator_0 - 5_folds.train_cv.predict)=99.81%
[ 2018-10-16 23:46:16,536][kfold_wrapper.log_eval_metrics] Accuracy(layer_1 - estimator_1 - 5_folds.train_0.predict)=99.70%
[ 2018-10-16 23:46:16,763][kfold_wrapper.log_eval_metrics] Accuracy(layer_1 - estimator_1 - 5_folds.train_1.predict)=99.76%
[ 2018-10-16 23:46:16,990][kfold_wrapper.log_eval_metrics] Accuracy(layer_1 - estimator_1 - 5_folds.train_2.predict)=99.81%
[ 2018-10-16 23:46:17,213][kfold_wrapper.log_eval_metrics] Accuracy(layer_1 - estimator_1 - 5_folds.train_3.predict)=99.87%
[ 2018-10-16 23:46:17,433][kfold_wrapper.log_eval_metrics] Accuracy(layer_1 - estimator_1 - 5_folds.train_4.predict)=99.84%
[ 2018-10-16 23:46:17,434][kfold_wrapper.log_eval_metrics] Accuracy(layer_1 - estimator_1 - 5_folds.train_cv.predict)=99.80%
[ 2018-10-16 23:46:17,642][kfold_wrapper.log_eval_metrics] Accuracy(layer_1 - estimator_2 - 5_folds.train_0.predict)=99.81%
[ 2018-10-16 23:46:17,823][kfold_wrapper.log_eval_metrics] Accuracy(layer_1 - estimator_2 - 5_folds.train_1.predict)=99.70%
[ 2018-10-16 23:46:18,049][kfold_wrapper.log_eval_metrics] Accuracy(layer_1 - estimator_2 - 5_folds.train_2.predict)=99.78%
[ 2018-10-16 23:46:18,279][kfold_wrapper.log_eval_metrics] Accuracy(layer_1 - estimator_2 - 5_folds.train_3.predict)=99.78%
[ 2018-10-16 23:46:18,483][kfold_wrapper.log_eval_metrics] Accuracy(layer_1 - estimator_2 - 5_folds.train_4.predict)=99.76%
[ 2018-10-16 23:46:18,484][kfold_wrapper.log_eval_metrics] Accuracy(layer_1 - estimator_2 - 5_folds.train_cv.predict)=99.77%
[ 2018-10-16 23:46:18,484][cascade_classifier.calc_accuracy] Accuracy(layer_1 - train.classifier_average)=99.80%
[ 2018-10-16 23:46:18,488][cascade_classifier.fit_transform] [layer=2] look_indexs=[0], X_cur_train.shape=(18561, 51), X_cur_test.shape=(0, 51)
[ 2018-10-16 23:46:18,712][kfold_wrapper.log_eval_metrics] Accuracy(layer_2 - estimator_0 - 5_folds.train_0.predict)=99.73%
[ 2018-10-16 23:46:18,936][kfold_wrapper.log_eval_metrics] Accuracy(layer_2 - estimator_0 - 5_folds.train_1.predict)=99.84%
[ 2018-10-16 23:46:19,164][kfold_wrapper.log_eval_metrics] Accuracy(layer_2 - estimator_0 - 5_folds.train_2.predict)=99.92%
[ 2018-10-16 23:46:19,385][kfold_wrapper.log_eval_metrics] Accuracy(layer_2 - estimator_0 - 5_folds.train_3.predict)=99.78%
[ 2018-10-16 23:46:19,607][kfold_wrapper.log_eval_metrics] Accuracy(layer_2 - estimator_0 - 5_folds.train_4.predict)=99.73%
[ 2018-10-16 23:46:19,608][kfold_wrapper.log_eval_metrics] Accuracy(layer_2 - estimator_0 - 5_folds.train_cv.predict)=99.80%
[ 2018-10-16 23:46:19,837][kfold_wrapper.log_eval_metrics] Accuracy(layer_2 - estimator_1 - 5_folds.train_0.predict)=99.78%
[ 2018-10-16 23:46:20,060][kfold_wrapper.log_eval_metrics] Accuracy(layer_2 - estimator_1 - 5_folds.train_1.predict)=99.87%
[ 2018-10-16 23:46:20,286][kfold_wrapper.log_eval_metrics] Accuracy(layer_2 - estimator_1 - 5_folds.train_2.predict)=99.87%
[ 2018-10-16 23:46:20,512][kfold_wrapper.log_eval_metrics] Accuracy(layer_2 - estimator_1 - 5_folds.train_3.predict)=99.76%
[ 2018-10-16 23:46:20,737][kfold_wrapper.log_eval_metrics] Accuracy(layer_2 - estimator_1 - 5_folds.train_4.predict)=99.78%
[ 2018-10-16 23:46:20,738][kfold_wrapper.log_eval_metrics] Accuracy(layer_2 - estimator_1 - 5_folds.train_cv.predict)=99.81%
[ 2018-10-16 23:46:20,926][kfold_wrapper.log_eval_metrics] Accuracy(layer_2 - estimator_2 - 5_folds.train_0.predict)=99.68%
[ 2018-10-16 23:46:21,082][kfold_wrapper.log_eval_metrics] Accuracy(layer_2 - estimator_2 - 5_folds.train_1.predict)=99.78%
[ 2018-10-16 23:46:21,255][kfold_wrapper.log_eval_metrics] Accuracy(layer_2 - estimator_2 - 5_folds.train_2.predict)=99.76%
[ 2018-10-16 23:46:21,448][kfold_wrapper.log_eval_metrics] Accuracy(layer_2 - estimator_2 - 5_folds.train_3.predict)=99.84%
[ 2018-10-16 23:46:21,638][kfold_wrapper.log_eval_metrics] Accuracy(layer_2 - estimator_2 - 5_folds.train_4.predict)=99.87%
[ 2018-10-16 23:46:21,639][kfold_wrapper.log_eval_metrics] Accuracy(layer_2 - estimator_2 - 5_folds.train_cv.predict)=99.78%
[ 2018-10-16 23:46:21,639][cascade_classifier.calc_accuracy] Accuracy(layer_2 - train.classifier_average)=99.82%
[ 2018-10-16 23:46:21,642][cascade_classifier.fit_transform] [layer=3] look_indexs=[0], X_cur_train.shape=(18561, 51), X_cur_test.shape=(0, 51)
[ 2018-10-16 23:46:21,867][kfold_wrapper.log_eval_metrics] Accuracy(layer_3 - estimator_0 - 5_folds.train_0.predict)=99.81%
[ 2018-10-16 23:46:22,086][kfold_wrapper.log_eval_metrics] Accuracy(layer_3 - estimator_0 - 5_folds.train_1.predict)=99.78%
[ 2018-10-16 23:46:22,310][kfold_wrapper.log_eval_metrics] Accuracy(layer_3 - estimator_0 - 5_folds.train_2.predict)=99.81%
[ 2018-10-16 23:46:22,534][kfold_wrapper.log_eval_metrics] Accuracy(layer_3 - estimator_0 - 5_folds.train_3.predict)=99.76%
[ 2018-10-16 23:46:22,756][kfold_wrapper.log_eval_metrics] Accuracy(layer_3 - estimator_0 - 5_folds.train_4.predict)=99.89%
[ 2018-10-16 23:46:22,757][kfold_wrapper.log_eval_metrics] Accuracy(layer_3 - estimator_0 - 5_folds.train_cv.predict)=99.81%
[ 2018-10-16 23:46:22,986][kfold_wrapper.log_eval_metrics] Accuracy(layer_3 - estimator_1 - 5_folds.train_0.predict)=99.78%
[ 2018-10-16 23:46:23,210][kfold_wrapper.log_eval_metrics] Accuracy(layer_3 - estimator_1 - 5_folds.train_1.predict)=99.76%
[ 2018-10-16 23:46:23,435][kfold_wrapper.log_eval_metrics] Accuracy(layer_3 - estimator_1 - 5_folds.train_2.predict)=99.84%
[ 2018-10-16 23:46:23,658][kfold_wrapper.log_eval_metrics] Accuracy(layer_3 - estimator_1 - 5_folds.train_3.predict)=99.81%
[ 2018-10-16 23:46:23,882][kfold_wrapper.log_eval_metrics] Accuracy(layer_3 - estimator_1 - 5_folds.train_4.predict)=99.84%
[ 2018-10-16 23:46:23,884][kfold_wrapper.log_eval_metrics] Accuracy(layer_3 - estimator_1 - 5_folds.train_cv.predict)=99.81%
[ 2018-10-16 23:46:24,073][kfold_wrapper.log_eval_metrics] Accuracy(layer_3 - estimator_2 - 5_folds.train_0.predict)=99.76%
[ 2018-10-16 23:46:24,271][kfold_wrapper.log_eval_metrics] Accuracy(layer_3 - estimator_2 - 5_folds.train_1.predict)=99.81%
[ 2018-10-16 23:46:24,435][kfold_wrapper.log_eval_metrics] Accuracy(layer_3 - estimator_2 - 5_folds.train_2.predict)=99.76%
[ 2018-10-16 23:46:24,609][kfold_wrapper.log_eval_metrics] Accuracy(layer_3 - estimator_2 - 5_folds.train_3.predict)=99.84%
[ 2018-10-16 23:46:24,791][kfold_wrapper.log_eval_metrics] Accuracy(layer_3 - estimator_2 - 5_folds.train_4.predict)=99.81%
[ 2018-10-16 23:46:24,791][kfold_wrapper.log_eval_metrics] Accuracy(layer_3 - estimator_2 - 5_folds.train_cv.predict)=99.80%
[ 2018-10-16 23:46:24,792][cascade_classifier.calc_accuracy] Accuracy(layer_3 - train.classifier_average)=99.81%
[ 2018-10-16 23:46:24,794][cascade_classifier.fit_transform] [layer=4] look_indexs=[0], X_cur_train.shape=(18561, 51), X_cur_test.shape=(0, 51)
[ 2018-10-16 23:46:25,017][kfold_wrapper.log_eval_metrics] Accuracy(layer_4 - estimator_0 - 5_folds.train_0.predict)=99.78%
[ 2018-10-16 23:46:25,237][kfold_wrapper.log_eval_metrics] Accuracy(layer_4 - estimator_0 - 5_folds.train_1.predict)=99.76%
[ 2018-10-16 23:46:25,461][kfold_wrapper.log_eval_metrics] Accuracy(layer_4 - estimator_0 - 5_folds.train_2.predict)=99.76%
[ 2018-10-16 23:46:25,685][kfold_wrapper.log_eval_metrics] Accuracy(layer_4 - estimator_0 - 5_folds.train_3.predict)=99.78%
[ 2018-10-16 23:46:26,009][kfold_wrapper.log_eval_metrics] Accuracy(layer_4 - estimator_0 - 5_folds.train_4.predict)=99.89%
[ 2018-10-16 23:46:26,010][kfold_wrapper.log_eval_metrics] Accuracy(layer_4 - estimator_0 - 5_folds.train_cv.predict)=99.80%
[ 2018-10-16 23:46:26,239][kfold_wrapper.log_eval_metrics] Accuracy(layer_4 - estimator_1 - 5_folds.train_0.predict)=99.65%
[ 2018-10-16 23:46:26,465][kfold_wrapper.log_eval_metrics] Accuracy(layer_4 - estimator_1 - 5_folds.train_1.predict)=99.84%
[ 2018-10-16 23:46:26,687][kfold_wrapper.log_eval_metrics] Accuracy(layer_4 - estimator_1 - 5_folds.train_2.predict)=99.81%
[ 2018-10-16 23:46:26,911][kfold_wrapper.log_eval_metrics] Accuracy(layer_4 - estimator_1 - 5_folds.train_3.predict)=99.84%
[ 2018-10-16 23:46:27,136][kfold_wrapper.log_eval_metrics] Accuracy(layer_4 - estimator_1 - 5_folds.train_4.predict)=99.76%
[ 2018-10-16 23:46:27,137][kfold_wrapper.log_eval_metrics] Accuracy(layer_4 - estimator_1 - 5_folds.train_cv.predict)=99.78%
[ 2018-10-16 23:46:27,330][kfold_wrapper.log_eval_metrics] Accuracy(layer_4 - estimator_2 - 5_folds.train_0.predict)=99.70%
[ 2018-10-16 23:46:27,507][kfold_wrapper.log_eval_metrics] Accuracy(layer_4 - estimator_2 - 5_folds.train_1.predict)=99.73%
[ 2018-10-16 23:46:27,674][kfold_wrapper.log_eval_metrics] Accuracy(layer_4 - estimator_2 - 5_folds.train_2.predict)=99.87%
[ 2018-10-16 23:46:27,854][kfold_wrapper.log_eval_metrics] Accuracy(layer_4 - estimator_2 - 5_folds.train_3.predict)=99.76%
[ 2018-10-16 23:46:28,026][kfold_wrapper.log_eval_metrics] Accuracy(layer_4 - estimator_2 - 5_folds.train_4.predict)=99.81%
[ 2018-10-16 23:46:28,027][kfold_wrapper.log_eval_metrics] Accuracy(layer_4 - estimator_2 - 5_folds.train_cv.predict)=99.77%
[ 2018-10-16 23:46:28,027][cascade_classifier.calc_accuracy] Accuracy(layer_4 - train.classifier_average)=99.79%
[ 2018-10-16 23:46:28,030][cascade_classifier.fit_transform] [layer=5] look_indexs=[0], X_cur_train.shape=(18561, 51), X_cur_test.shape=(0, 51)
[ 2018-10-16 23:46:28,253][kfold_wrapper.log_eval_metrics] Accuracy(layer_5 - estimator_0 - 5_folds.train_0.predict)=99.70%
[ 2018-10-16 23:46:28,480][kfold_wrapper.log_eval_metrics] Accuracy(layer_5 - estimator_0 - 5_folds.train_1.predict)=99.87%
[ 2018-10-16 23:46:28,706][kfold_wrapper.log_eval_metrics] Accuracy(layer_5 - estimator_0 - 5_folds.train_2.predict)=99.84%
[ 2018-10-16 23:46:28,929][kfold_wrapper.log_eval_metrics] Accuracy(layer_5 - estimator_0 - 5_folds.train_3.predict)=99.73%
[ 2018-10-16 23:46:29,154][kfold_wrapper.log_eval_metrics] Accuracy(layer_5 - estimator_0 - 5_folds.train_4.predict)=99.73%
[ 2018-10-16 23:46:29,155][kfold_wrapper.log_eval_metrics] Accuracy(layer_5 - estimator_0 - 5_folds.train_cv.predict)=99.77%
[ 2018-10-16 23:46:29,383][kfold_wrapper.log_eval_metrics] Accuracy(layer_5 - estimator_1 - 5_folds.train_0.predict)=99.84%
[ 2018-10-16 23:46:29,610][kfold_wrapper.log_eval_metrics] Accuracy(layer_5 - estimator_1 - 5_folds.train_1.predict)=99.62%
[ 2018-10-16 23:46:29,830][kfold_wrapper.log_eval_metrics] Accuracy(layer_5 - estimator_1 - 5_folds.train_2.predict)=99.76%
[ 2018-10-16 23:46:30,052][kfold_wrapper.log_eval_metrics] Accuracy(layer_5 - estimator_1 - 5_folds.train_3.predict)=99.87%
[ 2018-10-16 23:46:30,279][kfold_wrapper.log_eval_metrics] Accuracy(layer_5 - estimator_1 - 5_folds.train_4.predict)=99.81%
[ 2018-10-16 23:46:30,280][kfold_wrapper.log_eval_metrics] Accuracy(layer_5 - estimator_1 - 5_folds.train_cv.predict)=99.78%
[ 2018-10-16 23:46:30,505][kfold_wrapper.log_eval_metrics] Accuracy(layer_5 - estimator_2 - 5_folds.train_0.predict)=99.81%
[ 2018-10-16 23:46:30,669][kfold_wrapper.log_eval_metrics] Accuracy(layer_5 - estimator_2 - 5_folds.train_1.predict)=99.68%
[ 2018-10-16 23:46:30,839][kfold_wrapper.log_eval_metrics] Accuracy(layer_5 - estimator_2 - 5_folds.train_2.predict)=99.70%
[ 2018-10-16 23:46:31,014][kfold_wrapper.log_eval_metrics] Accuracy(layer_5 - estimator_2 - 5_folds.train_3.predict)=99.84%
[ 2018-10-16 23:46:31,179][kfold_wrapper.log_eval_metrics] Accuracy(layer_5 - estimator_2 - 5_folds.train_4.predict)=99.81%
[ 2018-10-16 23:46:31,180][kfold_wrapper.log_eval_metrics] Accuracy(layer_5 - estimator_2 - 5_folds.train_cv.predict)=99.77%
[ 2018-10-16 23:46:31,180][cascade_classifier.calc_accuracy] Accuracy(layer_5 - train.classifier_average)=99.78%
[ 2018-10-16 23:46:31,181][cascade_classifier.fit_transform] [Result][Optimal Level Detected] opt_layer_num=3, accuracy_train=99.82%, accuracy_test=0.00%
[ 2018-10-16 23:46:31,213][cascade_classifier.transform] X_groups_test.shape=[(9142, 45)]
[ 2018-10-16 23:46:31,214][cascade_classifier.transform] group_dims=[45]
[ 2018-10-16 23:46:31,214][cascade_classifier.transform] X_test.shape=(9142, 45)
[ 2018-10-16 23:46:31,214][cascade_classifier.transform] [layer=0] look_indexs=[0], X_cur_test.shape=(9142, 45)
[ 2018-10-16 23:46:32,283][cascade_classifier.transform] [layer=1] look_indexs=[0], X_cur_test.shape=(9142, 51)
[ 2018-10-16 23:46:33,349][cascade_classifier.transform] [layer=2] look_indexs=[0], X_cur_test.shape=(9142, 51)
[ 2018-10-16 23:46:34,631][cascade_classifier.transform] X_groups_test.shape=[(27913, 45)]
[ 2018-10-16 23:46:34,633][cascade_classifier.transform] group_dims=[45]
[ 2018-10-16 23:46:34,634][cascade_classifier.transform] X_test.shape=(27913, 45)
[ 2018-10-16 23:46:34,639][cascade_classifier.transform] [layer=0] look_indexs=[0], X_cur_test.shape=(27913, 45)
[ 2018-10-16 23:46:35,737][cascade_classifier.transform] [layer=1] look_indexs=[0], X_cur_test.shape=(27913, 51)
[ 2018-10-16 23:46:36,824][cascade_classifier.transform] [layer=2] look_indexs=[0], X_cur_test.shape=(27913, 51)
