[ 2018-10-21 03:03:27,548][cascade_classifier.fit_transform] X_groups_train.shape=[(183292, 9)],y_train.shape=(183292,),X_groups_test.shape=no_test,y_test.shape=no_test
[ 2018-10-21 03:03:27,550][cascade_classifier.fit_transform] group_dims=[9]
[ 2018-10-21 03:03:27,550][cascade_classifier.fit_transform] group_starts=[0]
[ 2018-10-21 03:03:27,550][cascade_classifier.fit_transform] group_ends=[9]
[ 2018-10-21 03:03:27,550][cascade_classifier.fit_transform] X_train.shape=(183292, 9),X_test.shape=(0, 9)
[ 2018-10-21 03:03:27,562][cascade_classifier.fit_transform] [layer=0] look_indexs=[0], X_cur_train.shape=(183292, 9), X_cur_test.shape=(0, 9)
[ 2018-10-21 03:03:28,561][kfold_wrapper.log_eval_metrics] Accuracy(layer_0 - estimator_0 - 5_folds.train_0.predict)=99.99%
[ 2018-10-21 03:03:29,426][kfold_wrapper.log_eval_metrics] Accuracy(layer_0 - estimator_0 - 5_folds.train_1.predict)=99.98%
[ 2018-10-21 03:03:30,284][kfold_wrapper.log_eval_metrics] Accuracy(layer_0 - estimator_0 - 5_folds.train_2.predict)=99.99%
[ 2018-10-21 03:03:31,158][kfold_wrapper.log_eval_metrics] Accuracy(layer_0 - estimator_0 - 5_folds.train_3.predict)=99.98%
[ 2018-10-21 03:03:32,016][kfold_wrapper.log_eval_metrics] Accuracy(layer_0 - estimator_0 - 5_folds.train_4.predict)=99.98%
[ 2018-10-21 03:03:32,021][kfold_wrapper.log_eval_metrics] Accuracy(layer_0 - estimator_0 - 5_folds.train_cv.predict)=99.98%
[ 2018-10-21 03:03:32,527][kfold_wrapper.log_eval_metrics] Accuracy(layer_0 - estimator_1 - 5_folds.train_0.predict)=99.99%
[ 2018-10-21 03:03:32,974][kfold_wrapper.log_eval_metrics] Accuracy(layer_0 - estimator_1 - 5_folds.train_1.predict)=99.99%
[ 2018-10-21 03:03:33,420][kfold_wrapper.log_eval_metrics] Accuracy(layer_0 - estimator_1 - 5_folds.train_2.predict)=99.99%
[ 2018-10-21 03:03:33,871][kfold_wrapper.log_eval_metrics] Accuracy(layer_0 - estimator_1 - 5_folds.train_3.predict)=99.98%
[ 2018-10-21 03:03:34,316][kfold_wrapper.log_eval_metrics] Accuracy(layer_0 - estimator_1 - 5_folds.train_4.predict)=99.98%
[ 2018-10-21 03:03:34,321][kfold_wrapper.log_eval_metrics] Accuracy(layer_0 - estimator_1 - 5_folds.train_cv.predict)=99.99%
[ 2018-10-21 03:03:34,708][kfold_wrapper.log_eval_metrics] Accuracy(layer_0 - estimator_2 - 5_folds.train_0.predict)=82.16%
[ 2018-10-21 03:03:35,018][kfold_wrapper.log_eval_metrics] Accuracy(layer_0 - estimator_2 - 5_folds.train_1.predict)=82.54%
[ 2018-10-21 03:03:35,329][kfold_wrapper.log_eval_metrics] Accuracy(layer_0 - estimator_2 - 5_folds.train_2.predict)=82.64%
[ 2018-10-21 03:03:35,628][kfold_wrapper.log_eval_metrics] Accuracy(layer_0 - estimator_2 - 5_folds.train_3.predict)=82.49%
[ 2018-10-21 03:03:35,929][kfold_wrapper.log_eval_metrics] Accuracy(layer_0 - estimator_2 - 5_folds.train_4.predict)=82.13%
[ 2018-10-21 03:03:35,932][kfold_wrapper.log_eval_metrics] Accuracy(layer_0 - estimator_2 - 5_folds.train_cv.predict)=82.39%
[ 2018-10-21 03:03:35,937][cascade_classifier.calc_accuracy] Accuracy(layer_0 - train.classifier_average)=99.99%
[ 2018-10-21 03:03:35,953][cascade_classifier.fit_transform] [layer=1] look_indexs=[0], X_cur_train.shape=(183292, 15), X_cur_test.shape=(0, 15)
[ 2018-10-21 03:03:36,462][kfold_wrapper.log_eval_metrics] Accuracy(layer_1 - estimator_0 - 5_folds.train_0.predict)=99.98%
[ 2018-10-21 03:03:37,024][kfold_wrapper.log_eval_metrics] Accuracy(layer_1 - estimator_0 - 5_folds.train_1.predict)=99.99%
[ 2018-10-21 03:03:37,580][kfold_wrapper.log_eval_metrics] Accuracy(layer_1 - estimator_0 - 5_folds.train_2.predict)=99.99%
[ 2018-10-21 03:03:38,143][kfold_wrapper.log_eval_metrics] Accuracy(layer_1 - estimator_0 - 5_folds.train_3.predict)=99.99%
[ 2018-10-21 03:03:38,704][kfold_wrapper.log_eval_metrics] Accuracy(layer_1 - estimator_0 - 5_folds.train_4.predict)=99.98%
[ 2018-10-21 03:03:38,707][kfold_wrapper.log_eval_metrics] Accuracy(layer_1 - estimator_0 - 5_folds.train_cv.predict)=99.99%
[ 2018-10-21 03:03:39,120][kfold_wrapper.log_eval_metrics] Accuracy(layer_1 - estimator_1 - 5_folds.train_0.predict)=99.99%
[ 2018-10-21 03:03:39,478][kfold_wrapper.log_eval_metrics] Accuracy(layer_1 - estimator_1 - 5_folds.train_1.predict)=99.99%
[ 2018-10-21 03:03:39,830][kfold_wrapper.log_eval_metrics] Accuracy(layer_1 - estimator_1 - 5_folds.train_2.predict)=99.98%
[ 2018-10-21 03:03:40,185][kfold_wrapper.log_eval_metrics] Accuracy(layer_1 - estimator_1 - 5_folds.train_3.predict)=99.99%
[ 2018-10-21 03:03:40,533][kfold_wrapper.log_eval_metrics] Accuracy(layer_1 - estimator_1 - 5_folds.train_4.predict)=99.99%
[ 2018-10-21 03:03:40,537][kfold_wrapper.log_eval_metrics] Accuracy(layer_1 - estimator_1 - 5_folds.train_cv.predict)=99.99%
[ 2018-10-21 03:03:41,208][kfold_wrapper.log_eval_metrics] Accuracy(layer_1 - estimator_2 - 5_folds.train_0.predict)=99.99%
[ 2018-10-21 03:03:41,781][kfold_wrapper.log_eval_metrics] Accuracy(layer_1 - estimator_2 - 5_folds.train_1.predict)=99.99%
[ 2018-10-21 03:03:42,365][kfold_wrapper.log_eval_metrics] Accuracy(layer_1 - estimator_2 - 5_folds.train_2.predict)=99.98%
[ 2018-10-21 03:03:42,951][kfold_wrapper.log_eval_metrics] Accuracy(layer_1 - estimator_2 - 5_folds.train_3.predict)=99.99%
[ 2018-10-21 03:03:43,508][kfold_wrapper.log_eval_metrics] Accuracy(layer_1 - estimator_2 - 5_folds.train_4.predict)=99.99%
[ 2018-10-21 03:03:43,510][kfold_wrapper.log_eval_metrics] Accuracy(layer_1 - estimator_2 - 5_folds.train_cv.predict)=99.99%
[ 2018-10-21 03:03:43,515][cascade_classifier.calc_accuracy] Accuracy(layer_1 - train.classifier_average)=99.99%
[ 2018-10-21 03:03:43,527][cascade_classifier.fit_transform] [layer=2] look_indexs=[0], X_cur_train.shape=(183292, 15), X_cur_test.shape=(0, 15)
[ 2018-10-21 03:03:44,028][kfold_wrapper.log_eval_metrics] Accuracy(layer_2 - estimator_0 - 5_folds.train_0.predict)=99.99%
[ 2018-10-21 03:03:44,486][kfold_wrapper.log_eval_metrics] Accuracy(layer_2 - estimator_0 - 5_folds.train_1.predict)=99.99%
[ 2018-10-21 03:03:44,943][kfold_wrapper.log_eval_metrics] Accuracy(layer_2 - estimator_0 - 5_folds.train_2.predict)=99.99%
[ 2018-10-21 03:03:45,399][kfold_wrapper.log_eval_metrics] Accuracy(layer_2 - estimator_0 - 5_folds.train_3.predict)=99.98%
[ 2018-10-21 03:03:45,858][kfold_wrapper.log_eval_metrics] Accuracy(layer_2 - estimator_0 - 5_folds.train_4.predict)=99.99%
[ 2018-10-21 03:03:45,862][kfold_wrapper.log_eval_metrics] Accuracy(layer_2 - estimator_0 - 5_folds.train_cv.predict)=99.99%
[ 2018-10-21 03:03:46,374][kfold_wrapper.log_eval_metrics] Accuracy(layer_2 - estimator_1 - 5_folds.train_0.predict)=99.98%
[ 2018-10-21 03:03:46,833][kfold_wrapper.log_eval_metrics] Accuracy(layer_2 - estimator_1 - 5_folds.train_1.predict)=100.00%
[ 2018-10-21 03:03:47,290][kfold_wrapper.log_eval_metrics] Accuracy(layer_2 - estimator_1 - 5_folds.train_2.predict)=99.98%
[ 2018-10-21 03:03:47,746][kfold_wrapper.log_eval_metrics] Accuracy(layer_2 - estimator_1 - 5_folds.train_3.predict)=99.99%
[ 2018-10-21 03:03:48,091][kfold_wrapper.log_eval_metrics] Accuracy(layer_2 - estimator_1 - 5_folds.train_4.predict)=99.98%
[ 2018-10-21 03:03:48,095][kfold_wrapper.log_eval_metrics] Accuracy(layer_2 - estimator_1 - 5_folds.train_cv.predict)=99.99%
[ 2018-10-21 03:03:48,732][kfold_wrapper.log_eval_metrics] Accuracy(layer_2 - estimator_2 - 5_folds.train_0.predict)=99.99%
[ 2018-10-21 03:03:49,285][kfold_wrapper.log_eval_metrics] Accuracy(layer_2 - estimator_2 - 5_folds.train_1.predict)=99.99%
[ 2018-10-21 03:03:49,797][kfold_wrapper.log_eval_metrics] Accuracy(layer_2 - estimator_2 - 5_folds.train_2.predict)=99.98%
[ 2018-10-21 03:03:50,343][kfold_wrapper.log_eval_metrics] Accuracy(layer_2 - estimator_2 - 5_folds.train_3.predict)=99.99%
[ 2018-10-21 03:03:50,898][kfold_wrapper.log_eval_metrics] Accuracy(layer_2 - estimator_2 - 5_folds.train_4.predict)=99.99%
[ 2018-10-21 03:03:50,901][kfold_wrapper.log_eval_metrics] Accuracy(layer_2 - estimator_2 - 5_folds.train_cv.predict)=99.99%
[ 2018-10-21 03:03:50,906][cascade_classifier.calc_accuracy] Accuracy(layer_2 - train.classifier_average)=99.99%
[ 2018-10-21 03:03:50,914][cascade_classifier.fit_transform] [layer=3] look_indexs=[0], X_cur_train.shape=(183292, 15), X_cur_test.shape=(0, 15)
[ 2018-10-21 03:03:51,416][kfold_wrapper.log_eval_metrics] Accuracy(layer_3 - estimator_0 - 5_folds.train_0.predict)=99.98%
[ 2018-10-21 03:03:51,873][kfold_wrapper.log_eval_metrics] Accuracy(layer_3 - estimator_0 - 5_folds.train_1.predict)=99.99%
[ 2018-10-21 03:03:52,329][kfold_wrapper.log_eval_metrics] Accuracy(layer_3 - estimator_0 - 5_folds.train_2.predict)=99.99%
[ 2018-10-21 03:03:52,777][kfold_wrapper.log_eval_metrics] Accuracy(layer_3 - estimator_0 - 5_folds.train_3.predict)=99.99%
[ 2018-10-21 03:03:53,236][kfold_wrapper.log_eval_metrics] Accuracy(layer_3 - estimator_0 - 5_folds.train_4.predict)=99.99%
[ 2018-10-21 03:03:53,240][kfold_wrapper.log_eval_metrics] Accuracy(layer_3 - estimator_0 - 5_folds.train_cv.predict)=99.99%
[ 2018-10-21 03:03:53,750][kfold_wrapper.log_eval_metrics] Accuracy(layer_3 - estimator_1 - 5_folds.train_0.predict)=99.99%
[ 2018-10-21 03:03:54,202][kfold_wrapper.log_eval_metrics] Accuracy(layer_3 - estimator_1 - 5_folds.train_1.predict)=99.99%
[ 2018-10-21 03:03:54,658][kfold_wrapper.log_eval_metrics] Accuracy(layer_3 - estimator_1 - 5_folds.train_2.predict)=99.98%
[ 2018-10-21 03:03:55,120][kfold_wrapper.log_eval_metrics] Accuracy(layer_3 - estimator_1 - 5_folds.train_3.predict)=99.99%
[ 2018-10-21 03:03:55,574][kfold_wrapper.log_eval_metrics] Accuracy(layer_3 - estimator_1 - 5_folds.train_4.predict)=99.99%
[ 2018-10-21 03:03:55,578][kfold_wrapper.log_eval_metrics] Accuracy(layer_3 - estimator_1 - 5_folds.train_cv.predict)=99.99%
[ 2018-10-21 03:03:56,174][kfold_wrapper.log_eval_metrics] Accuracy(layer_3 - estimator_2 - 5_folds.train_0.predict)=99.99%
[ 2018-10-21 03:03:56,728][kfold_wrapper.log_eval_metrics] Accuracy(layer_3 - estimator_2 - 5_folds.train_1.predict)=99.98%
[ 2018-10-21 03:03:57,268][kfold_wrapper.log_eval_metrics] Accuracy(layer_3 - estimator_2 - 5_folds.train_2.predict)=99.99%
[ 2018-10-21 03:03:57,834][kfold_wrapper.log_eval_metrics] Accuracy(layer_3 - estimator_2 - 5_folds.train_3.predict)=99.99%
[ 2018-10-21 03:03:58,383][kfold_wrapper.log_eval_metrics] Accuracy(layer_3 - estimator_2 - 5_folds.train_4.predict)=99.98%
[ 2018-10-21 03:03:58,385][kfold_wrapper.log_eval_metrics] Accuracy(layer_3 - estimator_2 - 5_folds.train_cv.predict)=99.99%
[ 2018-10-21 03:03:58,390][cascade_classifier.calc_accuracy] Accuracy(layer_3 - train.classifier_average)=99.99%
[ 2018-10-21 03:03:58,399][cascade_classifier.fit_transform] [layer=4] look_indexs=[0], X_cur_train.shape=(183292, 15), X_cur_test.shape=(0, 15)
[ 2018-10-21 03:03:58,900][kfold_wrapper.log_eval_metrics] Accuracy(layer_4 - estimator_0 - 5_folds.train_0.predict)=99.99%
[ 2018-10-21 03:03:59,460][kfold_wrapper.log_eval_metrics] Accuracy(layer_4 - estimator_0 - 5_folds.train_1.predict)=99.98%
[ 2018-10-21 03:03:59,917][kfold_wrapper.log_eval_metrics] Accuracy(layer_4 - estimator_0 - 5_folds.train_2.predict)=99.98%
[ 2018-10-21 03:04:00,372][kfold_wrapper.log_eval_metrics] Accuracy(layer_4 - estimator_0 - 5_folds.train_3.predict)=99.99%
[ 2018-10-21 03:04:00,928][kfold_wrapper.log_eval_metrics] Accuracy(layer_4 - estimator_0 - 5_folds.train_4.predict)=99.98%
[ 2018-10-21 03:04:00,932][kfold_wrapper.log_eval_metrics] Accuracy(layer_4 - estimator_0 - 5_folds.train_cv.predict)=99.99%
[ 2018-10-21 03:04:01,447][kfold_wrapper.log_eval_metrics] Accuracy(layer_4 - estimator_1 - 5_folds.train_0.predict)=99.99%
[ 2018-10-21 03:04:01,901][kfold_wrapper.log_eval_metrics] Accuracy(layer_4 - estimator_1 - 5_folds.train_1.predict)=99.98%
[ 2018-10-21 03:04:02,347][kfold_wrapper.log_eval_metrics] Accuracy(layer_4 - estimator_1 - 5_folds.train_2.predict)=99.98%
[ 2018-10-21 03:04:02,799][kfold_wrapper.log_eval_metrics] Accuracy(layer_4 - estimator_1 - 5_folds.train_3.predict)=99.98%
[ 2018-10-21 03:04:03,253][kfold_wrapper.log_eval_metrics] Accuracy(layer_4 - estimator_1 - 5_folds.train_4.predict)=99.98%
[ 2018-10-21 03:04:03,257][kfold_wrapper.log_eval_metrics] Accuracy(layer_4 - estimator_1 - 5_folds.train_cv.predict)=99.98%
[ 2018-10-21 03:04:03,857][kfold_wrapper.log_eval_metrics] Accuracy(layer_4 - estimator_2 - 5_folds.train_0.predict)=99.99%
[ 2018-10-21 03:04:04,380][kfold_wrapper.log_eval_metrics] Accuracy(layer_4 - estimator_2 - 5_folds.train_1.predict)=99.99%
[ 2018-10-21 03:04:04,916][kfold_wrapper.log_eval_metrics] Accuracy(layer_4 - estimator_2 - 5_folds.train_2.predict)=99.99%
[ 2018-10-21 03:04:05,449][kfold_wrapper.log_eval_metrics] Accuracy(layer_4 - estimator_2 - 5_folds.train_3.predict)=99.98%
[ 2018-10-21 03:04:05,985][kfold_wrapper.log_eval_metrics] Accuracy(layer_4 - estimator_2 - 5_folds.train_4.predict)=99.98%
[ 2018-10-21 03:04:05,988][kfold_wrapper.log_eval_metrics] Accuracy(layer_4 - estimator_2 - 5_folds.train_cv.predict)=99.99%
[ 2018-10-21 03:04:05,993][cascade_classifier.calc_accuracy] Accuracy(layer_4 - train.classifier_average)=99.99%
[ 2018-10-21 03:04:05,993][cascade_classifier.fit_transform] [Result][Optimal Level Detected] opt_layer_num=2, accuracy_train=99.99%, accuracy_test=0.00%
[ 2018-10-21 03:04:06,054][cascade_classifier.transform] X_groups_test.shape=[(45712, 9)]
[ 2018-10-21 03:04:06,056][cascade_classifier.transform] group_dims=[9]
[ 2018-10-21 03:04:06,056][cascade_classifier.transform] X_test.shape=(45712, 9)
[ 2018-10-21 03:04:06,058][cascade_classifier.transform] [layer=0] look_indexs=[0], X_cur_test.shape=(45712, 9)
[ 2018-10-21 03:04:07,129][cascade_classifier.transform] [layer=1] look_indexs=[0], X_cur_test.shape=(45712, 15)
[ 2018-10-21 03:04:09,797][cascade_classifier.transform] X_groups_test.shape=[(244668, 9)]
[ 2018-10-21 03:04:09,800][cascade_classifier.transform] group_dims=[9]
[ 2018-10-21 03:04:09,800][cascade_classifier.transform] X_test.shape=(244668, 9)
[ 2018-10-21 03:04:09,803][cascade_classifier.transform] [layer=0] look_indexs=[0], X_cur_test.shape=(244668, 9)
[ 2018-10-21 03:04:10,980][cascade_classifier.transform] [layer=1] look_indexs=[0], X_cur_test.shape=(244668, 15)
[ 2018-10-21 03:04:13,185][cascade_classifier.fit_transform] X_groups_train.shape=[(30936, 27)],y_train.shape=(30936,),X_groups_test.shape=no_test,y_test.shape=no_test
[ 2018-10-21 03:04:13,189][cascade_classifier.fit_transform] group_dims=[27]
[ 2018-10-21 03:04:13,189][cascade_classifier.fit_transform] group_starts=[0]
[ 2018-10-21 03:04:13,189][cascade_classifier.fit_transform] group_ends=[27]
[ 2018-10-21 03:04:13,189][cascade_classifier.fit_transform] X_train.shape=(30936, 27),X_test.shape=(0, 27)
[ 2018-10-21 03:04:13,194][cascade_classifier.fit_transform] [layer=0] look_indexs=[0], X_cur_train.shape=(30936, 27), X_cur_test.shape=(0, 27)
[ 2018-10-21 03:04:13,532][kfold_wrapper.log_eval_metrics] Accuracy(layer_0 - estimator_0 - 5_folds.train_0.predict)=99.90%
[ 2018-10-21 03:04:13,861][kfold_wrapper.log_eval_metrics] Accuracy(layer_0 - estimator_0 - 5_folds.train_1.predict)=99.79%
[ 2018-10-21 03:04:14,187][kfold_wrapper.log_eval_metrics] Accuracy(layer_0 - estimator_0 - 5_folds.train_2.predict)=99.74%
[ 2018-10-21 03:04:14,520][kfold_wrapper.log_eval_metrics] Accuracy(layer_0 - estimator_0 - 5_folds.train_3.predict)=99.84%
[ 2018-10-21 03:04:14,850][kfold_wrapper.log_eval_metrics] Accuracy(layer_0 - estimator_0 - 5_folds.train_4.predict)=99.89%
[ 2018-10-21 03:04:14,851][kfold_wrapper.log_eval_metrics] Accuracy(layer_0 - estimator_0 - 5_folds.train_cv.predict)=99.83%
[ 2018-10-21 03:04:15,083][kfold_wrapper.log_eval_metrics] Accuracy(layer_0 - estimator_1 - 5_folds.train_0.predict)=99.94%
[ 2018-10-21 03:04:15,302][kfold_wrapper.log_eval_metrics] Accuracy(layer_0 - estimator_1 - 5_folds.train_1.predict)=99.76%
[ 2018-10-21 03:04:15,527][kfold_wrapper.log_eval_metrics] Accuracy(layer_0 - estimator_1 - 5_folds.train_2.predict)=99.74%
[ 2018-10-21 03:04:15,754][kfold_wrapper.log_eval_metrics] Accuracy(layer_0 - estimator_1 - 5_folds.train_3.predict)=99.77%
[ 2018-10-21 03:04:15,984][kfold_wrapper.log_eval_metrics] Accuracy(layer_0 - estimator_1 - 5_folds.train_4.predict)=99.76%
[ 2018-10-21 03:04:15,985][kfold_wrapper.log_eval_metrics] Accuracy(layer_0 - estimator_1 - 5_folds.train_cv.predict)=99.79%
[ 2018-10-21 03:04:16,114][kfold_wrapper.log_eval_metrics] Accuracy(layer_0 - estimator_2 - 5_folds.train_0.predict)=99.34%
[ 2018-10-21 03:04:16,249][kfold_wrapper.log_eval_metrics] Accuracy(layer_0 - estimator_2 - 5_folds.train_1.predict)=99.03%
[ 2018-10-21 03:04:16,359][kfold_wrapper.log_eval_metrics] Accuracy(layer_0 - estimator_2 - 5_folds.train_2.predict)=99.16%
[ 2018-10-21 03:04:16,496][kfold_wrapper.log_eval_metrics] Accuracy(layer_0 - estimator_2 - 5_folds.train_3.predict)=99.19%
[ 2018-10-21 03:04:16,612][kfold_wrapper.log_eval_metrics] Accuracy(layer_0 - estimator_2 - 5_folds.train_4.predict)=99.30%
[ 2018-10-21 03:04:16,612][kfold_wrapper.log_eval_metrics] Accuracy(layer_0 - estimator_2 - 5_folds.train_cv.predict)=99.20%
[ 2018-10-21 03:04:16,613][cascade_classifier.calc_accuracy] Accuracy(layer_0 - train.classifier_average)=99.78%
[ 2018-10-21 03:04:16,618][cascade_classifier.fit_transform] [layer=1] look_indexs=[0], X_cur_train.shape=(30936, 33), X_cur_test.shape=(0, 33)
[ 2018-10-21 03:04:16,957][kfold_wrapper.log_eval_metrics] Accuracy(layer_1 - estimator_0 - 5_folds.train_0.predict)=99.84%
[ 2018-10-21 03:04:17,288][kfold_wrapper.log_eval_metrics] Accuracy(layer_1 - estimator_0 - 5_folds.train_1.predict)=99.87%
[ 2018-10-21 03:04:17,621][kfold_wrapper.log_eval_metrics] Accuracy(layer_1 - estimator_0 - 5_folds.train_2.predict)=99.87%
[ 2018-10-21 03:04:17,945][kfold_wrapper.log_eval_metrics] Accuracy(layer_1 - estimator_0 - 5_folds.train_3.predict)=99.90%
[ 2018-10-21 03:04:18,280][kfold_wrapper.log_eval_metrics] Accuracy(layer_1 - estimator_0 - 5_folds.train_4.predict)=99.82%
[ 2018-10-21 03:04:18,281][kfold_wrapper.log_eval_metrics] Accuracy(layer_1 - estimator_0 - 5_folds.train_cv.predict)=99.86%
[ 2018-10-21 03:04:18,513][kfold_wrapper.log_eval_metrics] Accuracy(layer_1 - estimator_1 - 5_folds.train_0.predict)=99.84%
[ 2018-10-21 03:04:18,744][kfold_wrapper.log_eval_metrics] Accuracy(layer_1 - estimator_1 - 5_folds.train_1.predict)=99.92%
[ 2018-10-21 03:04:18,974][kfold_wrapper.log_eval_metrics] Accuracy(layer_1 - estimator_1 - 5_folds.train_2.predict)=99.85%
[ 2018-10-21 03:04:19,202][kfold_wrapper.log_eval_metrics] Accuracy(layer_1 - estimator_1 - 5_folds.train_3.predict)=99.84%
[ 2018-10-21 03:04:19,428][kfold_wrapper.log_eval_metrics] Accuracy(layer_1 - estimator_1 - 5_folds.train_4.predict)=99.92%
[ 2018-10-21 03:04:19,429][kfold_wrapper.log_eval_metrics] Accuracy(layer_1 - estimator_1 - 5_folds.train_cv.predict)=99.87%
[ 2018-10-21 03:04:19,631][kfold_wrapper.log_eval_metrics] Accuracy(layer_1 - estimator_2 - 5_folds.train_0.predict)=99.82%
[ 2018-10-21 03:04:19,808][kfold_wrapper.log_eval_metrics] Accuracy(layer_1 - estimator_2 - 5_folds.train_1.predict)=99.82%
[ 2018-10-21 03:04:19,983][kfold_wrapper.log_eval_metrics] Accuracy(layer_1 - estimator_2 - 5_folds.train_2.predict)=99.81%
[ 2018-10-21 03:04:20,169][kfold_wrapper.log_eval_metrics] Accuracy(layer_1 - estimator_2 - 5_folds.train_3.predict)=99.90%
[ 2018-10-21 03:04:20,357][kfold_wrapper.log_eval_metrics] Accuracy(layer_1 - estimator_2 - 5_folds.train_4.predict)=99.94%
[ 2018-10-21 03:04:20,357][kfold_wrapper.log_eval_metrics] Accuracy(layer_1 - estimator_2 - 5_folds.train_cv.predict)=99.86%
[ 2018-10-21 03:04:20,359][cascade_classifier.calc_accuracy] Accuracy(layer_1 - train.classifier_average)=99.88%
[ 2018-10-21 03:04:20,361][cascade_classifier.fit_transform] [layer=2] look_indexs=[0], X_cur_train.shape=(30936, 33), X_cur_test.shape=(0, 33)
[ 2018-10-21 03:04:20,595][kfold_wrapper.log_eval_metrics] Accuracy(layer_2 - estimator_0 - 5_folds.train_0.predict)=99.76%
[ 2018-10-21 03:04:20,929][kfold_wrapper.log_eval_metrics] Accuracy(layer_2 - estimator_0 - 5_folds.train_1.predict)=99.90%
[ 2018-10-21 03:04:21,261][kfold_wrapper.log_eval_metrics] Accuracy(layer_2 - estimator_0 - 5_folds.train_2.predict)=99.82%
[ 2018-10-21 03:04:21,592][kfold_wrapper.log_eval_metrics] Accuracy(layer_2 - estimator_0 - 5_folds.train_3.predict)=99.90%
[ 2018-10-21 03:04:21,919][kfold_wrapper.log_eval_metrics] Accuracy(layer_2 - estimator_0 - 5_folds.train_4.predict)=99.90%
[ 2018-10-21 03:04:21,921][kfold_wrapper.log_eval_metrics] Accuracy(layer_2 - estimator_0 - 5_folds.train_cv.predict)=99.86%
[ 2018-10-21 03:04:22,157][kfold_wrapper.log_eval_metrics] Accuracy(layer_2 - estimator_1 - 5_folds.train_0.predict)=99.82%
[ 2018-10-21 03:04:22,384][kfold_wrapper.log_eval_metrics] Accuracy(layer_2 - estimator_1 - 5_folds.train_1.predict)=99.74%
[ 2018-10-21 03:04:22,614][kfold_wrapper.log_eval_metrics] Accuracy(layer_2 - estimator_1 - 5_folds.train_2.predict)=99.89%
[ 2018-10-21 03:04:22,844][kfold_wrapper.log_eval_metrics] Accuracy(layer_2 - estimator_1 - 5_folds.train_3.predict)=99.90%
[ 2018-10-21 03:04:23,069][kfold_wrapper.log_eval_metrics] Accuracy(layer_2 - estimator_1 - 5_folds.train_4.predict)=99.98%
[ 2018-10-21 03:04:23,070][kfold_wrapper.log_eval_metrics] Accuracy(layer_2 - estimator_1 - 5_folds.train_cv.predict)=99.87%
[ 2018-10-21 03:04:23,280][kfold_wrapper.log_eval_metrics] Accuracy(layer_2 - estimator_2 - 5_folds.train_0.predict)=99.89%
[ 2018-10-21 03:04:23,460][kfold_wrapper.log_eval_metrics] Accuracy(layer_2 - estimator_2 - 5_folds.train_1.predict)=99.85%
[ 2018-10-21 03:04:23,629][kfold_wrapper.log_eval_metrics] Accuracy(layer_2 - estimator_2 - 5_folds.train_2.predict)=99.92%
[ 2018-10-21 03:04:23,788][kfold_wrapper.log_eval_metrics] Accuracy(layer_2 - estimator_2 - 5_folds.train_3.predict)=99.82%
[ 2018-10-21 03:04:23,973][kfold_wrapper.log_eval_metrics] Accuracy(layer_2 - estimator_2 - 5_folds.train_4.predict)=99.85%
[ 2018-10-21 03:04:23,973][kfold_wrapper.log_eval_metrics] Accuracy(layer_2 - estimator_2 - 5_folds.train_cv.predict)=99.87%
[ 2018-10-21 03:04:23,974][cascade_classifier.calc_accuracy] Accuracy(layer_2 - train.classifier_average)=99.86%
[ 2018-10-21 03:04:23,977][cascade_classifier.fit_transform] [layer=3] look_indexs=[0], X_cur_train.shape=(30936, 33), X_cur_test.shape=(0, 33)
[ 2018-10-21 03:04:24,308][kfold_wrapper.log_eval_metrics] Accuracy(layer_3 - estimator_0 - 5_folds.train_0.predict)=99.87%
[ 2018-10-21 03:04:24,642][kfold_wrapper.log_eval_metrics] Accuracy(layer_3 - estimator_0 - 5_folds.train_1.predict)=99.89%
[ 2018-10-21 03:04:24,977][kfold_wrapper.log_eval_metrics] Accuracy(layer_3 - estimator_0 - 5_folds.train_2.predict)=99.85%
[ 2018-10-21 03:04:25,310][kfold_wrapper.log_eval_metrics] Accuracy(layer_3 - estimator_0 - 5_folds.train_3.predict)=99.84%
[ 2018-10-21 03:04:25,640][kfold_wrapper.log_eval_metrics] Accuracy(layer_3 - estimator_0 - 5_folds.train_4.predict)=99.85%
[ 2018-10-21 03:04:25,642][kfold_wrapper.log_eval_metrics] Accuracy(layer_3 - estimator_0 - 5_folds.train_cv.predict)=99.86%
[ 2018-10-21 03:04:25,874][kfold_wrapper.log_eval_metrics] Accuracy(layer_3 - estimator_1 - 5_folds.train_0.predict)=99.84%
[ 2018-10-21 03:04:26,095][kfold_wrapper.log_eval_metrics] Accuracy(layer_3 - estimator_1 - 5_folds.train_1.predict)=99.89%
[ 2018-10-21 03:04:26,324][kfold_wrapper.log_eval_metrics] Accuracy(layer_3 - estimator_1 - 5_folds.train_2.predict)=99.81%
[ 2018-10-21 03:04:26,553][kfold_wrapper.log_eval_metrics] Accuracy(layer_3 - estimator_1 - 5_folds.train_3.predict)=99.84%
[ 2018-10-21 03:04:26,784][kfold_wrapper.log_eval_metrics] Accuracy(layer_3 - estimator_1 - 5_folds.train_4.predict)=99.87%
[ 2018-10-21 03:04:26,785][kfold_wrapper.log_eval_metrics] Accuracy(layer_3 - estimator_1 - 5_folds.train_cv.predict)=99.85%
[ 2018-10-21 03:04:26,974][kfold_wrapper.log_eval_metrics] Accuracy(layer_3 - estimator_2 - 5_folds.train_0.predict)=99.87%
[ 2018-10-21 03:04:27,162][kfold_wrapper.log_eval_metrics] Accuracy(layer_3 - estimator_2 - 5_folds.train_1.predict)=99.84%
[ 2018-10-21 03:04:27,406][kfold_wrapper.log_eval_metrics] Accuracy(layer_3 - estimator_2 - 5_folds.train_2.predict)=99.89%
[ 2018-10-21 03:04:27,592][kfold_wrapper.log_eval_metrics] Accuracy(layer_3 - estimator_2 - 5_folds.train_3.predict)=99.84%
[ 2018-10-21 03:04:27,778][kfold_wrapper.log_eval_metrics] Accuracy(layer_3 - estimator_2 - 5_folds.train_4.predict)=99.84%
[ 2018-10-21 03:04:27,779][kfold_wrapper.log_eval_metrics] Accuracy(layer_3 - estimator_2 - 5_folds.train_cv.predict)=99.85%
[ 2018-10-21 03:04:27,780][cascade_classifier.calc_accuracy] Accuracy(layer_3 - train.classifier_average)=99.86%
[ 2018-10-21 03:04:27,783][cascade_classifier.fit_transform] [layer=4] look_indexs=[0], X_cur_train.shape=(30936, 33), X_cur_test.shape=(0, 33)
[ 2018-10-21 03:04:28,119][kfold_wrapper.log_eval_metrics] Accuracy(layer_4 - estimator_0 - 5_folds.train_0.predict)=99.92%
[ 2018-10-21 03:04:28,447][kfold_wrapper.log_eval_metrics] Accuracy(layer_4 - estimator_0 - 5_folds.train_1.predict)=99.84%
[ 2018-10-21 03:04:28,777][kfold_wrapper.log_eval_metrics] Accuracy(layer_4 - estimator_0 - 5_folds.train_2.predict)=99.89%
[ 2018-10-21 03:04:29,108][kfold_wrapper.log_eval_metrics] Accuracy(layer_4 - estimator_0 - 5_folds.train_3.predict)=99.85%
[ 2018-10-21 03:04:29,444][kfold_wrapper.log_eval_metrics] Accuracy(layer_4 - estimator_0 - 5_folds.train_4.predict)=99.77%
[ 2018-10-21 03:04:29,445][kfold_wrapper.log_eval_metrics] Accuracy(layer_4 - estimator_0 - 5_folds.train_cv.predict)=99.85%
[ 2018-10-21 03:04:29,678][kfold_wrapper.log_eval_metrics] Accuracy(layer_4 - estimator_1 - 5_folds.train_0.predict)=99.85%
[ 2018-10-21 03:04:29,904][kfold_wrapper.log_eval_metrics] Accuracy(layer_4 - estimator_1 - 5_folds.train_1.predict)=99.89%
[ 2018-10-21 03:04:30,134][kfold_wrapper.log_eval_metrics] Accuracy(layer_4 - estimator_1 - 5_folds.train_2.predict)=99.82%
[ 2018-10-21 03:04:30,361][kfold_wrapper.log_eval_metrics] Accuracy(layer_4 - estimator_1 - 5_folds.train_3.predict)=99.84%
[ 2018-10-21 03:04:30,591][kfold_wrapper.log_eval_metrics] Accuracy(layer_4 - estimator_1 - 5_folds.train_4.predict)=99.81%
[ 2018-10-21 03:04:30,595][kfold_wrapper.log_eval_metrics] Accuracy(layer_4 - estimator_1 - 5_folds.train_cv.predict)=99.84%
[ 2018-10-21 03:04:30,804][kfold_wrapper.log_eval_metrics] Accuracy(layer_4 - estimator_2 - 5_folds.train_0.predict)=99.84%
[ 2018-10-21 03:04:30,971][kfold_wrapper.log_eval_metrics] Accuracy(layer_4 - estimator_2 - 5_folds.train_1.predict)=99.81%
[ 2018-10-21 03:04:31,169][kfold_wrapper.log_eval_metrics] Accuracy(layer_4 - estimator_2 - 5_folds.train_2.predict)=99.84%
[ 2018-10-21 03:04:31,369][kfold_wrapper.log_eval_metrics] Accuracy(layer_4 - estimator_2 - 5_folds.train_3.predict)=99.89%
[ 2018-10-21 03:04:31,561][kfold_wrapper.log_eval_metrics] Accuracy(layer_4 - estimator_2 - 5_folds.train_4.predict)=99.87%
[ 2018-10-21 03:04:31,562][kfold_wrapper.log_eval_metrics] Accuracy(layer_4 - estimator_2 - 5_folds.train_cv.predict)=99.85%
[ 2018-10-21 03:04:31,563][cascade_classifier.calc_accuracy] Accuracy(layer_4 - train.classifier_average)=99.84%
[ 2018-10-21 03:04:31,563][cascade_classifier.fit_transform] [Result][Optimal Level Detected] opt_layer_num=2, accuracy_train=99.88%, accuracy_test=0.00%
[ 2018-10-21 03:04:31,591][cascade_classifier.transform] X_groups_test.shape=[(15237, 27)]
[ 2018-10-21 03:04:31,593][cascade_classifier.transform] group_dims=[27]
[ 2018-10-21 03:04:31,593][cascade_classifier.transform] X_test.shape=(15237, 27)
[ 2018-10-21 03:04:31,595][cascade_classifier.transform] [layer=0] look_indexs=[0], X_cur_test.shape=(15237, 27)
[ 2018-10-21 03:04:32,676][cascade_classifier.transform] [layer=1] look_indexs=[0], X_cur_test.shape=(15237, 33)
[ 2018-10-21 03:04:34,260][cascade_classifier.transform] X_groups_test.shape=[(81556, 27)]
[ 2018-10-21 03:04:34,270][cascade_classifier.transform] group_dims=[27]
[ 2018-10-21 03:04:34,270][cascade_classifier.transform] X_test.shape=(81556, 27)
[ 2018-10-21 03:04:34,280][cascade_classifier.transform] [layer=0] look_indexs=[0], X_cur_test.shape=(81556, 27)
[ 2018-10-21 03:04:35,427][cascade_classifier.transform] [layer=1] look_indexs=[0], X_cur_test.shape=(81556, 33)
