[ 2018-11-30 16:02:17,066][cascade_classifier.fit_transform] X_groups_train.shape=[(92809, 9)],y_train.shape=(92809,),X_groups_test.shape=no_test,y_test.shape=no_test
[ 2018-11-30 16:02:17,068][cascade_classifier.fit_transform] group_dims=[9]
[ 2018-11-30 16:02:17,070][cascade_classifier.fit_transform] group_starts=[0]
[ 2018-11-30 16:02:17,071][cascade_classifier.fit_transform] group_ends=[9]
[ 2018-11-30 16:02:17,072][cascade_classifier.fit_transform] X_train.shape=(92809, 9),X_test.shape=(0, 9)
[ 2018-11-30 16:02:17,077][cascade_classifier.fit_transform] [layer=0] look_indexs=[0], X_cur_train.shape=(92809, 9), X_cur_test.shape=(0, 9)
[ 2018-11-30 16:02:17,468][kfold_wrapper.log_eval_metrics] Accuracy(layer_0 - estimator_0 - 5_folds.train_0.predict)=38.89%
[ 2018-11-30 16:02:17,880][kfold_wrapper.log_eval_metrics] Accuracy(layer_0 - estimator_0 - 5_folds.train_1.predict)=38.46%
[ 2018-11-30 16:02:18,241][kfold_wrapper.log_eval_metrics] Accuracy(layer_0 - estimator_0 - 5_folds.train_2.predict)=35.00%
[ 2018-11-30 16:02:18,629][kfold_wrapper.log_eval_metrics] Accuracy(layer_0 - estimator_0 - 5_folds.train_3.predict)=34.41%
[ 2018-11-30 16:02:18,982][kfold_wrapper.log_eval_metrics] Accuracy(layer_0 - estimator_0 - 5_folds.train_4.predict)=39.02%
[ 2018-11-30 16:02:19,010][kfold_wrapper.log_eval_metrics] Accuracy(layer_0 - estimator_0 - 5_folds.train_cv.predict)=37.18%
[ 2018-11-30 16:02:19,038][cascade_classifier.calc_f1] F1(layer_0 - train.classifier_average)=37.18%
[ 2018-11-30 16:02:19,048][cascade_classifier.fit_transform] [layer=1] look_indexs=[0], X_cur_train.shape=(92809, 11), X_cur_test.shape=(0, 11)
[ 2018-11-30 16:02:19,410][kfold_wrapper.log_eval_metrics] Accuracy(layer_1 - estimator_0 - 5_folds.train_0.predict)=57.75%
[ 2018-11-30 16:02:19,963][kfold_wrapper.log_eval_metrics] Accuracy(layer_1 - estimator_0 - 5_folds.train_1.predict)=51.12%
[ 2018-11-30 16:02:20,399][kfold_wrapper.log_eval_metrics] Accuracy(layer_1 - estimator_0 - 5_folds.train_2.predict)=57.41%
[ 2018-11-30 16:02:20,817][kfold_wrapper.log_eval_metrics] Accuracy(layer_1 - estimator_0 - 5_folds.train_3.predict)=48.52%
[ 2018-11-30 16:02:21,159][kfold_wrapper.log_eval_metrics] Accuracy(layer_1 - estimator_0 - 5_folds.train_4.predict)=42.32%
[ 2018-11-30 16:02:21,181][kfold_wrapper.log_eval_metrics] Accuracy(layer_1 - estimator_0 - 5_folds.train_cv.predict)=51.66%
[ 2018-11-30 16:02:21,209][cascade_classifier.calc_f1] F1(layer_1 - train.classifier_average)=51.66%
[ 2018-11-30 16:02:21,213][cascade_classifier.fit_transform] [layer=2] look_indexs=[0], X_cur_train.shape=(92809, 11), X_cur_test.shape=(0, 11)
[ 2018-11-30 16:02:21,598][kfold_wrapper.log_eval_metrics] Accuracy(layer_2 - estimator_0 - 5_folds.train_0.predict)=55.45%
[ 2018-11-30 16:02:22,049][kfold_wrapper.log_eval_metrics] Accuracy(layer_2 - estimator_0 - 5_folds.train_1.predict)=51.59%
[ 2018-11-30 16:02:22,372][kfold_wrapper.log_eval_metrics] Accuracy(layer_2 - estimator_0 - 5_folds.train_2.predict)=48.37%
[ 2018-11-30 16:02:22,748][kfold_wrapper.log_eval_metrics] Accuracy(layer_2 - estimator_0 - 5_folds.train_3.predict)=54.94%
[ 2018-11-30 16:02:23,145][kfold_wrapper.log_eval_metrics] Accuracy(layer_2 - estimator_0 - 5_folds.train_4.predict)=56.79%
[ 2018-11-30 16:02:23,170][kfold_wrapper.log_eval_metrics] Accuracy(layer_2 - estimator_0 - 5_folds.train_cv.predict)=53.49%
[ 2018-11-30 16:02:23,202][cascade_classifier.calc_f1] F1(layer_2 - train.classifier_average)=53.49%
[ 2018-11-30 16:02:23,206][cascade_classifier.fit_transform] [layer=3] look_indexs=[0], X_cur_train.shape=(92809, 11), X_cur_test.shape=(0, 11)
[ 2018-11-30 16:02:23,571][kfold_wrapper.log_eval_metrics] Accuracy(layer_3 - estimator_0 - 5_folds.train_0.predict)=48.70%
[ 2018-11-30 16:02:24,038][kfold_wrapper.log_eval_metrics] Accuracy(layer_3 - estimator_0 - 5_folds.train_1.predict)=54.38%
[ 2018-11-30 16:02:24,407][kfold_wrapper.log_eval_metrics] Accuracy(layer_3 - estimator_0 - 5_folds.train_2.predict)=54.72%
[ 2018-11-30 16:02:24,763][kfold_wrapper.log_eval_metrics] Accuracy(layer_3 - estimator_0 - 5_folds.train_3.predict)=55.11%
[ 2018-11-30 16:02:25,201][kfold_wrapper.log_eval_metrics] Accuracy(layer_3 - estimator_0 - 5_folds.train_4.predict)=54.38%
[ 2018-11-30 16:02:25,223][kfold_wrapper.log_eval_metrics] Accuracy(layer_3 - estimator_0 - 5_folds.train_cv.predict)=53.49%
[ 2018-11-30 16:02:25,264][cascade_classifier.calc_f1] F1(layer_3 - train.classifier_average)=53.49%
[ 2018-11-30 16:02:25,268][cascade_classifier.fit_transform] [layer=4] look_indexs=[0], X_cur_train.shape=(92809, 11), X_cur_test.shape=(0, 11)
[ 2018-11-30 16:02:25,666][kfold_wrapper.log_eval_metrics] Accuracy(layer_4 - estimator_0 - 5_folds.train_0.predict)=53.00%
[ 2018-11-30 16:02:26,070][kfold_wrapper.log_eval_metrics] Accuracy(layer_4 - estimator_0 - 5_folds.train_1.predict)=55.73%
[ 2018-11-30 16:02:26,393][kfold_wrapper.log_eval_metrics] Accuracy(layer_4 - estimator_0 - 5_folds.train_2.predict)=57.75%
[ 2018-11-30 16:02:26,802][kfold_wrapper.log_eval_metrics] Accuracy(layer_4 - estimator_0 - 5_folds.train_3.predict)=48.37%
[ 2018-11-30 16:02:27,193][kfold_wrapper.log_eval_metrics] Accuracy(layer_4 - estimator_0 - 5_folds.train_4.predict)=51.12%
[ 2018-11-30 16:02:27,216][kfold_wrapper.log_eval_metrics] Accuracy(layer_4 - estimator_0 - 5_folds.train_cv.predict)=53.27%
[ 2018-11-30 16:02:27,247][cascade_classifier.calc_f1] F1(layer_4 - train.classifier_average)=53.27%
[ 2018-11-30 16:02:27,251][cascade_classifier.fit_transform] [layer=5] look_indexs=[0], X_cur_train.shape=(92809, 11), X_cur_test.shape=(0, 11)
[ 2018-11-30 16:02:27,662][kfold_wrapper.log_eval_metrics] Accuracy(layer_5 - estimator_0 - 5_folds.train_0.predict)=54.77%
[ 2018-11-30 16:02:28,041][kfold_wrapper.log_eval_metrics] Accuracy(layer_5 - estimator_0 - 5_folds.train_1.predict)=50.32%
[ 2018-11-30 16:02:28,399][kfold_wrapper.log_eval_metrics] Accuracy(layer_5 - estimator_0 - 5_folds.train_2.predict)=53.92%
[ 2018-11-30 16:02:28,791][kfold_wrapper.log_eval_metrics] Accuracy(layer_5 - estimator_0 - 5_folds.train_3.predict)=55.62%
[ 2018-11-30 16:02:29,169][kfold_wrapper.log_eval_metrics] Accuracy(layer_5 - estimator_0 - 5_folds.train_4.predict)=50.64%
[ 2018-11-30 16:02:29,190][kfold_wrapper.log_eval_metrics] Accuracy(layer_5 - estimator_0 - 5_folds.train_cv.predict)=53.09%
[ 2018-11-30 16:02:29,220][cascade_classifier.calc_f1] F1(layer_5 - train.classifier_average)=53.09%
[ 2018-11-30 16:02:29,221][cascade_classifier.fit_transform] [Result][Optimal Level Detected] opt_layer_num=3, accuracy_train=53.49%, accuracy_test=0.00%
[ 2018-11-30 16:02:29,227][cascade_classifier.transform] X_groups_test.shape=[(45712, 9)]
[ 2018-11-30 16:02:29,233][cascade_classifier.transform] group_dims=[9]
[ 2018-11-30 16:02:29,234][cascade_classifier.transform] X_test.shape=(45712, 9)
[ 2018-11-30 16:02:29,241][cascade_classifier.transform] [layer=0] look_indexs=[0], X_cur_test.shape=(45712, 9)
[ 2018-11-30 16:02:29,261][cascade_classifier.transform] [layer=1] look_indexs=[0], X_cur_test.shape=(45712, 11)
[ 2018-11-30 16:02:29,286][cascade_classifier.transform] [layer=2] look_indexs=[0], X_cur_test.shape=(45712, 11)
