[ 2018-11-30 19:46:05,652][cascade_classifier.fit_transform] X_groups_train.shape=[(92809, 9)],y_train.shape=(92809,),X_groups_test.shape=[(139566, 9)],y_test.shape=(139566, 1)
[ 2018-11-30 19:46:05,660][cascade_classifier.fit_transform] group_dims=[9]
[ 2018-11-30 19:46:05,662][cascade_classifier.fit_transform] group_starts=[0]
[ 2018-11-30 19:46:05,664][cascade_classifier.fit_transform] group_ends=[9]
[ 2018-11-30 19:46:05,666][cascade_classifier.fit_transform] X_train.shape=(92809, 9),X_test.shape=(139566, 9)
[ 2018-11-30 19:46:05,681][cascade_classifier.fit_transform] [layer=0] look_indexs=[0], X_cur_train.shape=(92809, 9), X_cur_test.shape=(139566, 9)
[ 2018-11-30 19:46:29,423][kfold_wrapper.log_eval_metrics] F1 (layer_0 - estimator_0 - 5_folds.train_0.predict)=97.82%
[ 2018-11-30 19:46:56,041][kfold_wrapper.log_eval_metrics] F1 (layer_0 - estimator_0 - 5_folds.train_1.predict)=98.02%
[ 2018-11-30 19:47:22,788][kfold_wrapper.log_eval_metrics] F1 (layer_0 - estimator_0 - 5_folds.train_2.predict)=97.58%
[ 2018-11-30 19:47:48,282][kfold_wrapper.log_eval_metrics] F1 (layer_0 - estimator_0 - 5_folds.train_3.predict)=98.47%
[ 2018-11-30 19:48:13,550][kfold_wrapper.log_eval_metrics] F1 (layer_0 - estimator_0 - 5_folds.train_4.predict)=98.47%
[ 2018-11-30 19:48:16,726][kfold_wrapper.log_eval_metrics] F1 (layer_0 - estimator_0 - 5_folds.train_cv.predict)=98.07%
[ 2018-11-30 19:48:16,758][kfold_wrapper.log_eval_metrics] F1 (layer_0 - estimator_0 - 5_folds.test.predict)=95.45%
[ 2018-11-30 19:48:16,790][cascade_classifier.calc_f1] F1 (layer_0 - train.classifier_average)=98.07%
[ 2018-11-30 19:48:16,831][cascade_classifier.calc_f1] F1 (layer_0 - test.classifier_average)=95.45%
[ 2018-11-30 19:48:16,847][cascade_classifier.fit_transform] [layer=1] look_indexs=[0], X_cur_train.shape=(92809, 11), X_cur_test.shape=(139566, 11)
[ 2018-11-30 19:48:42,664][kfold_wrapper.log_eval_metrics] F1 (layer_1 - estimator_0 - 5_folds.train_0.predict)=98.71%
[ 2018-11-30 19:49:12,236][kfold_wrapper.log_eval_metrics] F1 (layer_1 - estimator_0 - 5_folds.train_1.predict)=98.68%
[ 2018-11-30 19:49:45,191][kfold_wrapper.log_eval_metrics] F1 (layer_1 - estimator_0 - 5_folds.train_2.predict)=98.04%
[ 2018-11-30 19:50:17,996][kfold_wrapper.log_eval_metrics] F1 (layer_1 - estimator_0 - 5_folds.train_3.predict)=97.38%
[ 2018-11-30 19:50:48,044][kfold_wrapper.log_eval_metrics] F1 (layer_1 - estimator_0 - 5_folds.train_4.predict)=97.35%
[ 2018-11-30 19:50:51,245][kfold_wrapper.log_eval_metrics] F1 (layer_1 - estimator_0 - 5_folds.train_cv.predict)=98.03%
[ 2018-11-30 19:50:51,279][kfold_wrapper.log_eval_metrics] F1 (layer_1 - estimator_0 - 5_folds.test.predict)=89.03%
[ 2018-11-30 19:50:51,310][cascade_classifier.calc_f1] F1 (layer_1 - train.classifier_average)=98.03%
[ 2018-11-30 19:50:51,344][cascade_classifier.calc_f1] F1 (layer_1 - test.classifier_average)=89.03%
[ 2018-11-30 19:50:51,370][cascade_classifier.fit_transform] [layer=2] look_indexs=[0], X_cur_train.shape=(92809, 11), X_cur_test.shape=(139566, 11)
[ 2018-11-30 19:51:20,660][kfold_wrapper.log_eval_metrics] F1 (layer_2 - estimator_0 - 5_folds.train_0.predict)=97.58%
[ 2018-11-30 19:51:51,440][kfold_wrapper.log_eval_metrics] F1 (layer_2 - estimator_0 - 5_folds.train_1.predict)=97.14%
[ 2018-11-30 19:52:21,403][kfold_wrapper.log_eval_metrics] F1 (layer_2 - estimator_0 - 5_folds.train_2.predict)=98.47%
[ 2018-11-30 19:52:55,788][kfold_wrapper.log_eval_metrics] F1 (layer_2 - estimator_0 - 5_folds.train_3.predict)=98.05%
[ 2018-11-30 19:53:31,497][kfold_wrapper.log_eval_metrics] F1 (layer_2 - estimator_0 - 5_folds.train_4.predict)=98.47%
[ 2018-11-30 19:53:35,179][kfold_wrapper.log_eval_metrics] F1 (layer_2 - estimator_0 - 5_folds.train_cv.predict)=97.95%
[ 2018-11-30 19:53:35,226][kfold_wrapper.log_eval_metrics] F1 (layer_2 - estimator_0 - 5_folds.test.predict)=90.64%
[ 2018-11-30 19:53:35,267][cascade_classifier.calc_f1] F1 (layer_2 - train.classifier_average)=97.95%
[ 2018-11-30 19:53:35,312][cascade_classifier.calc_f1] F1 (layer_2 - test.classifier_average)=90.64%
[ 2018-11-30 19:53:35,330][cascade_classifier.fit_transform] [layer=3] look_indexs=[0], X_cur_train.shape=(92809, 11), X_cur_test.shape=(139566, 11)
[ 2018-11-30 19:54:06,084][kfold_wrapper.log_eval_metrics] F1 (layer_3 - estimator_0 - 5_folds.train_0.predict)=97.16%
[ 2018-11-30 19:54:37,303][kfold_wrapper.log_eval_metrics] F1 (layer_3 - estimator_0 - 5_folds.train_1.predict)=98.04%
[ 2018-11-30 19:55:07,944][kfold_wrapper.log_eval_metrics] F1 (layer_3 - estimator_0 - 5_folds.train_2.predict)=98.25%
[ 2018-11-30 19:55:40,350][kfold_wrapper.log_eval_metrics] F1 (layer_3 - estimator_0 - 5_folds.train_3.predict)=98.03%
[ 2018-11-30 19:56:11,867][kfold_wrapper.log_eval_metrics] F1 (layer_3 - estimator_0 - 5_folds.train_4.predict)=98.46%
[ 2018-11-30 19:56:15,579][kfold_wrapper.log_eval_metrics] F1 (layer_3 - estimator_0 - 5_folds.train_cv.predict)=97.99%
[ 2018-11-30 19:56:15,617][kfold_wrapper.log_eval_metrics] F1 (layer_3 - estimator_0 - 5_folds.test.predict)=93.76%
[ 2018-11-30 19:56:15,646][cascade_classifier.calc_f1] F1 (layer_3 - train.classifier_average)=97.99%
[ 2018-11-30 19:56:15,693][cascade_classifier.calc_f1] F1 (layer_3 - test.classifier_average)=93.76%
[ 2018-11-30 19:56:15,694][cascade_classifier.fit_transform] [Result][Optimal Level Detected] opt_layer_num=1, f1_train=98.07%, f1_test=95.45%
