[ 2018-11-30 16:04:16,823][cascade_classifier.fit_transform] X_groups_train.shape=[(92809, 9)],y_train.shape=(92809,),X_groups_test.shape=no_test,y_test.shape=no_test
[ 2018-11-30 16:04:16,825][cascade_classifier.fit_transform] group_dims=[9]
[ 2018-11-30 16:04:16,826][cascade_classifier.fit_transform] group_starts=[0]
[ 2018-11-30 16:04:16,828][cascade_classifier.fit_transform] group_ends=[9]
[ 2018-11-30 16:04:16,829][cascade_classifier.fit_transform] X_train.shape=(92809, 9),X_test.shape=(0, 9)
[ 2018-11-30 16:04:16,834][cascade_classifier.fit_transform] [layer=0] look_indexs=[0], X_cur_train.shape=(92809, 9), X_cur_test.shape=(0, 9)
[ 2018-11-30 16:04:41,923][kfold_wrapper.log_eval_metrics] Accuracy(layer_0 - estimator_0 - 5_folds.train_0.predict)=98.25%
[ 2018-11-30 16:05:06,032][kfold_wrapper.log_eval_metrics] Accuracy(layer_0 - estimator_0 - 5_folds.train_1.predict)=98.25%
[ 2018-11-30 16:05:28,869][kfold_wrapper.log_eval_metrics] Accuracy(layer_0 - estimator_0 - 5_folds.train_2.predict)=98.04%
[ 2018-11-30 16:05:51,863][kfold_wrapper.log_eval_metrics] Accuracy(layer_0 - estimator_0 - 5_folds.train_3.predict)=97.12%
[ 2018-11-30 16:06:14,610][kfold_wrapper.log_eval_metrics] Accuracy(layer_0 - estimator_0 - 5_folds.train_4.predict)=98.70%
[ 2018-11-30 16:06:14,640][kfold_wrapper.log_eval_metrics] Accuracy(layer_0 - estimator_0 - 5_folds.train_cv.predict)=98.07%
[ 2018-11-30 16:06:14,671][cascade_classifier.calc_f1] F1(layer_0 - train.classifier_average)=98.07%
[ 2018-11-30 16:06:14,680][cascade_classifier.fit_transform] [layer=1] look_indexs=[0], X_cur_train.shape=(92809, 11), X_cur_test.shape=(0, 11)
[ 2018-11-30 16:06:40,603][kfold_wrapper.log_eval_metrics] Accuracy(layer_1 - estimator_0 - 5_folds.train_0.predict)=98.04%
[ 2018-11-30 16:07:06,368][kfold_wrapper.log_eval_metrics] Accuracy(layer_1 - estimator_0 - 5_folds.train_1.predict)=97.41%
[ 2018-11-30 16:07:32,989][kfold_wrapper.log_eval_metrics] Accuracy(layer_1 - estimator_0 - 5_folds.train_2.predict)=98.06%
[ 2018-11-30 16:08:00,401][kfold_wrapper.log_eval_metrics] Accuracy(layer_1 - estimator_0 - 5_folds.train_3.predict)=97.57%
[ 2018-11-30 16:08:29,459][kfold_wrapper.log_eval_metrics] Accuracy(layer_1 - estimator_0 - 5_folds.train_4.predict)=98.69%
[ 2018-11-30 16:08:29,480][kfold_wrapper.log_eval_metrics] Accuracy(layer_1 - estimator_0 - 5_folds.train_cv.predict)=97.95%
[ 2018-11-30 16:08:29,508][cascade_classifier.calc_f1] F1(layer_1 - train.classifier_average)=97.95%
[ 2018-11-30 16:08:29,514][cascade_classifier.fit_transform] [layer=2] look_indexs=[0], X_cur_train.shape=(92809, 11), X_cur_test.shape=(0, 11)
[ 2018-11-30 16:09:02,320][kfold_wrapper.log_eval_metrics] Accuracy(layer_2 - estimator_0 - 5_folds.train_0.predict)=98.05%
[ 2018-11-30 16:09:32,333][kfold_wrapper.log_eval_metrics] Accuracy(layer_2 - estimator_0 - 5_folds.train_1.predict)=97.16%
[ 2018-11-30 16:10:01,220][kfold_wrapper.log_eval_metrics] Accuracy(layer_2 - estimator_0 - 5_folds.train_2.predict)=99.57%
[ 2018-11-30 16:10:29,373][kfold_wrapper.log_eval_metrics] Accuracy(layer_2 - estimator_0 - 5_folds.train_3.predict)=97.35%
[ 2018-11-30 16:10:59,032][kfold_wrapper.log_eval_metrics] Accuracy(layer_2 - estimator_0 - 5_folds.train_4.predict)=97.40%
[ 2018-11-30 16:10:59,061][kfold_wrapper.log_eval_metrics] Accuracy(layer_2 - estimator_0 - 5_folds.train_cv.predict)=97.91%
[ 2018-11-30 16:10:59,087][cascade_classifier.calc_f1] F1(layer_2 - train.classifier_average)=97.91%
[ 2018-11-30 16:10:59,091][cascade_classifier.fit_transform] [layer=3] look_indexs=[0], X_cur_train.shape=(92809, 11), X_cur_test.shape=(0, 11)
[ 2018-11-30 16:11:26,858][kfold_wrapper.log_eval_metrics] Accuracy(layer_3 - estimator_0 - 5_folds.train_0.predict)=97.41%
[ 2018-11-30 16:11:55,193][kfold_wrapper.log_eval_metrics] Accuracy(layer_3 - estimator_0 - 5_folds.train_1.predict)=98.47%
[ 2018-11-30 16:12:37,761][kfold_wrapper.log_eval_metrics] Accuracy(layer_3 - estimator_0 - 5_folds.train_2.predict)=96.92%
[ 2018-11-30 16:13:14,881][kfold_wrapper.log_eval_metrics] Accuracy(layer_3 - estimator_0 - 5_folds.train_3.predict)=97.60%
[ 2018-11-30 16:13:57,587][kfold_wrapper.log_eval_metrics] Accuracy(layer_3 - estimator_0 - 5_folds.train_4.predict)=98.05%
[ 2018-11-30 16:13:57,625][kfold_wrapper.log_eval_metrics] Accuracy(layer_3 - estimator_0 - 5_folds.train_cv.predict)=97.69%
[ 2018-11-30 16:13:57,659][cascade_classifier.calc_f1] F1(layer_3 - train.classifier_average)=97.69%
[ 2018-11-30 16:13:57,660][cascade_classifier.fit_transform] [Result][Optimal Level Detected] opt_layer_num=1, accuracy_train=98.07%, accuracy_test=0.00%
[ 2018-11-30 16:13:57,729][cascade_classifier.transform] X_groups_test.shape=[(45712, 9)]
[ 2018-11-30 16:13:57,739][cascade_classifier.transform] group_dims=[9]
[ 2018-11-30 16:13:57,741][cascade_classifier.transform] X_test.shape=(45712, 9)
[ 2018-11-30 16:13:57,742][cascade_classifier.transform] [layer=0] look_indexs=[0], X_cur_test.shape=(45712, 9)
