[ 2018-11-30 16:01:17,621][cascade_classifier.fit_transform] X_groups_train.shape=[(92809, 9)],y_train.shape=(92809,),X_groups_test.shape=no_test,y_test.shape=no_test
[ 2018-11-30 16:01:17,623][cascade_classifier.fit_transform] group_dims=[9]
[ 2018-11-30 16:01:17,624][cascade_classifier.fit_transform] group_starts=[0]
[ 2018-11-30 16:01:17,625][cascade_classifier.fit_transform] group_ends=[9]
[ 2018-11-30 16:01:17,626][cascade_classifier.fit_transform] X_train.shape=(92809, 9),X_test.shape=(0, 9)
[ 2018-11-30 16:01:17,632][cascade_classifier.fit_transform] [layer=0] look_indexs=[0], X_cur_train.shape=(92809, 9), X_cur_test.shape=(0, 9)
[ 2018-11-30 16:01:18,089][kfold_wrapper.log_eval_metrics] Accuracy(layer_0 - estimator_0 - 5_folds.train_0.predict)=42.18%
[ 2018-11-30 16:01:18,579][kfold_wrapper.log_eval_metrics] Accuracy(layer_0 - estimator_0 - 5_folds.train_1.predict)=40.69%
[ 2018-11-30 16:01:18,914][kfold_wrapper.log_eval_metrics] Accuracy(layer_0 - estimator_0 - 5_folds.train_2.predict)=43.92%
[ 2018-11-30 16:01:19,284][kfold_wrapper.log_eval_metrics] Accuracy(layer_0 - estimator_0 - 5_folds.train_3.predict)=33.81%
[ 2018-11-30 16:01:19,656][kfold_wrapper.log_eval_metrics] Accuracy(layer_0 - estimator_0 - 5_folds.train_4.predict)=33.21%
[ 2018-11-30 16:01:19,684][kfold_wrapper.log_eval_metrics] Accuracy(layer_0 - estimator_0 - 5_folds.train_cv.predict)=38.89%
[ 2018-11-30 16:01:19,711][cascade_classifier.calc_f1] F1(layer_0 - train.classifier_average)=0.39%
[ 2018-11-30 16:01:19,719][cascade_classifier.fit_transform] [layer=1] look_indexs=[0], X_cur_train.shape=(92809, 11), X_cur_test.shape=(0, 11)
[ 2018-11-30 16:01:20,130][kfold_wrapper.log_eval_metrics] Accuracy(layer_1 - estimator_0 - 5_folds.train_0.predict)=48.86%
[ 2018-11-30 16:01:20,494][kfold_wrapper.log_eval_metrics] Accuracy(layer_1 - estimator_0 - 5_folds.train_1.predict)=50.00%
[ 2018-11-30 16:01:20,861][kfold_wrapper.log_eval_metrics] Accuracy(layer_1 - estimator_0 - 5_folds.train_2.predict)=56.88%
[ 2018-11-30 16:01:21,340][kfold_wrapper.log_eval_metrics] Accuracy(layer_1 - estimator_0 - 5_folds.train_3.predict)=60.84%
[ 2018-11-30 16:01:21,684][kfold_wrapper.log_eval_metrics] Accuracy(layer_1 - estimator_0 - 5_folds.train_4.predict)=53.46%
[ 2018-11-30 16:01:21,708][kfold_wrapper.log_eval_metrics] Accuracy(layer_1 - estimator_0 - 5_folds.train_cv.predict)=54.14%
[ 2018-11-30 16:01:21,736][cascade_classifier.calc_f1] F1(layer_1 - train.classifier_average)=0.54%
[ 2018-11-30 16:01:21,742][cascade_classifier.fit_transform] [layer=2] look_indexs=[0], X_cur_train.shape=(92809, 11), X_cur_test.shape=(0, 11)
[ 2018-11-30 16:01:22,167][kfold_wrapper.log_eval_metrics] Accuracy(layer_2 - estimator_0 - 5_folds.train_0.predict)=60.48%
[ 2018-11-30 16:01:22,501][kfold_wrapper.log_eval_metrics] Accuracy(layer_2 - estimator_0 - 5_folds.train_1.predict)=55.45%
[ 2018-11-30 16:01:22,871][kfold_wrapper.log_eval_metrics] Accuracy(layer_2 - estimator_0 - 5_folds.train_2.predict)=48.87%
[ 2018-11-30 16:01:23,177][kfold_wrapper.log_eval_metrics] Accuracy(layer_2 - estimator_0 - 5_folds.train_3.predict)=55.11%
[ 2018-11-30 16:01:23,568][kfold_wrapper.log_eval_metrics] Accuracy(layer_2 - estimator_0 - 5_folds.train_4.predict)=51.28%
[ 2018-11-30 16:01:23,593][kfold_wrapper.log_eval_metrics] Accuracy(layer_2 - estimator_0 - 5_folds.train_cv.predict)=54.34%
[ 2018-11-30 16:01:23,621][cascade_classifier.calc_f1] F1(layer_2 - train.classifier_average)=0.54%
[ 2018-11-30 16:01:23,627][cascade_classifier.fit_transform] [layer=3] look_indexs=[0], X_cur_train.shape=(92809, 11), X_cur_test.shape=(0, 11)
[ 2018-11-30 16:01:24,020][kfold_wrapper.log_eval_metrics] Accuracy(layer_3 - estimator_0 - 5_folds.train_0.predict)=55.11%
[ 2018-11-30 16:01:24,364][kfold_wrapper.log_eval_metrics] Accuracy(layer_3 - estimator_0 - 5_folds.train_1.predict)=56.52%
[ 2018-11-30 16:01:24,844][kfold_wrapper.log_eval_metrics] Accuracy(layer_3 - estimator_0 - 5_folds.train_2.predict)=51.43%
[ 2018-11-30 16:01:25,184][kfold_wrapper.log_eval_metrics] Accuracy(layer_3 - estimator_0 - 5_folds.train_3.predict)=54.38%
[ 2018-11-30 16:01:25,601][kfold_wrapper.log_eval_metrics] Accuracy(layer_3 - estimator_0 - 5_folds.train_4.predict)=53.16%
[ 2018-11-30 16:01:25,626][kfold_wrapper.log_eval_metrics] Accuracy(layer_3 - estimator_0 - 5_folds.train_cv.predict)=54.14%
[ 2018-11-30 16:01:25,659][cascade_classifier.calc_f1] F1(layer_3 - train.classifier_average)=0.54%
[ 2018-11-30 16:01:25,663][cascade_classifier.fit_transform] [layer=4] look_indexs=[0], X_cur_train.shape=(92809, 11), X_cur_test.shape=(0, 11)
[ 2018-11-30 16:01:26,016][kfold_wrapper.log_eval_metrics] Accuracy(layer_4 - estimator_0 - 5_folds.train_0.predict)=56.88%
[ 2018-11-30 16:01:26,343][kfold_wrapper.log_eval_metrics] Accuracy(layer_4 - estimator_0 - 5_folds.train_1.predict)=58.54%
[ 2018-11-30 16:01:26,729][kfold_wrapper.log_eval_metrics] Accuracy(layer_4 - estimator_0 - 5_folds.train_2.predict)=49.51%
[ 2018-11-30 16:01:27,299][kfold_wrapper.log_eval_metrics] Accuracy(layer_4 - estimator_0 - 5_folds.train_3.predict)=51.12%
[ 2018-11-30 16:01:27,703][kfold_wrapper.log_eval_metrics] Accuracy(layer_4 - estimator_0 - 5_folds.train_4.predict)=53.29%
[ 2018-11-30 16:01:27,729][kfold_wrapper.log_eval_metrics] Accuracy(layer_4 - estimator_0 - 5_folds.train_cv.predict)=53.95%
[ 2018-11-30 16:01:27,763][cascade_classifier.calc_f1] F1(layer_4 - train.classifier_average)=0.54%
[ 2018-11-30 16:01:27,769][cascade_classifier.fit_transform] [layer=5] look_indexs=[0], X_cur_train.shape=(92809, 11), X_cur_test.shape=(0, 11)
[ 2018-11-30 16:01:28,241][kfold_wrapper.log_eval_metrics] Accuracy(layer_5 - estimator_0 - 5_folds.train_0.predict)=48.86%
[ 2018-11-30 16:01:28,695][kfold_wrapper.log_eval_metrics] Accuracy(layer_5 - estimator_0 - 5_folds.train_1.predict)=52.70%
[ 2018-11-30 16:01:29,062][kfold_wrapper.log_eval_metrics] Accuracy(layer_5 - estimator_0 - 5_folds.train_2.predict)=51.12%
[ 2018-11-30 16:01:29,409][kfold_wrapper.log_eval_metrics] Accuracy(layer_5 - estimator_0 - 5_folds.train_3.predict)=56.35%
[ 2018-11-30 16:01:29,747][kfold_wrapper.log_eval_metrics] Accuracy(layer_5 - estimator_0 - 5_folds.train_4.predict)=59.28%
[ 2018-11-30 16:01:29,768][kfold_wrapper.log_eval_metrics] Accuracy(layer_5 - estimator_0 - 5_folds.train_cv.predict)=53.77%
[ 2018-11-30 16:01:29,801][cascade_classifier.calc_f1] F1(layer_5 - train.classifier_average)=0.54%
[ 2018-11-30 16:01:29,803][cascade_classifier.fit_transform] [Result][Optimal Level Detected] opt_layer_num=3, accuracy_train=0.54%, accuracy_test=0.00%
[ 2018-11-30 16:01:29,806][cascade_classifier.transform] X_groups_test.shape=[(45712, 9)]
[ 2018-11-30 16:01:29,809][cascade_classifier.transform] group_dims=[9]
[ 2018-11-30 16:01:29,810][cascade_classifier.transform] X_test.shape=(45712, 9)
[ 2018-11-30 16:01:29,813][cascade_classifier.transform] [layer=0] look_indexs=[0], X_cur_test.shape=(45712, 9)
[ 2018-11-30 16:01:29,828][cascade_classifier.transform] [layer=1] look_indexs=[0], X_cur_test.shape=(45712, 11)
[ 2018-11-30 16:01:29,843][cascade_classifier.transform] [layer=2] look_indexs=[0], X_cur_test.shape=(45712, 11)
[ 2018-11-30 16:01:55,425][cascade_classifier.fit_transform] X_groups_train.shape=[(92809, 9)],y_train.shape=(92809,),X_groups_test.shape=no_test,y_test.shape=no_test
[ 2018-11-30 16:01:55,428][cascade_classifier.fit_transform] group_dims=[9]
[ 2018-11-30 16:01:55,429][cascade_classifier.fit_transform] group_starts=[0]
[ 2018-11-30 16:01:55,430][cascade_classifier.fit_transform] group_ends=[9]
[ 2018-11-30 16:01:55,431][cascade_classifier.fit_transform] X_train.shape=(92809, 9),X_test.shape=(0, 9)
[ 2018-11-30 16:01:55,435][cascade_classifier.fit_transform] [layer=0] look_indexs=[0], X_cur_train.shape=(92809, 9), X_cur_test.shape=(0, 9)
[ 2018-11-30 16:01:55,872][kfold_wrapper.log_eval_metrics] Accuracy(layer_0 - estimator_0 - 5_folds.train_0.predict)=42.18%
[ 2018-11-30 16:01:56,310][kfold_wrapper.log_eval_metrics] Accuracy(layer_0 - estimator_0 - 5_folds.train_1.predict)=32.00%
[ 2018-11-30 16:01:56,668][kfold_wrapper.log_eval_metrics] Accuracy(layer_0 - estimator_0 - 5_folds.train_2.predict)=43.92%
[ 2018-11-30 16:01:57,030][kfold_wrapper.log_eval_metrics] Accuracy(layer_0 - estimator_0 - 5_folds.train_3.predict)=33.81%
[ 2018-11-30 16:01:57,409][kfold_wrapper.log_eval_metrics] Accuracy(layer_0 - estimator_0 - 5_folds.train_4.predict)=40.14%
[ 2018-11-30 16:01:57,431][kfold_wrapper.log_eval_metrics] Accuracy(layer_0 - estimator_0 - 5_folds.train_cv.predict)=38.55%
[ 2018-11-30 16:01:57,457][cascade_classifier.calc_f1] F1(layer_0 - train.classifier_average)=0.39%
[ 2018-11-30 16:01:57,462][cascade_classifier.fit_transform] [layer=1] look_indexs=[0], X_cur_train.shape=(92809, 11), X_cur_test.shape=(0, 11)
[ 2018-11-30 16:01:57,933][kfold_wrapper.log_eval_metrics] Accuracy(layer_1 - estimator_0 - 5_folds.train_0.predict)=52.06%
[ 2018-11-30 16:01:58,322][kfold_wrapper.log_eval_metrics] Accuracy(layer_1 - estimator_0 - 5_folds.train_1.predict)=48.21%
[ 2018-11-30 16:01:58,736][kfold_wrapper.log_eval_metrics] Accuracy(layer_1 - estimator_0 - 5_folds.train_2.predict)=55.56%
[ 2018-11-30 16:01:59,046][kfold_wrapper.log_eval_metrics] Accuracy(layer_1 - estimator_0 - 5_folds.train_3.predict)=52.87%
[ 2018-11-30 16:01:59,411][kfold_wrapper.log_eval_metrics] Accuracy(layer_1 - estimator_0 - 5_folds.train_4.predict)=51.12%
[ 2018-11-30 16:01:59,435][kfold_wrapper.log_eval_metrics] Accuracy(layer_1 - estimator_0 - 5_folds.train_cv.predict)=52.00%
[ 2018-11-30 16:01:59,468][cascade_classifier.calc_f1] F1(layer_1 - train.classifier_average)=0.52%
[ 2018-11-30 16:01:59,472][cascade_classifier.fit_transform] [layer=2] look_indexs=[0], X_cur_train.shape=(92809, 11), X_cur_test.shape=(0, 11)
[ 2018-11-30 16:01:59,957][kfold_wrapper.log_eval_metrics] Accuracy(layer_2 - estimator_0 - 5_folds.train_0.predict)=60.71%
[ 2018-11-30 16:02:00,479][kfold_wrapper.log_eval_metrics] Accuracy(layer_2 - estimator_0 - 5_folds.train_1.predict)=58.61%
[ 2018-11-30 16:02:00,904][kfold_wrapper.log_eval_metrics] Accuracy(layer_2 - estimator_0 - 5_folds.train_2.predict)=48.56%
[ 2018-11-30 16:02:01,310][kfold_wrapper.log_eval_metrics] Accuracy(layer_2 - estimator_0 - 5_folds.train_3.predict)=55.66%
[ 2018-11-30 16:02:01,771][kfold_wrapper.log_eval_metrics] Accuracy(layer_2 - estimator_0 - 5_folds.train_4.predict)=48.86%
[ 2018-11-30 16:02:01,810][kfold_wrapper.log_eval_metrics] Accuracy(layer_2 - estimator_0 - 5_folds.train_cv.predict)=54.65%
[ 2018-11-30 16:02:01,852][cascade_classifier.calc_f1] F1(layer_2 - train.classifier_average)=0.55%
[ 2018-11-30 16:02:01,856][cascade_classifier.fit_transform] [layer=3] look_indexs=[0], X_cur_train.shape=(92809, 11), X_cur_test.shape=(0, 11)
[ 2018-11-30 16:02:02,349][kfold_wrapper.log_eval_metrics] Accuracy(layer_3 - estimator_0 - 5_folds.train_0.predict)=53.82%
[ 2018-11-30 16:02:02,864][kfold_wrapper.log_eval_metrics] Accuracy(layer_3 - estimator_0 - 5_folds.train_1.predict)=58.28%
[ 2018-11-30 16:02:03,207][kfold_wrapper.log_eval_metrics] Accuracy(layer_3 - estimator_0 - 5_folds.train_2.predict)=50.48%
[ 2018-11-30 16:02:03,582][kfold_wrapper.log_eval_metrics] Accuracy(layer_3 - estimator_0 - 5_folds.train_3.predict)=56.17%
[ 2018-11-30 16:02:03,950][kfold_wrapper.log_eval_metrics] Accuracy(layer_3 - estimator_0 - 5_folds.train_4.predict)=53.63%
[ 2018-11-30 16:02:03,973][kfold_wrapper.log_eval_metrics] Accuracy(layer_3 - estimator_0 - 5_folds.train_cv.predict)=54.51%
[ 2018-11-30 16:02:03,995][cascade_classifier.calc_f1] F1(layer_3 - train.classifier_average)=0.55%
[ 2018-11-30 16:02:03,998][cascade_classifier.fit_transform] [layer=4] look_indexs=[0], X_cur_train.shape=(92809, 11), X_cur_test.shape=(0, 11)
[ 2018-11-30 16:02:04,318][kfold_wrapper.log_eval_metrics] Accuracy(layer_4 - estimator_0 - 5_folds.train_0.predict)=56.44%
[ 2018-11-30 16:02:04,883][kfold_wrapper.log_eval_metrics] Accuracy(layer_4 - estimator_0 - 5_folds.train_1.predict)=56.62%
[ 2018-11-30 16:02:05,351][kfold_wrapper.log_eval_metrics] Accuracy(layer_4 - estimator_0 - 5_folds.train_2.predict)=50.96%
[ 2018-11-30 16:02:05,966][kfold_wrapper.log_eval_metrics] Accuracy(layer_4 - estimator_0 - 5_folds.train_3.predict)=50.32%
[ 2018-11-30 16:02:06,428][kfold_wrapper.log_eval_metrics] Accuracy(layer_4 - estimator_0 - 5_folds.train_4.predict)=54.38%
[ 2018-11-30 16:02:06,450][kfold_wrapper.log_eval_metrics] Accuracy(layer_4 - estimator_0 - 5_folds.train_cv.predict)=53.78%
[ 2018-11-30 16:02:06,495][cascade_classifier.calc_f1] F1(layer_4 - train.classifier_average)=0.54%
[ 2018-11-30 16:02:06,500][cascade_classifier.fit_transform] [layer=5] look_indexs=[0], X_cur_train.shape=(92809, 11), X_cur_test.shape=(0, 11)
[ 2018-11-30 16:02:06,939][kfold_wrapper.log_eval_metrics] Accuracy(layer_5 - estimator_0 - 5_folds.train_0.predict)=46.25%
[ 2018-11-30 16:02:07,359][kfold_wrapper.log_eval_metrics] Accuracy(layer_5 - estimator_0 - 5_folds.train_1.predict)=55.11%
