[ 2018-11-30 12:33:51,364][cascade_classifier.fit_transform] X_groups_train.shape=[(218872, 9)],y_train.shape=(218872,),X_groups_test.shape=no_test,y_test.shape=no_test
[ 2018-11-30 12:33:51,375][cascade_classifier.fit_transform] group_dims=[9]
[ 2018-11-30 12:33:51,378][cascade_classifier.fit_transform] group_starts=[0]
[ 2018-11-30 12:33:51,380][cascade_classifier.fit_transform] group_ends=[9]
[ 2018-11-30 12:33:51,386][cascade_classifier.fit_transform] X_train.shape=(218872, 9),X_test.shape=(0, 9)
[ 2018-11-30 12:33:51,428][cascade_classifier.fit_transform] [layer=0] look_indexs=[0], X_cur_train.shape=(218872, 9), X_cur_test.shape=(0, 9)
[ 2018-11-30 12:35:07,469][kfold_wrapper.log_eval_metrics] Accuracy(layer_0 - estimator_0 - 5_folds.train_0.predict)=100.00%
[ 2018-11-30 12:36:23,976][kfold_wrapper.log_eval_metrics] Accuracy(layer_0 - estimator_0 - 5_folds.train_1.predict)=99.99%
[ 2018-11-30 12:37:42,329][kfold_wrapper.log_eval_metrics] Accuracy(layer_0 - estimator_0 - 5_folds.train_2.predict)=99.98%
[ 2018-11-30 12:39:00,934][kfold_wrapper.log_eval_metrics] Accuracy(layer_0 - estimator_0 - 5_folds.train_3.predict)=99.99%
[ 2018-11-30 12:40:18,970][kfold_wrapper.log_eval_metrics] Accuracy(layer_0 - estimator_0 - 5_folds.train_4.predict)=99.98%
[ 2018-11-30 12:40:18,978][kfold_wrapper.log_eval_metrics] Accuracy(layer_0 - estimator_0 - 5_folds.train_cv.predict)=99.99%
[ 2018-11-30 12:40:18,987][cascade_classifier.calc_accuracy] Accuracy(layer_0 - train.classifier_average)=99.99%
[ 2018-11-30 12:40:19,018][cascade_classifier.fit_transform] [layer=1] look_indexs=[0], X_cur_train.shape=(218872, 11), X_cur_test.shape=(0, 11)
[ 2018-11-30 12:41:31,346][kfold_wrapper.log_eval_metrics] Accuracy(layer_1 - estimator_0 - 5_folds.train_0.predict)=99.99%
[ 2018-11-30 12:42:40,161][kfold_wrapper.log_eval_metrics] Accuracy(layer_1 - estimator_0 - 5_folds.train_1.predict)=99.99%
[ 2018-11-30 12:43:39,514][kfold_wrapper.log_eval_metrics] Accuracy(layer_1 - estimator_0 - 5_folds.train_2.predict)=99.97%
[ 2018-11-30 12:44:46,128][kfold_wrapper.log_eval_metrics] Accuracy(layer_1 - estimator_0 - 5_folds.train_3.predict)=99.99%
[ 2018-11-30 12:45:47,475][kfold_wrapper.log_eval_metrics] Accuracy(layer_1 - estimator_0 - 5_folds.train_4.predict)=99.99%
[ 2018-11-30 12:45:47,479][kfold_wrapper.log_eval_metrics] Accuracy(layer_1 - estimator_0 - 5_folds.train_cv.predict)=99.98%
[ 2018-11-30 12:45:47,487][cascade_classifier.calc_accuracy] Accuracy(layer_1 - train.classifier_average)=99.98%
[ 2018-11-30 12:45:47,494][cascade_classifier.fit_transform] [layer=2] look_indexs=[0], X_cur_train.shape=(218872, 11), X_cur_test.shape=(0, 11)
[ 2018-11-30 12:46:54,768][kfold_wrapper.log_eval_metrics] Accuracy(layer_2 - estimator_0 - 5_folds.train_0.predict)=99.98%
[ 2018-11-30 12:48:09,073][kfold_wrapper.log_eval_metrics] Accuracy(layer_2 - estimator_0 - 5_folds.train_1.predict)=100.00%
[ 2018-11-30 12:49:18,999][kfold_wrapper.log_eval_metrics] Accuracy(layer_2 - estimator_0 - 5_folds.train_2.predict)=99.99%
[ 2018-11-30 12:50:30,890][kfold_wrapper.log_eval_metrics] Accuracy(layer_2 - estimator_0 - 5_folds.train_3.predict)=99.98%
[ 2018-11-30 12:51:40,879][kfold_wrapper.log_eval_metrics] Accuracy(layer_2 - estimator_0 - 5_folds.train_4.predict)=99.99%
[ 2018-11-30 12:51:40,884][kfold_wrapper.log_eval_metrics] Accuracy(layer_2 - estimator_0 - 5_folds.train_cv.predict)=99.99%
[ 2018-11-30 12:51:40,891][cascade_classifier.calc_accuracy] Accuracy(layer_2 - train.classifier_average)=99.99%
[ 2018-11-30 12:51:40,899][cascade_classifier.fit_transform] [layer=3] look_indexs=[0], X_cur_train.shape=(218872, 11), X_cur_test.shape=(0, 11)
[ 2018-11-30 12:52:48,581][kfold_wrapper.log_eval_metrics] Accuracy(layer_3 - estimator_0 - 5_folds.train_0.predict)=99.99%
[ 2018-11-30 12:53:59,486][kfold_wrapper.log_eval_metrics] Accuracy(layer_3 - estimator_0 - 5_folds.train_1.predict)=99.98%
[ 2018-11-30 12:55:12,038][kfold_wrapper.log_eval_metrics] Accuracy(layer_3 - estimator_0 - 5_folds.train_2.predict)=99.98%
[ 2018-11-30 12:56:26,454][kfold_wrapper.log_eval_metrics] Accuracy(layer_3 - estimator_0 - 5_folds.train_3.predict)=100.00%
[ 2018-11-30 12:57:34,027][kfold_wrapper.log_eval_metrics] Accuracy(layer_3 - estimator_0 - 5_folds.train_4.predict)=99.99%
[ 2018-11-30 12:57:34,033][kfold_wrapper.log_eval_metrics] Accuracy(layer_3 - estimator_0 - 5_folds.train_cv.predict)=99.99%
[ 2018-11-30 12:57:34,041][cascade_classifier.calc_accuracy] Accuracy(layer_3 - train.classifier_average)=99.99%
[ 2018-11-30 12:57:34,048][cascade_classifier.fit_transform] [layer=4] look_indexs=[0], X_cur_train.shape=(218872, 11), X_cur_test.shape=(0, 11)
[ 2018-11-30 12:58:43,677][kfold_wrapper.log_eval_metrics] Accuracy(layer_4 - estimator_0 - 5_folds.train_0.predict)=99.98%
[ 2018-11-30 12:59:54,311][kfold_wrapper.log_eval_metrics] Accuracy(layer_4 - estimator_0 - 5_folds.train_1.predict)=99.98%
[ 2018-11-30 13:01:06,188][kfold_wrapper.log_eval_metrics] Accuracy(layer_4 - estimator_0 - 5_folds.train_2.predict)=99.99%
[ 2018-11-30 13:02:13,955][kfold_wrapper.log_eval_metrics] Accuracy(layer_4 - estimator_0 - 5_folds.train_3.predict)=99.98%
[ 2018-11-30 13:03:24,738][kfold_wrapper.log_eval_metrics] Accuracy(layer_4 - estimator_0 - 5_folds.train_4.predict)=99.99%
[ 2018-11-30 13:03:24,742][kfold_wrapper.log_eval_metrics] Accuracy(layer_4 - estimator_0 - 5_folds.train_cv.predict)=99.99%
[ 2018-11-30 13:03:24,750][cascade_classifier.calc_accuracy] Accuracy(layer_4 - train.classifier_average)=99.99%
[ 2018-11-30 13:03:24,758][cascade_classifier.fit_transform] [layer=5] look_indexs=[0], X_cur_train.shape=(218872, 11), X_cur_test.shape=(0, 11)
[ 2018-11-30 13:04:35,594][kfold_wrapper.log_eval_metrics] Accuracy(layer_5 - estimator_0 - 5_folds.train_0.predict)=99.98%
[ 2018-11-30 13:05:50,328][kfold_wrapper.log_eval_metrics] Accuracy(layer_5 - estimator_0 - 5_folds.train_1.predict)=100.00%
[ 2018-11-30 13:07:10,117][kfold_wrapper.log_eval_metrics] Accuracy(layer_5 - estimator_0 - 5_folds.train_2.predict)=99.98%
[ 2018-11-30 13:08:23,016][kfold_wrapper.log_eval_metrics] Accuracy(layer_5 - estimator_0 - 5_folds.train_3.predict)=99.98%
[ 2018-11-30 13:09:38,335][kfold_wrapper.log_eval_metrics] Accuracy(layer_5 - estimator_0 - 5_folds.train_4.predict)=99.99%
[ 2018-11-30 13:09:38,339][kfold_wrapper.log_eval_metrics] Accuracy(layer_5 - estimator_0 - 5_folds.train_cv.predict)=99.98%
[ 2018-11-30 13:09:38,351][cascade_classifier.calc_accuracy] Accuracy(layer_5 - train.classifier_average)=99.98%
[ 2018-11-30 13:09:38,352][cascade_classifier.fit_transform] [Result][Optimal Level Detected] opt_layer_num=3, accuracy_train=99.99%, accuracy_test=0.00%
[ 2018-11-30 13:09:38,435][cascade_classifier.transform] X_groups_test.shape=[(27705, 9)]
[ 2018-11-30 13:09:38,439][cascade_classifier.transform] group_dims=[9]
[ 2018-11-30 13:09:38,440][cascade_classifier.transform] X_test.shape=(27705, 9)
[ 2018-11-30 13:09:38,442][cascade_classifier.transform] [layer=0] look_indexs=[0], X_cur_test.shape=(27705, 9)
[ 2018-11-30 13:09:44,101][cascade_classifier.transform] [layer=1] look_indexs=[0], X_cur_test.shape=(27705, 11)
[ 2018-11-30 13:09:47,126][cascade_classifier.transform] [layer=2] look_indexs=[0], X_cur_test.shape=(27705, 11)
[ 2018-11-30 13:09:51,227][cascade_classifier.fit_transform] X_groups_train.shape=[(218872, 9)],y_train.shape=(218872,),X_groups_test.shape=no_test,y_test.shape=no_test
[ 2018-11-30 13:09:51,243][cascade_classifier.fit_transform] group_dims=[9]
[ 2018-11-30 13:09:51,244][cascade_classifier.fit_transform] group_starts=[0]
[ 2018-11-30 13:09:51,245][cascade_classifier.fit_transform] group_ends=[9]
[ 2018-11-30 13:09:51,247][cascade_classifier.fit_transform] X_train.shape=(218872, 9),X_test.shape=(0, 9)
[ 2018-11-30 13:09:51,271][cascade_classifier.fit_transform] [layer=0] look_indexs=[0], X_cur_train.shape=(218872, 9), X_cur_test.shape=(0, 9)
[ 2018-11-30 13:11:13,803][kfold_wrapper.log_eval_metrics] Accuracy(layer_0 - estimator_0 - 5_folds.train_0.predict)=99.99%
[ 2018-11-30 13:12:36,397][kfold_wrapper.log_eval_metrics] Accuracy(layer_0 - estimator_0 - 5_folds.train_1.predict)=100.00%
[ 2018-11-30 13:13:56,236][kfold_wrapper.log_eval_metrics] Accuracy(layer_0 - estimator_0 - 5_folds.train_2.predict)=99.99%
[ 2018-11-30 13:15:11,843][kfold_wrapper.log_eval_metrics] Accuracy(layer_0 - estimator_0 - 5_folds.train_3.predict)=99.99%
[ 2018-11-30 13:16:24,029][kfold_wrapper.log_eval_metrics] Accuracy(layer_0 - estimator_0 - 5_folds.train_4.predict)=99.98%
[ 2018-11-30 13:16:24,033][kfold_wrapper.log_eval_metrics] Accuracy(layer_0 - estimator_0 - 5_folds.train_cv.predict)=99.99%
[ 2018-11-30 13:16:24,067][cascade_classifier.calc_accuracy] Accuracy(layer_0 - train.classifier_average)=99.99%
[ 2018-11-30 13:16:24,098][cascade_classifier.fit_transform] [layer=1] look_indexs=[0], X_cur_train.shape=(218872, 11), X_cur_test.shape=(0, 11)
[ 2018-11-30 13:17:24,578][kfold_wrapper.log_eval_metrics] Accuracy(layer_1 - estimator_0 - 5_folds.train_0.predict)=99.99%
[ 2018-11-30 13:18:20,155][kfold_wrapper.log_eval_metrics] Accuracy(layer_1 - estimator_0 - 5_folds.train_1.predict)=100.00%
[ 2018-11-30 13:19:21,524][kfold_wrapper.log_eval_metrics] Accuracy(layer_1 - estimator_0 - 5_folds.train_2.predict)=99.99%
[ 2018-11-30 13:20:16,600][kfold_wrapper.log_eval_metrics] Accuracy(layer_1 - estimator_0 - 5_folds.train_3.predict)=99.98%
[ 2018-11-30 13:21:14,481][kfold_wrapper.log_eval_metrics] Accuracy(layer_1 - estimator_0 - 5_folds.train_4.predict)=99.98%
[ 2018-11-30 13:21:14,487][kfold_wrapper.log_eval_metrics] Accuracy(layer_1 - estimator_0 - 5_folds.train_cv.predict)=99.99%
[ 2018-11-30 13:21:14,527][cascade_classifier.calc_accuracy] Accuracy(layer_1 - train.classifier_average)=99.99%
[ 2018-11-30 13:21:14,534][cascade_classifier.fit_transform] [layer=2] look_indexs=[0], X_cur_train.shape=(218872, 11), X_cur_test.shape=(0, 11)
[ 2018-11-30 13:22:19,970][kfold_wrapper.log_eval_metrics] Accuracy(layer_2 - estimator_0 - 5_folds.train_0.predict)=99.99%
[ 2018-11-30 13:23:23,414][kfold_wrapper.log_eval_metrics] Accuracy(layer_2 - estimator_0 - 5_folds.train_1.predict)=99.98%
