[ 2018-11-30 16:32:21,881][cascade_classifier.fit_transform] X_groups_train.shape=[(92809, 9)],y_train.shape=(92809,),X_groups_test.shape=[(139566, 9)],y_test.shape=(139566, 1)
[ 2018-11-30 16:32:21,889][cascade_classifier.fit_transform] group_dims=[9]
[ 2018-11-30 16:32:21,890][cascade_classifier.fit_transform] group_starts=[0]
[ 2018-11-30 16:32:21,892][cascade_classifier.fit_transform] group_ends=[9]
[ 2018-11-30 16:32:21,894][cascade_classifier.fit_transform] X_train.shape=(92809, 9),X_test.shape=(139566, 9)
[ 2018-11-30 16:32:21,908][cascade_classifier.fit_transform] [layer=0] look_indexs=[0], X_cur_train.shape=(92809, 9), X_cur_test.shape=(139566, 9)
[ 2018-11-30 16:32:46,710][kfold_wrapper.log_eval_metrics] F1 (layer_0 - estimator_0 - 5_folds.train_0.predict)=98.03%
[ 2018-11-30 16:33:16,201][kfold_wrapper.log_eval_metrics] F1 (layer_0 - estimator_0 - 5_folds.train_1.predict)=98.25%
[ 2018-11-30 16:33:45,092][kfold_wrapper.log_eval_metrics] F1 (layer_0 - estimator_0 - 5_folds.train_2.predict)=98.03%
[ 2018-11-30 16:34:13,476][kfold_wrapper.log_eval_metrics] F1 (layer_0 - estimator_0 - 5_folds.train_3.predict)=98.25%
[ 2018-11-30 16:34:41,243][kfold_wrapper.log_eval_metrics] F1 (layer_0 - estimator_0 - 5_folds.train_4.predict)=98.01%
[ 2018-11-30 16:34:44,686][kfold_wrapper.log_eval_metrics] F1 (layer_0 - estimator_0 - 5_folds.train_cv.predict)=98.11%
[ 2018-11-30 16:34:44,716][kfold_wrapper.log_eval_metrics] F1 (layer_0 - estimator_0 - 5_folds.test.predict)=95.57%
[ 2018-11-30 16:34:44,745][cascade_classifier.calc_f1] F1 (layer_0 - train.classifier_average)=98.11%
[ 2018-11-30 16:34:44,779][cascade_classifier.calc_f1] F1 (layer_0 - test.classifier_average)=95.57%
[ 2018-11-30 16:34:44,792][cascade_classifier.fit_transform] [layer=1] look_indexs=[0], X_cur_train.shape=(92809, 11), X_cur_test.shape=(139566, 11)
[ 2018-11-30 16:35:10,790][kfold_wrapper.log_eval_metrics] F1 (layer_1 - estimator_0 - 5_folds.train_0.predict)=98.05%
[ 2018-11-30 16:35:37,677][kfold_wrapper.log_eval_metrics] F1 (layer_1 - estimator_0 - 5_folds.train_1.predict)=97.13%
[ 2018-11-30 16:36:05,753][kfold_wrapper.log_eval_metrics] F1 (layer_1 - estimator_0 - 5_folds.train_2.predict)=98.91%
[ 2018-11-30 16:36:34,032][kfold_wrapper.log_eval_metrics] F1 (layer_1 - estimator_0 - 5_folds.train_3.predict)=98.49%
[ 2018-11-30 16:37:01,967][kfold_wrapper.log_eval_metrics] F1 (layer_1 - estimator_0 - 5_folds.train_4.predict)=97.14%
[ 2018-11-30 16:37:04,942][kfold_wrapper.log_eval_metrics] F1 (layer_1 - estimator_0 - 5_folds.train_cv.predict)=97.95%
[ 2018-11-30 16:37:04,973][kfold_wrapper.log_eval_metrics] F1 (layer_1 - estimator_0 - 5_folds.test.predict)=91.92%
[ 2018-11-30 16:37:04,997][cascade_classifier.calc_f1] F1 (layer_1 - train.classifier_average)=97.95%
[ 2018-11-30 16:37:05,031][cascade_classifier.calc_f1] F1 (layer_1 - test.classifier_average)=91.92%
[ 2018-11-30 16:37:05,046][cascade_classifier.fit_transform] [layer=2] look_indexs=[0], X_cur_train.shape=(92809, 11), X_cur_test.shape=(139566, 11)
[ 2018-11-30 16:37:30,530][kfold_wrapper.log_eval_metrics] F1 (layer_2 - estimator_0 - 5_folds.train_0.predict)=98.70%
[ 2018-11-30 16:37:59,676][kfold_wrapper.log_eval_metrics] F1 (layer_2 - estimator_0 - 5_folds.train_1.predict)=96.90%
[ 2018-11-30 16:38:28,962][kfold_wrapper.log_eval_metrics] F1 (layer_2 - estimator_0 - 5_folds.train_2.predict)=98.26%
[ 2018-11-30 16:38:58,081][kfold_wrapper.log_eval_metrics] F1 (layer_2 - estimator_0 - 5_folds.train_3.predict)=97.80%
[ 2018-11-30 16:39:27,661][kfold_wrapper.log_eval_metrics] F1 (layer_2 - estimator_0 - 5_folds.train_4.predict)=98.27%
[ 2018-11-30 16:39:30,764][kfold_wrapper.log_eval_metrics] F1 (layer_2 - estimator_0 - 5_folds.train_cv.predict)=97.99%
[ 2018-11-30 16:39:30,797][kfold_wrapper.log_eval_metrics] F1 (layer_2 - estimator_0 - 5_folds.test.predict)=85.87%
[ 2018-11-30 16:39:30,821][cascade_classifier.calc_f1] F1 (layer_2 - train.classifier_average)=97.99%
[ 2018-11-30 16:39:30,854][cascade_classifier.calc_f1] F1 (layer_2 - test.classifier_average)=85.87%
[ 2018-11-30 16:39:30,866][cascade_classifier.fit_transform] [layer=3] look_indexs=[0], X_cur_train.shape=(92809, 11), X_cur_test.shape=(139566, 11)
[ 2018-11-30 16:39:56,917][kfold_wrapper.log_eval_metrics] F1 (layer_3 - estimator_0 - 5_folds.train_0.predict)=97.82%
[ 2018-11-30 16:40:26,345][kfold_wrapper.log_eval_metrics] F1 (layer_3 - estimator_0 - 5_folds.train_1.predict)=98.92%
[ 2018-11-30 16:40:55,220][kfold_wrapper.log_eval_metrics] F1 (layer_3 - estimator_0 - 5_folds.train_2.predict)=97.13%
[ 2018-11-30 16:41:24,067][kfold_wrapper.log_eval_metrics] F1 (layer_3 - estimator_0 - 5_folds.train_3.predict)=97.40%
[ 2018-11-30 16:41:53,086][kfold_wrapper.log_eval_metrics] F1 (layer_3 - estimator_0 - 5_folds.train_4.predict)=97.61%
[ 2018-11-30 16:41:56,320][kfold_wrapper.log_eval_metrics] F1 (layer_3 - estimator_0 - 5_folds.train_cv.predict)=97.78%
[ 2018-11-30 16:41:56,354][kfold_wrapper.log_eval_metrics] F1 (layer_3 - estimator_0 - 5_folds.test.predict)=86.14%
[ 2018-11-30 16:41:56,378][cascade_classifier.calc_f1] F1 (layer_3 - train.classifier_average)=97.78%
[ 2018-11-30 16:41:56,412][cascade_classifier.calc_f1] F1 (layer_3 - test.classifier_average)=86.14%
[ 2018-11-30 16:41:56,414][cascade_classifier.fit_transform] [Result][Optimal Level Detected] opt_layer_num=1, f1_train=98.11%, f1_test=95.57%
