[ 2018-11-30 15:51:12,574][cascade_classifier.fit_transform] X_groups_train.shape=[(92809, 9)],y_train.shape=(92809,),X_groups_test.shape=no_test,y_test.shape=no_test
[ 2018-11-30 15:51:12,578][cascade_classifier.fit_transform] group_dims=[9]
[ 2018-11-30 15:51:12,581][cascade_classifier.fit_transform] group_starts=[0]
[ 2018-11-30 15:51:12,583][cascade_classifier.fit_transform] group_ends=[9]
[ 2018-11-30 15:51:12,585][cascade_classifier.fit_transform] X_train.shape=(92809, 9),X_test.shape=(0, 9)
[ 2018-11-30 15:51:12,591][cascade_classifier.fit_transform] [layer=0] look_indexs=[0], X_cur_train.shape=(92809, 9), X_cur_test.shape=(0, 9)
[ 2018-11-30 15:51:13,040][kfold_wrapper.log_eval_metrics] Accuracy(layer_0 - estimator_0 - 5_folds.train_0.predict)=98.96%
[ 2018-11-30 15:51:13,370][kfold_wrapper.log_eval_metrics] Accuracy(layer_0 - estimator_0 - 5_folds.train_1.predict)=99.13%
[ 2018-11-30 15:51:13,831][kfold_wrapper.log_eval_metrics] Accuracy(layer_0 - estimator_0 - 5_folds.train_2.predict)=99.02%
[ 2018-11-30 15:51:14,176][kfold_wrapper.log_eval_metrics] Accuracy(layer_0 - estimator_0 - 5_folds.train_3.predict)=99.07%
[ 2018-11-30 15:51:14,494][kfold_wrapper.log_eval_metrics] Accuracy(layer_0 - estimator_0 - 5_folds.train_4.predict)=99.08%
[ 2018-11-30 15:51:14,496][kfold_wrapper.log_eval_metrics] Accuracy(layer_0 - estimator_0 - 5_folds.train_cv.predict)=99.05%
[ 2018-11-30 15:51:14,500][cascade_classifier.calc_accuracy] Accuracy(layer_0 - train.classifier_average)=99.05%
[ 2018-11-30 15:51:14,504][cascade_classifier.fit_transform] [layer=1] look_indexs=[0], X_cur_train.shape=(92809, 11), X_cur_test.shape=(0, 11)
[ 2018-11-30 15:51:14,937][kfold_wrapper.log_eval_metrics] Accuracy(layer_1 - estimator_0 - 5_folds.train_0.predict)=99.22%
[ 2018-11-30 15:51:15,293][kfold_wrapper.log_eval_metrics] Accuracy(layer_1 - estimator_0 - 5_folds.train_1.predict)=99.15%
[ 2018-11-30 15:51:15,679][kfold_wrapper.log_eval_metrics] Accuracy(layer_1 - estimator_0 - 5_folds.train_2.predict)=99.25%
[ 2018-11-30 15:51:16,034][kfold_wrapper.log_eval_metrics] Accuracy(layer_1 - estimator_0 - 5_folds.train_3.predict)=99.18%
[ 2018-11-30 15:51:16,360][kfold_wrapper.log_eval_metrics] Accuracy(layer_1 - estimator_0 - 5_folds.train_4.predict)=99.20%
[ 2018-11-30 15:51:16,363][kfold_wrapper.log_eval_metrics] Accuracy(layer_1 - estimator_0 - 5_folds.train_cv.predict)=99.20%
[ 2018-11-30 15:51:16,366][cascade_classifier.calc_accuracy] Accuracy(layer_1 - train.classifier_average)=99.20%
[ 2018-11-30 15:51:16,370][cascade_classifier.fit_transform] [layer=2] look_indexs=[0], X_cur_train.shape=(92809, 11), X_cur_test.shape=(0, 11)
[ 2018-11-30 15:51:16,759][kfold_wrapper.log_eval_metrics] Accuracy(layer_2 - estimator_0 - 5_folds.train_0.predict)=99.16%
[ 2018-11-30 15:51:17,070][kfold_wrapper.log_eval_metrics] Accuracy(layer_2 - estimator_0 - 5_folds.train_1.predict)=99.22%
[ 2018-11-30 15:51:17,456][kfold_wrapper.log_eval_metrics] Accuracy(layer_2 - estimator_0 - 5_folds.train_2.predict)=99.13%
[ 2018-11-30 15:51:17,830][kfold_wrapper.log_eval_metrics] Accuracy(layer_2 - estimator_0 - 5_folds.train_3.predict)=99.23%
[ 2018-11-30 15:51:18,153][kfold_wrapper.log_eval_metrics] Accuracy(layer_2 - estimator_0 - 5_folds.train_4.predict)=99.28%
[ 2018-11-30 15:51:18,155][kfold_wrapper.log_eval_metrics] Accuracy(layer_2 - estimator_0 - 5_folds.train_cv.predict)=99.20%
[ 2018-11-30 15:51:18,159][cascade_classifier.calc_accuracy] Accuracy(layer_2 - train.classifier_average)=99.20%
[ 2018-11-30 15:51:18,163][cascade_classifier.fit_transform] [layer=3] look_indexs=[0], X_cur_train.shape=(92809, 11), X_cur_test.shape=(0, 11)
[ 2018-11-30 15:51:18,655][kfold_wrapper.log_eval_metrics] Accuracy(layer_3 - estimator_0 - 5_folds.train_0.predict)=99.15%
[ 2018-11-30 15:51:19,164][kfold_wrapper.log_eval_metrics] Accuracy(layer_3 - estimator_0 - 5_folds.train_1.predict)=99.25%
[ 2018-11-30 15:51:19,541][kfold_wrapper.log_eval_metrics] Accuracy(layer_3 - estimator_0 - 5_folds.train_2.predict)=99.16%
[ 2018-11-30 15:51:19,920][kfold_wrapper.log_eval_metrics] Accuracy(layer_3 - estimator_0 - 5_folds.train_3.predict)=99.23%
[ 2018-11-30 15:51:20,342][kfold_wrapper.log_eval_metrics] Accuracy(layer_3 - estimator_0 - 5_folds.train_4.predict)=99.23%
[ 2018-11-30 15:51:20,345][kfold_wrapper.log_eval_metrics] Accuracy(layer_3 - estimator_0 - 5_folds.train_cv.predict)=99.21%
[ 2018-11-30 15:51:20,349][cascade_classifier.calc_accuracy] Accuracy(layer_3 - train.classifier_average)=99.21%
[ 2018-11-30 15:51:20,353][cascade_classifier.fit_transform] [layer=4] look_indexs=[0], X_cur_train.shape=(92809, 11), X_cur_test.shape=(0, 11)
[ 2018-11-30 15:51:20,729][kfold_wrapper.log_eval_metrics] Accuracy(layer_4 - estimator_0 - 5_folds.train_0.predict)=99.28%
[ 2018-11-30 15:51:21,189][kfold_wrapper.log_eval_metrics] Accuracy(layer_4 - estimator_0 - 5_folds.train_1.predict)=99.23%
[ 2018-11-30 15:51:21,753][kfold_wrapper.log_eval_metrics] Accuracy(layer_4 - estimator_0 - 5_folds.train_2.predict)=99.23%
[ 2018-11-30 15:51:22,221][kfold_wrapper.log_eval_metrics] Accuracy(layer_4 - estimator_0 - 5_folds.train_3.predict)=99.15%
[ 2018-11-30 15:51:22,661][kfold_wrapper.log_eval_metrics] Accuracy(layer_4 - estimator_0 - 5_folds.train_4.predict)=99.13%
[ 2018-11-30 15:51:22,665][kfold_wrapper.log_eval_metrics] Accuracy(layer_4 - estimator_0 - 5_folds.train_cv.predict)=99.20%
[ 2018-11-30 15:51:22,671][cascade_classifier.calc_accuracy] Accuracy(layer_4 - train.classifier_average)=99.20%
[ 2018-11-30 15:51:22,678][cascade_classifier.fit_transform] [layer=5] look_indexs=[0], X_cur_train.shape=(92809, 11), X_cur_test.shape=(0, 11)
[ 2018-11-30 15:51:23,142][kfold_wrapper.log_eval_metrics] Accuracy(layer_5 - estimator_0 - 5_folds.train_0.predict)=99.25%
[ 2018-11-30 15:51:23,611][kfold_wrapper.log_eval_metrics] Accuracy(layer_5 - estimator_0 - 5_folds.train_1.predict)=99.21%
[ 2018-11-30 15:51:23,917][kfold_wrapper.log_eval_metrics] Accuracy(layer_5 - estimator_0 - 5_folds.train_2.predict)=99.21%
[ 2018-11-30 15:51:24,356][kfold_wrapper.log_eval_metrics] Accuracy(layer_5 - estimator_0 - 5_folds.train_3.predict)=99.21%
[ 2018-11-30 15:51:24,717][kfold_wrapper.log_eval_metrics] Accuracy(layer_5 - estimator_0 - 5_folds.train_4.predict)=99.16%
[ 2018-11-30 15:51:24,719][kfold_wrapper.log_eval_metrics] Accuracy(layer_5 - estimator_0 - 5_folds.train_cv.predict)=99.21%
[ 2018-11-30 15:51:24,723][cascade_classifier.calc_accuracy] Accuracy(layer_5 - train.classifier_average)=99.21%
[ 2018-11-30 15:51:24,727][cascade_classifier.fit_transform] [layer=6] look_indexs=[0], X_cur_train.shape=(92809, 11), X_cur_test.shape=(0, 11)
[ 2018-11-30 15:51:25,086][kfold_wrapper.log_eval_metrics] Accuracy(layer_6 - estimator_0 - 5_folds.train_0.predict)=99.24%
[ 2018-11-30 15:51:25,421][kfold_wrapper.log_eval_metrics] Accuracy(layer_6 - estimator_0 - 5_folds.train_1.predict)=99.18%
[ 2018-11-30 15:51:25,716][kfold_wrapper.log_eval_metrics] Accuracy(layer_6 - estimator_0 - 5_folds.train_2.predict)=99.20%
[ 2018-11-30 15:51:26,133][kfold_wrapper.log_eval_metrics] Accuracy(layer_6 - estimator_0 - 5_folds.train_3.predict)=99.22%
[ 2018-11-30 15:51:26,443][kfold_wrapper.log_eval_metrics] Accuracy(layer_6 - estimator_0 - 5_folds.train_4.predict)=99.20%
[ 2018-11-30 15:51:26,446][kfold_wrapper.log_eval_metrics] Accuracy(layer_6 - estimator_0 - 5_folds.train_cv.predict)=99.21%
[ 2018-11-30 15:51:26,449][cascade_classifier.calc_accuracy] Accuracy(layer_6 - train.classifier_average)=99.21%
[ 2018-11-30 15:51:26,453][cascade_classifier.fit_transform] [layer=7] look_indexs=[0], X_cur_train.shape=(92809, 11), X_cur_test.shape=(0, 11)
[ 2018-11-30 15:51:26,794][kfold_wrapper.log_eval_metrics] Accuracy(layer_7 - estimator_0 - 5_folds.train_0.predict)=99.19%
[ 2018-11-30 15:51:27,387][kfold_wrapper.log_eval_metrics] Accuracy(layer_7 - estimator_0 - 5_folds.train_1.predict)=99.21%
[ 2018-11-30 15:51:27,947][kfold_wrapper.log_eval_metrics] Accuracy(layer_7 - estimator_0 - 5_folds.train_2.predict)=99.25%
[ 2018-11-30 15:51:28,313][kfold_wrapper.log_eval_metrics] Accuracy(layer_7 - estimator_0 - 5_folds.train_3.predict)=99.21%
[ 2018-11-30 15:51:28,635][kfold_wrapper.log_eval_metrics] Accuracy(layer_7 - estimator_0 - 5_folds.train_4.predict)=99.18%
[ 2018-11-30 15:51:28,637][kfold_wrapper.log_eval_metrics] Accuracy(layer_7 - estimator_0 - 5_folds.train_cv.predict)=99.21%
[ 2018-11-30 15:51:28,642][cascade_classifier.calc_accuracy] Accuracy(layer_7 - train.classifier_average)=99.21%
[ 2018-11-30 15:51:28,646][cascade_classifier.fit_transform] [layer=8] look_indexs=[0], X_cur_train.shape=(92809, 11), X_cur_test.shape=(0, 11)
[ 2018-11-30 15:51:29,126][kfold_wrapper.log_eval_metrics] Accuracy(layer_8 - estimator_0 - 5_folds.train_0.predict)=99.21%
[ 2018-11-30 15:51:29,493][kfold_wrapper.log_eval_metrics] Accuracy(layer_8 - estimator_0 - 5_folds.train_1.predict)=99.26%
[ 2018-11-30 15:51:29,874][kfold_wrapper.log_eval_metrics] Accuracy(layer_8 - estimator_0 - 5_folds.train_2.predict)=99.16%
[ 2018-11-30 15:51:30,262][kfold_wrapper.log_eval_metrics] Accuracy(layer_8 - estimator_0 - 5_folds.train_3.predict)=99.24%
[ 2018-11-30 15:51:30,617][kfold_wrapper.log_eval_metrics] Accuracy(layer_8 - estimator_0 - 5_folds.train_4.predict)=99.16%
[ 2018-11-30 15:51:30,619][kfold_wrapper.log_eval_metrics] Accuracy(layer_8 - estimator_0 - 5_folds.train_cv.predict)=99.21%
[ 2018-11-30 15:51:30,623][cascade_classifier.calc_accuracy] Accuracy(layer_8 - train.classifier_average)=99.21%
[ 2018-11-30 15:51:30,624][cascade_classifier.fit_transform] [Result][Optimal Level Detected] opt_layer_num=6, accuracy_train=99.21%, accuracy_test=0.00%
[ 2018-11-30 15:51:30,627][cascade_classifier.transform] X_groups_test.shape=[(45712, 9)]
[ 2018-11-30 15:51:30,629][cascade_classifier.transform] group_dims=[9]
[ 2018-11-30 15:51:30,631][cascade_classifier.transform] X_test.shape=(45712, 9)
[ 2018-11-30 15:51:30,634][cascade_classifier.transform] [layer=0] look_indexs=[0], X_cur_test.shape=(45712, 9)
[ 2018-11-30 15:51:30,649][cascade_classifier.transform] [layer=1] look_indexs=[0], X_cur_test.shape=(45712, 11)
[ 2018-11-30 15:51:30,657][cascade_classifier.transform] [layer=2] look_indexs=[0], X_cur_test.shape=(45712, 11)
[ 2018-11-30 15:51:30,664][cascade_classifier.transform] [layer=3] look_indexs=[0], X_cur_test.shape=(45712, 11)
[ 2018-11-30 15:51:30,675][cascade_classifier.transform] [layer=4] look_indexs=[0], X_cur_test.shape=(45712, 11)
[ 2018-11-30 15:51:30,689][cascade_classifier.transform] [layer=5] look_indexs=[0], X_cur_test.shape=(45712, 11)
[ 2018-11-30 15:53:00,073][cascade_classifier.fit_transform] X_groups_train.shape=[(92809, 9)],y_train.shape=(92809,),X_groups_test.shape=no_test,y_test.shape=no_test
[ 2018-11-30 15:53:00,075][cascade_classifier.fit_transform] group_dims=[9]
[ 2018-11-30 15:53:00,078][cascade_classifier.fit_transform] group_starts=[0]
[ 2018-11-30 15:53:00,085][cascade_classifier.fit_transform] group_ends=[9]
[ 2018-11-30 15:53:00,087][cascade_classifier.fit_transform] X_train.shape=(92809, 9),X_test.shape=(0, 9)
[ 2018-11-30 15:53:00,092][cascade_classifier.fit_transform] [layer=0] look_indexs=[0], X_cur_train.shape=(92809, 9), X_cur_test.shape=(0, 9)
[ 2018-11-30 15:53:00,515][kfold_wrapper.log_eval_metrics] Accuracy(layer_0 - estimator_0 - 5_folds.train_0.predict)=98.96%
[ 2018-11-30 15:53:00,805][kfold_wrapper.log_eval_metrics] Accuracy(layer_0 - estimator_0 - 5_folds.train_1.predict)=98.99%
[ 2018-11-30 15:53:01,250][kfold_wrapper.log_eval_metrics] Accuracy(layer_0 - estimator_0 - 5_folds.train_2.predict)=99.02%
[ 2018-11-30 15:53:01,588][kfold_wrapper.log_eval_metrics] Accuracy(layer_0 - estimator_0 - 5_folds.train_3.predict)=99.07%
[ 2018-11-30 15:53:01,904][kfold_wrapper.log_eval_metrics] Accuracy(layer_0 - estimator_0 - 5_folds.train_4.predict)=99.08%
[ 2018-11-30 15:53:01,907][kfold_wrapper.log_eval_metrics] Accuracy(layer_0 - estimator_0 - 5_folds.train_cv.predict)=99.03%
[ 2018-11-30 15:53:01,909][cascade_classifier.calc_accuracy] Accuracy(layer_0 - train.classifier_average)=99.03%
[ 2018-11-30 15:53:01,914][cascade_classifier.fit_transform] [layer=1] look_indexs=[0], X_cur_train.shape=(92809, 11), X_cur_test.shape=(0, 11)
[ 2018-11-30 15:53:02,337][kfold_wrapper.log_eval_metrics] Accuracy(layer_1 - estimator_0 - 5_folds.train_0.predict)=99.24%
[ 2018-11-30 15:53:02,897][kfold_wrapper.log_eval_metrics] Accuracy(layer_1 - estimator_0 - 5_folds.train_1.predict)=99.21%
[ 2018-11-30 15:53:03,221][kfold_wrapper.log_eval_metrics] Accuracy(layer_1 - estimator_0 - 5_folds.train_2.predict)=99.19%
[ 2018-11-30 15:53:03,583][kfold_wrapper.log_eval_metrics] Accuracy(layer_1 - estimator_0 - 5_folds.train_3.predict)=99.23%
[ 2018-11-30 15:53:04,057][kfold_wrapper.log_eval_metrics] Accuracy(layer_1 - estimator_0 - 5_folds.train_4.predict)=99.18%
[ 2018-11-30 15:53:04,059][kfold_wrapper.log_eval_metrics] Accuracy(layer_1 - estimator_0 - 5_folds.train_cv.predict)=99.21%
[ 2018-11-30 15:53:04,064][cascade_classifier.calc_accuracy] Accuracy(layer_1 - train.classifier_average)=99.21%
[ 2018-11-30 15:53:04,082][cascade_classifier.fit_transform] [layer=2] look_indexs=[0], X_cur_train.shape=(92809, 11), X_cur_test.shape=(0, 11)
[ 2018-11-30 15:53:04,617][kfold_wrapper.log_eval_metrics] Accuracy(layer_2 - estimator_0 - 5_folds.train_0.predict)=99.19%
[ 2018-11-30 15:53:05,200][kfold_wrapper.log_eval_metrics] Accuracy(layer_2 - estimator_0 - 5_folds.train_1.predict)=99.23%
[ 2018-11-30 15:53:05,719][kfold_wrapper.log_eval_metrics] Accuracy(layer_2 - estimator_0 - 5_folds.train_2.predict)=99.15%
[ 2018-11-30 15:53:06,053][kfold_wrapper.log_eval_metrics] Accuracy(layer_2 - estimator_0 - 5_folds.train_3.predict)=99.22%
[ 2018-11-30 15:53:06,424][kfold_wrapper.log_eval_metrics] Accuracy(layer_2 - estimator_0 - 5_folds.train_4.predict)=99.29%
[ 2018-11-30 15:53:06,427][kfold_wrapper.log_eval_metrics] Accuracy(layer_2 - estimator_0 - 5_folds.train_cv.predict)=99.21%
[ 2018-11-30 15:53:06,430][cascade_classifier.calc_accuracy] Accuracy(layer_2 - train.classifier_average)=99.21%
[ 2018-11-30 15:53:06,433][cascade_classifier.fit_transform] [layer=3] look_indexs=[0], X_cur_train.shape=(92809, 11), X_cur_test.shape=(0, 11)
[ 2018-11-30 15:53:07,100][kfold_wrapper.log_eval_metrics] Accuracy(layer_3 - estimator_0 - 5_folds.train_0.predict)=99.15%
[ 2018-11-30 15:53:07,555][kfold_wrapper.log_eval_metrics] Accuracy(layer_3 - estimator_0 - 5_folds.train_1.predict)=99.28%
[ 2018-11-30 15:53:07,908][kfold_wrapper.log_eval_metrics] Accuracy(layer_3 - estimator_0 - 5_folds.train_2.predict)=99.17%
[ 2018-11-30 15:53:08,337][kfold_wrapper.log_eval_metrics] Accuracy(layer_3 - estimator_0 - 5_folds.train_3.predict)=99.24%
[ 2018-11-30 15:53:08,759][kfold_wrapper.log_eval_metrics] Accuracy(layer_3 - estimator_0 - 5_folds.train_4.predict)=99.25%
[ 2018-11-30 15:53:08,761][kfold_wrapper.log_eval_metrics] Accuracy(layer_3 - estimator_0 - 5_folds.train_cv.predict)=99.22%
[ 2018-11-30 15:53:08,764][cascade_classifier.calc_accuracy] Accuracy(layer_3 - train.classifier_average)=99.22%
[ 2018-11-30 15:53:08,768][cascade_classifier.fit_transform] [layer=4] look_indexs=[0], X_cur_train.shape=(92809, 11), X_cur_test.shape=(0, 11)
[ 2018-11-30 15:53:09,144][kfold_wrapper.log_eval_metrics] Accuracy(layer_4 - estimator_0 - 5_folds.train_0.predict)=99.27%
[ 2018-11-30 15:53:09,516][kfold_wrapper.log_eval_metrics] Accuracy(layer_4 - estimator_0 - 5_folds.train_1.predict)=99.27%
