[ 2018-11-30 15:56:29,545][cascade_classifier.fit_transform] X_groups_train.shape=[(92809, 9)],y_train.shape=(92809,),X_groups_test.shape=no_test,y_test.shape=no_test
[ 2018-11-30 15:56:29,552][cascade_classifier.fit_transform] group_dims=[9]
[ 2018-11-30 15:56:29,554][cascade_classifier.fit_transform] group_starts=[0]
[ 2018-11-30 15:56:29,556][cascade_classifier.fit_transform] group_ends=[9]
[ 2018-11-30 15:56:29,558][cascade_classifier.fit_transform] X_train.shape=(92809, 9),X_test.shape=(0, 9)
[ 2018-11-30 15:56:29,562][cascade_classifier.fit_transform] [layer=0] look_indexs=[0], X_cur_train.shape=(92809, 9), X_cur_test.shape=(0, 9)
[ 2018-11-30 15:56:30,000][kfold_wrapper.log_eval_metrics] Accuracy(layer_0 - estimator_0 - 5_folds.train_0.predict)=37.19%
[ 2018-11-30 15:56:30,425][kfold_wrapper.log_eval_metrics] Accuracy(layer_0 - estimator_0 - 5_folds.train_1.predict)=37.32%
[ 2018-11-30 15:56:30,770][kfold_wrapper.log_eval_metrics] Accuracy(layer_0 - estimator_0 - 5_folds.train_2.predict)=40.69%
[ 2018-11-30 15:56:31,163][kfold_wrapper.log_eval_metrics] Accuracy(layer_0 - estimator_0 - 5_folds.train_3.predict)=44.44%
[ 2018-11-30 15:56:31,477][kfold_wrapper.log_eval_metrics] Accuracy(layer_0 - estimator_0 - 5_folds.train_4.predict)=44.97%
[ 2018-11-30 15:56:31,499][kfold_wrapper.log_eval_metrics] Accuracy(layer_0 - estimator_0 - 5_folds.train_cv.predict)=40.99%
[ 2018-11-30 15:56:31,502][cascade_classifier.calc_accuracy] Accuracy(layer_0 - train.classifier_average)=99.08%
[ 2018-11-30 15:56:31,514][cascade_classifier.fit_transform] [layer=1] look_indexs=[0], X_cur_train.shape=(92809, 11), X_cur_test.shape=(0, 11)
[ 2018-11-30 15:56:31,913][kfold_wrapper.log_eval_metrics] Accuracy(layer_1 - estimator_0 - 5_folds.train_0.predict)=48.21%
[ 2018-11-30 15:56:32,390][kfold_wrapper.log_eval_metrics] Accuracy(layer_1 - estimator_0 - 5_folds.train_1.predict)=55.17%
[ 2018-11-30 15:56:32,756][kfold_wrapper.log_eval_metrics] Accuracy(layer_1 - estimator_0 - 5_folds.train_2.predict)=57.85%
[ 2018-11-30 15:56:33,120][kfold_wrapper.log_eval_metrics] Accuracy(layer_1 - estimator_0 - 5_folds.train_3.predict)=59.46%
[ 2018-11-30 15:56:33,487][kfold_wrapper.log_eval_metrics] Accuracy(layer_1 - estimator_0 - 5_folds.train_4.predict)=54.04%
[ 2018-11-30 15:56:33,509][kfold_wrapper.log_eval_metrics] Accuracy(layer_1 - estimator_0 - 5_folds.train_cv.predict)=55.04%
[ 2018-11-30 15:56:33,515][cascade_classifier.calc_accuracy] Accuracy(layer_1 - train.classifier_average)=99.22%
[ 2018-11-30 15:56:33,523][cascade_classifier.fit_transform] [layer=2] look_indexs=[0], X_cur_train.shape=(92809, 11), X_cur_test.shape=(0, 11)
[ 2018-11-30 15:56:33,909][kfold_wrapper.log_eval_metrics] Accuracy(layer_2 - estimator_0 - 5_folds.train_0.predict)=53.46%
[ 2018-11-30 15:56:34,478][kfold_wrapper.log_eval_metrics] Accuracy(layer_2 - estimator_0 - 5_folds.train_1.predict)=51.41%
[ 2018-11-30 15:56:34,855][kfold_wrapper.log_eval_metrics] Accuracy(layer_2 - estimator_0 - 5_folds.train_2.predict)=56.36%
[ 2018-11-30 15:56:35,216][kfold_wrapper.log_eval_metrics] Accuracy(layer_2 - estimator_0 - 5_folds.train_3.predict)=57.41%
[ 2018-11-30 15:56:35,523][kfold_wrapper.log_eval_metrics] Accuracy(layer_2 - estimator_0 - 5_folds.train_4.predict)=56.35%
[ 2018-11-30 15:56:35,544][kfold_wrapper.log_eval_metrics] Accuracy(layer_2 - estimator_0 - 5_folds.train_cv.predict)=55.02%
[ 2018-11-30 15:56:35,548][cascade_classifier.calc_accuracy] Accuracy(layer_2 - train.classifier_average)=99.22%
[ 2018-11-30 15:56:35,552][cascade_classifier.fit_transform] [layer=3] look_indexs=[0], X_cur_train.shape=(92809, 11), X_cur_test.shape=(0, 11)
[ 2018-11-30 15:56:36,020][kfold_wrapper.log_eval_metrics] Accuracy(layer_3 - estimator_0 - 5_folds.train_0.predict)=51.59%
[ 2018-11-30 15:56:36,403][kfold_wrapper.log_eval_metrics] Accuracy(layer_3 - estimator_0 - 5_folds.train_1.predict)=54.72%
[ 2018-11-30 15:56:36,835][kfold_wrapper.log_eval_metrics] Accuracy(layer_3 - estimator_0 - 5_folds.train_2.predict)=55.45%
[ 2018-11-30 15:56:37,195][kfold_wrapper.log_eval_metrics] Accuracy(layer_3 - estimator_0 - 5_folds.train_3.predict)=55.73%
[ 2018-11-30 15:56:37,592][kfold_wrapper.log_eval_metrics] Accuracy(layer_3 - estimator_0 - 5_folds.train_4.predict)=56.63%
[ 2018-11-30 15:56:37,618][kfold_wrapper.log_eval_metrics] Accuracy(layer_3 - estimator_0 - 5_folds.train_cv.predict)=54.85%
[ 2018-11-30 15:56:37,623][cascade_classifier.calc_accuracy] Accuracy(layer_3 - train.classifier_average)=99.22%
[ 2018-11-30 15:56:37,645][cascade_classifier.fit_transform] [layer=4] look_indexs=[0], X_cur_train.shape=(92809, 11), X_cur_test.shape=(0, 11)
[ 2018-11-30 15:56:38,036][kfold_wrapper.log_eval_metrics] Accuracy(layer_4 - estimator_0 - 5_folds.train_0.predict)=53.63%
[ 2018-11-30 15:56:38,335][kfold_wrapper.log_eval_metrics] Accuracy(layer_4 - estimator_0 - 5_folds.train_1.predict)=54.94%
[ 2018-11-30 15:56:38,861][kfold_wrapper.log_eval_metrics] Accuracy(layer_4 - estimator_0 - 5_folds.train_2.predict)=56.07%
[ 2018-11-30 15:56:39,189][kfold_wrapper.log_eval_metrics] Accuracy(layer_4 - estimator_0 - 5_folds.train_3.predict)=60.06%
[ 2018-11-30 15:56:39,552][kfold_wrapper.log_eval_metrics] Accuracy(layer_4 - estimator_0 - 5_folds.train_4.predict)=47.06%
[ 2018-11-30 15:56:39,573][kfold_wrapper.log_eval_metrics] Accuracy(layer_4 - estimator_0 - 5_folds.train_cv.predict)=54.47%
[ 2018-11-30 15:56:39,577][cascade_classifier.calc_accuracy] Accuracy(layer_4 - train.classifier_average)=99.21%
[ 2018-11-30 15:56:39,579][cascade_classifier.fit_transform] [Result][Optimal Level Detected] opt_layer_num=2, accuracy_train=99.22%, accuracy_test=0.00%
[ 2018-11-30 15:56:39,584][cascade_classifier.transform] X_groups_test.shape=[(45712, 9)]
[ 2018-11-30 15:56:39,590][cascade_classifier.transform] group_dims=[9]
[ 2018-11-30 15:56:39,591][cascade_classifier.transform] X_test.shape=(45712, 9)
[ 2018-11-30 15:56:39,596][cascade_classifier.transform] [layer=0] look_indexs=[0], X_cur_test.shape=(45712, 9)
[ 2018-11-30 15:56:39,617][cascade_classifier.transform] [layer=1] look_indexs=[0], X_cur_test.shape=(45712, 11)
