[ 2018-11-30 15:53:28,166][cascade_classifier.fit_transform] X_groups_train.shape=[(92809, 9)],y_train.shape=(92809,),X_groups_test.shape=no_test,y_test.shape=no_test
[ 2018-11-30 15:53:28,168][cascade_classifier.fit_transform] group_dims=[9]
[ 2018-11-30 15:53:28,169][cascade_classifier.fit_transform] group_starts=[0]
[ 2018-11-30 15:53:28,171][cascade_classifier.fit_transform] group_ends=[9]
[ 2018-11-30 15:53:28,172][cascade_classifier.fit_transform] X_train.shape=(92809, 9),X_test.shape=(0, 9)
[ 2018-11-30 15:53:28,177][cascade_classifier.fit_transform] [layer=0] look_indexs=[0], X_cur_train.shape=(92809, 9), X_cur_test.shape=(0, 9)
[ 2018-11-30 15:53:28,578][kfold_wrapper.log_eval_metrics] Accuracy(layer_0 - estimator_0 - 5_folds.train_0.predict)=0.00%
[ 2018-11-30 15:53:28,981][kfold_wrapper.log_eval_metrics] Accuracy(layer_0 - estimator_0 - 5_folds.train_1.predict)=0.00%
[ 2018-11-30 15:53:29,300][kfold_wrapper.log_eval_metrics] Accuracy(layer_0 - estimator_0 - 5_folds.train_2.predict)=0.00%
[ 2018-11-30 15:53:29,656][kfold_wrapper.log_eval_metrics] Accuracy(layer_0 - estimator_0 - 5_folds.train_3.predict)=0.00%
[ 2018-11-30 15:53:29,989][kfold_wrapper.log_eval_metrics] Accuracy(layer_0 - estimator_0 - 5_folds.train_4.predict)=0.00%
[ 2018-11-30 15:53:29,990][kfold_wrapper.log_eval_metrics] Accuracy(layer_0 - estimator_0 - 5_folds.train_cv.predict)=0.00%
[ 2018-11-30 15:53:29,994][cascade_classifier.calc_accuracy] Accuracy(layer_0 - train.classifier_average)=99.04%
[ 2018-11-30 15:53:29,998][cascade_classifier.fit_transform] [layer=1] look_indexs=[0], X_cur_train.shape=(92809, 11), X_cur_test.shape=(0, 11)
[ 2018-11-30 15:53:30,386][kfold_wrapper.log_eval_metrics] Accuracy(layer_1 - estimator_0 - 5_folds.train_0.predict)=0.00%
[ 2018-11-30 15:53:30,709][kfold_wrapper.log_eval_metrics] Accuracy(layer_1 - estimator_0 - 5_folds.train_1.predict)=0.00%
[ 2018-11-30 15:53:31,085][kfold_wrapper.log_eval_metrics] Accuracy(layer_1 - estimator_0 - 5_folds.train_2.predict)=0.00%
[ 2018-11-30 15:53:31,432][kfold_wrapper.log_eval_metrics] Accuracy(layer_1 - estimator_0 - 5_folds.train_3.predict)=0.00%
[ 2018-11-30 15:53:31,875][kfold_wrapper.log_eval_metrics] Accuracy(layer_1 - estimator_0 - 5_folds.train_4.predict)=0.00%
[ 2018-11-30 15:53:31,876][kfold_wrapper.log_eval_metrics] Accuracy(layer_1 - estimator_0 - 5_folds.train_cv.predict)=0.00%
[ 2018-11-30 15:53:31,881][cascade_classifier.calc_accuracy] Accuracy(layer_1 - train.classifier_average)=99.18%
[ 2018-11-30 15:53:31,884][cascade_classifier.fit_transform] [layer=2] look_indexs=[0], X_cur_train.shape=(92809, 11), X_cur_test.shape=(0, 11)
[ 2018-11-30 15:53:32,281][kfold_wrapper.log_eval_metrics] Accuracy(layer_2 - estimator_0 - 5_folds.train_0.predict)=0.00%
[ 2018-11-30 15:53:32,609][kfold_wrapper.log_eval_metrics] Accuracy(layer_2 - estimator_0 - 5_folds.train_1.predict)=0.00%
[ 2018-11-30 15:53:32,949][kfold_wrapper.log_eval_metrics] Accuracy(layer_2 - estimator_0 - 5_folds.train_2.predict)=0.00%
[ 2018-11-30 15:53:33,351][kfold_wrapper.log_eval_metrics] Accuracy(layer_2 - estimator_0 - 5_folds.train_3.predict)=0.00%
[ 2018-11-30 15:53:33,779][kfold_wrapper.log_eval_metrics] Accuracy(layer_2 - estimator_0 - 5_folds.train_4.predict)=0.00%
[ 2018-11-30 15:53:33,781][kfold_wrapper.log_eval_metrics] Accuracy(layer_2 - estimator_0 - 5_folds.train_cv.predict)=0.00%
[ 2018-11-30 15:53:33,784][cascade_classifier.calc_accuracy] Accuracy(layer_2 - train.classifier_average)=99.19%
[ 2018-11-30 15:53:33,788][cascade_classifier.fit_transform] [layer=3] look_indexs=[0], X_cur_train.shape=(92809, 11), X_cur_test.shape=(0, 11)
[ 2018-11-30 15:53:34,128][kfold_wrapper.log_eval_metrics] Accuracy(layer_3 - estimator_0 - 5_folds.train_0.predict)=0.00%
[ 2018-11-30 15:53:34,486][kfold_wrapper.log_eval_metrics] Accuracy(layer_3 - estimator_0 - 5_folds.train_1.predict)=0.00%
[ 2018-11-30 15:53:35,059][kfold_wrapper.log_eval_metrics] Accuracy(layer_3 - estimator_0 - 5_folds.train_2.predict)=0.00%
[ 2018-11-30 15:53:35,506][kfold_wrapper.log_eval_metrics] Accuracy(layer_3 - estimator_0 - 5_folds.train_3.predict)=0.00%
[ 2018-11-30 15:53:35,861][kfold_wrapper.log_eval_metrics] Accuracy(layer_3 - estimator_0 - 5_folds.train_4.predict)=0.00%
[ 2018-11-30 15:53:35,863][kfold_wrapper.log_eval_metrics] Accuracy(layer_3 - estimator_0 - 5_folds.train_cv.predict)=0.00%
[ 2018-11-30 15:53:35,867][cascade_classifier.calc_accuracy] Accuracy(layer_3 - train.classifier_average)=99.20%
[ 2018-11-30 15:53:35,870][cascade_classifier.fit_transform] [layer=4] look_indexs=[0], X_cur_train.shape=(92809, 11), X_cur_test.shape=(0, 11)
[ 2018-11-30 15:53:36,252][kfold_wrapper.log_eval_metrics] Accuracy(layer_4 - estimator_0 - 5_folds.train_0.predict)=0.00%
[ 2018-11-30 15:53:36,655][kfold_wrapper.log_eval_metrics] Accuracy(layer_4 - estimator_0 - 5_folds.train_1.predict)=0.00%
[ 2018-11-30 15:53:37,047][kfold_wrapper.log_eval_metrics] Accuracy(layer_4 - estimator_0 - 5_folds.train_2.predict)=0.00%
[ 2018-11-30 15:53:37,442][kfold_wrapper.log_eval_metrics] Accuracy(layer_4 - estimator_0 - 5_folds.train_3.predict)=0.00%
[ 2018-11-30 15:53:37,913][kfold_wrapper.log_eval_metrics] Accuracy(layer_4 - estimator_0 - 5_folds.train_4.predict)=0.00%
[ 2018-11-30 15:53:37,915][kfold_wrapper.log_eval_metrics] Accuracy(layer_4 - estimator_0 - 5_folds.train_cv.predict)=0.00%
[ 2018-11-30 15:53:37,918][cascade_classifier.calc_accuracy] Accuracy(layer_4 - train.classifier_average)=99.20%
[ 2018-11-30 15:53:37,923][cascade_classifier.fit_transform] [layer=5] look_indexs=[0], X_cur_train.shape=(92809, 11), X_cur_test.shape=(0, 11)
[ 2018-11-30 15:53:38,341][kfold_wrapper.log_eval_metrics] Accuracy(layer_5 - estimator_0 - 5_folds.train_0.predict)=0.00%
[ 2018-11-30 15:53:38,866][kfold_wrapper.log_eval_metrics] Accuracy(layer_5 - estimator_0 - 5_folds.train_1.predict)=0.00%
[ 2018-11-30 15:53:39,330][kfold_wrapper.log_eval_metrics] Accuracy(layer_5 - estimator_0 - 5_folds.train_2.predict)=0.00%
[ 2018-11-30 15:53:39,856][kfold_wrapper.log_eval_metrics] Accuracy(layer_5 - estimator_0 - 5_folds.train_3.predict)=0.00%
[ 2018-11-30 15:53:40,203][kfold_wrapper.log_eval_metrics] Accuracy(layer_5 - estimator_0 - 5_folds.train_4.predict)=0.00%
[ 2018-11-30 15:53:40,205][kfold_wrapper.log_eval_metrics] Accuracy(layer_5 - estimator_0 - 5_folds.train_cv.predict)=0.00%
[ 2018-11-30 15:53:40,208][cascade_classifier.calc_accuracy] Accuracy(layer_5 - train.classifier_average)=99.20%
[ 2018-11-30 15:53:40,212][cascade_classifier.fit_transform] [layer=6] look_indexs=[0], X_cur_train.shape=(92809, 11), X_cur_test.shape=(0, 11)
[ 2018-11-30 15:53:40,563][kfold_wrapper.log_eval_metrics] Accuracy(layer_6 - estimator_0 - 5_folds.train_0.predict)=0.00%
[ 2018-11-30 15:53:40,922][kfold_wrapper.log_eval_metrics] Accuracy(layer_6 - estimator_0 - 5_folds.train_1.predict)=0.00%
[ 2018-11-30 15:53:41,258][kfold_wrapper.log_eval_metrics] Accuracy(layer_6 - estimator_0 - 5_folds.train_2.predict)=0.00%
[ 2018-11-30 15:53:41,760][kfold_wrapper.log_eval_metrics] Accuracy(layer_6 - estimator_0 - 5_folds.train_3.predict)=0.00%
[ 2018-11-30 15:53:42,216][kfold_wrapper.log_eval_metrics] Accuracy(layer_6 - estimator_0 - 5_folds.train_4.predict)=0.00%
[ 2018-11-30 15:53:42,218][kfold_wrapper.log_eval_metrics] Accuracy(layer_6 - estimator_0 - 5_folds.train_cv.predict)=0.00%
[ 2018-11-30 15:53:42,221][cascade_classifier.calc_accuracy] Accuracy(layer_6 - train.classifier_average)=99.20%
[ 2018-11-30 15:53:42,225][cascade_classifier.fit_transform] [layer=7] look_indexs=[0], X_cur_train.shape=(92809, 11), X_cur_test.shape=(0, 11)
[ 2018-11-30 15:53:42,746][kfold_wrapper.log_eval_metrics] Accuracy(layer_7 - estimator_0 - 5_folds.train_0.predict)=0.00%
[ 2018-11-30 15:53:43,195][kfold_wrapper.log_eval_metrics] Accuracy(layer_7 - estimator_0 - 5_folds.train_1.predict)=0.00%
[ 2018-11-30 15:53:43,804][kfold_wrapper.log_eval_metrics] Accuracy(layer_7 - estimator_0 - 5_folds.train_2.predict)=0.00%
[ 2018-11-30 15:53:44,202][kfold_wrapper.log_eval_metrics] Accuracy(layer_7 - estimator_0 - 5_folds.train_3.predict)=0.00%
[ 2018-11-30 15:53:44,577][kfold_wrapper.log_eval_metrics] Accuracy(layer_7 - estimator_0 - 5_folds.train_4.predict)=0.00%
[ 2018-11-30 15:53:44,579][kfold_wrapper.log_eval_metrics] Accuracy(layer_7 - estimator_0 - 5_folds.train_cv.predict)=0.00%
[ 2018-11-30 15:53:44,582][cascade_classifier.calc_accuracy] Accuracy(layer_7 - train.classifier_average)=99.20%
[ 2018-11-30 15:53:44,586][cascade_classifier.fit_transform] [layer=8] look_indexs=[0], X_cur_train.shape=(92809, 11), X_cur_test.shape=(0, 11)
[ 2018-11-30 15:53:45,142][kfold_wrapper.log_eval_metrics] Accuracy(layer_8 - estimator_0 - 5_folds.train_0.predict)=0.00%
[ 2018-11-30 15:53:45,567][kfold_wrapper.log_eval_metrics] Accuracy(layer_8 - estimator_0 - 5_folds.train_1.predict)=0.00%
[ 2018-11-30 15:53:45,926][kfold_wrapper.log_eval_metrics] Accuracy(layer_8 - estimator_0 - 5_folds.train_2.predict)=0.00%
[ 2018-11-30 15:53:46,357][kfold_wrapper.log_eval_metrics] Accuracy(layer_8 - estimator_0 - 5_folds.train_3.predict)=0.00%
[ 2018-11-30 15:53:46,678][kfold_wrapper.log_eval_metrics] Accuracy(layer_8 - estimator_0 - 5_folds.train_4.predict)=0.00%
[ 2018-11-30 15:53:46,680][kfold_wrapper.log_eval_metrics] Accuracy(layer_8 - estimator_0 - 5_folds.train_cv.predict)=0.00%
[ 2018-11-30 15:53:46,683][cascade_classifier.calc_accuracy] Accuracy(layer_8 - train.classifier_average)=99.20%
[ 2018-11-30 15:53:46,687][cascade_classifier.fit_transform] [layer=9] look_indexs=[0], X_cur_train.shape=(92809, 11), X_cur_test.shape=(0, 11)
[ 2018-11-30 15:53:47,051][kfold_wrapper.log_eval_metrics] Accuracy(layer_9 - estimator_0 - 5_folds.train_0.predict)=0.00%
[ 2018-11-30 15:53:47,493][kfold_wrapper.log_eval_metrics] Accuracy(layer_9 - estimator_0 - 5_folds.train_1.predict)=0.00%
[ 2018-11-30 15:53:47,962][kfold_wrapper.log_eval_metrics] Accuracy(layer_9 - estimator_0 - 5_folds.train_2.predict)=0.00%
[ 2018-11-30 15:53:48,278][kfold_wrapper.log_eval_metrics] Accuracy(layer_9 - estimator_0 - 5_folds.train_3.predict)=0.00%
[ 2018-11-30 15:53:48,654][kfold_wrapper.log_eval_metrics] Accuracy(layer_9 - estimator_0 - 5_folds.train_4.predict)=0.00%
[ 2018-11-30 15:53:48,656][kfold_wrapper.log_eval_metrics] Accuracy(layer_9 - estimator_0 - 5_folds.train_cv.predict)=0.00%
[ 2018-11-30 15:53:48,659][cascade_classifier.calc_accuracy] Accuracy(layer_9 - train.classifier_average)=99.20%
[ 2018-11-30 15:53:48,661][cascade_classifier.fit_transform] [Result][Reach Max Layer] opt_layer_num=8, accuracy_train=99.20%, accuracy_test=0.00%
[ 2018-11-30 15:53:48,664][cascade_classifier.transform] X_groups_test.shape=[(45712, 9)]
[ 2018-11-30 15:53:48,667][cascade_classifier.transform] group_dims=[9]
[ 2018-11-30 15:53:48,668][cascade_classifier.transform] X_test.shape=(45712, 9)
[ 2018-11-30 15:53:48,671][cascade_classifier.transform] [layer=0] look_indexs=[0], X_cur_test.shape=(45712, 9)
[ 2018-11-30 15:53:48,680][cascade_classifier.transform] [layer=1] look_indexs=[0], X_cur_test.shape=(45712, 11)
[ 2018-11-30 15:53:48,688][cascade_classifier.transform] [layer=2] look_indexs=[0], X_cur_test.shape=(45712, 11)
[ 2018-11-30 15:53:48,695][cascade_classifier.transform] [layer=3] look_indexs=[0], X_cur_test.shape=(45712, 11)
[ 2018-11-30 15:53:48,702][cascade_classifier.transform] [layer=4] look_indexs=[0], X_cur_test.shape=(45712, 11)
[ 2018-11-30 15:53:48,710][cascade_classifier.transform] [layer=5] look_indexs=[0], X_cur_test.shape=(45712, 11)
[ 2018-11-30 15:53:48,717][cascade_classifier.transform] [layer=6] look_indexs=[0], X_cur_test.shape=(45712, 11)
[ 2018-11-30 15:53:48,725][cascade_classifier.transform] [layer=7] look_indexs=[0], X_cur_test.shape=(45712, 11)
[ 2018-11-30 15:53:48,732][cascade_classifier.transform] [layer=8] look_indexs=[0], X_cur_test.shape=(45712, 11)
[ 2018-11-30 15:53:48,739][cascade_classifier.transform] [layer=9] look_indexs=[0], X_cur_test.shape=(45712, 11)
